[1.749s] Invoking command in '/home/yyh/ros2_ws/src/yyh_nav': PYTHONPATH=/home/yyh/ros2_ws/build/yyh_nav/prefix_override:/usr/lib/python3/dist-packages/colcon_core/task/python/colcon_distutils_commands:/home/yyh/ros2_ws/install/yyh_nav/lib/python3.8/site-packages:${PYTHONPATH} /usr/bin/python3 -W ignore:setup.py install is deprecated setup.py egg_info --egg-base ../../build/yyh_nav build --build-base /home/yyh/ros2_ws/build/yyh_nav/build install --record /home/yyh/ros2_ws/build/yyh_nav/install.log --single-version-externally-managed install_data
[2.240s] running egg_info
[2.252s] writing ../../build/yyh_nav/yyh_nav.egg-info/PKG-INFO
[2.252s] writing dependency_links to ../../build/yyh_nav/yyh_nav.egg-info/dependency_links.txt
[2.253s] writing entry points to ../../build/yyh_nav/yyh_nav.egg-info/entry_points.txt
[2.253s] writing requirements to ../../build/yyh_nav/yyh_nav.egg-info/requires.txt
[2.253s] writing top-level names to ../../build/yyh_nav/yyh_nav.egg-info/top_level.txt
[2.717s] reading manifest file '../../build/yyh_nav/yyh_nav.egg-info/SOURCES.txt'
[2.718s] writing manifest file '../../build/yyh_nav/yyh_nav.egg-info/SOURCES.txt'
[2.718s] running build
[2.718s] running build_py
[2.719s] running install
[2.724s] running install_lib
[2.742s] running install_data
[2.742s] running install_egg_info
[2.752s] removing '/home/yyh/ros2_ws/install/yyh_nav/lib/python3.8/site-packages/yyh_nav-0.0.0-py3.8.egg-info' (and everything under it)
[2.755s] Copying ../../build/yyh_nav/yyh_nav.egg-info to /home/yyh/ros2_ws/install/yyh_nav/lib/python3.8/site-packages/yyh_nav-0.0.0-py3.8.egg-info
[2.755s] running install_scripts
[2.792s] Installing tft265 script to /home/yyh/ros2_ws/install/yyh_nav/lib/yyh_nav
[2.793s] writing list of installed files to '/home/yyh/ros2_ws/build/yyh_nav/install.log'
[2.829s] Invoked command in '/home/yyh/ros2_ws/src/yyh_nav' returned '0': PYTHONPATH=/home/yyh/ros2_ws/build/yyh_nav/prefix_override:/usr/lib/python3/dist-packages/colcon_core/task/python/colcon_distutils_commands:/home/yyh/ros2_ws/install/yyh_nav/lib/python3.8/site-packages:${PYTHONPATH} /usr/bin/python3 -W ignore:setup.py install is deprecated setup.py egg_info --egg-base ../../build/yyh_nav build --build-base /home/yyh/ros2_ws/build/yyh_nav/build install --record /home/yyh/ros2_ws/build/yyh_nav/install.log --single-version-externally-managed install_data
