[0.808s] Invoking command in '/home/yyh/ros2_ws/src/yyh_nav': PYTHONPATH=/home/yyh/ros2_ws/build/yyh_nav/prefix_override:/usr/lib/python3/dist-packages/colcon_core/task/python/colcon_distutils_commands:/home/yyh/ros2_ws/install/yyh_nav/lib/python3.8/site-packages:${PYTHONPATH} /usr/bin/python3 -W ignore:setup.py install is deprecated setup.py egg_info --egg-base ../../build/yyh_nav build --build-base /home/yyh/ros2_ws/build/yyh_nav/build install --record /home/yyh/ros2_ws/build/yyh_nav/install.log --install-scripts $base/lib/yyh_nav --single-version-externally-managed install_data
[0.993s] running egg_info
[0.994s] writing ../../build/yyh_nav/yyh_nav.egg-info/PKG-INFO
[0.994s] writing dependency_links to ../../build/yyh_nav/yyh_nav.egg-info/dependency_links.txt
[0.994s] writing entry points to ../../build/yyh_nav/yyh_nav.egg-info/entry_points.txt
[0.994s] writing requirements to ../../build/yyh_nav/yyh_nav.egg-info/requires.txt
[0.994s] writing top-level names to ../../build/yyh_nav/yyh_nav.egg-info/top_level.txt
[1.019s] reading manifest file '../../build/yyh_nav/yyh_nav.egg-info/SOURCES.txt'
[1.020s] writing manifest file '../../build/yyh_nav/yyh_nav.egg-info/SOURCES.txt'
[1.020s] running build
[1.020s] running build_py
[1.020s] running install
[1.021s] running install_lib
[1.022s] running install_data
[1.022s] running install_egg_info
[1.023s] removing '/home/yyh/ros2_ws/install/yyh_nav/lib/python3.8/site-packages/yyh_nav-0.0.0-py3.8.egg-info' (and everything under it)
[1.024s] Copying ../../build/yyh_nav/yyh_nav.egg-info to /home/yyh/ros2_ws/install/yyh_nav/lib/python3.8/site-packages/yyh_nav-0.0.0-py3.8.egg-info
[1.024s] running install_scripts
[1.038s] Installing tft265 script to /home/yyh/ros2_ws/install/yyh_nav/lib/yyh_nav
[1.038s] writing list of installed files to '/home/yyh/ros2_ws/build/yyh_nav/install.log'
[1.055s] Invoked command in '/home/yyh/ros2_ws/src/yyh_nav' returned '0': PYTHONPATH=/home/yyh/ros2_ws/build/yyh_nav/prefix_override:/usr/lib/python3/dist-packages/colcon_core/task/python/colcon_distutils_commands:/home/yyh/ros2_ws/install/yyh_nav/lib/python3.8/site-packages:${PYTHONPATH} /usr/bin/python3 -W ignore:setup.py install is deprecated setup.py egg_info --egg-base ../../build/yyh_nav build --build-base /home/yyh/ros2_ws/build/yyh_nav/build install --record /home/yyh/ros2_ws/build/yyh_nav/install.log --install-scripts $base/lib/yyh_nav --single-version-externally-managed install_data
