[1.824s] Invoking command in '/home/yyh/ros2_ws/src/yyh_nav': PYTHONPATH=/home/yyh/ros2_ws/build/yyh_nav/prefix_override:/usr/lib/python3/dist-packages/colcon_core/task/python/colcon_distutils_commands:/home/yyh/ros2_ws/install/yyh_nav/lib/python3.8/site-packages:${PYTHONPATH} /usr/bin/python3 -W ignore:setup.py install is deprecated setup.py egg_info --egg-base ../../build/yyh_nav build --build-base /home/yyh/ros2_ws/build/yyh_nav/build install --record /home/yyh/ros2_ws/build/yyh_nav/install.log --single-version-externally-managed install_data
[2.457s] running egg_info
[2.477s] writing ../../build/yyh_nav/yyh_nav.egg-info/PKG-INFO
[2.477s] writing dependency_links to ../../build/yyh_nav/yyh_nav.egg-info/dependency_links.txt
[2.478s] writing entry points to ../../build/yyh_nav/yyh_nav.egg-info/entry_points.txt
[2.478s] writing requirements to ../../build/yyh_nav/yyh_nav.egg-info/requires.txt
[2.478s] writing top-level names to ../../build/yyh_nav/yyh_nav.egg-info/top_level.txt
[5.265s] writing manifest file '../../build/yyh_nav/yyh_nav.egg-info/SOURCES.txt'
[5.266s] running build
[5.266s] running build_py
[5.266s] running install
[5.274s] running install_lib
[5.290s] running install_data
[5.291s] running install_egg_info
[5.307s] removing '/home/yyh/ros2_ws/install/yyh_nav/lib/python3.8/site-packages/yyh_nav-0.0.0-py3.8.egg-info' (and everything under it)
[5.321s] Copying ../../build/yyh_nav/yyh_nav.egg-info to /home/yyh/ros2_ws/install/yyh_nav/lib/python3.8/site-packages/yyh_nav-0.0.0-py3.8.egg-info
[5.327s] running install_scripts
[5.396s] Installing t265_pose_test script to /home/yyh/ros2_ws/install/yyh_nav/lib/yyh_nav
[5.396s] Installing tft265 script to /home/yyh/ros2_ws/install/yyh_nav/lib/yyh_nav
[5.396s] writing list of installed files to '/home/yyh/ros2_ws/build/yyh_nav/install.log'
[5.454s] Invoked command in '/home/yyh/ros2_ws/src/yyh_nav' returned '0': PYTHONPATH=/home/yyh/ros2_ws/build/yyh_nav/prefix_override:/usr/lib/python3/dist-packages/colcon_core/task/python/colcon_distutils_commands:/home/yyh/ros2_ws/install/yyh_nav/lib/python3.8/site-packages:${PYTHONPATH} /usr/bin/python3 -W ignore:setup.py install is deprecated setup.py egg_info --egg-base ../../build/yyh_nav build --build-base /home/yyh/ros2_ws/build/yyh_nav/build install --record /home/yyh/ros2_ws/build/yyh_nav/install.log --single-version-externally-managed install_data
