[1.740s] Invoking command in '/home/yyh/ros2_ws/src/yyh_object': PYTHONPATH=/home/yyh/ros2_ws/build/yyh_object/prefix_override:/usr/lib/python3/dist-packages/colcon_core/task/python/colcon_distutils_commands:/home/yyh/ros2_ws/install/yyh_object/lib/python3.8/site-packages:${PYTHONPATH} /usr/bin/python3 -W ignore:setup.py install is deprecated setup.py egg_info --egg-base ../../build/yyh_object build --build-base /home/yyh/ros2_ws/build/yyh_object/build install --record /home/yyh/ros2_ws/build/yyh_object/install.log --single-version-externally-managed install_data
[2.096s] running egg_info
[2.108s] writing ../../build/yyh_object/yyh_object.egg-info/PKG-INFO
[2.109s] writing dependency_links to ../../build/yyh_object/yyh_object.egg-info/dependency_links.txt
[2.109s] writing entry points to ../../build/yyh_object/yyh_object.egg-info/entry_points.txt
[2.109s] writing requirements to ../../build/yyh_object/yyh_object.egg-info/requires.txt
[2.109s] writing top-level names to ../../build/yyh_object/yyh_object.egg-info/top_level.txt
[2.483s] writing manifest file '../../build/yyh_object/yyh_object.egg-info/SOURCES.txt'
[2.483s] running build
[2.483s] running build_py
[2.484s] running install
[2.493s] running install_lib
[2.508s] running install_data
[2.509s] running install_egg_info
[2.520s] removing '/home/yyh/ros2_ws/install/yyh_object/lib/python3.8/site-packages/yyh_object-0.0.0-py3.8.egg-info' (and everything under it)
[2.522s] Copying ../../build/yyh_object/yyh_object.egg-info to /home/yyh/ros2_ws/install/yyh_object/lib/python3.8/site-packages/yyh_object-0.0.0-py3.8.egg-info
[2.522s] running install_scripts
[2.573s] Installing image script to /home/yyh/ros2_ws/install/yyh_object/lib/yyh_object
[2.573s] Installing usb_pub script to /home/yyh/ros2_ws/install/yyh_object/lib/yyh_object
[2.574s] writing list of installed files to '/home/yyh/ros2_ws/build/yyh_object/install.log'
[2.616s] Invoked command in '/home/yyh/ros2_ws/src/yyh_object' returned '0': PYTHONPATH=/home/yyh/ros2_ws/build/yyh_object/prefix_override:/usr/lib/python3/dist-packages/colcon_core/task/python/colcon_distutils_commands:/home/yyh/ros2_ws/install/yyh_object/lib/python3.8/site-packages:${PYTHONPATH} /usr/bin/python3 -W ignore:setup.py install is deprecated setup.py egg_info --egg-base ../../build/yyh_object build --build-base /home/yyh/ros2_ws/build/yyh_object/build install --record /home/yyh/ros2_ws/build/yyh_object/install.log --single-version-externally-managed install_data
