[1.023s] Invoking command in '/home/yyh/ros2_ws/src/yyh_nav': PYTHONPATH=/home/yyh/ros2_ws/build/yyh_nav/prefix_override:/usr/lib/python3/dist-packages/colcon_core/task/python/colcon_distutils_commands:/home/yyh/ros2_ws/install/yyh_nav/lib/python3.8/site-packages:${PYTHONPATH} /usr/bin/python3 -W ignore:setup.py install is deprecated setup.py egg_info --egg-base ../../build/yyh_nav build --build-base /home/yyh/ros2_ws/build/yyh_nav/build install --record /home/yyh/ros2_ws/build/yyh_nav/install.log --install-scripts $base/lib/yyh_nav --single-version-externally-managed install_data
[1.259s] running egg_info
[1.259s] writing ../../build/yyh_nav/yyh_nav.egg-info/PKG-INFO
[1.260s] writing dependency_links to ../../build/yyh_nav/yyh_nav.egg-info/dependency_links.txt
[1.260s] writing entry points to ../../build/yyh_nav/yyh_nav.egg-info/entry_points.txt
[1.260s] writing requirements to ../../build/yyh_nav/yyh_nav.egg-info/requires.txt
[1.260s] writing top-level names to ../../build/yyh_nav/yyh_nav.egg-info/top_level.txt
[1.294s] reading manifest file '../../build/yyh_nav/yyh_nav.egg-info/SOURCES.txt'
[1.296s] writing manifest file '../../build/yyh_nav/yyh_nav.egg-info/SOURCES.txt'
[1.296s] running build
[1.297s] running build_py
[1.297s] running install
[1.297s] running install_lib
[1.299s] running install_data
[1.299s] running install_egg_info
[1.300s] removing '/home/yyh/ros2_ws/install/yyh_nav/lib/python3.8/site-packages/yyh_nav-0.0.0-py3.8.egg-info' (and everything under it)
[1.301s] Copying ../../build/yyh_nav/yyh_nav.egg-info to /home/yyh/ros2_ws/install/yyh_nav/lib/python3.8/site-packages/yyh_nav-0.0.0-py3.8.egg-info
[1.301s] running install_scripts
[1.316s] Installing tft265 script to /home/yyh/ros2_ws/install/yyh_nav/lib/yyh_nav
[1.316s] writing list of installed files to '/home/yyh/ros2_ws/build/yyh_nav/install.log'
[1.338s] Invoked command in '/home/yyh/ros2_ws/src/yyh_nav' returned '0': PYTHONPATH=/home/yyh/ros2_ws/build/yyh_nav/prefix_override:/usr/lib/python3/dist-packages/colcon_core/task/python/colcon_distutils_commands:/home/yyh/ros2_ws/install/yyh_nav/lib/python3.8/site-packages:${PYTHONPATH} /usr/bin/python3 -W ignore:setup.py install is deprecated setup.py egg_info --egg-base ../../build/yyh_nav build --build-base /home/yyh/ros2_ws/build/yyh_nav/build install --record /home/yyh/ros2_ws/build/yyh_nav/install.log --install-scripts $base/lib/yyh_nav --single-version-externally-managed install_data
