[1.021s] Invoking command in '/home/yyh/ros2_ws/src/yyh_nav': PYTHONPATH=/home/yyh/ros2_ws/build/yyh_nav/prefix_override:/usr/lib/python3/dist-packages/colcon_core/task/python/colcon_distutils_commands:/home/yyh/ros2_ws/install/yyh_nav/lib/python3.8/site-packages:${PYTHONPATH} /usr/bin/python3 -W ignore:setup.py install is deprecated setup.py egg_info --egg-base ../../build/yyh_nav build --build-base /home/yyh/ros2_ws/build/yyh_nav/build install --record /home/yyh/ros2_ws/build/yyh_nav/install.log --install-scripts $base/lib/yyh_nav --single-version-externally-managed install_data
[1.117s] /home/yyh/.local/lib/python3.8/site-packages/setuptools/dist.py:452: SetuptoolsDeprecationWarning: Invalid dash-separated options
[1.117s] !!
[1.117s] 
[1.117s]         ********************************************************************************
[1.117s]         Usage of dash-separated 'script-dir' will not be supported in future
[1.117s]         versions. Please use the underscore name 'script_dir' instead.
[1.117s] 
[1.117s]         By 2024-Sep-26, you need to update your project and remove deprecated calls
[1.117s]         or your builds will no longer be supported.
[1.118s] 
[1.118s]         See https://setuptools.pypa.io/en/latest/userguide/declarative_config.html for details.
[1.118s]         ********************************************************************************
[1.118s] 
[1.118s] !!
[1.118s]   opt = self.warn_dash_deprecation(opt, section)
[1.130s] /home/yyh/.local/lib/python3.8/site-packages/setuptools/_distutils/dist.py:261: UserWarning: Unknown distribution option: 'tests_require'
[1.130s]   warnings.warn(msg)
[1.202s] running egg_info
[1.213s] writing ../../build/yyh_nav/yyh_nav.egg-info/PKG-INFO
[1.214s] writing dependency_links to ../../build/yyh_nav/yyh_nav.egg-info/dependency_links.txt
[1.214s] writing entry points to ../../build/yyh_nav/yyh_nav.egg-info/entry_points.txt
[1.214s] writing requirements to ../../build/yyh_nav/yyh_nav.egg-info/requires.txt
[1.214s] writing top-level names to ../../build/yyh_nav/yyh_nav.egg-info/top_level.txt
[1.300s] reading manifest file '../../build/yyh_nav/yyh_nav.egg-info/SOURCES.txt'
[1.301s] writing manifest file '../../build/yyh_nav/yyh_nav.egg-info/SOURCES.txt'
[1.301s] running build
[1.301s] running build_py
[1.301s] copying yyh_nav/__init__.py -> /home/yyh/ros2_ws/build/yyh_nav/build/lib/yyh_nav
[1.301s] copying yyh_nav/getserial.py -> /home/yyh/ros2_ws/build/yyh_nav/build/lib/yyh_nav
[1.302s] copying yyh_nav/tft265.py -> /home/yyh/ros2_ws/build/yyh_nav/build/lib/yyh_nav
[1.302s] running install
[1.306s] running install_lib
[1.318s] running install_data
[1.318s] copying resource/yyh_nav -> /home/yyh/ros2_ws/install/yyh_nav/share/ament_index/resource_index/packages
[1.318s] copying package.xml -> /home/yyh/ros2_ws/install/yyh_nav/share/yyh_nav
[1.318s] copying launch/tf_launch.py -> /home/yyh/ros2_ws/install/yyh_nav/share/yyh_nav/launch
[1.318s] running install_egg_info
[1.331s] removing '/home/yyh/ros2_ws/install/yyh_nav/lib/python3.8/site-packages/yyh_nav-0.0.0-py3.8.egg-info' (and everything under it)
[1.331s] Copying ../../build/yyh_nav/yyh_nav.egg-info to /home/yyh/ros2_ws/install/yyh_nav/lib/python3.8/site-packages/yyh_nav-0.0.0-py3.8.egg-info
[1.332s] running install_scripts
[1.365s] Installing tft265 script to /home/yyh/ros2_ws/install/yyh_nav/lib/yyh_nav
[1.365s] writing list of installed files to '/home/yyh/ros2_ws/build/yyh_nav/install.log'
[1.385s] Invoked command in '/home/yyh/ros2_ws/src/yyh_nav' returned '0': PYTHONPATH=/home/yyh/ros2_ws/build/yyh_nav/prefix_override:/usr/lib/python3/dist-packages/colcon_core/task/python/colcon_distutils_commands:/home/yyh/ros2_ws/install/yyh_nav/lib/python3.8/site-packages:${PYTHONPATH} /usr/bin/python3 -W ignore:setup.py install is deprecated setup.py egg_info --egg-base ../../build/yyh_nav build --build-base /home/yyh/ros2_ws/build/yyh_nav/build install --record /home/yyh/ros2_ws/build/yyh_nav/install.log --install-scripts $base/lib/yyh_nav --single-version-externally-managed install_data
