[3.032s] Invoking command in '/home/yyh/ros2_ws/src/yyh_object': PYTHONPATH=/home/yyh/ros2_ws/build/yyh_object/prefix_override:/usr/lib/python3/dist-packages/colcon_core/task/python/colcon_distutils_commands:/home/yyh/ros2_ws/install/yyh_object/lib/python3.8/site-packages:${PYTHONPATH} /usr/bin/python3 -W ignore:setup.py install is deprecated setup.py egg_info --egg-base ../../build/yyh_object build --build-base /home/yyh/ros2_ws/build/yyh_object/build install --record /home/yyh/ros2_ws/build/yyh_object/install.log --single-version-externally-managed install_data
[4.367s] running egg_info
[4.422s] writing ../../build/yyh_object/yyh_object.egg-info/PKG-INFO
[4.422s] writing dependency_links to ../../build/yyh_object/yyh_object.egg-info/dependency_links.txt
[4.422s] writing entry points to ../../build/yyh_object/yyh_object.egg-info/entry_points.txt
[4.422s] writing requirements to ../../build/yyh_object/yyh_object.egg-info/requires.txt
[4.422s] writing top-level names to ../../build/yyh_object/yyh_object.egg-info/top_level.txt
[10.406s] writing manifest file '../../build/yyh_object/yyh_object.egg-info/SOURCES.txt'
[10.406s] running build
[10.406s] running build_py
[10.408s] running install
[10.424s] running install_lib
[10.443s] running install_data
[10.443s] running install_egg_info
[10.467s] removing '/home/yyh/ros2_ws/install/yyh_object/lib/python3.8/site-packages/yyh_object-0.0.0-py3.8.egg-info' (and everything under it)
[10.472s] Copying ../../build/yyh_object/yyh_object.egg-info to /home/yyh/ros2_ws/install/yyh_object/lib/python3.8/site-packages/yyh_object-0.0.0-py3.8.egg-info
[10.473s] running install_scripts
[10.586s] Installing camera script to /home/yyh/ros2_ws/install/yyh_object/lib/yyh_object
[10.587s] Installing image script to /home/yyh/ros2_ws/install/yyh_object/lib/yyh_object
[10.587s] writing list of installed files to '/home/yyh/ros2_ws/build/yyh_object/install.log'
[10.658s] Invoked command in '/home/yyh/ros2_ws/src/yyh_object' returned '0': PYTHONPATH=/home/yyh/ros2_ws/build/yyh_object/prefix_override:/usr/lib/python3/dist-packages/colcon_core/task/python/colcon_distutils_commands:/home/yyh/ros2_ws/install/yyh_object/lib/python3.8/site-packages:${PYTHONPATH} /usr/bin/python3 -W ignore:setup.py install is deprecated setup.py egg_info --egg-base ../../build/yyh_object build --build-base /home/yyh/ros2_ws/build/yyh_object/build install --record /home/yyh/ros2_ws/build/yyh_object/install.log --single-version-externally-managed install_data
