/home/yyh/.local/lib/python3.8/site-packages/setuptools/dist.py:452: SetuptoolsDeprecationWarning: Invalid dash-separated options
!!

        ********************************************************************************
        Usage of dash-separated 'script-dir' will not be supported in future
        versions. Please use the underscore name 'script_dir' instead.

        By 2024-Sep-26, you need to update your project and remove deprecated calls
        or your builds will no longer be supported.

        See https://setuptools.pypa.io/en/latest/userguide/declarative_config.html for details.
        ********************************************************************************

!!
  opt = self.warn_dash_deprecation(opt, section)
running egg_info
writing ../../build/yyh_nav/yyh_nav.egg-info/PKG-INFO
writing dependency_links to ../../build/yyh_nav/yyh_nav.egg-info/dependency_links.txt
writing entry points to ../../build/yyh_nav/yyh_nav.egg-info/entry_points.txt
writing requirements to ../../build/yyh_nav/yyh_nav.egg-info/requires.txt
writing top-level names to ../../build/yyh_nav/yyh_nav.egg-info/top_level.txt
reading manifest file '../../build/yyh_nav/yyh_nav.egg-info/SOURCES.txt'
writing manifest file '../../build/yyh_nav/yyh_nav.egg-info/SOURCES.txt'
running build
running build_py
copying yyh_nav/__init__.py -> /home/yyh/ros2_ws/build/yyh_nav/build/lib/yyh_nav
copying yyh_nav/getserial.py -> /home/yyh/ros2_ws/build/yyh_nav/build/lib/yyh_nav
copying yyh_nav/tft265.py -> /home/yyh/ros2_ws/build/yyh_nav/build/lib/yyh_nav
running install
running install_lib
running install_data
copying resource/yyh_nav -> /home/yyh/ros2_ws/install/yyh_nav/share/ament_index/resource_index/packages
copying package.xml -> /home/yyh/ros2_ws/install/yyh_nav/share/yyh_nav
copying launch/tf_launch.py -> /home/yyh/ros2_ws/install/yyh_nav/share/yyh_nav/launch
running install_egg_info
removing '/home/yyh/ros2_ws/install/yyh_nav/lib/python3.8/site-packages/yyh_nav-0.0.0-py3.8.egg-info' (and everything under it)
Copying ../../build/yyh_nav/yyh_nav.egg-info to /home/yyh/ros2_ws/install/yyh_nav/lib/python3.8/site-packages/yyh_nav-0.0.0-py3.8.egg-info
running install_scripts
Installing tft265 script to /home/yyh/ros2_ws/install/yyh_nav/lib/yyh_nav
writing list of installed files to '/home/yyh/ros2_ws/build/yyh_nav/install.log'
