[0.044s] Invoking command in '/home/yyh/ros2_ws/build/learning_interface': CMAKE_PREFIX_PATH=${CMAKE_PREFIX_PATH}:/home/yyh/ros2_ws/install/yyh_object:/home/yyh/ros2_ws/install/yyh_nav:/home/yyh/ros2_ws/install/yyh_launch:/home/yyh/ros2_ws/install/yolov5_ros2:/opt/ros/foxy /usr/bin/cmake --build /home/yyh/ros2_ws/build/learning_interface -- -j4 -l4
[0.879s] [  1%] Built target learning_interface__cpp
[0.879s] [ 12%] Built target learning_interface__rosidl_generator_c
[0.880s] [ 23%] Built target learning_interface__rosidl_typesupport_introspection_cpp
[0.882s] [ 35%] Built target learning_interface__rosidl_typesupport_cpp
[0.882s] [ 46%] Built target learning_interface__rosidl_typesupport_fastrtps_cpp
[0.882s] [ 57%] Built target learning_interface__rosidl_typesupport_c
[0.882s] [ 69%] Built target learning_interface__rosidl_typesupport_introspection_c
[0.882s] [ 80%] Built target learning_interface__rosidl_typesupport_fastrtps_c
[0.882s] [ 80%] Built target learning_interface
[0.882s] [ 81%] Built target learning_interface__py
[0.882s] [ 91%] Built target learning_interface__python
[0.882s] [ 94%] Built target learning_interface__rosidl_typesupport_c__pyext
[0.882s] [ 97%] Built target learning_interface__rosidl_typesupport_introspection_c__pyext
[0.883s] [100%] Built target learning_interface__rosidl_typesupport_fastrtps_c__pyext
[0.887s] Invoked command in '/home/yyh/ros2_ws/build/learning_interface' returned '0': CMAKE_PREFIX_PATH=${CMAKE_PREFIX_PATH}:/home/yyh/ros2_ws/install/yyh_object:/home/yyh/ros2_ws/install/yyh_nav:/home/yyh/ros2_ws/install/yyh_launch:/home/yyh/ros2_ws/install/yolov5_ros2:/opt/ros/foxy /usr/bin/cmake --build /home/yyh/ros2_ws/build/learning_interface -- -j4 -l4
[1.084s] Invoking command in '/home/yyh/ros2_ws/build/learning_interface': CMAKE_PREFIX_PATH=${CMAKE_PREFIX_PATH}:/home/yyh/ros2_ws/install/yyh_object:/home/yyh/ros2_ws/install/yyh_nav:/home/yyh/ros2_ws/install/yyh_launch:/home/yyh/ros2_ws/install/yolov5_ros2:/opt/ros/foxy /usr/bin/cmake --install /home/yyh/ros2_ws/build/learning_interface
[1.108s] -- Install configuration: ""
[1.109s] -- Up-to-date: /home/yyh/ros2_ws/install/learning_interface/share/ament_index/resource_index/rosidl_interfaces/learning_interface
[1.109s] -- Up-to-date: /home/yyh/ros2_ws/install/learning_interface/include/learning_interface
[1.109s] -- Up-to-date: /home/yyh/ros2_ws/install/learning_interface/include/learning_interface/msg
[1.109s] -- Up-to-date: /home/yyh/ros2_ws/install/learning_interface/include/learning_interface/msg/object_position.h
[1.109s] -- Up-to-date: /home/yyh/ros2_ws/install/learning_interface/include/learning_interface/msg/rosidl_generator_c__visibility_control.h
[1.110s] -- Up-to-date: /home/yyh/ros2_ws/install/learning_interface/include/learning_interface/msg/detail
[1.110s] -- Up-to-date: /home/yyh/ros2_ws/install/learning_interface/include/learning_interface/msg/detail/my_state__type_support.h
[1.110s] -- Up-to-date: /home/yyh/ros2_ws/install/learning_interface/include/learning_interface/msg/detail/object_position__struct.h
[1.110s] -- Up-to-date: /home/yyh/ros2_ws/install/learning_interface/include/learning_interface/msg/detail/object_position__functions.c
[1.110s] -- Up-to-date: /home/yyh/ros2_ws/install/learning_interface/include/learning_interface/msg/detail/stm32__functions.c
[1.110s] -- Up-to-date: /home/yyh/ros2_ws/install/learning_interface/include/learning_interface/msg/detail/object_position__functions.h
[1.110s] -- Up-to-date: /home/yyh/ros2_ws/install/learning_interface/include/learning_interface/msg/detail/stm32__type_support.h
[1.111s] -- Up-to-date: /home/yyh/ros2_ws/install/learning_interface/include/learning_interface/msg/detail/object_position__type_support.h
[1.111s] -- Up-to-date: /home/yyh/ros2_ws/install/learning_interface/include/learning_interface/msg/detail/my_state__struct.h
[1.111s] -- Up-to-date: /home/yyh/ros2_ws/install/learning_interface/include/learning_interface/msg/detail/my_state__functions.c
[1.113s] -- Up-to-date: /home/yyh/ros2_ws/install/learning_interface/include/learning_interface/msg/detail/stm32__struct.h
[1.114s] -- Up-to-date: /home/yyh/ros2_ws/install/learning_interface/include/learning_interface/msg/detail/stm32__functions.h
[1.114s] -- Up-to-date: /home/yyh/ros2_ws/install/learning_interface/include/learning_interface/msg/detail/my_state__functions.h
[1.114s] -- Up-to-date: /home/yyh/ros2_ws/install/learning_interface/include/learning_interface/msg/stm32.h
[1.114s] -- Up-to-date: /home/yyh/ros2_ws/install/learning_interface/include/learning_interface/msg/my_state.h
[1.115s] -- Up-to-date: /home/yyh/ros2_ws/install/learning_interface/include/learning_interface/action
[1.115s] -- Up-to-date: /home/yyh/ros2_ws/install/learning_interface/include/learning_interface/action/detail
[1.115s] -- Up-to-date: /home/yyh/ros2_ws/install/learning_interface/include/learning_interface/action/detail/move_circle__type_support.h
[1.115s] -- Up-to-date: /home/yyh/ros2_ws/install/learning_interface/include/learning_interface/action/detail/move_circle__functions.c
[1.115s] -- Up-to-date: /home/yyh/ros2_ws/install/learning_interface/include/learning_interface/action/detail/move_circle__struct.h
[1.115s] -- Up-to-date: /home/yyh/ros2_ws/install/learning_interface/include/learning_interface/action/detail/move_circle__functions.h
[1.115s] -- Up-to-date: /home/yyh/ros2_ws/install/learning_interface/include/learning_interface/action/move_circle.h
[1.116s] -- Up-to-date: /home/yyh/ros2_ws/install/learning_interface/include/learning_interface/srv
[1.116s] -- Up-to-date: /home/yyh/ros2_ws/install/learning_interface/include/learning_interface/srv/add_two_ints.h
[1.116s] -- Up-to-date: /home/yyh/ros2_ws/install/learning_interface/include/learning_interface/srv/detail
[1.116s] -- Up-to-date: /home/yyh/ros2_ws/install/learning_interface/include/learning_interface/srv/detail/get_object_position__struct.h
[1.116s] -- Up-to-date: /home/yyh/ros2_ws/install/learning_interface/include/learning_interface/srv/detail/add_two_ints__functions.c
[1.116s] -- Up-to-date: /home/yyh/ros2_ws/install/learning_interface/include/learning_interface/srv/detail/add_two_ints__functions.h
[1.116s] -- Up-to-date: /home/yyh/ros2_ws/install/learning_interface/include/learning_interface/srv/detail/get_object_position__type_support.h
[1.117s] -- Up-to-date: /home/yyh/ros2_ws/install/learning_interface/include/learning_interface/srv/detail/add_two_ints__type_support.h
[1.117s] -- Up-to-date: /home/yyh/ros2_ws/install/learning_interface/include/learning_interface/srv/detail/get_object_position__functions.c
[1.117s] -- Up-to-date: /home/yyh/ros2_ws/install/learning_interface/include/learning_interface/srv/detail/get_object_position__functions.h
[1.117s] -- Up-to-date: /home/yyh/ros2_ws/install/learning_interface/include/learning_interface/srv/detail/add_two_ints__struct.h
[1.117s] -- Up-to-date: /home/yyh/ros2_ws/install/learning_interface/include/learning_interface/srv/get_object_position.h
[1.118s] -- Up-to-date: /home/yyh/ros2_ws/install/learning_interface/share/learning_interface/environment/library_path.sh
[1.118s] -- Up-to-date: /home/yyh/ros2_ws/install/learning_interface/share/learning_interface/environment/library_path.dsv
[1.119s] -- Up-to-date: /home/yyh/ros2_ws/install/learning_interface/lib/liblearning_interface__rosidl_generator_c.so
[1.120s] -- Up-to-date: /home/yyh/ros2_ws/install/learning_interface/include/learning_interface
[1.120s] -- Up-to-date: /home/yyh/ros2_ws/install/learning_interface/include/learning_interface/msg
[1.120s] -- Up-to-date: /home/yyh/ros2_ws/install/learning_interface/include/learning_interface/msg/rosidl_typesupport_fastrtps_c__visibility_control.h
[1.120s] -- Up-to-date: /home/yyh/ros2_ws/install/learning_interface/include/learning_interface/msg/detail
[1.120s] -- Up-to-date: /home/yyh/ros2_ws/install/learning_interface/include/learning_interface/msg/detail/my_state__rosidl_typesupport_fastrtps_c.h
[1.120s] -- Up-to-date: /home/yyh/ros2_ws/install/learning_interface/include/learning_interface/msg/detail/stm32__rosidl_typesupport_fastrtps_c.h
[1.120s] -- Up-to-date: /home/yyh/ros2_ws/install/learning_interface/include/learning_interface/msg/detail/object_position__rosidl_typesupport_fastrtps_c.h
[1.121s] -- Up-to-date: /home/yyh/ros2_ws/install/learning_interface/include/learning_interface/action
[1.121s] -- Up-to-date: /home/yyh/ros2_ws/install/learning_interface/include/learning_interface/action/detail
[1.121s] -- Up-to-date: /home/yyh/ros2_ws/install/learning_interface/include/learning_interface/action/detail/move_circle__rosidl_typesupport_fastrtps_c.h
[1.121s] -- Up-to-date: /home/yyh/ros2_ws/install/learning_interface/include/learning_interface/srv
[1.121s] -- Up-to-date: /home/yyh/ros2_ws/install/learning_interface/include/learning_interface/srv/detail
[1.121s] -- Up-to-date: /home/yyh/ros2_ws/install/learning_interface/include/learning_interface/srv/detail/add_two_ints__rosidl_typesupport_fastrtps_c.h
[1.121s] -- Up-to-date: /home/yyh/ros2_ws/install/learning_interface/include/learning_interface/srv/detail/get_object_position__rosidl_typesupport_fastrtps_c.h
[1.122s] -- Up-to-date: /home/yyh/ros2_ws/install/learning_interface/lib/liblearning_interface__rosidl_typesupport_fastrtps_c.so
[1.122s] -- Up-to-date: /home/yyh/ros2_ws/install/learning_interface/include/learning_interface
[1.122s] -- Up-to-date: /home/yyh/ros2_ws/install/learning_interface/include/learning_interface/msg
[1.123s] -- Up-to-date: /home/yyh/ros2_ws/install/learning_interface/include/learning_interface/msg/detail
[1.123s] -- Up-to-date: /home/yyh/ros2_ws/install/learning_interface/include/learning_interface/msg/detail/object_position__rosidl_typesupport_fastrtps_cpp.hpp
[1.123s] -- Up-to-date: /home/yyh/ros2_ws/install/learning_interface/include/learning_interface/msg/detail/my_state__rosidl_typesupport_fastrtps_cpp.hpp
[1.123s] -- Up-to-date: /home/yyh/ros2_ws/install/learning_interface/include/learning_interface/msg/detail/dds_fastrtps
[1.123s] -- Up-to-date: /home/yyh/ros2_ws/install/learning_interface/include/learning_interface/msg/detail/stm32__rosidl_typesupport_fastrtps_cpp.hpp
[1.123s] -- Up-to-date: /home/yyh/ros2_ws/install/learning_interface/include/learning_interface/msg/rosidl_typesupport_fastrtps_cpp__visibility_control.h
[1.124s] -- Up-to-date: /home/yyh/ros2_ws/install/learning_interface/include/learning_interface/action
[1.124s] -- Up-to-date: /home/yyh/ros2_ws/install/learning_interface/include/learning_interface/action/detail
[1.124s] -- Up-to-date: /home/yyh/ros2_ws/install/learning_interface/include/learning_interface/action/detail/move_circle__rosidl_typesupport_fastrtps_cpp.hpp
[1.124s] -- Up-to-date: /home/yyh/ros2_ws/install/learning_interface/include/learning_interface/action/detail/dds_fastrtps
[1.124s] -- Up-to-date: /home/yyh/ros2_ws/install/learning_interface/include/learning_interface/srv
[1.124s] -- Up-to-date: /home/yyh/ros2_ws/install/learning_interface/include/learning_interface/srv/detail
[1.125s] -- Up-to-date: /home/yyh/ros2_ws/install/learning_interface/include/learning_interface/srv/detail/get_object_position__rosidl_typesupport_fastrtps_cpp.hpp
[1.125s] -- Up-to-date: /home/yyh/ros2_ws/install/learning_interface/include/learning_interface/srv/detail/dds_fastrtps
[1.125s] -- Up-to-date: /home/yyh/ros2_ws/install/learning_interface/include/learning_interface/srv/detail/add_two_ints__rosidl_typesupport_fastrtps_cpp.hpp
[1.125s] -- Up-to-date: /home/yyh/ros2_ws/install/learning_interface/lib/liblearning_interface__rosidl_typesupport_fastrtps_cpp.so
[1.126s] -- Up-to-date: /home/yyh/ros2_ws/install/learning_interface/include/learning_interface
[1.126s] -- Up-to-date: /home/yyh/ros2_ws/install/learning_interface/include/learning_interface/msg
[1.126s] -- Up-to-date: /home/yyh/ros2_ws/install/learning_interface/include/learning_interface/msg/rosidl_typesupport_introspection_c__visibility_control.h
[1.126s] -- Up-to-date: /home/yyh/ros2_ws/install/learning_interface/include/learning_interface/msg/detail
[1.126s] -- Up-to-date: /home/yyh/ros2_ws/install/learning_interface/include/learning_interface/msg/detail/object_position__rosidl_typesupport_introspection_c.h
[1.126s] -- Up-to-date: /home/yyh/ros2_ws/install/learning_interface/include/learning_interface/msg/detail/my_state__rosidl_typesupport_introspection_c.h
[1.127s] -- Up-to-date: /home/yyh/ros2_ws/install/learning_interface/include/learning_interface/msg/detail/stm32__type_support.c
[1.127s] -- Up-to-date: /home/yyh/ros2_ws/install/learning_interface/include/learning_interface/msg/detail/object_position__type_support.c
[1.127s] -- Up-to-date: /home/yyh/ros2_ws/install/learning_interface/include/learning_interface/msg/detail/stm32__rosidl_typesupport_introspection_c.h
[1.127s] -- Up-to-date: /home/yyh/ros2_ws/install/learning_interface/include/learning_interface/msg/detail/my_state__type_support.c
[1.127s] -- Up-to-date: /home/yyh/ros2_ws/install/learning_interface/include/learning_interface/action
[1.127s] -- Up-to-date: /home/yyh/ros2_ws/install/learning_interface/include/learning_interface/action/detail
[1.128s] -- Up-to-date: /home/yyh/ros2_ws/install/learning_interface/include/learning_interface/action/detail/move_circle__type_support.c
[1.128s] -- Up-to-date: /home/yyh/ros2_ws/install/learning_interface/include/learning_interface/action/detail/move_circle__rosidl_typesupport_introspection_c.h
[1.128s] -- Up-to-date: /home/yyh/ros2_ws/install/learning_interface/include/learning_interface/srv
[1.128s] -- Up-to-date: /home/yyh/ros2_ws/install/learning_interface/include/learning_interface/srv/detail
[1.129s] -- Up-to-date: /home/yyh/ros2_ws/install/learning_interface/include/learning_interface/srv/detail/add_two_ints__rosidl_typesupport_introspection_c.h
[1.129s] -- Up-to-date: /home/yyh/ros2_ws/install/learning_interface/include/learning_interface/srv/detail/add_two_ints__type_support.c
[1.129s] -- Up-to-date: /home/yyh/ros2_ws/install/learning_interface/include/learning_interface/srv/detail/get_object_position__rosidl_typesupport_introspection_c.h
[1.129s] -- Up-to-date: /home/yyh/ros2_ws/install/learning_interface/include/learning_interface/srv/detail/get_object_position__type_support.c
[1.130s] -- Up-to-date: /home/yyh/ros2_ws/install/learning_interface/lib/liblearning_interface__rosidl_typesupport_introspection_c.so
[1.130s] -- Up-to-date: /home/yyh/ros2_ws/install/learning_interface/lib/liblearning_interface__rosidl_typesupport_c.so
[1.130s] -- Up-to-date: /home/yyh/ros2_ws/install/learning_interface/include/learning_interface
[1.131s] -- Up-to-date: /home/yyh/ros2_ws/install/learning_interface/include/learning_interface/msg
[1.131s] -- Up-to-date: /home/yyh/ros2_ws/install/learning_interface/include/learning_interface/msg/detail
[1.131s] -- Up-to-date: /home/yyh/ros2_ws/install/learning_interface/include/learning_interface/msg/detail/object_position__traits.hpp
[1.131s] -- Up-to-date: /home/yyh/ros2_ws/install/learning_interface/include/learning_interface/msg/detail/stm32__type_support.hpp
[1.131s] -- Up-to-date: /home/yyh/ros2_ws/install/learning_interface/include/learning_interface/msg/detail/stm32__struct.hpp
[1.131s] -- Up-to-date: /home/yyh/ros2_ws/install/learning_interface/include/learning_interface/msg/detail/object_position__builder.hpp
[1.131s] -- Up-to-date: /home/yyh/ros2_ws/install/learning_interface/include/learning_interface/msg/detail/my_state__builder.hpp
[1.132s] -- Up-to-date: /home/yyh/ros2_ws/install/learning_interface/include/learning_interface/msg/detail/object_position__struct.hpp
[1.132s] -- Up-to-date: /home/yyh/ros2_ws/install/learning_interface/include/learning_interface/msg/detail/object_position__type_support.hpp
[1.132s] -- Up-to-date: /home/yyh/ros2_ws/install/learning_interface/include/learning_interface/msg/detail/my_state__traits.hpp
[1.132s] -- Up-to-date: /home/yyh/ros2_ws/install/learning_interface/include/learning_interface/msg/detail/stm32__builder.hpp
[1.132s] -- Up-to-date: /home/yyh/ros2_ws/install/learning_interface/include/learning_interface/msg/detail/stm32__traits.hpp
[1.132s] -- Up-to-date: /home/yyh/ros2_ws/install/learning_interface/include/learning_interface/msg/detail/my_state__type_support.hpp
[1.132s] -- Up-to-date: /home/yyh/ros2_ws/install/learning_interface/include/learning_interface/msg/detail/my_state__struct.hpp
[1.132s] -- Up-to-date: /home/yyh/ros2_ws/install/learning_interface/include/learning_interface/msg/rosidl_generator_cpp__visibility_control.hpp
[1.133s] -- Up-to-date: /home/yyh/ros2_ws/install/learning_interface/include/learning_interface/msg/object_position.hpp
[1.133s] -- Up-to-date: /home/yyh/ros2_ws/install/learning_interface/include/learning_interface/msg/stm32.hpp
[1.133s] -- Up-to-date: /home/yyh/ros2_ws/install/learning_interface/include/learning_interface/msg/my_state.hpp
[1.133s] -- Up-to-date: /home/yyh/ros2_ws/install/learning_interface/include/learning_interface/action
[1.133s] -- Up-to-date: /home/yyh/ros2_ws/install/learning_interface/include/learning_interface/action/detail
[1.133s] -- Up-to-date: /home/yyh/ros2_ws/install/learning_interface/include/learning_interface/action/detail/move_circle__struct.hpp
[1.133s] -- Up-to-date: /home/yyh/ros2_ws/install/learning_interface/include/learning_interface/action/detail/move_circle__builder.hpp
[1.133s] -- Up-to-date: /home/yyh/ros2_ws/install/learning_interface/include/learning_interface/action/detail/move_circle__type_support.hpp
[1.134s] -- Up-to-date: /home/yyh/ros2_ws/install/learning_interface/include/learning_interface/action/detail/move_circle__traits.hpp
[1.134s] -- Up-to-date: /home/yyh/ros2_ws/install/learning_interface/include/learning_interface/action/move_circle.hpp
[1.134s] -- Up-to-date: /home/yyh/ros2_ws/install/learning_interface/include/learning_interface/srv
[1.134s] -- Up-to-date: /home/yyh/ros2_ws/install/learning_interface/include/learning_interface/srv/get_object_position.hpp
[1.134s] -- Up-to-date: /home/yyh/ros2_ws/install/learning_interface/include/learning_interface/srv/detail
[1.134s] -- Up-to-date: /home/yyh/ros2_ws/install/learning_interface/include/learning_interface/srv/detail/add_two_ints__traits.hpp
[1.135s] -- Up-to-date: /home/yyh/ros2_ws/install/learning_interface/include/learning_interface/srv/detail/get_object_position__builder.hpp
[1.135s] -- Up-to-date: /home/yyh/ros2_ws/install/learning_interface/include/learning_interface/srv/detail/add_two_ints__struct.hpp
[1.135s] -- Up-to-date: /home/yyh/ros2_ws/install/learning_interface/include/learning_interface/srv/detail/add_two_ints__type_support.hpp
[1.135s] -- Up-to-date: /home/yyh/ros2_ws/install/learning_interface/include/learning_interface/srv/detail/get_object_position__traits.hpp
[1.135s] -- Up-to-date: /home/yyh/ros2_ws/install/learning_interface/include/learning_interface/srv/detail/get_object_position__struct.hpp
[1.135s] -- Up-to-date: /home/yyh/ros2_ws/install/learning_interface/include/learning_interface/srv/detail/add_two_ints__builder.hpp
[1.136s] -- Up-to-date: /home/yyh/ros2_ws/install/learning_interface/include/learning_interface/srv/detail/get_object_position__type_support.hpp
[1.136s] -- Up-to-date: /home/yyh/ros2_ws/install/learning_interface/include/learning_interface/srv/add_two_ints.hpp
[1.136s] -- Up-to-date: /home/yyh/ros2_ws/install/learning_interface/include/learning_interface
[1.136s] -- Up-to-date: /home/yyh/ros2_ws/install/learning_interface/include/learning_interface/msg
[1.136s] -- Up-to-date: /home/yyh/ros2_ws/install/learning_interface/include/learning_interface/msg/detail
[1.136s] -- Up-to-date: /home/yyh/ros2_ws/install/learning_interface/include/learning_interface/msg/detail/my_state__type_support.cpp
[1.137s] -- Up-to-date: /home/yyh/ros2_ws/install/learning_interface/include/learning_interface/msg/detail/object_position__type_support.cpp
[1.138s] -- Up-to-date: /home/yyh/ros2_ws/install/learning_interface/include/learning_interface/msg/detail/object_position__rosidl_typesupport_introspection_cpp.hpp
[1.138s] -- Up-to-date: /home/yyh/ros2_ws/install/learning_interface/include/learning_interface/msg/detail/stm32__rosidl_typesupport_introspection_cpp.hpp
[1.138s] -- Up-to-date: /home/yyh/ros2_ws/install/learning_interface/include/learning_interface/msg/detail/my_state__rosidl_typesupport_introspection_cpp.hpp
[1.138s] -- Up-to-date: /home/yyh/ros2_ws/install/learning_interface/include/learning_interface/msg/detail/stm32__type_support.cpp
[1.138s] -- Up-to-date: /home/yyh/ros2_ws/install/learning_interface/include/learning_interface/action
[1.138s] -- Up-to-date: /home/yyh/ros2_ws/install/learning_interface/include/learning_interface/action/detail
[1.138s] -- Up-to-date: /home/yyh/ros2_ws/install/learning_interface/include/learning_interface/action/detail/move_circle__type_support.cpp
[1.138s] -- Up-to-date: /home/yyh/ros2_ws/install/learning_interface/include/learning_interface/action/detail/move_circle__rosidl_typesupport_introspection_cpp.hpp
[1.138s] -- Up-to-date: /home/yyh/ros2_ws/install/learning_interface/include/learning_interface/srv
[1.138s] -- Up-to-date: /home/yyh/ros2_ws/install/learning_interface/include/learning_interface/srv/detail
[1.139s] -- Up-to-date: /home/yyh/ros2_ws/install/learning_interface/include/learning_interface/srv/detail/get_object_position__type_support.cpp
[1.139s] -- Up-to-date: /home/yyh/ros2_ws/install/learning_interface/include/learning_interface/srv/detail/get_object_position__rosidl_typesupport_introspection_cpp.hpp
[1.139s] -- Up-to-date: /home/yyh/ros2_ws/install/learning_interface/include/learning_interface/srv/detail/add_two_ints__rosidl_typesupport_introspection_cpp.hpp
[1.139s] -- Up-to-date: /home/yyh/ros2_ws/install/learning_interface/include/learning_interface/srv/detail/add_two_ints__type_support.cpp
[1.140s] -- Up-to-date: /home/yyh/ros2_ws/install/learning_interface/lib/liblearning_interface__rosidl_typesupport_introspection_cpp.so
[1.141s] -- Up-to-date: /home/yyh/ros2_ws/install/learning_interface/lib/liblearning_interface__rosidl_typesupport_cpp.so
[1.141s] -- Up-to-date: /home/yyh/ros2_ws/install/learning_interface/share/learning_interface/environment/pythonpath.sh
[1.141s] -- Up-to-date: /home/yyh/ros2_ws/install/learning_interface/share/learning_interface/environment/pythonpath.dsv
[1.141s] -- Up-to-date: /home/yyh/ros2_ws/install/learning_interface/lib/python3.8/site-packages/learning_interface/__init__.py
[1.219s] -- Up-to-date: /home/yyh/ros2_ws/install/learning_interface/lib/python3.8/site-packages/learning_interface/msg
[1.219s] -- Up-to-date: /home/yyh/ros2_ws/install/learning_interface/lib/python3.8/site-packages/learning_interface/msg/__init__.py
[1.219s] -- Up-to-date: /home/yyh/ros2_ws/install/learning_interface/lib/python3.8/site-packages/learning_interface/msg/_my_state_s.c
[1.219s] -- Up-to-date: /home/yyh/ros2_ws/install/learning_interface/lib/python3.8/site-packages/learning_interface/msg/_object_position_s.c
[1.219s] -- Up-to-date: /home/yyh/ros2_ws/install/learning_interface/lib/python3.8/site-packages/learning_interface/msg/_my_state.py
[1.219s] -- Up-to-date: /home/yyh/ros2_ws/install/learning_interface/lib/python3.8/site-packages/learning_interface/msg/_object_position.py
[1.219s] -- Up-to-date: /home/yyh/ros2_ws/install/learning_interface/lib/python3.8/site-packages/learning_interface/msg/_stm32.py
[1.221s] -- Up-to-date: /home/yyh/ros2_ws/install/learning_interface/lib/python3.8/site-packages/learning_interface/msg/_stm32_s.c
[1.221s] -- Up-to-date: /home/yyh/ros2_ws/install/learning_interface/lib/python3.8/site-packages/learning_interface/srv
[1.221s] -- Up-to-date: /home/yyh/ros2_ws/install/learning_interface/lib/python3.8/site-packages/learning_interface/srv/_get_object_position_s.c
[1.221s] -- Up-to-date: /home/yyh/ros2_ws/install/learning_interface/lib/python3.8/site-packages/learning_interface/srv/__init__.py
[1.221s] -- Up-to-date: /home/yyh/ros2_ws/install/learning_interface/lib/python3.8/site-packages/learning_interface/srv/_add_two_ints.py
[1.221s] -- Up-to-date: /home/yyh/ros2_ws/install/learning_interface/lib/python3.8/site-packages/learning_interface/srv/_get_object_position.py
[1.221s] -- Up-to-date: /home/yyh/ros2_ws/install/learning_interface/lib/python3.8/site-packages/learning_interface/srv/_add_two_ints_s.c
[1.221s] -- Up-to-date: /home/yyh/ros2_ws/install/learning_interface/lib/python3.8/site-packages/learning_interface/action
[1.221s] -- Up-to-date: /home/yyh/ros2_ws/install/learning_interface/lib/python3.8/site-packages/learning_interface/action/__init__.py
[1.221s] -- Up-to-date: /home/yyh/ros2_ws/install/learning_interface/lib/python3.8/site-packages/learning_interface/action/_move_circle.py
[1.221s] -- Up-to-date: /home/yyh/ros2_ws/install/learning_interface/lib/python3.8/site-packages/learning_interface/action/_move_circle_s.c
[1.226s] -- Up-to-date: /home/yyh/ros2_ws/install/learning_interface/lib/python3.8/site-packages/learning_interface/learning_interface_s__rosidl_typesupport_fastrtps_c.cpython-38-x86_64-linux-gnu.so
[1.226s] -- Up-to-date: /home/yyh/ros2_ws/install/learning_interface/lib/python3.8/site-packages/learning_interface/learning_interface_s__rosidl_typesupport_introspection_c.cpython-38-x86_64-linux-gnu.so
[1.227s] -- Up-to-date: /home/yyh/ros2_ws/install/learning_interface/lib/python3.8/site-packages/learning_interface/learning_interface_s__rosidl_typesupport_c.cpython-38-x86_64-linux-gnu.so
[1.227s] -- Up-to-date: /home/yyh/ros2_ws/install/learning_interface/lib/liblearning_interface__python.so
[1.228s] -- Up-to-date: /home/yyh/ros2_ws/install/learning_interface/share/learning_interface/msg/ObjectPosition.idl
[1.228s] -- Up-to-date: /home/yyh/ros2_ws/install/learning_interface/share/learning_interface/msg/MyState.idl
[1.232s] -- Up-to-date: /home/yyh/ros2_ws/install/learning_interface/share/learning_interface/msg/STM32.idl
[1.232s] -- Up-to-date: /home/yyh/ros2_ws/install/learning_interface/share/learning_interface/srv/AddTwoInts.idl
[1.232s] -- Up-to-date: /home/yyh/ros2_ws/install/learning_interface/share/learning_interface/srv/GetObjectPosition.idl
[1.232s] -- Up-to-date: /home/yyh/ros2_ws/install/learning_interface/share/learning_interface/action/MoveCircle.idl
[1.232s] -- Up-to-date: /home/yyh/ros2_ws/install/learning_interface/share/learning_interface/msg/ObjectPosition.msg
[1.233s] -- Up-to-date: /home/yyh/ros2_ws/install/learning_interface/share/learning_interface/msg/MyState.msg
[1.233s] -- Up-to-date: /home/yyh/ros2_ws/install/learning_interface/share/learning_interface/msg/STM32.msg
[1.233s] -- Up-to-date: /home/yyh/ros2_ws/install/learning_interface/share/learning_interface/srv/AddTwoInts.srv
[1.233s] -- Up-to-date: /home/yyh/ros2_ws/install/learning_interface/share/learning_interface/srv/AddTwoInts_Request.msg
[1.233s] -- Up-to-date: /home/yyh/ros2_ws/install/learning_interface/share/learning_interface/srv/AddTwoInts_Response.msg
[1.234s] -- Up-to-date: /home/yyh/ros2_ws/install/learning_interface/share/learning_interface/srv/GetObjectPosition.srv
[1.234s] -- Up-to-date: /home/yyh/ros2_ws/install/learning_interface/share/learning_interface/srv/GetObjectPosition_Request.msg
[1.234s] -- Up-to-date: /home/yyh/ros2_ws/install/learning_interface/share/learning_interface/srv/GetObjectPosition_Response.msg
[1.234s] -- Up-to-date: /home/yyh/ros2_ws/install/learning_interface/share/learning_interface/action/MoveCircle.action
[1.234s] -- Up-to-date: /home/yyh/ros2_ws/install/learning_interface/share/ament_index/resource_index/package_run_dependencies/learning_interface
[1.235s] -- Up-to-date: /home/yyh/ros2_ws/install/learning_interface/share/ament_index/resource_index/parent_prefix_path/learning_interface
[1.235s] -- Up-to-date: /home/yyh/ros2_ws/install/learning_interface/share/learning_interface/environment/ament_prefix_path.sh
[1.235s] -- Up-to-date: /home/yyh/ros2_ws/install/learning_interface/share/learning_interface/environment/ament_prefix_path.dsv
[1.235s] -- Up-to-date: /home/yyh/ros2_ws/install/learning_interface/share/learning_interface/environment/path.sh
[1.235s] -- Up-to-date: /home/yyh/ros2_ws/install/learning_interface/share/learning_interface/environment/path.dsv
[1.236s] -- Up-to-date: /home/yyh/ros2_ws/install/learning_interface/share/learning_interface/local_setup.bash
[1.236s] -- Up-to-date: /home/yyh/ros2_ws/install/learning_interface/share/learning_interface/local_setup.sh
[1.236s] -- Up-to-date: /home/yyh/ros2_ws/install/learning_interface/share/learning_interface/local_setup.zsh
[1.236s] -- Up-to-date: /home/yyh/ros2_ws/install/learning_interface/share/learning_interface/local_setup.dsv
[1.236s] -- Installing: /home/yyh/ros2_ws/install/learning_interface/share/learning_interface/package.dsv
[1.237s] -- Up-to-date: /home/yyh/ros2_ws/install/learning_interface/share/ament_index/resource_index/packages/learning_interface
[1.237s] -- Up-to-date: /home/yyh/ros2_ws/install/learning_interface/share/learning_interface/cmake/learning_interface__rosidl_generator_cExport.cmake
[1.237s] -- Up-to-date: /home/yyh/ros2_ws/install/learning_interface/share/learning_interface/cmake/learning_interface__rosidl_generator_cExport-noconfig.cmake
[1.238s] -- Up-to-date: /home/yyh/ros2_ws/install/learning_interface/share/learning_interface/cmake/learning_interface__rosidl_typesupport_introspection_cExport.cmake
[1.238s] -- Up-to-date: /home/yyh/ros2_ws/install/learning_interface/share/learning_interface/cmake/learning_interface__rosidl_typesupport_introspection_cExport-noconfig.cmake
[1.238s] -- Up-to-date: /home/yyh/ros2_ws/install/learning_interface/share/learning_interface/cmake/learning_interface__rosidl_typesupport_cExport.cmake
[1.238s] -- Up-to-date: /home/yyh/ros2_ws/install/learning_interface/share/learning_interface/cmake/learning_interface__rosidl_typesupport_cExport-noconfig.cmake
[1.239s] -- Up-to-date: /home/yyh/ros2_ws/install/learning_interface/share/learning_interface/cmake/learning_interface__rosidl_generator_cppExport.cmake
[1.239s] -- Up-to-date: /home/yyh/ros2_ws/install/learning_interface/share/learning_interface/cmake/learning_interface__rosidl_typesupport_introspection_cppExport.cmake
[1.239s] -- Up-to-date: /home/yyh/ros2_ws/install/learning_interface/share/learning_interface/cmake/learning_interface__rosidl_typesupport_introspection_cppExport-noconfig.cmake
[1.240s] -- Up-to-date: /home/yyh/ros2_ws/install/learning_interface/share/learning_interface/cmake/learning_interface__rosidl_typesupport_cppExport.cmake
[1.240s] -- Up-to-date: /home/yyh/ros2_ws/install/learning_interface/share/learning_interface/cmake/learning_interface__rosidl_typesupport_cppExport-noconfig.cmake
[1.240s] -- Up-to-date: /home/yyh/ros2_ws/install/learning_interface/share/learning_interface/cmake/rosidl_cmake-extras.cmake
[1.241s] -- Up-to-date: /home/yyh/ros2_ws/install/learning_interface/share/learning_interface/cmake/ament_cmake_export_dependencies-extras.cmake
[1.241s] -- Up-to-date: /home/yyh/ros2_ws/install/learning_interface/share/learning_interface/cmake/ament_cmake_export_libraries-extras.cmake
[1.241s] -- Up-to-date: /home/yyh/ros2_ws/install/learning_interface/share/learning_interface/cmake/ament_cmake_export_targets-extras.cmake
[1.241s] -- Up-to-date: /home/yyh/ros2_ws/install/learning_interface/share/learning_interface/cmake/ament_cmake_export_include_directories-extras.cmake
[1.242s] -- Up-to-date: /home/yyh/ros2_ws/install/learning_interface/share/learning_interface/cmake/rosidl_cmake_export_typesupport_libraries-extras.cmake
[1.242s] -- Up-to-date: /home/yyh/ros2_ws/install/learning_interface/share/learning_interface/cmake/rosidl_cmake_export_typesupport_targets-extras.cmake
[1.242s] -- Up-to-date: /home/yyh/ros2_ws/install/learning_interface/share/learning_interface/cmake/learning_interfaceConfig.cmake
[1.243s] -- Up-to-date: /home/yyh/ros2_ws/install/learning_interface/share/learning_interface/cmake/learning_interfaceConfig-version.cmake
[1.243s] -- Up-to-date: /home/yyh/ros2_ws/install/learning_interface/share/learning_interface/package.xml
[1.255s] Invoked command in '/home/yyh/ros2_ws/build/learning_interface' returned '0': CMAKE_PREFIX_PATH=${CMAKE_PREFIX_PATH}:/home/yyh/ros2_ws/install/yyh_object:/home/yyh/ros2_ws/install/yyh_nav:/home/yyh/ros2_ws/install/yyh_launch:/home/yyh/ros2_ws/install/yolov5_ros2:/opt/ros/foxy /usr/bin/cmake --install /home/yyh/ros2_ws/build/learning_interface
