[1.881s] Invoking command in '/home/yyh/ros2_ws/src/yyh_nav': PYTHONPATH=/home/yyh/ros2_ws/build/yyh_nav/prefix_override:/usr/lib/python3/dist-packages/colcon_core/task/python/colcon_distutils_commands:/home/yyh/ros2_ws/install/yyh_nav/lib/python3.8/site-packages:${PYTHONPATH} /usr/bin/python3 -W ignore:setup.py install is deprecated setup.py egg_info --egg-base ../../build/yyh_nav build --build-base /home/yyh/ros2_ws/build/yyh_nav/build install --record /home/yyh/ros2_ws/build/yyh_nav/install.log --single-version-externally-managed install_data
[2.421s] running egg_info
[2.434s] writing ../../build/yyh_nav/yyh_nav.egg-info/PKG-INFO
[2.434s] writing dependency_links to ../../build/yyh_nav/yyh_nav.egg-info/dependency_links.txt
[2.435s] writing entry points to ../../build/yyh_nav/yyh_nav.egg-info/entry_points.txt
[2.435s] writing requirements to ../../build/yyh_nav/yyh_nav.egg-info/requires.txt
[2.436s] writing top-level names to ../../build/yyh_nav/yyh_nav.egg-info/top_level.txt
[5.049s] writing manifest file '../../build/yyh_nav/yyh_nav.egg-info/SOURCES.txt'
[5.050s] running build
[5.050s] running build_py
[5.053s] running install
[5.061s] running install_lib
[5.078s] running install_data
[5.079s] running install_egg_info
[5.094s] removing '/home/yyh/ros2_ws/install/yyh_nav/lib/python3.8/site-packages/yyh_nav-0.0.0-py3.8.egg-info' (and everything under it)
[5.094s] Copying ../../build/yyh_nav/yyh_nav.egg-info to /home/yyh/ros2_ws/install/yyh_nav/lib/python3.8/site-packages/yyh_nav-0.0.0-py3.8.egg-info
[5.095s] running install_scripts
[5.162s] Installing t265_pose_test script to /home/yyh/ros2_ws/install/yyh_nav/lib/yyh_nav
[5.162s] Installing tft265 script to /home/yyh/ros2_ws/install/yyh_nav/lib/yyh_nav
[5.163s] writing list of installed files to '/home/yyh/ros2_ws/build/yyh_nav/install.log'
[5.218s] Invoked command in '/home/yyh/ros2_ws/src/yyh_nav' returned '0': PYTHONPATH=/home/yyh/ros2_ws/build/yyh_nav/prefix_override:/usr/lib/python3/dist-packages/colcon_core/task/python/colcon_distutils_commands:/home/yyh/ros2_ws/install/yyh_nav/lib/python3.8/site-packages:${PYTHONPATH} /usr/bin/python3 -W ignore:setup.py install is deprecated setup.py egg_info --egg-base ../../build/yyh_nav build --build-base /home/yyh/ros2_ws/build/yyh_nav/build install --record /home/yyh/ros2_ws/build/yyh_nav/install.log --single-version-externally-managed install_data
