[4.463s] Invoking command in '/home/yyh/ros2_ws/src/yyh_nav': PYTHONPATH=/home/yyh/ros2_ws/build/yyh_nav/prefix_override:/usr/lib/python3/dist-packages/colcon_core/task/python/colcon_distutils_commands:/home/yyh/ros2_ws/install/yyh_nav/lib/python3.8/site-packages:${PYTHONPATH} /usr/bin/python3 -W ignore:setup.py install is deprecated setup.py egg_info --egg-base ../../build/yyh_nav build --build-base /home/yyh/ros2_ws/build/yyh_nav/build install --record /home/yyh/ros2_ws/build/yyh_nav/install.log --single-version-externally-managed install_data
[5.501s] running egg_info
[5.540s] writing ../../build/yyh_nav/yyh_nav.egg-info/PKG-INFO
[5.541s] writing dependency_links to ../../build/yyh_nav/yyh_nav.egg-info/dependency_links.txt
[5.541s] writing entry points to ../../build/yyh_nav/yyh_nav.egg-info/entry_points.txt
[5.541s] writing requirements to ../../build/yyh_nav/yyh_nav.egg-info/requires.txt
[5.542s] writing top-level names to ../../build/yyh_nav/yyh_nav.egg-info/top_level.txt
[10.188s] writing manifest file '../../build/yyh_nav/yyh_nav.egg-info/SOURCES.txt'
[10.188s] running build
[10.188s] running build_py
[10.188s] copying yyh_nav/tft265.py -> /home/yyh/ros2_ws/build/yyh_nav/build/lib/yyh_nav
[10.190s] running install
[10.194s] running install_lib
[10.210s] copying /home/yyh/ros2_ws/build/yyh_nav/build/lib/yyh_nav/tft265.py -> /home/yyh/ros2_ws/install/yyh_nav/lib/python3.8/site-packages/yyh_nav
[10.215s] byte-compiling /home/yyh/ros2_ws/install/yyh_nav/lib/python3.8/site-packages/yyh_nav/tft265.py to tft265.cpython-38.pyc
[10.218s] running install_data
[10.219s] running install_egg_info
[10.244s] removing '/home/yyh/ros2_ws/install/yyh_nav/lib/python3.8/site-packages/yyh_nav-0.0.0-py3.8.egg-info' (and everything under it)
[10.245s] Copying ../../build/yyh_nav/yyh_nav.egg-info to /home/yyh/ros2_ws/install/yyh_nav/lib/python3.8/site-packages/yyh_nav-0.0.0-py3.8.egg-info
[10.246s] running install_scripts
[10.322s] Installing tft265 script to /home/yyh/ros2_ws/install/yyh_nav/lib/yyh_nav
[10.323s] writing list of installed files to '/home/yyh/ros2_ws/build/yyh_nav/install.log'
[10.386s] Invoked command in '/home/yyh/ros2_ws/src/yyh_nav' returned '0': PYTHONPATH=/home/yyh/ros2_ws/build/yyh_nav/prefix_override:/usr/lib/python3/dist-packages/colcon_core/task/python/colcon_distutils_commands:/home/yyh/ros2_ws/install/yyh_nav/lib/python3.8/site-packages:${PYTHONPATH} /usr/bin/python3 -W ignore:setup.py install is deprecated setup.py egg_info --egg-base ../../build/yyh_nav build --build-base /home/yyh/ros2_ws/build/yyh_nav/build install --record /home/yyh/ros2_ws/build/yyh_nav/install.log --single-version-externally-managed install_data
