[1.943s] Invoking command in '/home/yyh/ros2_ws/src/yyh_nav': PYTHONPATH=/home/yyh/ros2_ws/build/yyh_nav/prefix_override:/usr/lib/python3/dist-packages/colcon_core/task/python/colcon_distutils_commands:/home/yyh/ros2_ws/install/yyh_nav/lib/python3.8/site-packages:${PYTHONPATH} /usr/bin/python3 -W ignore:setup.py install is deprecated setup.py egg_info --egg-base ../../build/yyh_nav build --build-base /home/yyh/ros2_ws/build/yyh_nav/build install --record /home/yyh/ros2_ws/build/yyh_nav/install.log --single-version-externally-managed install_data
[2.484s] running egg_info
[2.502s] writing ../../build/yyh_nav/yyh_nav.egg-info/PKG-INFO
[2.503s] writing dependency_links to ../../build/yyh_nav/yyh_nav.egg-info/dependency_links.txt
[2.504s] writing entry points to ../../build/yyh_nav/yyh_nav.egg-info/entry_points.txt
[2.504s] writing requirements to ../../build/yyh_nav/yyh_nav.egg-info/requires.txt
[2.504s] writing top-level names to ../../build/yyh_nav/yyh_nav.egg-info/top_level.txt
[5.608s] writing manifest file '../../build/yyh_nav/yyh_nav.egg-info/SOURCES.txt'
[5.608s] running build
[5.609s] running build_py
[5.610s] running install
[5.622s] running install_lib
[5.651s] running install_data
[5.652s] running install_egg_info
[5.680s] removing '/home/yyh/ros2_ws/install/yyh_nav/lib/python3.8/site-packages/yyh_nav-0.0.0-py3.8.egg-info' (and everything under it)
[5.693s] Copying ../../build/yyh_nav/yyh_nav.egg-info to /home/yyh/ros2_ws/install/yyh_nav/lib/python3.8/site-packages/yyh_nav-0.0.0-py3.8.egg-info
[5.693s] running install_scripts
[5.801s] Installing tft265 script to /home/yyh/ros2_ws/install/yyh_nav/lib/yyh_nav
[5.802s] writing list of installed files to '/home/yyh/ros2_ws/build/yyh_nav/install.log'
[5.891s] Invoked command in '/home/yyh/ros2_ws/src/yyh_nav' returned '0': PYTHONPATH=/home/yyh/ros2_ws/build/yyh_nav/prefix_override:/usr/lib/python3/dist-packages/colcon_core/task/python/colcon_distutils_commands:/home/yyh/ros2_ws/install/yyh_nav/lib/python3.8/site-packages:${PYTHONPATH} /usr/bin/python3 -W ignore:setup.py install is deprecated setup.py egg_info --egg-base ../../build/yyh_nav build --build-base /home/yyh/ros2_ws/build/yyh_nav/build install --record /home/yyh/ros2_ws/build/yyh_nav/install.log --single-version-externally-managed install_data
