[6.200s] Invoking command in '/home/yyh/ros2_ws/src/yolov5_ros2': PYTHONPATH=/home/yyh/ros2_ws/build/yolov5_ros2/prefix_override:/usr/lib/python3/dist-packages/colcon_core/task/python/colcon_distutils_commands:/home/yyh/ros2_ws/install/yolov5_ros2/lib/python3.8/site-packages:${PYTHONPATH} /usr/bin/python3 -W ignore:setup.py install is deprecated setup.py egg_info --egg-base ../../build/yolov5_ros2 build --build-base /home/yyh/ros2_ws/build/yolov5_ros2/build install --record /home/yyh/ros2_ws/build/yolov5_ros2/install.log --single-version-externally-managed install_data
[7.292s] running egg_info
[7.314s] writing ../../build/yolov5_ros2/yolov5_ros2.egg-info/PKG-INFO
[7.315s] writing dependency_links to ../../build/yolov5_ros2/yolov5_ros2.egg-info/dependency_links.txt
[7.315s] writing entry points to ../../build/yolov5_ros2/yolov5_ros2.egg-info/entry_points.txt
[7.315s] writing requirements to ../../build/yolov5_ros2/yolov5_ros2.egg-info/requires.txt
[7.315s] writing top-level names to ../../build/yolov5_ros2/yolov5_ros2.egg-info/top_level.txt
[11.999s] reading manifest file '../../build/yolov5_ros2/yolov5_ros2.egg-info/SOURCES.txt'
[12.007s] writing manifest file '../../build/yolov5_ros2/yolov5_ros2.egg-info/SOURCES.txt'
[12.007s] running build
[12.008s] running build_py
[12.008s] running install
[12.014s] running install_lib
[12.037s] running install_data
[12.039s] running install_egg_info
[12.060s] removing '/home/yyh/ros2_ws/install/yolov5_ros2/lib/python3.8/site-packages/yolov5_ros2-0.0.0-py3.8.egg-info' (and everything under it)
[12.076s] Copying ../../build/yolov5_ros2/yolov5_ros2.egg-info to /home/yyh/ros2_ws/install/yolov5_ros2/lib/python3.8/site-packages/yolov5_ros2-0.0.0-py3.8.egg-info
[12.081s] running install_scripts
[12.162s] Installing yolo_detect_2d script to /home/yyh/ros2_ws/install/yolov5_ros2/lib/yolov5_ros2
[12.164s] writing list of installed files to '/home/yyh/ros2_ws/build/yolov5_ros2/install.log'
[12.231s] Invoked command in '/home/yyh/ros2_ws/src/yolov5_ros2' returned '0': PYTHONPATH=/home/yyh/ros2_ws/build/yolov5_ros2/prefix_override:/usr/lib/python3/dist-packages/colcon_core/task/python/colcon_distutils_commands:/home/yyh/ros2_ws/install/yolov5_ros2/lib/python3.8/site-packages:${PYTHONPATH} /usr/bin/python3 -W ignore:setup.py install is deprecated setup.py egg_info --egg-base ../../build/yolov5_ros2 build --build-base /home/yyh/ros2_ws/build/yolov5_ros2/build install --record /home/yyh/ros2_ws/build/yolov5_ros2/install.log --single-version-externally-managed install_data
