[1.685s] Invoking command in '/home/yyh/ros2_ws/src/yyh_nav': PYTHONPATH=/home/yyh/ros2_ws/build/yyh_nav/prefix_override:/usr/lib/python3/dist-packages/colcon_core/task/python/colcon_distutils_commands:/home/yyh/ros2_ws/install/yyh_nav/lib/python3.8/site-packages:${PYTHONPATH} /usr/bin/python3 -W ignore:setup.py install is deprecated setup.py egg_info --egg-base ../../build/yyh_nav build --build-base /home/yyh/ros2_ws/build/yyh_nav/build install --record /home/yyh/ros2_ws/build/yyh_nav/install.log --single-version-externally-managed install_data
[2.230s] running egg_info
[2.242s] writing ../../build/yyh_nav/yyh_nav.egg-info/PKG-INFO
[2.243s] writing dependency_links to ../../build/yyh_nav/yyh_nav.egg-info/dependency_links.txt
[2.243s] writing entry points to ../../build/yyh_nav/yyh_nav.egg-info/entry_points.txt
[2.243s] writing requirements to ../../build/yyh_nav/yyh_nav.egg-info/requires.txt
[2.243s] writing top-level names to ../../build/yyh_nav/yyh_nav.egg-info/top_level.txt
[4.762s] writing manifest file '../../build/yyh_nav/yyh_nav.egg-info/SOURCES.txt'
[4.762s] running build
[4.762s] running build_py
[4.763s] copying yyh_nav/tft265.py -> /home/yyh/ros2_ws/build/yyh_nav/build/lib/yyh_nav
[4.763s] running install
[4.771s] running install_lib
[4.793s] copying /home/yyh/ros2_ws/build/yyh_nav/build/lib/yyh_nav/tft265.py -> /home/yyh/ros2_ws/install/yyh_nav/lib/python3.8/site-packages/yyh_nav
[4.794s] byte-compiling /home/yyh/ros2_ws/install/yyh_nav/lib/python3.8/site-packages/yyh_nav/tft265.py to tft265.cpython-38.pyc
[4.794s]   File "/home/yyh/ros2_ws/install/yyh_nav/lib/python3.8/site-packages/yyh_nav/tft265.py", line 73
[4.794s]     self.print = "传入数据："+str([flag,data_num])+"/n"串口下行："+str(transdata)
[4.794s]                                                       ^
[4.794s] SyntaxError: invalid character in identifier
[4.795s] 
[4.795s] running install_data
[4.795s] running install_egg_info
[4.811s] removing '/home/yyh/ros2_ws/install/yyh_nav/lib/python3.8/site-packages/yyh_nav-0.0.0-py3.8.egg-info' (and everything under it)
[4.814s] Copying ../../build/yyh_nav/yyh_nav.egg-info to /home/yyh/ros2_ws/install/yyh_nav/lib/python3.8/site-packages/yyh_nav-0.0.0-py3.8.egg-info
[4.814s] running install_scripts
[4.881s] Installing tft265 script to /home/yyh/ros2_ws/install/yyh_nav/lib/yyh_nav
[4.881s] writing list of installed files to '/home/yyh/ros2_ws/build/yyh_nav/install.log'
[4.947s] Invoked command in '/home/yyh/ros2_ws/src/yyh_nav' returned '0': PYTHONPATH=/home/yyh/ros2_ws/build/yyh_nav/prefix_override:/usr/lib/python3/dist-packages/colcon_core/task/python/colcon_distutils_commands:/home/yyh/ros2_ws/install/yyh_nav/lib/python3.8/site-packages:${PYTHONPATH} /usr/bin/python3 -W ignore:setup.py install is deprecated setup.py egg_info --egg-base ../../build/yyh_nav build --build-base /home/yyh/ros2_ws/build/yyh_nav/build install --record /home/yyh/ros2_ws/build/yyh_nav/install.log --single-version-externally-managed install_data
