[3.234s] Invoking command in '/home/yyh/ros2_ws/src/yyh_nav': PYTHONPATH=/home/yyh/ros2_ws/build/yyh_nav/prefix_override:/usr/lib/python3/dist-packages/colcon_core/task/python/colcon_distutils_commands:/home/yyh/ros2_ws/install/yyh_nav/lib/python3.8/site-packages:${PYTHONPATH} /usr/bin/python3 -W ignore:setup.py install is deprecated setup.py egg_info --egg-base ../../build/yyh_nav build --build-base /home/yyh/ros2_ws/build/yyh_nav/build install --record /home/yyh/ros2_ws/build/yyh_nav/install.log --single-version-externally-managed install_data
[4.074s] running egg_info
[4.095s] writing ../../build/yyh_nav/yyh_nav.egg-info/PKG-INFO
[4.095s] writing dependency_links to ../../build/yyh_nav/yyh_nav.egg-info/dependency_links.txt
[4.095s] writing entry points to ../../build/yyh_nav/yyh_nav.egg-info/entry_points.txt
[4.095s] writing requirements to ../../build/yyh_nav/yyh_nav.egg-info/requires.txt
[4.095s] writing top-level names to ../../build/yyh_nav/yyh_nav.egg-info/top_level.txt
[9.502s] writing manifest file '../../build/yyh_nav/yyh_nav.egg-info/SOURCES.txt'
[9.502s] running build
[9.502s] running build_py
[9.503s] running install
[9.522s] running install_lib
[9.545s] running install_data
[9.546s] running install_egg_info
[9.577s] removing '/home/yyh/ros2_ws/install/yyh_nav/lib/python3.8/site-packages/yyh_nav-0.0.0-py3.8.egg-info' (and everything under it)
[9.579s] Copying ../../build/yyh_nav/yyh_nav.egg-info to /home/yyh/ros2_ws/install/yyh_nav/lib/python3.8/site-packages/yyh_nav-0.0.0-py3.8.egg-info
[9.579s] running install_scripts
[9.772s] Installing tft265 script to /home/yyh/ros2_ws/install/yyh_nav/lib/yyh_nav
[9.772s] writing list of installed files to '/home/yyh/ros2_ws/build/yyh_nav/install.log'
[9.924s] Invoked command in '/home/yyh/ros2_ws/src/yyh_nav' returned '0': PYTHONPATH=/home/yyh/ros2_ws/build/yyh_nav/prefix_override:/usr/lib/python3/dist-packages/colcon_core/task/python/colcon_distutils_commands:/home/yyh/ros2_ws/install/yyh_nav/lib/python3.8/site-packages:${PYTHONPATH} /usr/bin/python3 -W ignore:setup.py install is deprecated setup.py egg_info --egg-base ../../build/yyh_nav build --build-base /home/yyh/ros2_ws/build/yyh_nav/build install --record /home/yyh/ros2_ws/build/yyh_nav/install.log --single-version-externally-managed install_data
