[1.876s] Invoking command in '/home/yyh/ros2_ws/src/yyh_nav': PYTHONPATH=/home/yyh/ros2_ws/build/yyh_nav/prefix_override:/usr/lib/python3/dist-packages/colcon_core/task/python/colcon_distutils_commands:/home/yyh/ros2_ws/install/yyh_nav/lib/python3.8/site-packages:${PYTHONPATH} /usr/bin/python3 -W ignore:setup.py install is deprecated setup.py egg_info --egg-base ../../build/yyh_nav build --build-base /home/yyh/ros2_ws/build/yyh_nav/build install --record /home/yyh/ros2_ws/build/yyh_nav/install.log --install-scripts $base/lib/yyh_nav --single-version-externally-managed install_data
[2.029s] /home/yyh/.local/lib/python3.8/site-packages/setuptools/dist.py:452: SetuptoolsDeprecationWarning: Invalid dash-separated options
[2.029s] !!
[2.029s] 
[2.029s]         ********************************************************************************
[2.029s]         Usage of dash-separated 'script-dir' will not be supported in future
[2.030s]         versions. Please use the underscore name 'script_dir' instead.
[2.030s] 
[2.030s]         By 2024-Sep-26, you need to update your project and remove deprecated calls
[2.030s]         or your builds will no longer be supported.
[2.030s] 
[2.030s]         See https://setuptools.pypa.io/en/latest/userguide/declarative_config.html for details.
[2.030s]         ********************************************************************************
[2.030s] 
[2.030s] !!
[2.030s]   opt = self.warn_dash_deprecation(opt, section)
[2.045s] /home/yyh/.local/lib/python3.8/site-packages/setuptools/_distutils/dist.py:261: UserWarning: Unknown distribution option: 'tests_require'
[2.045s]   warnings.warn(msg)
[2.145s] running egg_info
[2.165s] writing ../../build/yyh_nav/yyh_nav.egg-info/PKG-INFO
[2.167s] writing dependency_links to ../../build/yyh_nav/yyh_nav.egg-info/dependency_links.txt
[2.167s] writing entry points to ../../build/yyh_nav/yyh_nav.egg-info/entry_points.txt
[2.167s] writing requirements to ../../build/yyh_nav/yyh_nav.egg-info/requires.txt
[2.168s] writing top-level names to ../../build/yyh_nav/yyh_nav.egg-info/top_level.txt
[2.327s] reading manifest file '../../build/yyh_nav/yyh_nav.egg-info/SOURCES.txt'
[2.328s] Traceback (most recent call last):
[2.328s]   File "setup.py", line 7, in <module>
[2.329s]     setup(
[2.329s]   File "/home/yyh/.local/lib/python3.8/site-packages/setuptools/__init__.py", line 117, in setup
[2.329s]     return distutils.core.setup(**attrs)
[2.329s]   File "/home/yyh/.local/lib/python3.8/site-packages/setuptools/_distutils/core.py", line 183, in setup
[2.329s]     return run_commands(dist)
[2.329s]   File "/home/yyh/.local/lib/python3.8/site-packages/setuptools/_distutils/core.py", line 199, in run_commands
[2.329s]     dist.run_commands()
[2.329s]   File "/home/yyh/.local/lib/python3.8/site-packages/setuptools/_distutils/dist.py", line 954, in run_commands
[2.329s]     self.run_command(cmd)
[2.329s]   File "/home/yyh/.local/lib/python3.8/site-packages/setuptools/dist.py", line 950, in run_command
[2.329s]     super().run_command(command)
[2.329s]   File "/home/yyh/.local/lib/python3.8/site-packages/setuptools/_distutils/dist.py", line 973, in run_command
[2.330s]     cmd_obj.run()
[2.330s]   File "/home/yyh/.local/lib/python3.8/site-packages/setuptools/command/egg_info.py", line 311, in run
[2.330s]     self.find_sources()
[2.330s]   File "/home/yyh/.local/lib/python3.8/site-packages/setuptools/command/egg_info.py", line 319, in find_sources
[2.330s]     mm.run()
[2.330s]   File "/home/yyh/.local/lib/python3.8/site-packages/setuptools/command/egg_info.py", line 545, in run
[2.330s]     self.prune_file_list()
[2.330s]   File "/home/yyh/.local/lib/python3.8/site-packages/setuptools/command/sdist.py", line 161, in prune_file_list
[2.330s]     super().prune_file_list()
[2.330s]   File "/home/yyh/.local/lib/python3.8/site-packages/setuptools/_distutils/command/sdist.py", line 380, in prune_file_list
[2.330s]     base_dir = self.distribution.get_fullname()
[2.330s]   File "/home/yyh/.local/lib/python3.8/site-packages/setuptools/_core_metadata.py", line 267, in get_fullname
[2.330s]     return _distribution_fullname(self.get_name(), self.get_version())
[2.330s]   File "/home/yyh/.local/lib/python3.8/site-packages/setuptools/_core_metadata.py", line 285, in _distribution_fullname
[2.330s]     canonicalize_version(version, strip_trailing_zero=False),
[2.331s] TypeError: canonicalize_version() got an unexpected keyword argument 'strip_trailing_zero'
