[2.646s] Invoking command in '/home/yyh/ros2_ws/src/yyh_nav': PYTHONPATH=/home/yyh/ros2_ws/build/yyh_nav/prefix_override:/usr/lib/python3/dist-packages/colcon_core/task/python/colcon_distutils_commands:/home/yyh/ros2_ws/install/yyh_nav/lib/python3.8/site-packages:${PYTHONPATH} /usr/bin/python3 -W ignore:setup.py install is deprecated setup.py egg_info --egg-base ../../build/yyh_nav build --build-base /home/yyh/ros2_ws/build/yyh_nav/build install --record /home/yyh/ros2_ws/build/yyh_nav/install.log --single-version-externally-managed install_data
[3.330s] running egg_info
[3.350s] writing ../../build/yyh_nav/yyh_nav.egg-info/PKG-INFO
[3.351s] writing dependency_links to ../../build/yyh_nav/yyh_nav.egg-info/dependency_links.txt
[3.351s] writing entry points to ../../build/yyh_nav/yyh_nav.egg-info/entry_points.txt
[3.351s] writing requirements to ../../build/yyh_nav/yyh_nav.egg-info/requires.txt
[3.351s] writing top-level names to ../../build/yyh_nav/yyh_nav.egg-info/top_level.txt
[6.610s] writing manifest file '../../build/yyh_nav/yyh_nav.egg-info/SOURCES.txt'
[6.611s] running build
[6.611s] running build_py
[6.611s] copying yyh_nav/tft265.py -> /home/yyh/ros2_ws/build/yyh_nav/build/lib/yyh_nav
[6.612s] running install
[6.621s] running install_lib
[6.643s] copying /home/yyh/ros2_ws/build/yyh_nav/build/lib/yyh_nav/tft265.py -> /home/yyh/ros2_ws/install/yyh_nav/lib/python3.8/site-packages/yyh_nav
[6.644s] byte-compiling /home/yyh/ros2_ws/install/yyh_nav/lib/python3.8/site-packages/yyh_nav/tft265.py to tft265.cpython-38.pyc
[6.645s] running install_data
[6.645s] running install_egg_info
[6.661s] removing '/home/yyh/ros2_ws/install/yyh_nav/lib/python3.8/site-packages/yyh_nav-0.0.0-py3.8.egg-info' (and everything under it)
[6.662s] Copying ../../build/yyh_nav/yyh_nav.egg-info to /home/yyh/ros2_ws/install/yyh_nav/lib/python3.8/site-packages/yyh_nav-0.0.0-py3.8.egg-info
[6.662s] running install_scripts
[6.733s] Installing tft265 script to /home/yyh/ros2_ws/install/yyh_nav/lib/yyh_nav
[6.733s] writing list of installed files to '/home/yyh/ros2_ws/build/yyh_nav/install.log'
[6.780s] Invoked command in '/home/yyh/ros2_ws/src/yyh_nav' returned '0': PYTHONPATH=/home/yyh/ros2_ws/build/yyh_nav/prefix_override:/usr/lib/python3/dist-packages/colcon_core/task/python/colcon_distutils_commands:/home/yyh/ros2_ws/install/yyh_nav/lib/python3.8/site-packages:${PYTHONPATH} /usr/bin/python3 -W ignore:setup.py install is deprecated setup.py egg_info --egg-base ../../build/yyh_nav build --build-base /home/yyh/ros2_ws/build/yyh_nav/build install --record /home/yyh/ros2_ws/build/yyh_nav/install.log --single-version-externally-managed install_data
