[0.170s] DEBUG:colcon:Command line arguments: ['/usr/bin/colcon', 'build']
[0.170s] DEBUG:colcon:Parsed command line arguments: Namespace(allow_overriding=[], ament_cmake_args=None, base_paths=['.'], build_base='build', catkin_cmake_args=None, catkin_skip_building_tests=False, cmake_args=None, cmake_clean_cache=False, cmake_clean_first=False, cmake_force_configure=False, cmake_target=None, cmake_target_skip_unavailable=False, continue_on_error=False, event_handlers=None, executor='parallel', ignore_user_meta=False, install_base='install', log_base=None, log_level=None, main=<bound method BuildVerb.main of <colcon_core.verb.build.BuildVerb object at 0x7f138ec90700>>, merge_install=False, metas=['./colcon.meta'], packages_above=None, packages_above_and_dependencies=None, packages_above_depth=None, packages_end=None, packages_ignore=None, packages_ignore_regex=None, packages_select=None, packages_select_build_failed=False, packages_select_by_dep=None, packages_select_regex=None, packages_select_test_failures=False, packages_skip=None, packages_skip_build_finished=False, packages_skip_by_dep=None, packages_skip_regex=None, packages_skip_test_passed=False, packages_skip_up_to=None, packages_start=None, packages_up_to=None, packages_up_to_regex=None, parallel_workers=4, paths=None, symlink_install=False, test_result_base=None, verb_extension=<colcon_core.verb.build.BuildVerb object at 0x7f138ec90700>, verb_name='build', verb_parser=<colcon_defaults.argument_parser.defaults.DefaultArgumentsDecorator object at 0x7f138ec90c10>)
[0.339s] Level 1:colcon.colcon_core.package_discovery:discover_packages(colcon_meta) check parameters
[0.340s] Level 1:colcon.colcon_core.package_discovery:discover_packages(recursive) check parameters
[0.340s] Level 1:colcon.colcon_core.package_discovery:discover_packages(ignore) check parameters
[0.340s] Level 1:colcon.colcon_core.package_discovery:discover_packages(path) check parameters
[0.340s] Level 1:colcon.colcon_core.package_discovery:discover_packages(colcon_meta) discover
[0.340s] Level 1:colcon.colcon_core.package_discovery:discover_packages(recursive) discover
[0.340s] INFO:colcon.colcon_core.package_discovery:Crawling recursively for packages in '/home/yyh/ros2_ws'
[0.340s] Level 1:colcon.colcon_core.package_identification:_identify(.) by extensions ['ignore', 'ignore_ament_install']
[0.340s] Level 1:colcon.colcon_core.package_identification:_identify(.) by extension 'ignore'
[0.340s] Level 1:colcon.colcon_core.package_identification:_identify(.) by extension 'ignore_ament_install'
[0.340s] Level 1:colcon.colcon_core.package_identification:_identify(.) by extensions ['colcon_pkg']
[0.340s] Level 1:colcon.colcon_core.package_identification:_identify(.) by extension 'colcon_pkg'
[0.340s] Level 1:colcon.colcon_core.package_identification:_identify(.) by extensions ['colcon_meta']
[0.340s] Level 1:colcon.colcon_core.package_identification:_identify(.) by extension 'colcon_meta'
[0.340s] Level 1:colcon.colcon_core.package_identification:_identify(.) by extensions ['ros']
[0.340s] Level 1:colcon.colcon_core.package_identification:_identify(.) by extension 'ros'
[0.351s] Level 1:colcon.colcon_core.package_identification:_identify(.) by extensions ['cmake', 'python']
[0.351s] Level 1:colcon.colcon_core.package_identification:_identify(.) by extension 'cmake'
[0.351s] Level 1:colcon.colcon_core.package_identification:_identify(.) by extension 'python'
[0.351s] Level 1:colcon.colcon_core.package_identification:_identify(.) by extensions ['python_setup_py']
[0.351s] Level 1:colcon.colcon_core.package_identification:_identify(.) by extension 'python_setup_py'
[0.351s] Level 1:colcon.colcon_core.package_identification:_identify(build) by extensions ['ignore', 'ignore_ament_install']
[0.351s] Level 1:colcon.colcon_core.package_identification:_identify(build) by extension 'ignore'
[0.351s] Level 1:colcon.colcon_core.package_identification:_identify(build) ignored
[0.351s] Level 1:colcon.colcon_core.package_identification:_identify(doc) by extensions ['ignore', 'ignore_ament_install']
[0.352s] Level 1:colcon.colcon_core.package_identification:_identify(doc) by extension 'ignore'
[0.352s] Level 1:colcon.colcon_core.package_identification:_identify(doc) by extension 'ignore_ament_install'
[0.352s] Level 1:colcon.colcon_core.package_identification:_identify(doc) by extensions ['colcon_pkg']
[0.352s] Level 1:colcon.colcon_core.package_identification:_identify(doc) by extension 'colcon_pkg'
[0.352s] Level 1:colcon.colcon_core.package_identification:_identify(doc) by extensions ['colcon_meta']
[0.352s] Level 1:colcon.colcon_core.package_identification:_identify(doc) by extension 'colcon_meta'
[0.352s] Level 1:colcon.colcon_core.package_identification:_identify(doc) by extensions ['ros']
[0.352s] Level 1:colcon.colcon_core.package_identification:_identify(doc) by extension 'ros'
[0.352s] Level 1:colcon.colcon_core.package_identification:_identify(doc) by extensions ['cmake', 'python']
[0.352s] Level 1:colcon.colcon_core.package_identification:_identify(doc) by extension 'cmake'
[0.352s] Level 1:colcon.colcon_core.package_identification:_identify(doc) by extension 'python'
[0.352s] Level 1:colcon.colcon_core.package_identification:_identify(doc) by extensions ['python_setup_py']
[0.352s] Level 1:colcon.colcon_core.package_identification:_identify(doc) by extension 'python_setup_py'
[0.352s] Level 1:colcon.colcon_core.package_identification:_identify(doc/build) by extensions ['ignore', 'ignore_ament_install']
[0.352s] Level 1:colcon.colcon_core.package_identification:_identify(doc/build) by extension 'ignore'
[0.352s] Level 1:colcon.colcon_core.package_identification:_identify(doc/build) ignored
[0.352s] Level 1:colcon.colcon_core.package_identification:_identify(doc/install) by extensions ['ignore', 'ignore_ament_install']
[0.352s] Level 1:colcon.colcon_core.package_identification:_identify(doc/install) by extension 'ignore'
[0.352s] Level 1:colcon.colcon_core.package_identification:_identify(doc/install) ignored
[0.352s] Level 1:colcon.colcon_core.package_identification:_identify(doc/log) by extensions ['ignore', 'ignore_ament_install']
[0.352s] Level 1:colcon.colcon_core.package_identification:_identify(doc/log) by extension 'ignore'
[0.352s] Level 1:colcon.colcon_core.package_identification:_identify(doc/log) ignored
[0.353s] Level 1:colcon.colcon_core.package_identification:_identify(install) by extensions ['ignore', 'ignore_ament_install']
[0.353s] Level 1:colcon.colcon_core.package_identification:_identify(install) by extension 'ignore'
[0.353s] Level 1:colcon.colcon_core.package_identification:_identify(install) ignored
[0.353s] Level 1:colcon.colcon_core.package_identification:_identify(launch) by extensions ['ignore', 'ignore_ament_install']
[0.353s] Level 1:colcon.colcon_core.package_identification:_identify(launch) by extension 'ignore'
[0.353s] Level 1:colcon.colcon_core.package_identification:_identify(launch) by extension 'ignore_ament_install'
[0.353s] Level 1:colcon.colcon_core.package_identification:_identify(launch) by extensions ['colcon_pkg']
[0.353s] Level 1:colcon.colcon_core.package_identification:_identify(launch) by extension 'colcon_pkg'
[0.353s] Level 1:colcon.colcon_core.package_identification:_identify(launch) by extensions ['colcon_meta']
[0.353s] Level 1:colcon.colcon_core.package_identification:_identify(launch) by extension 'colcon_meta'
[0.353s] Level 1:colcon.colcon_core.package_identification:_identify(launch) by extensions ['ros']
[0.353s] Level 1:colcon.colcon_core.package_identification:_identify(launch) by extension 'ros'
[0.353s] Level 1:colcon.colcon_core.package_identification:_identify(launch) by extensions ['cmake', 'python']
[0.353s] Level 1:colcon.colcon_core.package_identification:_identify(launch) by extension 'cmake'
[0.353s] Level 1:colcon.colcon_core.package_identification:_identify(launch) by extension 'python'
[0.353s] Level 1:colcon.colcon_core.package_identification:_identify(launch) by extensions ['python_setup_py']
[0.353s] Level 1:colcon.colcon_core.package_identification:_identify(launch) by extension 'python_setup_py'
[0.353s] Level 1:colcon.colcon_core.package_identification:_identify(launch/__pycache__) by extensions ['ignore', 'ignore_ament_install']
[0.353s] Level 1:colcon.colcon_core.package_identification:_identify(launch/__pycache__) by extension 'ignore'
[0.353s] Level 1:colcon.colcon_core.package_identification:_identify(launch/__pycache__) by extension 'ignore_ament_install'
[0.353s] Level 1:colcon.colcon_core.package_identification:_identify(launch/__pycache__) by extensions ['colcon_pkg']
[0.353s] Level 1:colcon.colcon_core.package_identification:_identify(launch/__pycache__) by extension 'colcon_pkg'
[0.353s] Level 1:colcon.colcon_core.package_identification:_identify(launch/__pycache__) by extensions ['colcon_meta']
[0.353s] Level 1:colcon.colcon_core.package_identification:_identify(launch/__pycache__) by extension 'colcon_meta'
[0.353s] Level 1:colcon.colcon_core.package_identification:_identify(launch/__pycache__) by extensions ['ros']
[0.353s] Level 1:colcon.colcon_core.package_identification:_identify(launch/__pycache__) by extension 'ros'
[0.353s] Level 1:colcon.colcon_core.package_identification:_identify(launch/__pycache__) by extensions ['cmake', 'python']
[0.353s] Level 1:colcon.colcon_core.package_identification:_identify(launch/__pycache__) by extension 'cmake'
[0.353s] Level 1:colcon.colcon_core.package_identification:_identify(launch/__pycache__) by extension 'python'
[0.354s] Level 1:colcon.colcon_core.package_identification:_identify(launch/__pycache__) by extensions ['python_setup_py']
[0.354s] Level 1:colcon.colcon_core.package_identification:_identify(launch/__pycache__) by extension 'python_setup_py'
[0.354s] Level 1:colcon.colcon_core.package_identification:_identify(launch/build) by extensions ['ignore', 'ignore_ament_install']
[0.354s] Level 1:colcon.colcon_core.package_identification:_identify(launch/build) by extension 'ignore'
[0.354s] Level 1:colcon.colcon_core.package_identification:_identify(launch/build) ignored
[0.354s] Level 1:colcon.colcon_core.package_identification:_identify(launch/install) by extensions ['ignore', 'ignore_ament_install']
[0.354s] Level 1:colcon.colcon_core.package_identification:_identify(launch/install) by extension 'ignore'
[0.354s] Level 1:colcon.colcon_core.package_identification:_identify(launch/install) ignored
[0.354s] Level 1:colcon.colcon_core.package_identification:_identify(launch/log) by extensions ['ignore', 'ignore_ament_install']
[0.354s] Level 1:colcon.colcon_core.package_identification:_identify(launch/log) by extension 'ignore'
[0.354s] Level 1:colcon.colcon_core.package_identification:_identify(launch/log) ignored
[0.354s] Level 1:colcon.colcon_core.package_identification:_identify(log) by extensions ['ignore', 'ignore_ament_install']
[0.354s] Level 1:colcon.colcon_core.package_identification:_identify(log) by extension 'ignore'
[0.354s] Level 1:colcon.colcon_core.package_identification:_identify(log) ignored
[0.354s] Level 1:colcon.colcon_core.package_identification:_identify(src) by extensions ['ignore', 'ignore_ament_install']
[0.354s] Level 1:colcon.colcon_core.package_identification:_identify(src) by extension 'ignore'
[0.354s] Level 1:colcon.colcon_core.package_identification:_identify(src) by extension 'ignore_ament_install'
[0.355s] Level 1:colcon.colcon_core.package_identification:_identify(src) by extensions ['colcon_pkg']
[0.355s] Level 1:colcon.colcon_core.package_identification:_identify(src) by extension 'colcon_pkg'
[0.355s] Level 1:colcon.colcon_core.package_identification:_identify(src) by extensions ['colcon_meta']
[0.355s] Level 1:colcon.colcon_core.package_identification:_identify(src) by extension 'colcon_meta'
[0.355s] Level 1:colcon.colcon_core.package_identification:_identify(src) by extensions ['ros']
[0.355s] Level 1:colcon.colcon_core.package_identification:_identify(src) by extension 'ros'
[0.355s] Level 1:colcon.colcon_core.package_identification:_identify(src) by extensions ['cmake', 'python']
[0.355s] Level 1:colcon.colcon_core.package_identification:_identify(src) by extension 'cmake'
[0.355s] Level 1:colcon.colcon_core.package_identification:_identify(src) by extension 'python'
[0.355s] Level 1:colcon.colcon_core.package_identification:_identify(src) by extensions ['python_setup_py']
[0.355s] Level 1:colcon.colcon_core.package_identification:_identify(src) by extension 'python_setup_py'
[0.355s] Level 1:colcon.colcon_core.package_identification:_identify(src/learning_interface) by extensions ['ignore', 'ignore_ament_install']
[0.355s] Level 1:colcon.colcon_core.package_identification:_identify(src/learning_interface) by extension 'ignore'
[0.355s] Level 1:colcon.colcon_core.package_identification:_identify(src/learning_interface) by extension 'ignore_ament_install'
[0.355s] Level 1:colcon.colcon_core.package_identification:_identify(src/learning_interface) by extensions ['colcon_pkg']
[0.355s] Level 1:colcon.colcon_core.package_identification:_identify(src/learning_interface) by extension 'colcon_pkg'
[0.355s] Level 1:colcon.colcon_core.package_identification:_identify(src/learning_interface) by extensions ['colcon_meta']
[0.355s] Level 1:colcon.colcon_core.package_identification:_identify(src/learning_interface) by extension 'colcon_meta'
[0.355s] Level 1:colcon.colcon_core.package_identification:_identify(src/learning_interface) by extensions ['ros']
[0.355s] Level 1:colcon.colcon_core.package_identification:_identify(src/learning_interface) by extension 'ros'
[0.357s] DEBUG:colcon.colcon_core.package_identification:Package 'src/learning_interface' with type 'ros.ament_cmake' and name 'learning_interface'
[0.357s] Level 1:colcon.colcon_core.package_identification:_identify(src/realsense-ros-4.51.1) by extensions ['ignore', 'ignore_ament_install']
[0.357s] Level 1:colcon.colcon_core.package_identification:_identify(src/realsense-ros-4.51.1) by extension 'ignore'
[0.357s] Level 1:colcon.colcon_core.package_identification:_identify(src/realsense-ros-4.51.1) by extension 'ignore_ament_install'
[0.357s] Level 1:colcon.colcon_core.package_identification:_identify(src/realsense-ros-4.51.1) by extensions ['colcon_pkg']
[0.357s] Level 1:colcon.colcon_core.package_identification:_identify(src/realsense-ros-4.51.1) by extension 'colcon_pkg'
[0.357s] Level 1:colcon.colcon_core.package_identification:_identify(src/realsense-ros-4.51.1) by extensions ['colcon_meta']
[0.357s] Level 1:colcon.colcon_core.package_identification:_identify(src/realsense-ros-4.51.1) by extension 'colcon_meta'
[0.357s] Level 1:colcon.colcon_core.package_identification:_identify(src/realsense-ros-4.51.1) by extensions ['ros']
[0.357s] Level 1:colcon.colcon_core.package_identification:_identify(src/realsense-ros-4.51.1) by extension 'ros'
[0.357s] Level 1:colcon.colcon_core.package_identification:_identify(src/realsense-ros-4.51.1) by extensions ['cmake', 'python']
[0.357s] Level 1:colcon.colcon_core.package_identification:_identify(src/realsense-ros-4.51.1) by extension 'cmake'
[0.357s] Level 1:colcon.colcon_core.package_identification:_identify(src/realsense-ros-4.51.1) by extension 'python'
[0.357s] Level 1:colcon.colcon_core.package_identification:_identify(src/realsense-ros-4.51.1) by extensions ['python_setup_py']
[0.357s] Level 1:colcon.colcon_core.package_identification:_identify(src/realsense-ros-4.51.1) by extension 'python_setup_py'
[0.357s] Level 1:colcon.colcon_core.package_identification:_identify(src/realsense-ros-4.51.1/realsense2_camera) by extensions ['ignore', 'ignore_ament_install']
[0.358s] Level 1:colcon.colcon_core.package_identification:_identify(src/realsense-ros-4.51.1/realsense2_camera) by extension 'ignore'
[0.358s] Level 1:colcon.colcon_core.package_identification:_identify(src/realsense-ros-4.51.1/realsense2_camera) by extension 'ignore_ament_install'
[0.358s] Level 1:colcon.colcon_core.package_identification:_identify(src/realsense-ros-4.51.1/realsense2_camera) by extensions ['colcon_pkg']
[0.358s] Level 1:colcon.colcon_core.package_identification:_identify(src/realsense-ros-4.51.1/realsense2_camera) by extension 'colcon_pkg'
[0.358s] Level 1:colcon.colcon_core.package_identification:_identify(src/realsense-ros-4.51.1/realsense2_camera) by extensions ['colcon_meta']
[0.358s] Level 1:colcon.colcon_core.package_identification:_identify(src/realsense-ros-4.51.1/realsense2_camera) by extension 'colcon_meta'
[0.358s] Level 1:colcon.colcon_core.package_identification:_identify(src/realsense-ros-4.51.1/realsense2_camera) by extensions ['ros']
[0.358s] Level 1:colcon.colcon_core.package_identification:_identify(src/realsense-ros-4.51.1/realsense2_camera) by extension 'ros'
[0.359s] DEBUG:colcon.colcon_core.package_identification:Package 'src/realsense-ros-4.51.1/realsense2_camera' with type 'ros.ament_cmake' and name 'realsense2_camera'
[0.359s] Level 1:colcon.colcon_core.package_identification:_identify(src/realsense-ros-4.51.1/realsense2_camera_msgs) by extensions ['ignore', 'ignore_ament_install']
[0.359s] Level 1:colcon.colcon_core.package_identification:_identify(src/realsense-ros-4.51.1/realsense2_camera_msgs) by extension 'ignore'
[0.359s] Level 1:colcon.colcon_core.package_identification:_identify(src/realsense-ros-4.51.1/realsense2_camera_msgs) by extension 'ignore_ament_install'
[0.359s] Level 1:colcon.colcon_core.package_identification:_identify(src/realsense-ros-4.51.1/realsense2_camera_msgs) by extensions ['colcon_pkg']
[0.359s] Level 1:colcon.colcon_core.package_identification:_identify(src/realsense-ros-4.51.1/realsense2_camera_msgs) by extension 'colcon_pkg'
[0.359s] Level 1:colcon.colcon_core.package_identification:_identify(src/realsense-ros-4.51.1/realsense2_camera_msgs) by extensions ['colcon_meta']
[0.359s] Level 1:colcon.colcon_core.package_identification:_identify(src/realsense-ros-4.51.1/realsense2_camera_msgs) by extension 'colcon_meta'
[0.359s] Level 1:colcon.colcon_core.package_identification:_identify(src/realsense-ros-4.51.1/realsense2_camera_msgs) by extensions ['ros']
[0.359s] Level 1:colcon.colcon_core.package_identification:_identify(src/realsense-ros-4.51.1/realsense2_camera_msgs) by extension 'ros'
[0.360s] DEBUG:colcon.colcon_core.package_identification:Package 'src/realsense-ros-4.51.1/realsense2_camera_msgs' with type 'ros.ament_cmake' and name 'realsense2_camera_msgs'
[0.360s] Level 1:colcon.colcon_core.package_identification:_identify(src/realsense-ros-4.51.1/realsense2_description) by extensions ['ignore', 'ignore_ament_install']
[0.360s] Level 1:colcon.colcon_core.package_identification:_identify(src/realsense-ros-4.51.1/realsense2_description) by extension 'ignore'
[0.360s] Level 1:colcon.colcon_core.package_identification:_identify(src/realsense-ros-4.51.1/realsense2_description) by extension 'ignore_ament_install'
[0.360s] Level 1:colcon.colcon_core.package_identification:_identify(src/realsense-ros-4.51.1/realsense2_description) by extensions ['colcon_pkg']
[0.360s] Level 1:colcon.colcon_core.package_identification:_identify(src/realsense-ros-4.51.1/realsense2_description) by extension 'colcon_pkg'
[0.360s] Level 1:colcon.colcon_core.package_identification:_identify(src/realsense-ros-4.51.1/realsense2_description) by extensions ['colcon_meta']
[0.360s] Level 1:colcon.colcon_core.package_identification:_identify(src/realsense-ros-4.51.1/realsense2_description) by extension 'colcon_meta'
[0.360s] Level 1:colcon.colcon_core.package_identification:_identify(src/realsense-ros-4.51.1/realsense2_description) by extensions ['ros']
[0.360s] Level 1:colcon.colcon_core.package_identification:_identify(src/realsense-ros-4.51.1/realsense2_description) by extension 'ros'
[0.361s] DEBUG:colcon.colcon_core.package_identification:Package 'src/realsense-ros-4.51.1/realsense2_description' with type 'ros.ament_cmake' and name 'realsense2_description'
[0.361s] Level 1:colcon.colcon_core.package_identification:_identify(src/realsense-ros-4.51.1/scripts) by extensions ['ignore', 'ignore_ament_install']
[0.361s] Level 1:colcon.colcon_core.package_identification:_identify(src/realsense-ros-4.51.1/scripts) by extension 'ignore'
[0.361s] Level 1:colcon.colcon_core.package_identification:_identify(src/realsense-ros-4.51.1/scripts) by extension 'ignore_ament_install'
[0.361s] Level 1:colcon.colcon_core.package_identification:_identify(src/realsense-ros-4.51.1/scripts) by extensions ['colcon_pkg']
[0.361s] Level 1:colcon.colcon_core.package_identification:_identify(src/realsense-ros-4.51.1/scripts) by extension 'colcon_pkg'
[0.361s] Level 1:colcon.colcon_core.package_identification:_identify(src/realsense-ros-4.51.1/scripts) by extensions ['colcon_meta']
[0.361s] Level 1:colcon.colcon_core.package_identification:_identify(src/realsense-ros-4.51.1/scripts) by extension 'colcon_meta'
[0.361s] Level 1:colcon.colcon_core.package_identification:_identify(src/realsense-ros-4.51.1/scripts) by extensions ['ros']
[0.361s] Level 1:colcon.colcon_core.package_identification:_identify(src/realsense-ros-4.51.1/scripts) by extension 'ros'
[0.361s] Level 1:colcon.colcon_core.package_identification:_identify(src/realsense-ros-4.51.1/scripts) by extensions ['cmake', 'python']
[0.361s] Level 1:colcon.colcon_core.package_identification:_identify(src/realsense-ros-4.51.1/scripts) by extension 'cmake'
[0.361s] Level 1:colcon.colcon_core.package_identification:_identify(src/realsense-ros-4.51.1/scripts) by extension 'python'
[0.361s] Level 1:colcon.colcon_core.package_identification:_identify(src/realsense-ros-4.51.1/scripts) by extensions ['python_setup_py']
[0.361s] Level 1:colcon.colcon_core.package_identification:_identify(src/realsense-ros-4.51.1/scripts) by extension 'python_setup_py'
[0.361s] Level 1:colcon.colcon_core.package_identification:_identify(src/yolov5_ros2) by extensions ['ignore', 'ignore_ament_install']
[0.361s] Level 1:colcon.colcon_core.package_identification:_identify(src/yolov5_ros2) by extension 'ignore'
[0.361s] Level 1:colcon.colcon_core.package_identification:_identify(src/yolov5_ros2) by extension 'ignore_ament_install'
[0.361s] Level 1:colcon.colcon_core.package_identification:_identify(src/yolov5_ros2) by extensions ['colcon_pkg']
[0.361s] Level 1:colcon.colcon_core.package_identification:_identify(src/yolov5_ros2) by extension 'colcon_pkg'
[0.362s] Level 1:colcon.colcon_core.package_identification:_identify(src/yolov5_ros2) by extensions ['colcon_meta']
[0.362s] Level 1:colcon.colcon_core.package_identification:_identify(src/yolov5_ros2) by extension 'colcon_meta'
[0.362s] Level 1:colcon.colcon_core.package_identification:_identify(src/yolov5_ros2) by extensions ['ros']
[0.362s] Level 1:colcon.colcon_core.package_identification:_identify(src/yolov5_ros2) by extension 'ros'
[0.362s] DEBUG:colcon.colcon_core.package_identification:Package 'src/yolov5_ros2' with type 'ros.ament_python' and name 'yolov5_ros2'
[0.362s] Level 1:colcon.colcon_core.package_identification:_identify(src/yyh_nav) by extensions ['ignore', 'ignore_ament_install']
[0.362s] Level 1:colcon.colcon_core.package_identification:_identify(src/yyh_nav) by extension 'ignore'
[0.362s] Level 1:colcon.colcon_core.package_identification:_identify(src/yyh_nav) by extension 'ignore_ament_install'
[0.362s] Level 1:colcon.colcon_core.package_identification:_identify(src/yyh_nav) by extensions ['colcon_pkg']
[0.362s] Level 1:colcon.colcon_core.package_identification:_identify(src/yyh_nav) by extension 'colcon_pkg'
[0.362s] Level 1:colcon.colcon_core.package_identification:_identify(src/yyh_nav) by extensions ['colcon_meta']
[0.362s] Level 1:colcon.colcon_core.package_identification:_identify(src/yyh_nav) by extension 'colcon_meta'
[0.362s] Level 1:colcon.colcon_core.package_identification:_identify(src/yyh_nav) by extensions ['ros']
[0.362s] Level 1:colcon.colcon_core.package_identification:_identify(src/yyh_nav) by extension 'ros'
[0.363s] DEBUG:colcon.colcon_core.package_identification:Package 'src/yyh_nav' with type 'ros.ament_python' and name 'yyh_nav'
[0.363s] Level 1:colcon.colcon_core.package_identification:_identify(src/yyh_object) by extensions ['ignore', 'ignore_ament_install']
[0.363s] Level 1:colcon.colcon_core.package_identification:_identify(src/yyh_object) by extension 'ignore'
[0.363s] Level 1:colcon.colcon_core.package_identification:_identify(src/yyh_object) by extension 'ignore_ament_install'
[0.363s] Level 1:colcon.colcon_core.package_identification:_identify(src/yyh_object) by extensions ['colcon_pkg']
[0.363s] Level 1:colcon.colcon_core.package_identification:_identify(src/yyh_object) by extension 'colcon_pkg'
[0.363s] Level 1:colcon.colcon_core.package_identification:_identify(src/yyh_object) by extensions ['colcon_meta']
[0.363s] Level 1:colcon.colcon_core.package_identification:_identify(src/yyh_object) by extension 'colcon_meta'
[0.363s] Level 1:colcon.colcon_core.package_identification:_identify(src/yyh_object) by extensions ['ros']
[0.363s] Level 1:colcon.colcon_core.package_identification:_identify(src/yyh_object) by extension 'ros'
[0.363s] DEBUG:colcon.colcon_core.package_identification:Package 'src/yyh_object' with type 'ros.ament_python' and name 'yyh_object'
[0.363s] Level 1:colcon.colcon_core.package_discovery:discover_packages(recursive) using defaults
[0.363s] Level 1:colcon.colcon_core.package_discovery:discover_packages(ignore) discover
[0.364s] Level 1:colcon.colcon_core.package_discovery:discover_packages(ignore) using defaults
[0.364s] Level 1:colcon.colcon_core.package_discovery:discover_packages(path) discover
[0.364s] Level 1:colcon.colcon_core.package_discovery:discover_packages(path) using defaults
[0.380s] Level 1:colcon.colcon_core.package_discovery:discover_packages(prefix_path) check parameters
[0.380s] Level 1:colcon.colcon_core.package_discovery:discover_packages(prefix_path) discover
[0.381s] DEBUG:colcon.colcon_installed_package_information.package_discovery:Found 8 installed packages in /home/yyh/ros2_ws/install
[0.382s] DEBUG:colcon.colcon_installed_package_information.package_discovery:Found 256 installed packages in /opt/ros/foxy
[0.383s] Level 1:colcon.colcon_core.package_discovery:discover_packages(prefix_path) using defaults
[0.418s] Level 5:colcon.colcon_core.verb:set package 'learning_interface' build argument 'cmake_args' from command line to 'None'
[0.418s] Level 5:colcon.colcon_core.verb:set package 'learning_interface' build argument 'cmake_target' from command line to 'None'
[0.418s] Level 5:colcon.colcon_core.verb:set package 'learning_interface' build argument 'cmake_target_skip_unavailable' from command line to 'False'
[0.418s] Level 5:colcon.colcon_core.verb:set package 'learning_interface' build argument 'cmake_clean_cache' from command line to 'False'
[0.418s] Level 5:colcon.colcon_core.verb:set package 'learning_interface' build argument 'cmake_clean_first' from command line to 'False'
[0.418s] Level 5:colcon.colcon_core.verb:set package 'learning_interface' build argument 'cmake_force_configure' from command line to 'False'
[0.418s] Level 5:colcon.colcon_core.verb:set package 'learning_interface' build argument 'ament_cmake_args' from command line to 'None'
[0.418s] Level 5:colcon.colcon_core.verb:set package 'learning_interface' build argument 'catkin_cmake_args' from command line to 'None'
[0.418s] Level 5:colcon.colcon_core.verb:set package 'learning_interface' build argument 'catkin_skip_building_tests' from command line to 'False'
[0.418s] DEBUG:colcon.colcon_core.verb:Building package 'learning_interface' with the following arguments: {'ament_cmake_args': None, 'build_base': '/home/yyh/ros2_ws/build/learning_interface', 'catkin_cmake_args': None, 'catkin_skip_building_tests': False, 'cmake_args': None, 'cmake_clean_cache': False, 'cmake_clean_first': False, 'cmake_force_configure': False, 'cmake_target': None, 'cmake_target_skip_unavailable': False, 'install_base': '/home/yyh/ros2_ws/install/learning_interface', 'merge_install': False, 'path': '/home/yyh/ros2_ws/src/learning_interface', 'symlink_install': False, 'test_result_base': None}
[0.418s] Level 5:colcon.colcon_core.verb:set package 'realsense2_camera_msgs' build argument 'cmake_args' from command line to 'None'
[0.418s] Level 5:colcon.colcon_core.verb:set package 'realsense2_camera_msgs' build argument 'cmake_target' from command line to 'None'
[0.418s] Level 5:colcon.colcon_core.verb:set package 'realsense2_camera_msgs' build argument 'cmake_target_skip_unavailable' from command line to 'False'
[0.418s] Level 5:colcon.colcon_core.verb:set package 'realsense2_camera_msgs' build argument 'cmake_clean_cache' from command line to 'False'
[0.418s] Level 5:colcon.colcon_core.verb:set package 'realsense2_camera_msgs' build argument 'cmake_clean_first' from command line to 'False'
[0.418s] Level 5:colcon.colcon_core.verb:set package 'realsense2_camera_msgs' build argument 'cmake_force_configure' from command line to 'False'
[0.418s] Level 5:colcon.colcon_core.verb:set package 'realsense2_camera_msgs' build argument 'ament_cmake_args' from command line to 'None'
[0.418s] Level 5:colcon.colcon_core.verb:set package 'realsense2_camera_msgs' build argument 'catkin_cmake_args' from command line to 'None'
[0.418s] Level 5:colcon.colcon_core.verb:set package 'realsense2_camera_msgs' build argument 'catkin_skip_building_tests' from command line to 'False'
[0.419s] DEBUG:colcon.colcon_core.verb:Building package 'realsense2_camera_msgs' with the following arguments: {'ament_cmake_args': None, 'build_base': '/home/yyh/ros2_ws/build/realsense2_camera_msgs', 'catkin_cmake_args': None, 'catkin_skip_building_tests': False, 'cmake_args': None, 'cmake_clean_cache': False, 'cmake_clean_first': False, 'cmake_force_configure': False, 'cmake_target': None, 'cmake_target_skip_unavailable': False, 'install_base': '/home/yyh/ros2_ws/install/realsense2_camera_msgs', 'merge_install': False, 'path': '/home/yyh/ros2_ws/src/realsense-ros-4.51.1/realsense2_camera_msgs', 'symlink_install': False, 'test_result_base': None}
[0.419s] Level 5:colcon.colcon_core.verb:set package 'yolov5_ros2' build argument 'cmake_args' from command line to 'None'
[0.419s] Level 5:colcon.colcon_core.verb:set package 'yolov5_ros2' build argument 'cmake_target' from command line to 'None'
[0.419s] Level 5:colcon.colcon_core.verb:set package 'yolov5_ros2' build argument 'cmake_target_skip_unavailable' from command line to 'False'
[0.419s] Level 5:colcon.colcon_core.verb:set package 'yolov5_ros2' build argument 'cmake_clean_cache' from command line to 'False'
[0.419s] Level 5:colcon.colcon_core.verb:set package 'yolov5_ros2' build argument 'cmake_clean_first' from command line to 'False'
[0.419s] Level 5:colcon.colcon_core.verb:set package 'yolov5_ros2' build argument 'cmake_force_configure' from command line to 'False'
[0.419s] Level 5:colcon.colcon_core.verb:set package 'yolov5_ros2' build argument 'ament_cmake_args' from command line to 'None'
[0.419s] Level 5:colcon.colcon_core.verb:set package 'yolov5_ros2' build argument 'catkin_cmake_args' from command line to 'None'
[0.419s] Level 5:colcon.colcon_core.verb:set package 'yolov5_ros2' build argument 'catkin_skip_building_tests' from command line to 'False'
[0.419s] DEBUG:colcon.colcon_core.verb:Building package 'yolov5_ros2' with the following arguments: {'ament_cmake_args': None, 'build_base': '/home/yyh/ros2_ws/build/yolov5_ros2', 'catkin_cmake_args': None, 'catkin_skip_building_tests': False, 'cmake_args': None, 'cmake_clean_cache': False, 'cmake_clean_first': False, 'cmake_force_configure': False, 'cmake_target': None, 'cmake_target_skip_unavailable': False, 'install_base': '/home/yyh/ros2_ws/install/yolov5_ros2', 'merge_install': False, 'path': '/home/yyh/ros2_ws/src/yolov5_ros2', 'symlink_install': False, 'test_result_base': None}
[0.419s] Level 5:colcon.colcon_core.verb:set package 'yyh_nav' build argument 'cmake_args' from command line to 'None'
[0.419s] Level 5:colcon.colcon_core.verb:set package 'yyh_nav' build argument 'cmake_target' from command line to 'None'
[0.419s] Level 5:colcon.colcon_core.verb:set package 'yyh_nav' build argument 'cmake_target_skip_unavailable' from command line to 'False'
[0.419s] Level 5:colcon.colcon_core.verb:set package 'yyh_nav' build argument 'cmake_clean_cache' from command line to 'False'
[0.419s] Level 5:colcon.colcon_core.verb:set package 'yyh_nav' build argument 'cmake_clean_first' from command line to 'False'
[0.419s] Level 5:colcon.colcon_core.verb:set package 'yyh_nav' build argument 'cmake_force_configure' from command line to 'False'
[0.419s] Level 5:colcon.colcon_core.verb:set package 'yyh_nav' build argument 'ament_cmake_args' from command line to 'None'
[0.419s] Level 5:colcon.colcon_core.verb:set package 'yyh_nav' build argument 'catkin_cmake_args' from command line to 'None'
[0.419s] Level 5:colcon.colcon_core.verb:set package 'yyh_nav' build argument 'catkin_skip_building_tests' from command line to 'False'
[0.419s] DEBUG:colcon.colcon_core.verb:Building package 'yyh_nav' with the following arguments: {'ament_cmake_args': None, 'build_base': '/home/yyh/ros2_ws/build/yyh_nav', 'catkin_cmake_args': None, 'catkin_skip_building_tests': False, 'cmake_args': None, 'cmake_clean_cache': False, 'cmake_clean_first': False, 'cmake_force_configure': False, 'cmake_target': None, 'cmake_target_skip_unavailable': False, 'install_base': '/home/yyh/ros2_ws/install/yyh_nav', 'merge_install': False, 'path': '/home/yyh/ros2_ws/src/yyh_nav', 'symlink_install': False, 'test_result_base': None}
[0.420s] Level 5:colcon.colcon_core.verb:set package 'yyh_object' build argument 'cmake_args' from command line to 'None'
[0.420s] Level 5:colcon.colcon_core.verb:set package 'yyh_object' build argument 'cmake_target' from command line to 'None'
[0.420s] Level 5:colcon.colcon_core.verb:set package 'yyh_object' build argument 'cmake_target_skip_unavailable' from command line to 'False'
[0.420s] Level 5:colcon.colcon_core.verb:set package 'yyh_object' build argument 'cmake_clean_cache' from command line to 'False'
[0.420s] Level 5:colcon.colcon_core.verb:set package 'yyh_object' build argument 'cmake_clean_first' from command line to 'False'
[0.420s] Level 5:colcon.colcon_core.verb:set package 'yyh_object' build argument 'cmake_force_configure' from command line to 'False'
[0.420s] Level 5:colcon.colcon_core.verb:set package 'yyh_object' build argument 'ament_cmake_args' from command line to 'None'
[0.420s] Level 5:colcon.colcon_core.verb:set package 'yyh_object' build argument 'catkin_cmake_args' from command line to 'None'
[0.420s] Level 5:colcon.colcon_core.verb:set package 'yyh_object' build argument 'catkin_skip_building_tests' from command line to 'False'
[0.420s] DEBUG:colcon.colcon_core.verb:Building package 'yyh_object' with the following arguments: {'ament_cmake_args': None, 'build_base': '/home/yyh/ros2_ws/build/yyh_object', 'catkin_cmake_args': None, 'catkin_skip_building_tests': False, 'cmake_args': None, 'cmake_clean_cache': False, 'cmake_clean_first': False, 'cmake_force_configure': False, 'cmake_target': None, 'cmake_target_skip_unavailable': False, 'install_base': '/home/yyh/ros2_ws/install/yyh_object', 'merge_install': False, 'path': '/home/yyh/ros2_ws/src/yyh_object', 'symlink_install': False, 'test_result_base': None}
[0.420s] Level 5:colcon.colcon_core.verb:set package 'realsense2_camera' build argument 'cmake_args' from command line to 'None'
[0.420s] Level 5:colcon.colcon_core.verb:set package 'realsense2_camera' build argument 'cmake_target' from command line to 'None'
[0.420s] Level 5:colcon.colcon_core.verb:set package 'realsense2_camera' build argument 'cmake_target_skip_unavailable' from command line to 'False'
[0.420s] Level 5:colcon.colcon_core.verb:set package 'realsense2_camera' build argument 'cmake_clean_cache' from command line to 'False'
[0.420s] Level 5:colcon.colcon_core.verb:set package 'realsense2_camera' build argument 'cmake_clean_first' from command line to 'False'
[0.420s] Level 5:colcon.colcon_core.verb:set package 'realsense2_camera' build argument 'cmake_force_configure' from command line to 'False'
[0.420s] Level 5:colcon.colcon_core.verb:set package 'realsense2_camera' build argument 'ament_cmake_args' from command line to 'None'
[0.420s] Level 5:colcon.colcon_core.verb:set package 'realsense2_camera' build argument 'catkin_cmake_args' from command line to 'None'
[0.420s] Level 5:colcon.colcon_core.verb:set package 'realsense2_camera' build argument 'catkin_skip_building_tests' from command line to 'False'
[0.420s] DEBUG:colcon.colcon_core.verb:Building package 'realsense2_camera' with the following arguments: {'ament_cmake_args': None, 'build_base': '/home/yyh/ros2_ws/build/realsense2_camera', 'catkin_cmake_args': None, 'catkin_skip_building_tests': False, 'cmake_args': None, 'cmake_clean_cache': False, 'cmake_clean_first': False, 'cmake_force_configure': False, 'cmake_target': None, 'cmake_target_skip_unavailable': False, 'install_base': '/home/yyh/ros2_ws/install/realsense2_camera', 'merge_install': False, 'path': '/home/yyh/ros2_ws/src/realsense-ros-4.51.1/realsense2_camera', 'symlink_install': False, 'test_result_base': None}
[0.420s] Level 5:colcon.colcon_core.verb:set package 'realsense2_description' build argument 'cmake_args' from command line to 'None'
[0.420s] Level 5:colcon.colcon_core.verb:set package 'realsense2_description' build argument 'cmake_target' from command line to 'None'
[0.420s] Level 5:colcon.colcon_core.verb:set package 'realsense2_description' build argument 'cmake_target_skip_unavailable' from command line to 'False'
[0.420s] Level 5:colcon.colcon_core.verb:set package 'realsense2_description' build argument 'cmake_clean_cache' from command line to 'False'
[0.420s] Level 5:colcon.colcon_core.verb:set package 'realsense2_description' build argument 'cmake_clean_first' from command line to 'False'
[0.420s] Level 5:colcon.colcon_core.verb:set package 'realsense2_description' build argument 'cmake_force_configure' from command line to 'False'
[0.420s] Level 5:colcon.colcon_core.verb:set package 'realsense2_description' build argument 'ament_cmake_args' from command line to 'None'
[0.420s] Level 5:colcon.colcon_core.verb:set package 'realsense2_description' build argument 'catkin_cmake_args' from command line to 'None'
[0.421s] Level 5:colcon.colcon_core.verb:set package 'realsense2_description' build argument 'catkin_skip_building_tests' from command line to 'False'
[0.421s] DEBUG:colcon.colcon_core.verb:Building package 'realsense2_description' with the following arguments: {'ament_cmake_args': None, 'build_base': '/home/yyh/ros2_ws/build/realsense2_description', 'catkin_cmake_args': None, 'catkin_skip_building_tests': False, 'cmake_args': None, 'cmake_clean_cache': False, 'cmake_clean_first': False, 'cmake_force_configure': False, 'cmake_target': None, 'cmake_target_skip_unavailable': False, 'install_base': '/home/yyh/ros2_ws/install/realsense2_description', 'merge_install': False, 'path': '/home/yyh/ros2_ws/src/realsense-ros-4.51.1/realsense2_description', 'symlink_install': False, 'test_result_base': None}
[0.421s] INFO:colcon.colcon_core.executor:Executing jobs using 'parallel' executor
[0.421s] DEBUG:colcon.colcon_parallel_executor.executor.parallel:run_until_complete
[0.422s] INFO:colcon.colcon_ros.task.ament_cmake.build:Building ROS package in '/home/yyh/ros2_ws/src/realsense-ros-4.51.1/realsense2_camera_msgs' with build type 'ament_cmake'
[0.422s] INFO:colcon.colcon_cmake.task.cmake.build:Building CMake package in '/home/yyh/ros2_ws/src/realsense-ros-4.51.1/realsense2_camera_msgs'
[0.424s] INFO:colcon.colcon_core.plugin_system:Skipping extension 'colcon_core.shell.bat': Not used on non-Windows systems
[0.424s] INFO:colcon.colcon_core.shell:Skip shell extension 'powershell' for command environment: Not usable outside of PowerShell
[0.424s] DEBUG:colcon.colcon_core.shell:Skip shell extension 'dsv' for command environment
[0.429s] INFO:colcon.colcon_ros.task.ament_cmake.build:Building ROS package in '/home/yyh/ros2_ws/src/learning_interface' with build type 'ament_cmake'
[0.430s] INFO:colcon.colcon_cmake.task.cmake.build:Building CMake package in '/home/yyh/ros2_ws/src/learning_interface'
[0.430s] INFO:colcon.colcon_core.shell:Skip shell extension 'powershell' for command environment: Not usable outside of PowerShell
[0.430s] DEBUG:colcon.colcon_core.shell:Skip shell extension 'dsv' for command environment
[0.435s] INFO:colcon.colcon_ros.task.ament_python.build:Building ROS package in '/home/yyh/ros2_ws/src/yolov5_ros2' with build type 'ament_python'
[0.435s] Level 1:colcon.colcon_core.shell:create_environment_hook('yolov5_ros2', 'ament_prefix_path')
[0.436s] INFO:colcon.colcon_core.shell:Creating environment hook '/home/yyh/ros2_ws/install/yolov5_ros2/share/yolov5_ros2/hook/ament_prefix_path.ps1'
[0.437s] INFO:colcon.colcon_core.shell:Creating environment descriptor '/home/yyh/ros2_ws/install/yolov5_ros2/share/yolov5_ros2/hook/ament_prefix_path.dsv'
[0.437s] INFO:colcon.colcon_core.shell:Creating environment hook '/home/yyh/ros2_ws/install/yolov5_ros2/share/yolov5_ros2/hook/ament_prefix_path.sh'
[0.438s] INFO:colcon.colcon_core.shell:Skip shell extension 'powershell' for command environment: Not usable outside of PowerShell
[0.438s] DEBUG:colcon.colcon_core.shell:Skip shell extension 'dsv' for command environment
[0.443s] INFO:colcon.colcon_ros.task.ament_python.build:Building ROS package in '/home/yyh/ros2_ws/src/yyh_nav' with build type 'ament_python'
[0.444s] Level 1:colcon.colcon_core.shell:create_environment_hook('yyh_nav', 'ament_prefix_path')
[0.444s] INFO:colcon.colcon_core.shell:Creating environment hook '/home/yyh/ros2_ws/install/yyh_nav/share/yyh_nav/hook/ament_prefix_path.ps1'
[0.444s] INFO:colcon.colcon_core.shell:Creating environment descriptor '/home/yyh/ros2_ws/install/yyh_nav/share/yyh_nav/hook/ament_prefix_path.dsv'
[0.445s] INFO:colcon.colcon_core.shell:Creating environment hook '/home/yyh/ros2_ws/install/yyh_nav/share/yyh_nav/hook/ament_prefix_path.sh'
[0.445s] INFO:colcon.colcon_core.shell:Skip shell extension 'powershell' for command environment: Not usable outside of PowerShell
[0.445s] DEBUG:colcon.colcon_core.shell:Skip shell extension 'dsv' for command environment
[0.455s] DEBUG:colcon.colcon_core.event_handler.log_command:Invoking command in '/home/yyh/ros2_ws/build/realsense2_camera_msgs': CMAKE_PREFIX_PATH=/opt/ros/foxy /usr/bin/cmake --build /home/yyh/ros2_ws/build/realsense2_camera_msgs -- -j4 -l4
[0.458s] DEBUG:colcon.colcon_core.event_handler.log_command:Invoking command in '/home/yyh/ros2_ws/build/learning_interface': CMAKE_PREFIX_PATH=/opt/ros/foxy /usr/bin/cmake --build /home/yyh/ros2_ws/build/learning_interface -- -j4 -l4
[1.003s] WARNING:colcon.colcon_ros.task.ament_python.build:Package 'yolov5_ros2' doesn't explicitly install a marker in the package index (colcon-ros currently does it implicitly but that fallback will be removed in the future)
[1.003s] INFO:colcon.colcon_core.task.python.build:Building Python package in '/home/yyh/ros2_ws/src/yolov5_ros2'
[1.004s] INFO:colcon.colcon_core.shell:Skip shell extension 'powershell' for command environment: Not usable outside of PowerShell
[1.004s] DEBUG:colcon.colcon_core.shell:Skip shell extension 'dsv' for command environment
[1.336s] INFO:colcon.colcon_core.task.python.build:Building Python package in '/home/yyh/ros2_ws/src/yyh_nav'
[1.336s] INFO:colcon.colcon_core.shell:Skip shell extension 'powershell' for command environment: Not usable outside of PowerShell
[1.337s] DEBUG:colcon.colcon_core.shell:Skip shell extension 'dsv' for command environment
[1.344s] DEBUG:colcon.colcon_core.event_handler.log_command:Invoked command in '/home/yyh/ros2_ws/build/realsense2_camera_msgs' returned '0': CMAKE_PREFIX_PATH=/opt/ros/foxy /usr/bin/cmake --build /home/yyh/ros2_ws/build/realsense2_camera_msgs -- -j4 -l4
[1.347s] DEBUG:colcon.colcon_core.event_handler.log_command:Invoked command in '/home/yyh/ros2_ws/build/learning_interface' returned '0': CMAKE_PREFIX_PATH=/opt/ros/foxy /usr/bin/cmake --build /home/yyh/ros2_ws/build/learning_interface -- -j4 -l4
[1.536s] DEBUG:colcon.colcon_core.event_handler.log_command:Invoking command in '/home/yyh/ros2_ws/build/realsense2_camera_msgs': CMAKE_PREFIX_PATH=/opt/ros/foxy /usr/bin/cmake --install /home/yyh/ros2_ws/build/realsense2_camera_msgs
[1.640s] DEBUG:colcon.colcon_core.event_handler.log_command:Invoking command in '/home/yyh/ros2_ws/build/learning_interface': CMAKE_PREFIX_PATH=/opt/ros/foxy /usr/bin/cmake --install /home/yyh/ros2_ws/build/learning_interface
[1.738s] Level 1:colcon.colcon_core.environment:create_environment_scripts_only(learning_interface)
[1.743s] Level 1:colcon.colcon_core.environment:checking '/home/yyh/ros2_ws/install/learning_interface' for CMake module files
[1.743s] Level 1:colcon.colcon_core.environment:checking '/home/yyh/ros2_ws/install/learning_interface' for CMake config files
[1.746s] Level 1:colcon.colcon_core.shell:create_environment_hook('learning_interface', 'cmake_prefix_path')
[1.746s] INFO:colcon.colcon_core.shell:Creating environment hook '/home/yyh/ros2_ws/install/learning_interface/share/learning_interface/hook/cmake_prefix_path.ps1'
[1.738s] DEBUG:colcon.colcon_core.event_handler.log_command:Invoked command in '/home/yyh/ros2_ws/build/learning_interface' returned '0': CMAKE_PREFIX_PATH=/opt/ros/foxy /usr/bin/cmake --install /home/yyh/ros2_ws/build/learning_interface
[1.749s] INFO:colcon.colcon_core.shell:Creating environment descriptor '/home/yyh/ros2_ws/install/learning_interface/share/learning_interface/hook/cmake_prefix_path.dsv'
[1.749s] INFO:colcon.colcon_core.shell:Creating environment hook '/home/yyh/ros2_ws/install/learning_interface/share/learning_interface/hook/cmake_prefix_path.sh'
[1.751s] Level 1:colcon.colcon_core.environment:checking '/home/yyh/ros2_ws/install/learning_interface/lib'
[1.751s] Level 1:colcon.colcon_core.shell:create_environment_hook('learning_interface', 'ld_library_path_lib')
[1.752s] INFO:colcon.colcon_core.shell:Creating environment hook '/home/yyh/ros2_ws/install/learning_interface/share/learning_interface/hook/ld_library_path_lib.ps1'
[1.755s] INFO:colcon.colcon_core.shell:Creating environment descriptor '/home/yyh/ros2_ws/install/learning_interface/share/learning_interface/hook/ld_library_path_lib.dsv'
[1.756s] INFO:colcon.colcon_core.shell:Creating environment hook '/home/yyh/ros2_ws/install/learning_interface/share/learning_interface/hook/ld_library_path_lib.sh'
[1.756s] Level 1:colcon.colcon_core.environment:checking '/home/yyh/ros2_ws/install/learning_interface/bin'
[1.757s] Level 1:colcon.colcon_core.environment:checking '/home/yyh/ros2_ws/install/learning_interface/lib/pkgconfig/learning_interface.pc'
[1.757s] Level 1:colcon.colcon_core.environment:checking '/home/yyh/ros2_ws/install/learning_interface/lib/python3.8/site-packages'
[1.757s] Level 1:colcon.colcon_core.shell:create_environment_hook('learning_interface', 'pythonpath')
[1.757s] INFO:colcon.colcon_core.shell:Creating environment hook '/home/yyh/ros2_ws/install/learning_interface/share/learning_interface/hook/pythonpath.ps1'
[1.757s] INFO:colcon.colcon_core.shell:Creating environment descriptor '/home/yyh/ros2_ws/install/learning_interface/share/learning_interface/hook/pythonpath.dsv'
[1.758s] INFO:colcon.colcon_core.shell:Creating environment hook '/home/yyh/ros2_ws/install/learning_interface/share/learning_interface/hook/pythonpath.sh'
[1.758s] Level 1:colcon.colcon_core.environment:checking '/home/yyh/ros2_ws/install/learning_interface/bin'
[1.759s] INFO:colcon.colcon_core.shell:Creating package script '/home/yyh/ros2_ws/install/learning_interface/share/learning_interface/package.ps1'
[1.760s] INFO:colcon.colcon_core.shell:Creating package descriptor '/home/yyh/ros2_ws/install/learning_interface/share/learning_interface/package.dsv'
[1.760s] INFO:colcon.colcon_core.shell:Creating package script '/home/yyh/ros2_ws/install/learning_interface/share/learning_interface/package.sh'
[1.761s] INFO:colcon.colcon_core.shell:Creating package script '/home/yyh/ros2_ws/install/learning_interface/share/learning_interface/package.bash'
[1.762s] INFO:colcon.colcon_core.shell:Creating package script '/home/yyh/ros2_ws/install/learning_interface/share/learning_interface/package.zsh'
[1.763s] Level 1:colcon.colcon_core.environment:create_file_with_runtime_dependencies(/home/yyh/ros2_ws/install/learning_interface/share/colcon-core/packages/learning_interface)
[1.774s] Level 1:colcon.colcon_core.environment:create_environment_scripts_only(realsense2_camera_msgs)
[1.775s] Level 1:colcon.colcon_core.environment:checking '/home/yyh/ros2_ws/install/realsense2_camera_msgs' for CMake module files
[1.776s] Level 1:colcon.colcon_core.environment:checking '/home/yyh/ros2_ws/install/realsense2_camera_msgs' for CMake config files
[1.776s] Level 1:colcon.colcon_core.shell:create_environment_hook('realsense2_camera_msgs', 'cmake_prefix_path')
[1.776s] INFO:colcon.colcon_core.shell:Creating environment hook '/home/yyh/ros2_ws/install/realsense2_camera_msgs/share/realsense2_camera_msgs/hook/cmake_prefix_path.ps1'
[1.777s] INFO:colcon.colcon_core.shell:Creating environment descriptor '/home/yyh/ros2_ws/install/realsense2_camera_msgs/share/realsense2_camera_msgs/hook/cmake_prefix_path.dsv'
[1.777s] INFO:colcon.colcon_core.shell:Creating environment hook '/home/yyh/ros2_ws/install/realsense2_camera_msgs/share/realsense2_camera_msgs/hook/cmake_prefix_path.sh'
[1.778s] Level 1:colcon.colcon_core.environment:checking '/home/yyh/ros2_ws/install/realsense2_camera_msgs/lib'
[1.778s] Level 1:colcon.colcon_core.shell:create_environment_hook('realsense2_camera_msgs', 'ld_library_path_lib')
[1.778s] INFO:colcon.colcon_core.shell:Creating environment hook '/home/yyh/ros2_ws/install/realsense2_camera_msgs/share/realsense2_camera_msgs/hook/ld_library_path_lib.ps1'
[1.778s] INFO:colcon.colcon_core.shell:Creating environment descriptor '/home/yyh/ros2_ws/install/realsense2_camera_msgs/share/realsense2_camera_msgs/hook/ld_library_path_lib.dsv'
[1.780s] DEBUG:colcon.colcon_core.event_handler.log_command:Invoked command in '/home/yyh/ros2_ws/build/realsense2_camera_msgs' returned '0': CMAKE_PREFIX_PATH=/opt/ros/foxy /usr/bin/cmake --install /home/yyh/ros2_ws/build/realsense2_camera_msgs
[1.780s] INFO:colcon.colcon_core.shell:Creating environment hook '/home/yyh/ros2_ws/install/realsense2_camera_msgs/share/realsense2_camera_msgs/hook/ld_library_path_lib.sh'
[1.780s] Level 1:colcon.colcon_core.environment:checking '/home/yyh/ros2_ws/install/realsense2_camera_msgs/bin'
[1.780s] Level 1:colcon.colcon_core.environment:checking '/home/yyh/ros2_ws/install/realsense2_camera_msgs/lib/pkgconfig/realsense2_camera_msgs.pc'
[1.781s] Level 1:colcon.colcon_core.environment:checking '/home/yyh/ros2_ws/install/realsense2_camera_msgs/lib/python3.8/site-packages'
[1.781s] Level 1:colcon.colcon_core.shell:create_environment_hook('realsense2_camera_msgs', 'pythonpath')
[1.781s] INFO:colcon.colcon_core.shell:Creating environment hook '/home/yyh/ros2_ws/install/realsense2_camera_msgs/share/realsense2_camera_msgs/hook/pythonpath.ps1'
[1.781s] INFO:colcon.colcon_core.shell:Creating environment descriptor '/home/yyh/ros2_ws/install/realsense2_camera_msgs/share/realsense2_camera_msgs/hook/pythonpath.dsv'
[1.782s] INFO:colcon.colcon_core.shell:Creating environment hook '/home/yyh/ros2_ws/install/realsense2_camera_msgs/share/realsense2_camera_msgs/hook/pythonpath.sh'
[1.782s] Level 1:colcon.colcon_core.environment:checking '/home/yyh/ros2_ws/install/realsense2_camera_msgs/bin'
[1.783s] INFO:colcon.colcon_core.shell:Creating package script '/home/yyh/ros2_ws/install/realsense2_camera_msgs/share/realsense2_camera_msgs/package.ps1'
[1.783s] INFO:colcon.colcon_core.shell:Creating package descriptor '/home/yyh/ros2_ws/install/realsense2_camera_msgs/share/realsense2_camera_msgs/package.dsv'
[1.783s] INFO:colcon.colcon_core.shell:Creating package script '/home/yyh/ros2_ws/install/realsense2_camera_msgs/share/realsense2_camera_msgs/package.sh'
[1.784s] INFO:colcon.colcon_core.shell:Creating package script '/home/yyh/ros2_ws/install/realsense2_camera_msgs/share/realsense2_camera_msgs/package.bash'
[1.784s] INFO:colcon.colcon_core.shell:Creating package script '/home/yyh/ros2_ws/install/realsense2_camera_msgs/share/realsense2_camera_msgs/package.zsh'
[1.784s] Level 1:colcon.colcon_core.environment:create_file_with_runtime_dependencies(/home/yyh/ros2_ws/install/realsense2_camera_msgs/share/colcon-core/packages/realsense2_camera_msgs)
[1.949s] Level 1:colcon.colcon_core.environment:create_environment_scripts_only(realsense2_camera_msgs)
[1.949s] Level 1:colcon.colcon_core.environment:checking '/home/yyh/ros2_ws/install/realsense2_camera_msgs' for CMake module files
[1.950s] Level 1:colcon.colcon_core.environment:checking '/home/yyh/ros2_ws/install/realsense2_camera_msgs' for CMake config files
[1.950s] Level 1:colcon.colcon_core.shell:create_environment_hook('realsense2_camera_msgs', 'cmake_prefix_path')
[1.950s] INFO:colcon.colcon_core.shell:Creating environment hook '/home/yyh/ros2_ws/install/realsense2_camera_msgs/share/realsense2_camera_msgs/hook/cmake_prefix_path.ps1'
[1.952s] INFO:colcon.colcon_core.shell:Creating environment descriptor '/home/yyh/ros2_ws/install/realsense2_camera_msgs/share/realsense2_camera_msgs/hook/cmake_prefix_path.dsv'
[1.953s] INFO:colcon.colcon_core.shell:Creating environment hook '/home/yyh/ros2_ws/install/realsense2_camera_msgs/share/realsense2_camera_msgs/hook/cmake_prefix_path.sh'
[1.954s] Level 1:colcon.colcon_core.environment:checking '/home/yyh/ros2_ws/install/realsense2_camera_msgs/lib'
[1.954s] Level 1:colcon.colcon_core.shell:create_environment_hook('realsense2_camera_msgs', 'ld_library_path_lib')
[1.955s] INFO:colcon.colcon_core.shell:Creating environment hook '/home/yyh/ros2_ws/install/realsense2_camera_msgs/share/realsense2_camera_msgs/hook/ld_library_path_lib.ps1'
[1.956s] INFO:colcon.colcon_core.shell:Creating environment descriptor '/home/yyh/ros2_ws/install/realsense2_camera_msgs/share/realsense2_camera_msgs/hook/ld_library_path_lib.dsv'
[1.956s] INFO:colcon.colcon_core.shell:Creating environment hook '/home/yyh/ros2_ws/install/realsense2_camera_msgs/share/realsense2_camera_msgs/hook/ld_library_path_lib.sh'
[1.957s] Level 1:colcon.colcon_core.environment:checking '/home/yyh/ros2_ws/install/realsense2_camera_msgs/bin'
[1.958s] Level 1:colcon.colcon_core.environment:checking '/home/yyh/ros2_ws/install/realsense2_camera_msgs/lib/pkgconfig/realsense2_camera_msgs.pc'
[1.958s] Level 1:colcon.colcon_core.environment:checking '/home/yyh/ros2_ws/install/realsense2_camera_msgs/lib/python3.8/site-packages'
[1.958s] Level 1:colcon.colcon_core.shell:create_environment_hook('realsense2_camera_msgs', 'pythonpath')
[1.959s] INFO:colcon.colcon_core.shell:Creating environment hook '/home/yyh/ros2_ws/install/realsense2_camera_msgs/share/realsense2_camera_msgs/hook/pythonpath.ps1'
[1.960s] INFO:colcon.colcon_core.shell:Creating environment descriptor '/home/yyh/ros2_ws/install/realsense2_camera_msgs/share/realsense2_camera_msgs/hook/pythonpath.dsv'
[1.960s] INFO:colcon.colcon_core.shell:Creating environment hook '/home/yyh/ros2_ws/install/realsense2_camera_msgs/share/realsense2_camera_msgs/hook/pythonpath.sh'
[1.961s] Level 1:colcon.colcon_core.environment:checking '/home/yyh/ros2_ws/install/realsense2_camera_msgs/bin'
[1.962s] INFO:colcon.colcon_core.shell:Creating package script '/home/yyh/ros2_ws/install/realsense2_camera_msgs/share/realsense2_camera_msgs/package.ps1'
[1.963s] INFO:colcon.colcon_core.shell:Creating package descriptor '/home/yyh/ros2_ws/install/realsense2_camera_msgs/share/realsense2_camera_msgs/package.dsv'
[1.964s] INFO:colcon.colcon_core.shell:Creating package script '/home/yyh/ros2_ws/install/realsense2_camera_msgs/share/realsense2_camera_msgs/package.sh'
[1.965s] INFO:colcon.colcon_core.shell:Creating package script '/home/yyh/ros2_ws/install/realsense2_camera_msgs/share/realsense2_camera_msgs/package.bash'
[1.965s] INFO:colcon.colcon_core.shell:Creating package script '/home/yyh/ros2_ws/install/realsense2_camera_msgs/share/realsense2_camera_msgs/package.zsh'
[1.965s] Level 1:colcon.colcon_core.environment:create_file_with_runtime_dependencies(/home/yyh/ros2_ws/install/realsense2_camera_msgs/share/colcon-core/packages/realsense2_camera_msgs)
[1.966s] INFO:colcon.colcon_ros.task.ament_python.build:Building ROS package in '/home/yyh/ros2_ws/src/yyh_object' with build type 'ament_python'
[1.967s] Level 1:colcon.colcon_core.shell:create_environment_hook('yyh_object', 'ament_prefix_path')
[1.967s] INFO:colcon.colcon_core.shell:Creating environment hook '/home/yyh/ros2_ws/install/yyh_object/share/yyh_object/hook/ament_prefix_path.ps1'
[1.968s] INFO:colcon.colcon_core.shell:Creating environment descriptor '/home/yyh/ros2_ws/install/yyh_object/share/yyh_object/hook/ament_prefix_path.dsv'
[1.969s] INFO:colcon.colcon_core.shell:Creating environment hook '/home/yyh/ros2_ws/install/yyh_object/share/yyh_object/hook/ament_prefix_path.sh'
[1.969s] INFO:colcon.colcon_core.shell:Skip shell extension 'powershell' for command environment: Not usable outside of PowerShell
[1.970s] DEBUG:colcon.colcon_core.shell:Skip shell extension 'dsv' for command environment
[2.491s] INFO:colcon.colcon_core.task.python.build:Building Python package in '/home/yyh/ros2_ws/src/yyh_object'
[2.492s] INFO:colcon.colcon_core.shell:Skip shell extension 'powershell' for command environment: Not usable outside of PowerShell
[2.492s] DEBUG:colcon.colcon_core.shell:Skip shell extension 'dsv' for command environment
[2.497s] Level 1:colcon.colcon_core.environment:create_environment_scripts_only(learning_interface)
[2.497s] Level 1:colcon.colcon_core.environment:checking '/home/yyh/ros2_ws/install/learning_interface' for CMake module files
[2.498s] Level 1:colcon.colcon_core.environment:checking '/home/yyh/ros2_ws/install/learning_interface' for CMake config files
[2.498s] Level 1:colcon.colcon_core.shell:create_environment_hook('learning_interface', 'cmake_prefix_path')
[2.498s] INFO:colcon.colcon_core.shell:Creating environment hook '/home/yyh/ros2_ws/install/learning_interface/share/learning_interface/hook/cmake_prefix_path.ps1'
[2.499s] INFO:colcon.colcon_core.shell:Creating environment descriptor '/home/yyh/ros2_ws/install/learning_interface/share/learning_interface/hook/cmake_prefix_path.dsv'
[2.499s] INFO:colcon.colcon_core.shell:Creating environment hook '/home/yyh/ros2_ws/install/learning_interface/share/learning_interface/hook/cmake_prefix_path.sh'
[2.500s] Level 1:colcon.colcon_core.environment:checking '/home/yyh/ros2_ws/install/learning_interface/lib'
[2.500s] Level 1:colcon.colcon_core.shell:create_environment_hook('learning_interface', 'ld_library_path_lib')
[2.500s] INFO:colcon.colcon_core.shell:Creating environment hook '/home/yyh/ros2_ws/install/learning_interface/share/learning_interface/hook/ld_library_path_lib.ps1'
[2.500s] INFO:colcon.colcon_core.shell:Creating environment descriptor '/home/yyh/ros2_ws/install/learning_interface/share/learning_interface/hook/ld_library_path_lib.dsv'
[2.501s] INFO:colcon.colcon_core.shell:Creating environment hook '/home/yyh/ros2_ws/install/learning_interface/share/learning_interface/hook/ld_library_path_lib.sh'
[2.501s] Level 1:colcon.colcon_core.environment:checking '/home/yyh/ros2_ws/install/learning_interface/bin'
[2.501s] Level 1:colcon.colcon_core.environment:checking '/home/yyh/ros2_ws/install/learning_interface/lib/pkgconfig/learning_interface.pc'
[2.501s] Level 1:colcon.colcon_core.environment:checking '/home/yyh/ros2_ws/install/learning_interface/lib/python3.8/site-packages'
[2.501s] Level 1:colcon.colcon_core.shell:create_environment_hook('learning_interface', 'pythonpath')
[2.501s] INFO:colcon.colcon_core.shell:Creating environment hook '/home/yyh/ros2_ws/install/learning_interface/share/learning_interface/hook/pythonpath.ps1'
[2.502s] INFO:colcon.colcon_core.shell:Creating environment descriptor '/home/yyh/ros2_ws/install/learning_interface/share/learning_interface/hook/pythonpath.dsv'
[2.502s] INFO:colcon.colcon_core.shell:Creating environment hook '/home/yyh/ros2_ws/install/learning_interface/share/learning_interface/hook/pythonpath.sh'
[2.502s] Level 1:colcon.colcon_core.environment:checking '/home/yyh/ros2_ws/install/learning_interface/bin'
[2.502s] INFO:colcon.colcon_core.shell:Creating package script '/home/yyh/ros2_ws/install/learning_interface/share/learning_interface/package.ps1'
[2.503s] INFO:colcon.colcon_core.shell:Creating package descriptor '/home/yyh/ros2_ws/install/learning_interface/share/learning_interface/package.dsv'
[2.503s] INFO:colcon.colcon_core.shell:Creating package script '/home/yyh/ros2_ws/install/learning_interface/share/learning_interface/package.sh'
[2.504s] INFO:colcon.colcon_core.shell:Creating package script '/home/yyh/ros2_ws/install/learning_interface/share/learning_interface/package.bash'
[2.504s] INFO:colcon.colcon_core.shell:Creating package script '/home/yyh/ros2_ws/install/learning_interface/share/learning_interface/package.zsh'
[2.504s] Level 1:colcon.colcon_core.environment:create_file_with_runtime_dependencies(/home/yyh/ros2_ws/install/learning_interface/share/colcon-core/packages/learning_interface)
[2.506s] DEBUG:colcon.colcon_core.event_handler.log_command:Invoking command in '/home/yyh/ros2_ws/src/yyh_nav': PYTHONPATH=/home/yyh/ros2_ws/build/yyh_nav/prefix_override:/usr/lib/python3/dist-packages/colcon_core/task/python/colcon_distutils_commands:/home/yyh/ros2_ws/install/yyh_nav/lib/python3.8/site-packages:${PYTHONPATH} /usr/bin/python3 -W ignore:setup.py install is deprecated setup.py egg_info --egg-base ../../build/yyh_nav build --build-base /home/yyh/ros2_ws/build/yyh_nav/build install --record /home/yyh/ros2_ws/build/yyh_nav/install.log --single-version-externally-managed install_data
[2.512s] DEBUG:colcon.colcon_core.event_handler.log_command:Invoking command in '/home/yyh/ros2_ws/src/yolov5_ros2': PYTHONPATH=/home/yyh/ros2_ws/build/yolov5_ros2/prefix_override:/usr/lib/python3/dist-packages/colcon_core/task/python/colcon_distutils_commands:/home/yyh/ros2_ws/install/yolov5_ros2/lib/python3.8/site-packages:${PYTHONPATH} /usr/bin/python3 -W ignore:setup.py install is deprecated setup.py egg_info --egg-base ../../build/yolov5_ros2 build --build-base /home/yyh/ros2_ws/build/yolov5_ros2/build install --record /home/yyh/ros2_ws/build/yolov5_ros2/install.log --single-version-externally-managed install_data
[2.515s] INFO:colcon.colcon_ros.task.ament_cmake.build:Building ROS package in '/home/yyh/ros2_ws/src/realsense-ros-4.51.1/realsense2_camera' with build type 'ament_cmake'
[2.517s] INFO:colcon.colcon_cmake.task.cmake.build:Building CMake package in '/home/yyh/ros2_ws/src/realsense-ros-4.51.1/realsense2_camera'
[2.518s] INFO:colcon.colcon_core.shell:Skip shell extension 'powershell' for command environment: Not usable outside of PowerShell
[2.518s] DEBUG:colcon.colcon_core.shell:Skip shell extension 'dsv' for command environment
[2.537s] DEBUG:colcon.colcon_core.event_handler.log_command:Invoking command in '/home/yyh/ros2_ws/build/realsense2_camera': AMENT_PREFIX_PATH=/home/yyh/ros2_ws/install/realsense2_camera_msgs:${AMENT_PREFIX_PATH} CMAKE_PREFIX_PATH=/home/yyh/ros2_ws/install/realsense2_camera_msgs:/opt/ros/foxy LD_LIBRARY_PATH=/home/yyh/ros2_ws/install/realsense2_camera_msgs/lib:${LD_LIBRARY_PATH} PYTHONPATH=/home/yyh/ros2_ws/install/realsense2_camera_msgs/lib/python3.8/site-packages:${PYTHONPATH} /usr/bin/cmake --build /home/yyh/ros2_ws/build/realsense2_camera -- -j4 -l4
[2.810s] DEBUG:colcon.colcon_core.event_handler.log_command:Invoked command in '/home/yyh/ros2_ws/build/realsense2_camera' returned '0': AMENT_PREFIX_PATH=/home/yyh/ros2_ws/install/realsense2_camera_msgs:${AMENT_PREFIX_PATH} CMAKE_PREFIX_PATH=/home/yyh/ros2_ws/install/realsense2_camera_msgs:/opt/ros/foxy LD_LIBRARY_PATH=/home/yyh/ros2_ws/install/realsense2_camera_msgs/lib:${LD_LIBRARY_PATH} PYTHONPATH=/home/yyh/ros2_ws/install/realsense2_camera_msgs/lib/python3.8/site-packages:${PYTHONPATH} /usr/bin/cmake --build /home/yyh/ros2_ws/build/realsense2_camera -- -j4 -l4
[2.952s] DEBUG:colcon.colcon_core.event_handler.log_command:Invoking command in '/home/yyh/ros2_ws/build/realsense2_camera': AMENT_PREFIX_PATH=/home/yyh/ros2_ws/install/realsense2_camera_msgs:${AMENT_PREFIX_PATH} CMAKE_PREFIX_PATH=/home/yyh/ros2_ws/install/realsense2_camera_msgs:/opt/ros/foxy LD_LIBRARY_PATH=/home/yyh/ros2_ws/install/realsense2_camera_msgs/lib:${LD_LIBRARY_PATH} PYTHONPATH=/home/yyh/ros2_ws/install/realsense2_camera_msgs/lib/python3.8/site-packages:${PYTHONPATH} /usr/bin/cmake --install /home/yyh/ros2_ws/build/realsense2_camera
[2.976s] Level 1:colcon.colcon_core.environment:create_environment_scripts_only(realsense2_camera)
[2.977s] Level 1:colcon.colcon_core.environment:checking '/home/yyh/ros2_ws/install/realsense2_camera' for CMake module files
[2.977s] Level 1:colcon.colcon_core.environment:checking '/home/yyh/ros2_ws/install/realsense2_camera' for CMake config files
[2.978s] Level 1:colcon.colcon_core.shell:create_environment_hook('realsense2_camera', 'cmake_prefix_path')
[2.978s] INFO:colcon.colcon_core.shell:Creating environment hook '/home/yyh/ros2_ws/install/realsense2_camera/share/realsense2_camera/hook/cmake_prefix_path.ps1'
[2.979s] INFO:colcon.colcon_core.shell:Creating environment descriptor '/home/yyh/ros2_ws/install/realsense2_camera/share/realsense2_camera/hook/cmake_prefix_path.dsv'
[2.979s] INFO:colcon.colcon_core.shell:Creating environment hook '/home/yyh/ros2_ws/install/realsense2_camera/share/realsense2_camera/hook/cmake_prefix_path.sh'
[2.979s] Level 1:colcon.colcon_core.environment:checking '/home/yyh/ros2_ws/install/realsense2_camera/lib'
[2.979s] Level 1:colcon.colcon_core.shell:create_environment_hook('realsense2_camera', 'ld_library_path_lib')
[2.980s] INFO:colcon.colcon_core.shell:Creating environment hook '/home/yyh/ros2_ws/install/realsense2_camera/share/realsense2_camera/hook/ld_library_path_lib.ps1'
[2.980s] INFO:colcon.colcon_core.shell:Creating environment descriptor '/home/yyh/ros2_ws/install/realsense2_camera/share/realsense2_camera/hook/ld_library_path_lib.dsv'
[2.980s] INFO:colcon.colcon_core.shell:Creating environment hook '/home/yyh/ros2_ws/install/realsense2_camera/share/realsense2_camera/hook/ld_library_path_lib.sh'
[2.981s] DEBUG:colcon.colcon_core.event_handler.log_command:Invoked command in '/home/yyh/ros2_ws/build/realsense2_camera' returned '0': AMENT_PREFIX_PATH=/home/yyh/ros2_ws/install/realsense2_camera_msgs:${AMENT_PREFIX_PATH} CMAKE_PREFIX_PATH=/home/yyh/ros2_ws/install/realsense2_camera_msgs:/opt/ros/foxy LD_LIBRARY_PATH=/home/yyh/ros2_ws/install/realsense2_camera_msgs/lib:${LD_LIBRARY_PATH} PYTHONPATH=/home/yyh/ros2_ws/install/realsense2_camera_msgs/lib/python3.8/site-packages:${PYTHONPATH} /usr/bin/cmake --install /home/yyh/ros2_ws/build/realsense2_camera
[2.985s] Level 1:colcon.colcon_core.environment:checking '/home/yyh/ros2_ws/install/realsense2_camera/bin'
[2.985s] Level 1:colcon.colcon_core.environment:checking '/home/yyh/ros2_ws/install/realsense2_camera/lib/pkgconfig/realsense2_camera.pc'
[2.985s] Level 1:colcon.colcon_core.environment:checking '/home/yyh/ros2_ws/install/realsense2_camera/lib/python3.8/site-packages'
[2.985s] Level 1:colcon.colcon_core.environment:checking '/home/yyh/ros2_ws/install/realsense2_camera/bin'
[2.986s] INFO:colcon.colcon_core.shell:Creating package script '/home/yyh/ros2_ws/install/realsense2_camera/share/realsense2_camera/package.ps1'
[2.986s] INFO:colcon.colcon_core.shell:Creating package descriptor '/home/yyh/ros2_ws/install/realsense2_camera/share/realsense2_camera/package.dsv'
[2.987s] INFO:colcon.colcon_core.shell:Creating package script '/home/yyh/ros2_ws/install/realsense2_camera/share/realsense2_camera/package.sh'
[2.988s] INFO:colcon.colcon_core.shell:Creating package script '/home/yyh/ros2_ws/install/realsense2_camera/share/realsense2_camera/package.bash'
[2.988s] INFO:colcon.colcon_core.shell:Creating package script '/home/yyh/ros2_ws/install/realsense2_camera/share/realsense2_camera/package.zsh'
[2.988s] Level 1:colcon.colcon_core.environment:create_file_with_runtime_dependencies(/home/yyh/ros2_ws/install/realsense2_camera/share/colcon-core/packages/realsense2_camera)
[3.141s] Level 1:colcon.colcon_core.environment:create_environment_scripts_only(realsense2_camera)
[3.142s] Level 1:colcon.colcon_core.environment:checking '/home/yyh/ros2_ws/install/realsense2_camera' for CMake module files
[3.142s] Level 1:colcon.colcon_core.environment:checking '/home/yyh/ros2_ws/install/realsense2_camera' for CMake config files
[3.143s] Level 1:colcon.colcon_core.shell:create_environment_hook('realsense2_camera', 'cmake_prefix_path')
[3.143s] INFO:colcon.colcon_core.shell:Creating environment hook '/home/yyh/ros2_ws/install/realsense2_camera/share/realsense2_camera/hook/cmake_prefix_path.ps1'
[3.144s] INFO:colcon.colcon_core.shell:Creating environment descriptor '/home/yyh/ros2_ws/install/realsense2_camera/share/realsense2_camera/hook/cmake_prefix_path.dsv'
[3.145s] INFO:colcon.colcon_core.shell:Creating environment hook '/home/yyh/ros2_ws/install/realsense2_camera/share/realsense2_camera/hook/cmake_prefix_path.sh'
[3.146s] Level 1:colcon.colcon_core.environment:checking '/home/yyh/ros2_ws/install/realsense2_camera/lib'
[3.146s] Level 1:colcon.colcon_core.shell:create_environment_hook('realsense2_camera', 'ld_library_path_lib')
[3.146s] INFO:colcon.colcon_core.shell:Creating environment hook '/home/yyh/ros2_ws/install/realsense2_camera/share/realsense2_camera/hook/ld_library_path_lib.ps1'
[3.148s] INFO:colcon.colcon_core.shell:Creating environment descriptor '/home/yyh/ros2_ws/install/realsense2_camera/share/realsense2_camera/hook/ld_library_path_lib.dsv'
[3.149s] INFO:colcon.colcon_core.shell:Creating environment hook '/home/yyh/ros2_ws/install/realsense2_camera/share/realsense2_camera/hook/ld_library_path_lib.sh'
[3.149s] Level 1:colcon.colcon_core.environment:checking '/home/yyh/ros2_ws/install/realsense2_camera/bin'
[3.149s] Level 1:colcon.colcon_core.environment:checking '/home/yyh/ros2_ws/install/realsense2_camera/lib/pkgconfig/realsense2_camera.pc'
[3.150s] Level 1:colcon.colcon_core.environment:checking '/home/yyh/ros2_ws/install/realsense2_camera/lib/python3.8/site-packages'
[3.150s] Level 1:colcon.colcon_core.environment:checking '/home/yyh/ros2_ws/install/realsense2_camera/bin'
[3.150s] INFO:colcon.colcon_core.shell:Creating package script '/home/yyh/ros2_ws/install/realsense2_camera/share/realsense2_camera/package.ps1'
[3.151s] INFO:colcon.colcon_core.shell:Creating package descriptor '/home/yyh/ros2_ws/install/realsense2_camera/share/realsense2_camera/package.dsv'
[3.152s] INFO:colcon.colcon_core.shell:Creating package script '/home/yyh/ros2_ws/install/realsense2_camera/share/realsense2_camera/package.sh'
[3.155s] INFO:colcon.colcon_core.shell:Creating package script '/home/yyh/ros2_ws/install/realsense2_camera/share/realsense2_camera/package.bash'
[3.156s] INFO:colcon.colcon_core.shell:Creating package script '/home/yyh/ros2_ws/install/realsense2_camera/share/realsense2_camera/package.zsh'
[3.159s] Level 1:colcon.colcon_core.environment:create_file_with_runtime_dependencies(/home/yyh/ros2_ws/install/realsense2_camera/share/colcon-core/packages/realsense2_camera)
[3.161s] INFO:colcon.colcon_ros.task.ament_cmake.build:Building ROS package in '/home/yyh/ros2_ws/src/realsense-ros-4.51.1/realsense2_description' with build type 'ament_cmake'
[3.162s] INFO:colcon.colcon_cmake.task.cmake.build:Building CMake package in '/home/yyh/ros2_ws/src/realsense-ros-4.51.1/realsense2_description'
[3.162s] INFO:colcon.colcon_core.shell:Skip shell extension 'powershell' for command environment: Not usable outside of PowerShell
[3.163s] DEBUG:colcon.colcon_core.shell:Skip shell extension 'dsv' for command environment
[3.205s] DEBUG:colcon.colcon_core.event_handler.log_command:Invoking command in '/home/yyh/ros2_ws/build/realsense2_description': AMENT_PREFIX_PATH=/home/yyh/ros2_ws/install/realsense2_camera_msgs:${AMENT_PREFIX_PATH} CMAKE_PREFIX_PATH=/home/yyh/ros2_ws/install/realsense2_camera_msgs:/opt/ros/foxy LD_LIBRARY_PATH=/home/yyh/ros2_ws/install/realsense2_camera_msgs/lib:${LD_LIBRARY_PATH} PYTHONPATH=/home/yyh/ros2_ws/install/realsense2_camera_msgs/lib/python3.8/site-packages:${PYTHONPATH} /usr/bin/cmake --build /home/yyh/ros2_ws/build/realsense2_description -- -j4 -l4
[3.267s] DEBUG:colcon.colcon_core.event_handler.log_command:Invoked command in '/home/yyh/ros2_ws/build/realsense2_description' returned '0': AMENT_PREFIX_PATH=/home/yyh/ros2_ws/install/realsense2_camera_msgs:${AMENT_PREFIX_PATH} CMAKE_PREFIX_PATH=/home/yyh/ros2_ws/install/realsense2_camera_msgs:/opt/ros/foxy LD_LIBRARY_PATH=/home/yyh/ros2_ws/install/realsense2_camera_msgs/lib:${LD_LIBRARY_PATH} PYTHONPATH=/home/yyh/ros2_ws/install/realsense2_camera_msgs/lib/python3.8/site-packages:${PYTHONPATH} /usr/bin/cmake --build /home/yyh/ros2_ws/build/realsense2_description -- -j4 -l4
[3.299s] DEBUG:colcon.colcon_core.event_handler.log_command:Invoking command in '/home/yyh/ros2_ws/build/realsense2_description': AMENT_PREFIX_PATH=/home/yyh/ros2_ws/install/realsense2_camera_msgs:${AMENT_PREFIX_PATH} CMAKE_PREFIX_PATH=/home/yyh/ros2_ws/install/realsense2_camera_msgs:/opt/ros/foxy LD_LIBRARY_PATH=/home/yyh/ros2_ws/install/realsense2_camera_msgs/lib:${LD_LIBRARY_PATH} PYTHONPATH=/home/yyh/ros2_ws/install/realsense2_camera_msgs/lib/python3.8/site-packages:${PYTHONPATH} /usr/bin/cmake --install /home/yyh/ros2_ws/build/realsense2_description
[3.337s] Level 1:colcon.colcon_core.environment:create_environment_scripts_only(realsense2_description)
[3.337s] Level 1:colcon.colcon_core.environment:checking '/home/yyh/ros2_ws/install/realsense2_description' for CMake module files
[3.338s] Level 1:colcon.colcon_core.environment:checking '/home/yyh/ros2_ws/install/realsense2_description' for CMake config files
[3.338s] Level 1:colcon.colcon_core.shell:create_environment_hook('realsense2_description', 'cmake_prefix_path')
[3.339s] INFO:colcon.colcon_core.shell:Creating environment hook '/home/yyh/ros2_ws/install/realsense2_description/share/realsense2_description/hook/cmake_prefix_path.ps1'
[3.339s] INFO:colcon.colcon_core.shell:Creating environment descriptor '/home/yyh/ros2_ws/install/realsense2_description/share/realsense2_description/hook/cmake_prefix_path.dsv'
[3.339s] INFO:colcon.colcon_core.shell:Creating environment hook '/home/yyh/ros2_ws/install/realsense2_description/share/realsense2_description/hook/cmake_prefix_path.sh'
[3.340s] Level 1:colcon.colcon_core.environment:checking '/home/yyh/ros2_ws/install/realsense2_description/bin'
[3.340s] Level 1:colcon.colcon_core.environment:checking '/home/yyh/ros2_ws/install/realsense2_description/lib/pkgconfig/realsense2_description.pc'
[3.340s] Level 1:colcon.colcon_core.environment:checking '/home/yyh/ros2_ws/install/realsense2_description/lib/python3.8/site-packages'
[3.340s] Level 1:colcon.colcon_core.environment:checking '/home/yyh/ros2_ws/install/realsense2_description/bin'
[3.341s] INFO:colcon.colcon_core.shell:Creating package script '/home/yyh/ros2_ws/install/realsense2_description/share/realsense2_description/package.ps1'
[3.341s] INFO:colcon.colcon_core.shell:Creating package descriptor '/home/yyh/ros2_ws/install/realsense2_description/share/realsense2_description/package.dsv'
[3.348s] DEBUG:colcon.colcon_core.event_handler.log_command:Invoked command in '/home/yyh/ros2_ws/build/realsense2_description' returned '0': AMENT_PREFIX_PATH=/home/yyh/ros2_ws/install/realsense2_camera_msgs:${AMENT_PREFIX_PATH} CMAKE_PREFIX_PATH=/home/yyh/ros2_ws/install/realsense2_camera_msgs:/opt/ros/foxy LD_LIBRARY_PATH=/home/yyh/ros2_ws/install/realsense2_camera_msgs/lib:${LD_LIBRARY_PATH} PYTHONPATH=/home/yyh/ros2_ws/install/realsense2_camera_msgs/lib/python3.8/site-packages:${PYTHONPATH} /usr/bin/cmake --install /home/yyh/ros2_ws/build/realsense2_description
[3.349s] INFO:colcon.colcon_core.shell:Creating package script '/home/yyh/ros2_ws/install/realsense2_description/share/realsense2_description/package.sh'
[3.349s] INFO:colcon.colcon_core.shell:Creating package script '/home/yyh/ros2_ws/install/realsense2_description/share/realsense2_description/package.bash'
[3.350s] INFO:colcon.colcon_core.shell:Creating package script '/home/yyh/ros2_ws/install/realsense2_description/share/realsense2_description/package.zsh'
[3.350s] Level 1:colcon.colcon_core.environment:create_file_with_runtime_dependencies(/home/yyh/ros2_ws/install/realsense2_description/share/colcon-core/packages/realsense2_description)
[3.405s] Level 1:colcon.colcon_core.environment:create_environment_scripts_only(realsense2_description)
[3.406s] Level 1:colcon.colcon_core.environment:checking '/home/yyh/ros2_ws/install/realsense2_description' for CMake module files
[3.406s] Level 1:colcon.colcon_core.environment:checking '/home/yyh/ros2_ws/install/realsense2_description' for CMake config files
[3.407s] Level 1:colcon.colcon_core.shell:create_environment_hook('realsense2_description', 'cmake_prefix_path')
[3.407s] INFO:colcon.colcon_core.shell:Creating environment hook '/home/yyh/ros2_ws/install/realsense2_description/share/realsense2_description/hook/cmake_prefix_path.ps1'
[3.407s] INFO:colcon.colcon_core.shell:Creating environment descriptor '/home/yyh/ros2_ws/install/realsense2_description/share/realsense2_description/hook/cmake_prefix_path.dsv'
[3.408s] INFO:colcon.colcon_core.shell:Creating environment hook '/home/yyh/ros2_ws/install/realsense2_description/share/realsense2_description/hook/cmake_prefix_path.sh'
[3.409s] Level 1:colcon.colcon_core.environment:checking '/home/yyh/ros2_ws/install/realsense2_description/bin'
[3.409s] Level 1:colcon.colcon_core.environment:checking '/home/yyh/ros2_ws/install/realsense2_description/lib/pkgconfig/realsense2_description.pc'
[3.409s] Level 1:colcon.colcon_core.environment:checking '/home/yyh/ros2_ws/install/realsense2_description/lib/python3.8/site-packages'
[3.409s] Level 1:colcon.colcon_core.environment:checking '/home/yyh/ros2_ws/install/realsense2_description/bin'
[3.409s] INFO:colcon.colcon_core.shell:Creating package script '/home/yyh/ros2_ws/install/realsense2_description/share/realsense2_description/package.ps1'
[3.410s] INFO:colcon.colcon_core.shell:Creating package descriptor '/home/yyh/ros2_ws/install/realsense2_description/share/realsense2_description/package.dsv'
[3.410s] INFO:colcon.colcon_core.shell:Creating package script '/home/yyh/ros2_ws/install/realsense2_description/share/realsense2_description/package.sh'
[3.412s] INFO:colcon.colcon_core.shell:Creating package script '/home/yyh/ros2_ws/install/realsense2_description/share/realsense2_description/package.bash'
[3.412s] INFO:colcon.colcon_core.shell:Creating package script '/home/yyh/ros2_ws/install/realsense2_description/share/realsense2_description/package.zsh'
[3.413s] Level 1:colcon.colcon_core.environment:create_file_with_runtime_dependencies(/home/yyh/ros2_ws/install/realsense2_description/share/colcon-core/packages/realsense2_description)
[3.681s] DEBUG:colcon.colcon_core.event_handler.log_command:Invoking command in '/home/yyh/ros2_ws/src/yyh_object': PYTHONPATH=/home/yyh/ros2_ws/build/yyh_object/prefix_override:/usr/lib/python3/dist-packages/colcon_core/task/python/colcon_distutils_commands:/home/yyh/ros2_ws/install/yyh_object/lib/python3.8/site-packages:${PYTHONPATH} /usr/bin/python3 -W ignore:setup.py install is deprecated setup.py egg_info --egg-base ../../build/yyh_object build --build-base /home/yyh/ros2_ws/build/yyh_object/build install --record /home/yyh/ros2_ws/build/yyh_object/install.log --single-version-externally-managed install_data
[6.447s] Level 1:colcon.colcon_core.environment:checking '/home/yyh/ros2_ws/install/yolov5_ros2' for CMake module files
[6.448s] Level 1:colcon.colcon_core.environment:checking '/home/yyh/ros2_ws/install/yolov5_ros2' for CMake config files
[6.449s] Level 1:colcon.colcon_core.environment:checking '/home/yyh/ros2_ws/install/yolov5_ros2/lib'
[6.449s] Level 1:colcon.colcon_core.environment:checking '/home/yyh/ros2_ws/install/yolov5_ros2/bin'
[6.449s] Level 1:colcon.colcon_core.environment:checking '/home/yyh/ros2_ws/install/yolov5_ros2/lib/pkgconfig/yolov5_ros2.pc'
[6.449s] Level 1:colcon.colcon_core.environment:checking '/home/yyh/ros2_ws/install/yolov5_ros2/lib/python3.8/site-packages'
[6.449s] Level 1:colcon.colcon_core.shell:create_environment_hook('yolov5_ros2', 'pythonpath')
[6.449s] INFO:colcon.colcon_core.shell:Creating environment hook '/home/yyh/ros2_ws/install/yolov5_ros2/share/yolov5_ros2/hook/pythonpath.ps1'
[6.450s] INFO:colcon.colcon_core.shell:Creating environment descriptor '/home/yyh/ros2_ws/install/yolov5_ros2/share/yolov5_ros2/hook/pythonpath.dsv'
[6.450s] INFO:colcon.colcon_core.shell:Creating environment hook '/home/yyh/ros2_ws/install/yolov5_ros2/share/yolov5_ros2/hook/pythonpath.sh'
[6.451s] DEBUG:colcon.colcon_core.event_handler.log_command:Invoked command in '/home/yyh/ros2_ws/src/yolov5_ros2' returned '0': PYTHONPATH=/home/yyh/ros2_ws/build/yolov5_ros2/prefix_override:/usr/lib/python3/dist-packages/colcon_core/task/python/colcon_distutils_commands:/home/yyh/ros2_ws/install/yolov5_ros2/lib/python3.8/site-packages:${PYTHONPATH} /usr/bin/python3 -W ignore:setup.py install is deprecated setup.py egg_info --egg-base ../../build/yolov5_ros2 build --build-base /home/yyh/ros2_ws/build/yolov5_ros2/build install --record /home/yyh/ros2_ws/build/yolov5_ros2/install.log --single-version-externally-managed install_data
[6.451s] Level 1:colcon.colcon_core.environment:checking '/home/yyh/ros2_ws/install/yolov5_ros2/bin'
[6.451s] Level 1:colcon.colcon_core.environment:create_environment_scripts_only(yolov5_ros2)
[6.452s] INFO:colcon.colcon_core.shell:Creating package script '/home/yyh/ros2_ws/install/yolov5_ros2/share/yolov5_ros2/package.ps1'
[6.452s] INFO:colcon.colcon_core.shell:Creating package descriptor '/home/yyh/ros2_ws/install/yolov5_ros2/share/yolov5_ros2/package.dsv'
[6.453s] INFO:colcon.colcon_core.shell:Creating package script '/home/yyh/ros2_ws/install/yolov5_ros2/share/yolov5_ros2/package.sh'
[6.453s] INFO:colcon.colcon_core.shell:Creating package script '/home/yyh/ros2_ws/install/yolov5_ros2/share/yolov5_ros2/package.bash'
[6.453s] INFO:colcon.colcon_core.shell:Creating package script '/home/yyh/ros2_ws/install/yolov5_ros2/share/yolov5_ros2/package.zsh'
[6.454s] Level 1:colcon.colcon_core.environment:create_file_with_runtime_dependencies(/home/yyh/ros2_ws/install/yolov5_ros2/share/colcon-core/packages/yolov5_ros2)
[6.503s] Level 1:colcon.colcon_core.environment:checking '/home/yyh/ros2_ws/install/yyh_nav' for CMake module files
[6.503s] Level 1:colcon.colcon_core.environment:checking '/home/yyh/ros2_ws/install/yyh_nav' for CMake config files
[6.504s] Level 1:colcon.colcon_core.environment:checking '/home/yyh/ros2_ws/install/yyh_nav/lib'
[6.504s] Level 1:colcon.colcon_core.environment:checking '/home/yyh/ros2_ws/install/yyh_nav/bin'
[6.504s] Level 1:colcon.colcon_core.environment:checking '/home/yyh/ros2_ws/install/yyh_nav/lib/pkgconfig/yyh_nav.pc'
[6.504s] Level 1:colcon.colcon_core.environment:checking '/home/yyh/ros2_ws/install/yyh_nav/lib/python3.8/site-packages'
[6.504s] Level 1:colcon.colcon_core.shell:create_environment_hook('yyh_nav', 'pythonpath')
[6.504s] INFO:colcon.colcon_core.shell:Creating environment hook '/home/yyh/ros2_ws/install/yyh_nav/share/yyh_nav/hook/pythonpath.ps1'
[6.505s] INFO:colcon.colcon_core.shell:Creating environment descriptor '/home/yyh/ros2_ws/install/yyh_nav/share/yyh_nav/hook/pythonpath.dsv'
[6.506s] INFO:colcon.colcon_core.shell:Creating environment hook '/home/yyh/ros2_ws/install/yyh_nav/share/yyh_nav/hook/pythonpath.sh'
[6.506s] DEBUG:colcon.colcon_core.event_handler.log_command:Invoked command in '/home/yyh/ros2_ws/src/yyh_nav' returned '0': PYTHONPATH=/home/yyh/ros2_ws/build/yyh_nav/prefix_override:/usr/lib/python3/dist-packages/colcon_core/task/python/colcon_distutils_commands:/home/yyh/ros2_ws/install/yyh_nav/lib/python3.8/site-packages:${PYTHONPATH} /usr/bin/python3 -W ignore:setup.py install is deprecated setup.py egg_info --egg-base ../../build/yyh_nav build --build-base /home/yyh/ros2_ws/build/yyh_nav/build install --record /home/yyh/ros2_ws/build/yyh_nav/install.log --single-version-externally-managed install_data
[6.507s] Level 1:colcon.colcon_core.environment:checking '/home/yyh/ros2_ws/install/yyh_nav/bin'
[6.507s] Level 1:colcon.colcon_core.environment:create_environment_scripts_only(yyh_nav)
[6.507s] INFO:colcon.colcon_core.shell:Creating package script '/home/yyh/ros2_ws/install/yyh_nav/share/yyh_nav/package.ps1'
[6.508s] INFO:colcon.colcon_core.shell:Creating package descriptor '/home/yyh/ros2_ws/install/yyh_nav/share/yyh_nav/package.dsv'
[6.508s] INFO:colcon.colcon_core.shell:Creating package script '/home/yyh/ros2_ws/install/yyh_nav/share/yyh_nav/package.sh'
[6.509s] INFO:colcon.colcon_core.shell:Creating package script '/home/yyh/ros2_ws/install/yyh_nav/share/yyh_nav/package.bash'
[6.509s] INFO:colcon.colcon_core.shell:Creating package script '/home/yyh/ros2_ws/install/yyh_nav/share/yyh_nav/package.zsh'
[6.509s] Level 1:colcon.colcon_core.environment:create_file_with_runtime_dependencies(/home/yyh/ros2_ws/install/yyh_nav/share/colcon-core/packages/yyh_nav)
[7.094s] Level 1:colcon.colcon_core.environment:checking '/home/yyh/ros2_ws/install/yyh_object' for CMake module files
[7.094s] DEBUG:colcon.colcon_core.event_handler.log_command:Invoked command in '/home/yyh/ros2_ws/src/yyh_object' returned '0': PYTHONPATH=/home/yyh/ros2_ws/build/yyh_object/prefix_override:/usr/lib/python3/dist-packages/colcon_core/task/python/colcon_distutils_commands:/home/yyh/ros2_ws/install/yyh_object/lib/python3.8/site-packages:${PYTHONPATH} /usr/bin/python3 -W ignore:setup.py install is deprecated setup.py egg_info --egg-base ../../build/yyh_object build --build-base /home/yyh/ros2_ws/build/yyh_object/build install --record /home/yyh/ros2_ws/build/yyh_object/install.log --single-version-externally-managed install_data
[7.094s] Level 1:colcon.colcon_core.environment:checking '/home/yyh/ros2_ws/install/yyh_object' for CMake config files
[7.095s] Level 1:colcon.colcon_core.environment:checking '/home/yyh/ros2_ws/install/yyh_object/lib'
[7.095s] Level 1:colcon.colcon_core.environment:checking '/home/yyh/ros2_ws/install/yyh_object/bin'
[7.095s] Level 1:colcon.colcon_core.environment:checking '/home/yyh/ros2_ws/install/yyh_object/lib/pkgconfig/yyh_object.pc'
[7.095s] Level 1:colcon.colcon_core.environment:checking '/home/yyh/ros2_ws/install/yyh_object/lib/python3.8/site-packages'
[7.095s] Level 1:colcon.colcon_core.shell:create_environment_hook('yyh_object', 'pythonpath')
[7.095s] INFO:colcon.colcon_core.shell:Creating environment hook '/home/yyh/ros2_ws/install/yyh_object/share/yyh_object/hook/pythonpath.ps1'
[7.096s] INFO:colcon.colcon_core.shell:Creating environment descriptor '/home/yyh/ros2_ws/install/yyh_object/share/yyh_object/hook/pythonpath.dsv'
[7.096s] INFO:colcon.colcon_core.shell:Creating environment hook '/home/yyh/ros2_ws/install/yyh_object/share/yyh_object/hook/pythonpath.sh'
[7.096s] Level 1:colcon.colcon_core.environment:checking '/home/yyh/ros2_ws/install/yyh_object/bin'
[7.097s] Level 1:colcon.colcon_core.environment:create_environment_scripts_only(yyh_object)
[7.097s] INFO:colcon.colcon_core.shell:Creating package script '/home/yyh/ros2_ws/install/yyh_object/share/yyh_object/package.ps1'
[7.097s] INFO:colcon.colcon_core.shell:Creating package descriptor '/home/yyh/ros2_ws/install/yyh_object/share/yyh_object/package.dsv'
[7.097s] INFO:colcon.colcon_core.shell:Creating package script '/home/yyh/ros2_ws/install/yyh_object/share/yyh_object/package.sh'
[7.098s] INFO:colcon.colcon_core.shell:Creating package script '/home/yyh/ros2_ws/install/yyh_object/share/yyh_object/package.bash'
[7.098s] INFO:colcon.colcon_core.shell:Creating package script '/home/yyh/ros2_ws/install/yyh_object/share/yyh_object/package.zsh'
[7.098s] Level 1:colcon.colcon_core.environment:create_file_with_runtime_dependencies(/home/yyh/ros2_ws/install/yyh_object/share/colcon-core/packages/yyh_object)
[7.098s] DEBUG:colcon.colcon_parallel_executor.executor.parallel:closing loop
[7.098s] DEBUG:colcon.colcon_parallel_executor.executor.parallel:loop closed
[7.099s] DEBUG:colcon.colcon_parallel_executor.executor.parallel:run_until_complete finished with '0'
[7.099s] DEBUG:colcon.colcon_core.event_reactor:joining thread
[7.103s] INFO:colcon.colcon_core.plugin_system:Skipping extension 'colcon_notification.desktop_notification.terminal_notifier': Not used on non-Darwin systems
[7.103s] INFO:colcon.colcon_core.plugin_system:Skipping extension 'colcon_notification.desktop_notification.win32': Not used on non-Windows systems
[7.103s] INFO:colcon.colcon_notification.desktop_notification:Sending desktop notification using 'notify2'
[7.116s] DEBUG:colcon.colcon_core.event_reactor:joined thread
[7.116s] INFO:colcon.colcon_core.shell:Creating prefix script '/home/yyh/ros2_ws/install/local_setup.ps1'
[7.117s] INFO:colcon.colcon_core.shell:Creating prefix util module '/home/yyh/ros2_ws/install/_local_setup_util_ps1.py'
[7.119s] INFO:colcon.colcon_core.shell:Creating prefix chain script '/home/yyh/ros2_ws/install/setup.ps1'
[7.120s] INFO:colcon.colcon_core.shell:Creating prefix script '/home/yyh/ros2_ws/install/local_setup.sh'
[7.121s] INFO:colcon.colcon_core.shell:Creating prefix util module '/home/yyh/ros2_ws/install/_local_setup_util_sh.py'
[7.122s] INFO:colcon.colcon_core.shell:Creating prefix chain script '/home/yyh/ros2_ws/install/setup.sh'
[7.123s] INFO:colcon.colcon_core.shell:Creating prefix script '/home/yyh/ros2_ws/install/local_setup.bash'
[7.124s] INFO:colcon.colcon_core.shell:Creating prefix chain script '/home/yyh/ros2_ws/install/setup.bash'
[7.125s] INFO:colcon.colcon_core.shell:Creating prefix script '/home/yyh/ros2_ws/install/local_setup.zsh'
[7.125s] INFO:colcon.colcon_core.shell:Creating prefix chain script '/home/yyh/ros2_ws/install/setup.zsh'
