[1.488s] Invoking command in '/home/yyh/ros2_ws/src/yolov5_ros2': PYTHONPATH=/home/yyh/ros2_ws/build/yolov5_ros2/prefix_override:/usr/lib/python3/dist-packages/colcon_core/task/python/colcon_distutils_commands:/home/yyh/ros2_ws/install/yolov5_ros2/lib/python3.8/site-packages:${PYTHONPATH} /usr/bin/python3 -W ignore:setup.py install is deprecated setup.py egg_info --egg-base ../../build/yolov5_ros2 build --build-base /home/yyh/ros2_ws/build/yolov5_ros2/build install --record /home/yyh/ros2_ws/build/yolov5_ros2/install.log --single-version-externally-managed install_data
[2.007s] running egg_info
[2.024s] writing ../../build/yolov5_ros2/yolov5_ros2.egg-info/PKG-INFO
[2.024s] writing dependency_links to ../../build/yolov5_ros2/yolov5_ros2.egg-info/dependency_links.txt
[2.025s] writing entry points to ../../build/yolov5_ros2/yolov5_ros2.egg-info/entry_points.txt
[2.025s] writing requirements to ../../build/yolov5_ros2/yolov5_ros2.egg-info/requires.txt
[2.025s] writing top-level names to ../../build/yolov5_ros2/yolov5_ros2.egg-info/top_level.txt
[4.344s] reading manifest file '../../build/yolov5_ros2/yolov5_ros2.egg-info/SOURCES.txt'
[4.345s] writing manifest file '../../build/yolov5_ros2/yolov5_ros2.egg-info/SOURCES.txt'
[4.345s] running build
[4.346s] running build_py
[4.346s] running install
[4.353s] running install_lib
[4.368s] running install_data
[4.368s] running install_egg_info
[4.382s] removing '/home/yyh/ros2_ws/install/yolov5_ros2/lib/python3.8/site-packages/yolov5_ros2-0.0.0-py3.8.egg-info' (and everything under it)
[4.383s] Copying ../../build/yolov5_ros2/yolov5_ros2.egg-info to /home/yyh/ros2_ws/install/yolov5_ros2/lib/python3.8/site-packages/yolov5_ros2-0.0.0-py3.8.egg-info
[4.383s] running install_scripts
[4.445s] Installing yolo_detect_2d script to /home/yyh/ros2_ws/install/yolov5_ros2/lib/yolov5_ros2
[4.446s] writing list of installed files to '/home/yyh/ros2_ws/build/yolov5_ros2/install.log'
[4.495s] Invoked command in '/home/yyh/ros2_ws/src/yolov5_ros2' returned '0': PYTHONPATH=/home/yyh/ros2_ws/build/yolov5_ros2/prefix_override:/usr/lib/python3/dist-packages/colcon_core/task/python/colcon_distutils_commands:/home/yyh/ros2_ws/install/yolov5_ros2/lib/python3.8/site-packages:${PYTHONPATH} /usr/bin/python3 -W ignore:setup.py install is deprecated setup.py egg_info --egg-base ../../build/yolov5_ros2 build --build-base /home/yyh/ros2_ws/build/yolov5_ros2/build install --record /home/yyh/ros2_ws/build/yolov5_ros2/install.log --single-version-externally-managed install_data
