[1.606s] Invoking command in '/home/yyh/ros2_ws/src/yyh_nav': PYTHONPATH=/home/yyh/ros2_ws/build/yyh_nav/prefix_override:/usr/lib/python3/dist-packages/colcon_core/task/python/colcon_distutils_commands:/home/yyh/ros2_ws/install/yyh_nav/lib/python3.8/site-packages:${PYTHONPATH} /usr/bin/python3 -W ignore:setup.py install is deprecated setup.py egg_info --egg-base ../../build/yyh_nav build --build-base /home/yyh/ros2_ws/build/yyh_nav/build install --record /home/yyh/ros2_ws/build/yyh_nav/install.log --single-version-externally-managed install_data
[2.063s] running egg_info
[2.073s] writing ../../build/yyh_nav/yyh_nav.egg-info/PKG-INFO
[2.073s] writing dependency_links to ../../build/yyh_nav/yyh_nav.egg-info/dependency_links.txt
[2.074s] writing entry points to ../../build/yyh_nav/yyh_nav.egg-info/entry_points.txt
[2.074s] writing requirements to ../../build/yyh_nav/yyh_nav.egg-info/requires.txt
[2.074s] writing top-level names to ../../build/yyh_nav/yyh_nav.egg-info/top_level.txt
[4.595s] writing manifest file '../../build/yyh_nav/yyh_nav.egg-info/SOURCES.txt'
[4.596s] running build
[4.597s] running build_py
[4.598s] copying yyh_nav/tft265.py -> /home/yyh/ros2_ws/build/yyh_nav/build/lib/yyh_nav
[4.599s] running install
[4.608s] running install_lib
[4.626s] copying /home/yyh/ros2_ws/build/yyh_nav/build/lib/yyh_nav/tft265.py -> /home/yyh/ros2_ws/install/yyh_nav/lib/python3.8/site-packages/yyh_nav
[4.628s] byte-compiling /home/yyh/ros2_ws/install/yyh_nav/lib/python3.8/site-packages/yyh_nav/tft265.py to tft265.cpython-38.pyc
[4.632s] running install_data
[4.633s] running install_egg_info
[4.652s] removing '/home/yyh/ros2_ws/install/yyh_nav/lib/python3.8/site-packages/yyh_nav-0.0.0-py3.8.egg-info' (and everything under it)
[4.670s] Copying ../../build/yyh_nav/yyh_nav.egg-info to /home/yyh/ros2_ws/install/yyh_nav/lib/python3.8/site-packages/yyh_nav-0.0.0-py3.8.egg-info
[4.671s] running install_scripts
[4.739s] Installing t265_pose_test script to /home/yyh/ros2_ws/install/yyh_nav/lib/yyh_nav
[4.741s] Installing tft265 script to /home/yyh/ros2_ws/install/yyh_nav/lib/yyh_nav
[4.741s] writing list of installed files to '/home/yyh/ros2_ws/build/yyh_nav/install.log'
[4.804s] Invoked command in '/home/yyh/ros2_ws/src/yyh_nav' returned '0': PYTHONPATH=/home/yyh/ros2_ws/build/yyh_nav/prefix_override:/usr/lib/python3/dist-packages/colcon_core/task/python/colcon_distutils_commands:/home/yyh/ros2_ws/install/yyh_nav/lib/python3.8/site-packages:${PYTHONPATH} /usr/bin/python3 -W ignore:setup.py install is deprecated setup.py egg_info --egg-base ../../build/yyh_nav build --build-base /home/yyh/ros2_ws/build/yyh_nav/build install --record /home/yyh/ros2_ws/build/yyh_nav/install.log --single-version-externally-managed install_data
