[1.448s] Invoking command in '/home/yyh/ros2_ws/src/yyh_object': PYTHONPATH=/home/yyh/ros2_ws/build/yyh_object/prefix_override:/usr/lib/python3/dist-packages/colcon_core/task/python/colcon_distutils_commands:/home/yyh/ros2_ws/install/yyh_object/lib/python3.8/site-packages:${PYTHONPATH} /usr/bin/python3 -W ignore:setup.py install is deprecated setup.py egg_info --egg-base ../../build/yyh_object build --build-base /home/yyh/ros2_ws/build/yyh_object/build install --record /home/yyh/ros2_ws/build/yyh_object/install.log --single-version-externally-managed install_data
[1.820s] running egg_info
[1.830s] writing ../../build/yyh_object/yyh_object.egg-info/PKG-INFO
[1.830s] writing dependency_links to ../../build/yyh_object/yyh_object.egg-info/dependency_links.txt
[1.830s] writing entry points to ../../build/yyh_object/yyh_object.egg-info/entry_points.txt
[1.830s] writing requirements to ../../build/yyh_object/yyh_object.egg-info/requires.txt
[1.830s] writing top-level names to ../../build/yyh_object/yyh_object.egg-info/top_level.txt
[2.129s] writing manifest file '../../build/yyh_object/yyh_object.egg-info/SOURCES.txt'
[2.130s] running build
[2.130s] running build_py
[2.130s] copying yyh_object/image.py -> /home/yyh/ros2_ws/build/yyh_object/build/lib/yyh_object
[2.130s] running install
[2.134s] running install_lib
[2.149s] copying /home/yyh/ros2_ws/build/yyh_object/build/lib/yyh_object/image.py -> /home/yyh/ros2_ws/install/yyh_object/lib/python3.8/site-packages/yyh_object
[2.150s] byte-compiling /home/yyh/ros2_ws/install/yyh_object/lib/python3.8/site-packages/yyh_object/image.py to image.cpython-38.pyc
[2.152s] running install_data
[2.152s] running install_egg_info
[2.164s] removing '/home/yyh/ros2_ws/install/yyh_object/lib/python3.8/site-packages/yyh_object-0.0.0-py3.8.egg-info' (and everything under it)
[2.165s] Copying ../../build/yyh_object/yyh_object.egg-info to /home/yyh/ros2_ws/install/yyh_object/lib/python3.8/site-packages/yyh_object-0.0.0-py3.8.egg-info
[2.165s] running install_scripts
[2.206s] Installing image script to /home/yyh/ros2_ws/install/yyh_object/lib/yyh_object
[2.206s] Installing usb_pub script to /home/yyh/ros2_ws/install/yyh_object/lib/yyh_object
[2.206s] writing list of installed files to '/home/yyh/ros2_ws/build/yyh_object/install.log'
[2.245s] Invoked command in '/home/yyh/ros2_ws/src/yyh_object' returned '0': PYTHONPATH=/home/yyh/ros2_ws/build/yyh_object/prefix_override:/usr/lib/python3/dist-packages/colcon_core/task/python/colcon_distutils_commands:/home/yyh/ros2_ws/install/yyh_object/lib/python3.8/site-packages:${PYTHONPATH} /usr/bin/python3 -W ignore:setup.py install is deprecated setup.py egg_info --egg-base ../../build/yyh_object build --build-base /home/yyh/ros2_ws/build/yyh_object/build install --record /home/yyh/ros2_ws/build/yyh_object/install.log --single-version-externally-managed install_data
