[1.186s] Invoking command in '/home/yyh/ros2_ws/src/yyh_nav': PYTHONPATH=/home/yyh/ros2_ws/build/yyh_nav/prefix_override:/usr/lib/python3/dist-packages/colcon_core/task/python/colcon_distutils_commands:/home/yyh/ros2_ws/install/yyh_nav/lib/python3.8/site-packages:${PYTHONPATH} /usr/bin/python3 -W ignore:setup.py install is deprecated setup.py egg_info --egg-base ../../build/yyh_nav build --build-base /home/yyh/ros2_ws/build/yyh_nav/build install --record /home/yyh/ros2_ws/build/yyh_nav/install.log --install-scripts $base/lib/yyh_nav --single-version-externally-managed install_data
[1.459s] running egg_info
[1.459s] writing ../../build/yyh_nav/yyh_nav.egg-info/PKG-INFO
[1.460s] writing dependency_links to ../../build/yyh_nav/yyh_nav.egg-info/dependency_links.txt
[1.460s] writing entry points to ../../build/yyh_nav/yyh_nav.egg-info/entry_points.txt
[1.460s] writing requirements to ../../build/yyh_nav/yyh_nav.egg-info/requires.txt
[1.460s] writing top-level names to ../../build/yyh_nav/yyh_nav.egg-info/top_level.txt
[1.505s] reading manifest file '../../build/yyh_nav/yyh_nav.egg-info/SOURCES.txt'
[1.506s] writing manifest file '../../build/yyh_nav/yyh_nav.egg-info/SOURCES.txt'
[1.506s] running build
[1.506s] running build_py
[1.506s] copying yyh_nav/tft265.py -> /home/yyh/ros2_ws/build/yyh_nav/build/lib/yyh_nav
[1.506s] running install
[1.508s] running install_lib
[1.509s] copying /home/yyh/ros2_ws/build/yyh_nav/build/lib/yyh_nav/tft265.py -> /home/yyh/ros2_ws/install/yyh_nav/lib/python3.8/site-packages/yyh_nav
[1.510s] byte-compiling /home/yyh/ros2_ws/install/yyh_nav/lib/python3.8/site-packages/yyh_nav/tft265.py to tft265.cpython-38.pyc
[1.512s] running install_data
[1.512s] running install_egg_info
[1.514s] removing '/home/yyh/ros2_ws/install/yyh_nav/lib/python3.8/site-packages/yyh_nav-0.0.0-py3.8.egg-info' (and everything under it)
[1.516s] Copying ../../build/yyh_nav/yyh_nav.egg-info to /home/yyh/ros2_ws/install/yyh_nav/lib/python3.8/site-packages/yyh_nav-0.0.0-py3.8.egg-info
[1.516s] running install_scripts
[1.542s] Installing tft265 script to /home/yyh/ros2_ws/install/yyh_nav/lib/yyh_nav
[1.542s] writing list of installed files to '/home/yyh/ros2_ws/build/yyh_nav/install.log'
[1.590s] Invoked command in '/home/yyh/ros2_ws/src/yyh_nav' returned '0': PYTHONPATH=/home/yyh/ros2_ws/build/yyh_nav/prefix_override:/usr/lib/python3/dist-packages/colcon_core/task/python/colcon_distutils_commands:/home/yyh/ros2_ws/install/yyh_nav/lib/python3.8/site-packages:${PYTHONPATH} /usr/bin/python3 -W ignore:setup.py install is deprecated setup.py egg_info --egg-base ../../build/yyh_nav build --build-base /home/yyh/ros2_ws/build/yyh_nav/build install --record /home/yyh/ros2_ws/build/yyh_nav/install.log --install-scripts $base/lib/yyh_nav --single-version-externally-managed install_data
