[1.368s] Invoking command in '/home/yyh/ros2_ws/src/yyh_object': PYTHONPATH=/home/yyh/ros2_ws/build/yyh_object/prefix_override:/usr/lib/python3/dist-packages/colcon_core/task/python/colcon_distutils_commands:/home/yyh/ros2_ws/install/yyh_object/lib/python3.8/site-packages:${PYTHONPATH} /usr/bin/python3 -W ignore:setup.py install is deprecated setup.py egg_info --egg-base ../../build/yyh_object build --build-base /home/yyh/ros2_ws/build/yyh_object/build install --record /home/yyh/ros2_ws/build/yyh_object/install.log --single-version-externally-managed install_data
[1.735s] running egg_info
[1.745s] writing ../../build/yyh_object/yyh_object.egg-info/PKG-INFO
[1.745s] writing dependency_links to ../../build/yyh_object/yyh_object.egg-info/dependency_links.txt
[1.746s] writing entry points to ../../build/yyh_object/yyh_object.egg-info/entry_points.txt
[1.747s] writing requirements to ../../build/yyh_object/yyh_object.egg-info/requires.txt
[1.747s] writing top-level names to ../../build/yyh_object/yyh_object.egg-info/top_level.txt
[2.060s] writing manifest file '../../build/yyh_object/yyh_object.egg-info/SOURCES.txt'
[2.060s] running build
[2.060s] running build_py
[2.060s] copying yyh_object/camera.py -> /home/yyh/ros2_ws/build/yyh_object/build/lib/yyh_object
[2.061s] running install
[2.065s] running install_lib
[2.076s] copying /home/yyh/ros2_ws/build/yyh_object/build/lib/yyh_object/camera.py -> /home/yyh/ros2_ws/install/yyh_object/lib/python3.8/site-packages/yyh_object
[2.077s] byte-compiling /home/yyh/ros2_ws/install/yyh_object/lib/python3.8/site-packages/yyh_object/camera.py to camera.cpython-38.pyc
[2.079s] running install_data
[2.079s] running install_egg_info
[2.089s] removing '/home/yyh/ros2_ws/install/yyh_object/lib/python3.8/site-packages/yyh_object-0.0.0-py3.8.egg-info' (and everything under it)
[2.089s] Copying ../../build/yyh_object/yyh_object.egg-info to /home/yyh/ros2_ws/install/yyh_object/lib/python3.8/site-packages/yyh_object-0.0.0-py3.8.egg-info
[2.089s] running install_scripts
[2.133s] Installing camera script to /home/yyh/ros2_ws/install/yyh_object/lib/yyh_object
[2.133s] Installing image script to /home/yyh/ros2_ws/install/yyh_object/lib/yyh_object
[2.134s] Installing usb_pub script to /home/yyh/ros2_ws/install/yyh_object/lib/yyh_object
[2.134s] writing list of installed files to '/home/yyh/ros2_ws/build/yyh_object/install.log'
[2.172s] Invoked command in '/home/yyh/ros2_ws/src/yyh_object' returned '0': PYTHONPATH=/home/yyh/ros2_ws/build/yyh_object/prefix_override:/usr/lib/python3/dist-packages/colcon_core/task/python/colcon_distutils_commands:/home/yyh/ros2_ws/install/yyh_object/lib/python3.8/site-packages:${PYTHONPATH} /usr/bin/python3 -W ignore:setup.py install is deprecated setup.py egg_info --egg-base ../../build/yyh_object build --build-base /home/yyh/ros2_ws/build/yyh_object/build install --record /home/yyh/ros2_ws/build/yyh_object/install.log --single-version-externally-managed install_data
