[2.608s] Invoking command in '/home/yyh/ros2_ws/src/yyh_nav': PYTHONPATH=/home/yyh/ros2_ws/build/yyh_nav/prefix_override:/usr/lib/python3/dist-packages/colcon_core/task/python/colcon_distutils_commands:/home/yyh/ros2_ws/install/yyh_nav/lib/python3.8/site-packages:${PYTHONPATH} /usr/bin/python3 -W ignore:setup.py install is deprecated setup.py egg_info --egg-base ../../build/yyh_nav build --build-base /home/yyh/ros2_ws/build/yyh_nav/build install --record /home/yyh/ros2_ws/build/yyh_nav/install.log --single-version-externally-managed install_data
[3.155s] running egg_info
[3.172s] writing ../../build/yyh_nav/yyh_nav.egg-info/PKG-INFO
[3.173s] writing dependency_links to ../../build/yyh_nav/yyh_nav.egg-info/dependency_links.txt
[3.173s] writing entry points to ../../build/yyh_nav/yyh_nav.egg-info/entry_points.txt
[3.173s] writing requirements to ../../build/yyh_nav/yyh_nav.egg-info/requires.txt
[3.173s] writing top-level names to ../../build/yyh_nav/yyh_nav.egg-info/top_level.txt
[6.105s] writing manifest file '../../build/yyh_nav/yyh_nav.egg-info/SOURCES.txt'
[6.105s] running build
[6.105s] running build_py
[6.105s] copying yyh_nav/t265_pose_test.py -> /home/yyh/ros2_ws/build/yyh_nav/build/lib/yyh_nav
[6.105s] running install
[6.111s] running install_lib
[6.127s] copying /home/yyh/ros2_ws/build/yyh_nav/build/lib/yyh_nav/t265_pose_test.py -> /home/yyh/ros2_ws/install/yyh_nav/lib/python3.8/site-packages/yyh_nav
[6.127s] byte-compiling /home/yyh/ros2_ws/install/yyh_nav/lib/python3.8/site-packages/yyh_nav/t265_pose_test.py to t265_pose_test.cpython-38.pyc
[6.128s] running install_data
[6.128s] running install_egg_info
[6.149s] removing '/home/yyh/ros2_ws/install/yyh_nav/lib/python3.8/site-packages/yyh_nav-0.0.0-py3.8.egg-info' (and everything under it)
[6.149s] Copying ../../build/yyh_nav/yyh_nav.egg-info to /home/yyh/ros2_ws/install/yyh_nav/lib/python3.8/site-packages/yyh_nav-0.0.0-py3.8.egg-info
[6.149s] running install_scripts
[6.201s] Installing t265_pose_test script to /home/yyh/ros2_ws/install/yyh_nav/lib/yyh_nav
[6.201s] Installing tft265 script to /home/yyh/ros2_ws/install/yyh_nav/lib/yyh_nav
[6.201s] writing list of installed files to '/home/yyh/ros2_ws/build/yyh_nav/install.log'
[6.263s] Invoked command in '/home/yyh/ros2_ws/src/yyh_nav' returned '0': PYTHONPATH=/home/yyh/ros2_ws/build/yyh_nav/prefix_override:/usr/lib/python3/dist-packages/colcon_core/task/python/colcon_distutils_commands:/home/yyh/ros2_ws/install/yyh_nav/lib/python3.8/site-packages:${PYTHONPATH} /usr/bin/python3 -W ignore:setup.py install is deprecated setup.py egg_info --egg-base ../../build/yyh_nav build --build-base /home/yyh/ros2_ws/build/yyh_nav/build install --record /home/yyh/ros2_ws/build/yyh_nav/install.log --single-version-externally-managed install_data
