[1.840s] Invoking command in '/home/yyh/ros2_ws/src/yyh_object': PYTHONPATH=/home/yyh/ros2_ws/build/yyh_object/prefix_override:/usr/lib/python3/dist-packages/colcon_core/task/python/colcon_distutils_commands:/home/yyh/ros2_ws/install/yyh_object/lib/python3.8/site-packages:${PYTHONPATH} /usr/bin/python3 -W ignore:setup.py install is deprecated setup.py egg_info --egg-base ../../build/yyh_object build --build-base /home/yyh/ros2_ws/build/yyh_object/build install --record /home/yyh/ros2_ws/build/yyh_object/install.log --single-version-externally-managed install_data
[2.350s] running egg_info
[2.363s] writing ../../build/yyh_object/yyh_object.egg-info/PKG-INFO
[2.363s] writing dependency_links to ../../build/yyh_object/yyh_object.egg-info/dependency_links.txt
[2.363s] writing entry points to ../../build/yyh_object/yyh_object.egg-info/entry_points.txt
[2.363s] writing requirements to ../../build/yyh_object/yyh_object.egg-info/requires.txt
[2.363s] writing top-level names to ../../build/yyh_object/yyh_object.egg-info/top_level.txt
[2.771s] writing manifest file '../../build/yyh_object/yyh_object.egg-info/SOURCES.txt'
[2.771s] running build
[2.771s] running build_py
[2.771s] copying yyh_object/Image.py -> /home/yyh/ros2_ws/build/yyh_object/build/lib/yyh_object
[2.771s] running install
[2.776s] running install_lib
[2.789s] copying /home/yyh/ros2_ws/build/yyh_object/build/lib/yyh_object/Image.py -> /home/yyh/ros2_ws/install/yyh_object/lib/python3.8/site-packages/yyh_object
[2.790s] byte-compiling /home/yyh/ros2_ws/install/yyh_object/lib/python3.8/site-packages/yyh_object/Image.py to Image.cpython-38.pyc
[2.793s] running install_data
[2.793s] running install_egg_info
[2.805s] removing '/home/yyh/ros2_ws/install/yyh_object/lib/python3.8/site-packages/yyh_object-0.0.0-py3.8.egg-info' (and everything under it)
[2.805s] Copying ../../build/yyh_object/yyh_object.egg-info to /home/yyh/ros2_ws/install/yyh_object/lib/python3.8/site-packages/yyh_object-0.0.0-py3.8.egg-info
[2.806s] running install_scripts
[2.854s] Installing Image script to /home/yyh/ros2_ws/install/yyh_object/lib/yyh_object
[2.855s] Installing usb_pub script to /home/yyh/ros2_ws/install/yyh_object/lib/yyh_object
[2.855s] writing list of installed files to '/home/yyh/ros2_ws/build/yyh_object/install.log'
[2.897s] Invoked command in '/home/yyh/ros2_ws/src/yyh_object' returned '0': PYTHONPATH=/home/yyh/ros2_ws/build/yyh_object/prefix_override:/usr/lib/python3/dist-packages/colcon_core/task/python/colcon_distutils_commands:/home/yyh/ros2_ws/install/yyh_object/lib/python3.8/site-packages:${PYTHONPATH} /usr/bin/python3 -W ignore:setup.py install is deprecated setup.py egg_info --egg-base ../../build/yyh_object build --build-base /home/yyh/ros2_ws/build/yyh_object/build install --record /home/yyh/ros2_ws/build/yyh_object/install.log --single-version-externally-managed install_data
