[0.137s] Invoking command in '/home/yyh/ros2_ws/build/learning_interface': CMAKE_PREFIX_PATH=${CMAKE_PREFIX_PATH}:/home/yyh/ros2_ws/install/yyh_object:/home/yyh/ros2_ws/install/yyh_nav:/home/yyh/ros2_ws/install/yyh_launch:/home/yyh/ros2_ws/install/yolov5_ros2:/opt/ros/foxy /usr/bin/cmake --build /home/yyh/ros2_ws/build/learning_interface -- -j4 -l4
[1.410s] [  1%] Built target learning_interface__cpp
[1.410s] [ 12%] Built target learning_interface__rosidl_generator_c
[1.410s] [ 23%] Built target learning_interface__rosidl_typesupport_introspection_cpp
[1.410s] [ 35%] Built target learning_interface__rosidl_typesupport_introspection_c
[1.410s] [ 46%] Built target learning_interface__rosidl_typesupport_c
[1.410s] [ 57%] Built target learning_interface__rosidl_typesupport_fastrtps_cpp
[1.410s] [ 69%] Built target learning_interface__rosidl_typesupport_cpp
[1.410s] [ 80%] Built target learning_interface__rosidl_typesupport_fastrtps_c
[1.410s] [ 80%] Built target learning_interface
[1.410s] [ 81%] Built target learning_interface__py
[1.542s] [ 91%] Built target learning_interface__python
[1.686s] [ 94%] Built target learning_interface__rosidl_typesupport_c__pyext
[1.788s] [ 97%] Built target learning_interface__rosidl_typesupport_fastrtps_c__pyext
[1.887s] [100%] Built target learning_interface__rosidl_typesupport_introspection_c__pyext
[2.478s] Invoked command in '/home/yyh/ros2_ws/build/learning_interface' returned '0': CMAKE_PREFIX_PATH=${CMAKE_PREFIX_PATH}:/home/yyh/ros2_ws/install/yyh_object:/home/yyh/ros2_ws/install/yyh_nav:/home/yyh/ros2_ws/install/yyh_launch:/home/yyh/ros2_ws/install/yolov5_ros2:/opt/ros/foxy /usr/bin/cmake --build /home/yyh/ros2_ws/build/learning_interface -- -j4 -l4
[4.427s] Invoking command in '/home/yyh/ros2_ws/build/learning_interface': CMAKE_PREFIX_PATH=${CMAKE_PREFIX_PATH}:/home/yyh/ros2_ws/install/yyh_object:/home/yyh/ros2_ws/install/yyh_nav:/home/yyh/ros2_ws/install/yyh_launch:/home/yyh/ros2_ws/install/yolov5_ros2:/opt/ros/foxy /usr/bin/cmake --install /home/yyh/ros2_ws/build/learning_interface
[4.480s] -- Install configuration: ""
[4.481s] -- Up-to-date: /home/yyh/ros2_ws/install/learning_interface/share/ament_index/resource_index/rosidl_interfaces/learning_interface
[4.481s] -- Up-to-date: /home/yyh/ros2_ws/install/learning_interface/include/learning_interface
[4.482s] -- Up-to-date: /home/yyh/ros2_ws/install/learning_interface/include/learning_interface/msg
[4.482s] -- Up-to-date: /home/yyh/ros2_ws/install/learning_interface/include/learning_interface/msg/object_position.h
[4.482s] -- Up-to-date: /home/yyh/ros2_ws/install/learning_interface/include/learning_interface/msg/rosidl_generator_c__visibility_control.h
[4.482s] -- Up-to-date: /home/yyh/ros2_ws/install/learning_interface/include/learning_interface/msg/detail
[4.482s] -- Up-to-date: /home/yyh/ros2_ws/install/learning_interface/include/learning_interface/msg/detail/my_state__type_support.h
[4.483s] -- Up-to-date: /home/yyh/ros2_ws/install/learning_interface/include/learning_interface/msg/detail/object_position__struct.h
[4.483s] -- Up-to-date: /home/yyh/ros2_ws/install/learning_interface/include/learning_interface/msg/detail/object_position__functions.c
[4.483s] -- Up-to-date: /home/yyh/ros2_ws/install/learning_interface/include/learning_interface/msg/detail/stm32__functions.c
[4.483s] -- Up-to-date: /home/yyh/ros2_ws/install/learning_interface/include/learning_interface/msg/detail/object_position__functions.h
[4.483s] -- Up-to-date: /home/yyh/ros2_ws/install/learning_interface/include/learning_interface/msg/detail/stm32__type_support.h
[4.485s] -- Up-to-date: /home/yyh/ros2_ws/install/learning_interface/include/learning_interface/msg/detail/object_position__type_support.h
[4.485s] -- Up-to-date: /home/yyh/ros2_ws/install/learning_interface/include/learning_interface/msg/detail/my_state__struct.h
[4.485s] -- Up-to-date: /home/yyh/ros2_ws/install/learning_interface/include/learning_interface/msg/detail/my_state__functions.c
[4.485s] -- Up-to-date: /home/yyh/ros2_ws/install/learning_interface/include/learning_interface/msg/detail/stm32__struct.h
[4.485s] -- Up-to-date: /home/yyh/ros2_ws/install/learning_interface/include/learning_interface/msg/detail/stm32__functions.h
[4.486s] -- Up-to-date: /home/yyh/ros2_ws/install/learning_interface/include/learning_interface/msg/detail/my_state__functions.h
[4.486s] -- Up-to-date: /home/yyh/ros2_ws/install/learning_interface/include/learning_interface/msg/stm32.h
[4.486s] -- Up-to-date: /home/yyh/ros2_ws/install/learning_interface/include/learning_interface/msg/my_state.h
[4.486s] -- Up-to-date: /home/yyh/ros2_ws/install/learning_interface/include/learning_interface/action
[4.486s] -- Up-to-date: /home/yyh/ros2_ws/install/learning_interface/include/learning_interface/action/detail
[4.487s] -- Up-to-date: /home/yyh/ros2_ws/install/learning_interface/include/learning_interface/action/detail/move_circle__type_support.h
[4.487s] -- Up-to-date: /home/yyh/ros2_ws/install/learning_interface/include/learning_interface/action/detail/move_circle__functions.c
[4.487s] -- Up-to-date: /home/yyh/ros2_ws/install/learning_interface/include/learning_interface/action/detail/move_circle__struct.h
[4.487s] -- Up-to-date: /home/yyh/ros2_ws/install/learning_interface/include/learning_interface/action/detail/move_circle__functions.h
[4.487s] -- Up-to-date: /home/yyh/ros2_ws/install/learning_interface/include/learning_interface/action/move_circle.h
[4.487s] -- Up-to-date: /home/yyh/ros2_ws/install/learning_interface/include/learning_interface/srv
[4.487s] -- Up-to-date: /home/yyh/ros2_ws/install/learning_interface/include/learning_interface/srv/add_two_ints.h
[4.488s] -- Up-to-date: /home/yyh/ros2_ws/install/learning_interface/include/learning_interface/srv/detail
[4.488s] -- Up-to-date: /home/yyh/ros2_ws/install/learning_interface/include/learning_interface/srv/detail/get_object_position__struct.h
[4.488s] -- Up-to-date: /home/yyh/ros2_ws/install/learning_interface/include/learning_interface/srv/detail/add_two_ints__functions.c
[4.488s] -- Up-to-date: /home/yyh/ros2_ws/install/learning_interface/include/learning_interface/srv/detail/add_two_ints__functions.h
[4.488s] -- Up-to-date: /home/yyh/ros2_ws/install/learning_interface/include/learning_interface/srv/detail/get_object_position__type_support.h
[4.488s] -- Up-to-date: /home/yyh/ros2_ws/install/learning_interface/include/learning_interface/srv/detail/add_two_ints__type_support.h
[4.488s] -- Up-to-date: /home/yyh/ros2_ws/install/learning_interface/include/learning_interface/srv/detail/get_object_position__functions.c
[4.489s] -- Up-to-date: /home/yyh/ros2_ws/install/learning_interface/include/learning_interface/srv/detail/get_object_position__functions.h
[4.489s] -- Up-to-date: /home/yyh/ros2_ws/install/learning_interface/include/learning_interface/srv/detail/add_two_ints__struct.h
[4.489s] -- Up-to-date: /home/yyh/ros2_ws/install/learning_interface/include/learning_interface/srv/get_object_position.h
[4.489s] -- Up-to-date: /home/yyh/ros2_ws/install/learning_interface/share/learning_interface/environment/library_path.sh
[4.489s] -- Up-to-date: /home/yyh/ros2_ws/install/learning_interface/share/learning_interface/environment/library_path.dsv
[4.491s] -- Up-to-date: /home/yyh/ros2_ws/install/learning_interface/lib/liblearning_interface__rosidl_generator_c.so
[4.493s] -- Up-to-date: /home/yyh/ros2_ws/install/learning_interface/include/learning_interface
[4.494s] -- Up-to-date: /home/yyh/ros2_ws/install/learning_interface/include/learning_interface/msg
[4.494s] -- Up-to-date: /home/yyh/ros2_ws/install/learning_interface/include/learning_interface/msg/rosidl_typesupport_fastrtps_c__visibility_control.h
[4.494s] -- Up-to-date: /home/yyh/ros2_ws/install/learning_interface/include/learning_interface/msg/detail
[4.494s] -- Up-to-date: /home/yyh/ros2_ws/install/learning_interface/include/learning_interface/msg/detail/my_state__rosidl_typesupport_fastrtps_c.h
[4.494s] -- Up-to-date: /home/yyh/ros2_ws/install/learning_interface/include/learning_interface/msg/detail/stm32__rosidl_typesupport_fastrtps_c.h
[4.494s] -- Up-to-date: /home/yyh/ros2_ws/install/learning_interface/include/learning_interface/msg/detail/object_position__rosidl_typesupport_fastrtps_c.h
[4.494s] -- Up-to-date: /home/yyh/ros2_ws/install/learning_interface/include/learning_interface/action
[4.495s] -- Up-to-date: /home/yyh/ros2_ws/install/learning_interface/include/learning_interface/action/detail
[4.495s] -- Up-to-date: /home/yyh/ros2_ws/install/learning_interface/include/learning_interface/action/detail/move_circle__rosidl_typesupport_fastrtps_c.h
[4.495s] -- Up-to-date: /home/yyh/ros2_ws/install/learning_interface/include/learning_interface/srv
[4.495s] -- Up-to-date: /home/yyh/ros2_ws/install/learning_interface/include/learning_interface/srv/detail
[4.495s] -- Up-to-date: /home/yyh/ros2_ws/install/learning_interface/include/learning_interface/srv/detail/add_two_ints__rosidl_typesupport_fastrtps_c.h
[4.495s] -- Up-to-date: /home/yyh/ros2_ws/install/learning_interface/include/learning_interface/srv/detail/get_object_position__rosidl_typesupport_fastrtps_c.h
[4.496s] -- Up-to-date: /home/yyh/ros2_ws/install/learning_interface/lib/liblearning_interface__rosidl_typesupport_fastrtps_c.so
[4.497s] -- Up-to-date: /home/yyh/ros2_ws/install/learning_interface/include/learning_interface
[4.497s] -- Up-to-date: /home/yyh/ros2_ws/install/learning_interface/include/learning_interface/msg
[4.498s] -- Up-to-date: /home/yyh/ros2_ws/install/learning_interface/include/learning_interface/msg/detail
[4.498s] -- Up-to-date: /home/yyh/ros2_ws/install/learning_interface/include/learning_interface/msg/detail/object_position__rosidl_typesupport_fastrtps_cpp.hpp
[4.498s] -- Up-to-date: /home/yyh/ros2_ws/install/learning_interface/include/learning_interface/msg/detail/my_state__rosidl_typesupport_fastrtps_cpp.hpp
[4.498s] -- Up-to-date: /home/yyh/ros2_ws/install/learning_interface/include/learning_interface/msg/detail/dds_fastrtps
[4.498s] -- Up-to-date: /home/yyh/ros2_ws/install/learning_interface/include/learning_interface/msg/detail/stm32__rosidl_typesupport_fastrtps_cpp.hpp
[4.499s] -- Up-to-date: /home/yyh/ros2_ws/install/learning_interface/include/learning_interface/msg/rosidl_typesupport_fastrtps_cpp__visibility_control.h
[4.499s] -- Up-to-date: /home/yyh/ros2_ws/install/learning_interface/include/learning_interface/action
[4.499s] -- Up-to-date: /home/yyh/ros2_ws/install/learning_interface/include/learning_interface/action/detail
[4.499s] -- Up-to-date: /home/yyh/ros2_ws/install/learning_interface/include/learning_interface/action/detail/move_circle__rosidl_typesupport_fastrtps_cpp.hpp
[4.499s] -- Up-to-date: /home/yyh/ros2_ws/install/learning_interface/include/learning_interface/action/detail/dds_fastrtps
[4.499s] -- Up-to-date: /home/yyh/ros2_ws/install/learning_interface/include/learning_interface/srv
[4.501s] -- Up-to-date: /home/yyh/ros2_ws/install/learning_interface/include/learning_interface/srv/detail
[4.501s] -- Up-to-date: /home/yyh/ros2_ws/install/learning_interface/include/learning_interface/srv/detail/get_object_position__rosidl_typesupport_fastrtps_cpp.hpp
[4.501s] -- Up-to-date: /home/yyh/ros2_ws/install/learning_interface/include/learning_interface/srv/detail/dds_fastrtps
[4.502s] -- Up-to-date: /home/yyh/ros2_ws/install/learning_interface/include/learning_interface/srv/detail/add_two_ints__rosidl_typesupport_fastrtps_cpp.hpp
[4.502s] -- Up-to-date: /home/yyh/ros2_ws/install/learning_interface/lib/liblearning_interface__rosidl_typesupport_fastrtps_cpp.so
[4.503s] -- Up-to-date: /home/yyh/ros2_ws/install/learning_interface/include/learning_interface
[4.505s] -- Up-to-date: /home/yyh/ros2_ws/install/learning_interface/include/learning_interface/msg
[4.507s] -- Up-to-date: /home/yyh/ros2_ws/install/learning_interface/include/learning_interface/msg/rosidl_typesupport_introspection_c__visibility_control.h
[4.507s] -- Up-to-date: /home/yyh/ros2_ws/install/learning_interface/include/learning_interface/msg/detail
[4.507s] -- Up-to-date: /home/yyh/ros2_ws/install/learning_interface/include/learning_interface/msg/detail/object_position__rosidl_typesupport_introspection_c.h
[4.507s] -- Up-to-date: /home/yyh/ros2_ws/install/learning_interface/include/learning_interface/msg/detail/my_state__rosidl_typesupport_introspection_c.h
[4.507s] -- Up-to-date: /home/yyh/ros2_ws/install/learning_interface/include/learning_interface/msg/detail/stm32__type_support.c
[4.508s] -- Up-to-date: /home/yyh/ros2_ws/install/learning_interface/include/learning_interface/msg/detail/object_position__type_support.c
[4.508s] -- Up-to-date: /home/yyh/ros2_ws/install/learning_interface/include/learning_interface/msg/detail/stm32__rosidl_typesupport_introspection_c.h
[4.508s] -- Up-to-date: /home/yyh/ros2_ws/install/learning_interface/include/learning_interface/msg/detail/my_state__type_support.c
[4.508s] -- Up-to-date: /home/yyh/ros2_ws/install/learning_interface/include/learning_interface/action
[4.508s] -- Up-to-date: /home/yyh/ros2_ws/install/learning_interface/include/learning_interface/action/detail
[4.508s] -- Up-to-date: /home/yyh/ros2_ws/install/learning_interface/include/learning_interface/action/detail/move_circle__type_support.c
[4.509s] -- Up-to-date: /home/yyh/ros2_ws/install/learning_interface/include/learning_interface/action/detail/move_circle__rosidl_typesupport_introspection_c.h
[4.509s] -- Up-to-date: /home/yyh/ros2_ws/install/learning_interface/include/learning_interface/srv
[4.509s] -- Up-to-date: /home/yyh/ros2_ws/install/learning_interface/include/learning_interface/srv/detail
[4.509s] -- Up-to-date: /home/yyh/ros2_ws/install/learning_interface/include/learning_interface/srv/detail/add_two_ints__rosidl_typesupport_introspection_c.h
[4.510s] -- Up-to-date: /home/yyh/ros2_ws/install/learning_interface/include/learning_interface/srv/detail/add_two_ints__type_support.c
[4.510s] -- Up-to-date: /home/yyh/ros2_ws/install/learning_interface/include/learning_interface/srv/detail/get_object_position__rosidl_typesupport_introspection_c.h
[4.510s] -- Up-to-date: /home/yyh/ros2_ws/install/learning_interface/include/learning_interface/srv/detail/get_object_position__type_support.c
[4.511s] -- Up-to-date: /home/yyh/ros2_ws/install/learning_interface/lib/liblearning_interface__rosidl_typesupport_introspection_c.so
[4.512s] -- Up-to-date: /home/yyh/ros2_ws/install/learning_interface/lib/liblearning_interface__rosidl_typesupport_c.so
[4.513s] -- Up-to-date: /home/yyh/ros2_ws/install/learning_interface/include/learning_interface
[4.515s] -- Up-to-date: /home/yyh/ros2_ws/install/learning_interface/include/learning_interface/msg
[4.515s] -- Up-to-date: /home/yyh/ros2_ws/install/learning_interface/include/learning_interface/msg/detail
[4.516s] -- Up-to-date: /home/yyh/ros2_ws/install/learning_interface/include/learning_interface/msg/detail/object_position__traits.hpp
[4.516s] -- Up-to-date: /home/yyh/ros2_ws/install/learning_interface/include/learning_interface/msg/detail/stm32__type_support.hpp
[4.516s] -- Up-to-date: /home/yyh/ros2_ws/install/learning_interface/include/learning_interface/msg/detail/stm32__struct.hpp
[4.516s] -- Up-to-date: /home/yyh/ros2_ws/install/learning_interface/include/learning_interface/msg/detail/object_position__builder.hpp
[4.516s] -- Up-to-date: /home/yyh/ros2_ws/install/learning_interface/include/learning_interface/msg/detail/my_state__builder.hpp
[4.516s] -- Up-to-date: /home/yyh/ros2_ws/install/learning_interface/include/learning_interface/msg/detail/object_position__struct.hpp
[4.516s] -- Up-to-date: /home/yyh/ros2_ws/install/learning_interface/include/learning_interface/msg/detail/object_position__type_support.hpp
[4.516s] -- Up-to-date: /home/yyh/ros2_ws/install/learning_interface/include/learning_interface/msg/detail/my_state__traits.hpp
[4.516s] -- Up-to-date: /home/yyh/ros2_ws/install/learning_interface/include/learning_interface/msg/detail/stm32__builder.hpp
[4.517s] -- Up-to-date: /home/yyh/ros2_ws/install/learning_interface/include/learning_interface/msg/detail/stm32__traits.hpp
[4.517s] -- Up-to-date: /home/yyh/ros2_ws/install/learning_interface/include/learning_interface/msg/detail/my_state__type_support.hpp
[4.517s] -- Up-to-date: /home/yyh/ros2_ws/install/learning_interface/include/learning_interface/msg/detail/my_state__struct.hpp
[4.517s] -- Up-to-date: /home/yyh/ros2_ws/install/learning_interface/include/learning_interface/msg/rosidl_generator_cpp__visibility_control.hpp
[4.517s] -- Up-to-date: /home/yyh/ros2_ws/install/learning_interface/include/learning_interface/msg/object_position.hpp
[4.518s] -- Up-to-date: /home/yyh/ros2_ws/install/learning_interface/include/learning_interface/msg/stm32.hpp
[4.518s] -- Up-to-date: /home/yyh/ros2_ws/install/learning_interface/include/learning_interface/msg/my_state.hpp
[4.518s] -- Up-to-date: /home/yyh/ros2_ws/install/learning_interface/include/learning_interface/action
[4.518s] -- Up-to-date: /home/yyh/ros2_ws/install/learning_interface/include/learning_interface/action/detail
[4.518s] -- Up-to-date: /home/yyh/ros2_ws/install/learning_interface/include/learning_interface/action/detail/move_circle__struct.hpp
[4.518s] -- Up-to-date: /home/yyh/ros2_ws/install/learning_interface/include/learning_interface/action/detail/move_circle__builder.hpp
[4.519s] -- Up-to-date: /home/yyh/ros2_ws/install/learning_interface/include/learning_interface/action/detail/move_circle__type_support.hpp
[4.520s] -- Up-to-date: /home/yyh/ros2_ws/install/learning_interface/include/learning_interface/action/detail/move_circle__traits.hpp
[4.520s] -- Up-to-date: /home/yyh/ros2_ws/install/learning_interface/include/learning_interface/action/move_circle.hpp
[4.520s] -- Up-to-date: /home/yyh/ros2_ws/install/learning_interface/include/learning_interface/srv
[4.520s] -- Up-to-date: /home/yyh/ros2_ws/install/learning_interface/include/learning_interface/srv/get_object_position.hpp
[4.520s] -- Up-to-date: /home/yyh/ros2_ws/install/learning_interface/include/learning_interface/srv/detail
[4.520s] -- Up-to-date: /home/yyh/ros2_ws/install/learning_interface/include/learning_interface/srv/detail/add_two_ints__traits.hpp
[4.520s] -- Up-to-date: /home/yyh/ros2_ws/install/learning_interface/include/learning_interface/srv/detail/get_object_position__builder.hpp
[4.521s] -- Up-to-date: /home/yyh/ros2_ws/install/learning_interface/include/learning_interface/srv/detail/add_two_ints__struct.hpp
[4.521s] -- Up-to-date: /home/yyh/ros2_ws/install/learning_interface/include/learning_interface/srv/detail/add_two_ints__type_support.hpp
[4.521s] -- Up-to-date: /home/yyh/ros2_ws/install/learning_interface/include/learning_interface/srv/detail/get_object_position__traits.hpp
[4.521s] -- Up-to-date: /home/yyh/ros2_ws/install/learning_interface/include/learning_interface/srv/detail/get_object_position__struct.hpp
[4.521s] -- Up-to-date: /home/yyh/ros2_ws/install/learning_interface/include/learning_interface/srv/detail/add_two_ints__builder.hpp
[4.521s] -- Up-to-date: /home/yyh/ros2_ws/install/learning_interface/include/learning_interface/srv/detail/get_object_position__type_support.hpp
[4.522s] -- Up-to-date: /home/yyh/ros2_ws/install/learning_interface/include/learning_interface/srv/add_two_ints.hpp
[4.522s] -- Up-to-date: /home/yyh/ros2_ws/install/learning_interface/include/learning_interface
[4.522s] -- Up-to-date: /home/yyh/ros2_ws/install/learning_interface/include/learning_interface/msg
[4.523s] -- Up-to-date: /home/yyh/ros2_ws/install/learning_interface/include/learning_interface/msg/detail
[4.523s] -- Up-to-date: /home/yyh/ros2_ws/install/learning_interface/include/learning_interface/msg/detail/my_state__type_support.cpp
[4.523s] -- Up-to-date: /home/yyh/ros2_ws/install/learning_interface/include/learning_interface/msg/detail/object_position__type_support.cpp
[4.523s] -- Up-to-date: /home/yyh/ros2_ws/install/learning_interface/include/learning_interface/msg/detail/object_position__rosidl_typesupport_introspection_cpp.hpp
[4.523s] -- Up-to-date: /home/yyh/ros2_ws/install/learning_interface/include/learning_interface/msg/detail/stm32__rosidl_typesupport_introspection_cpp.hpp
[4.523s] -- Up-to-date: /home/yyh/ros2_ws/install/learning_interface/include/learning_interface/msg/detail/my_state__rosidl_typesupport_introspection_cpp.hpp
[4.524s] -- Up-to-date: /home/yyh/ros2_ws/install/learning_interface/include/learning_interface/msg/detail/stm32__type_support.cpp
[4.524s] -- Up-to-date: /home/yyh/ros2_ws/install/learning_interface/include/learning_interface/action
[4.525s] -- Up-to-date: /home/yyh/ros2_ws/install/learning_interface/include/learning_interface/action/detail
[4.525s] -- Up-to-date: /home/yyh/ros2_ws/install/learning_interface/include/learning_interface/action/detail/move_circle__type_support.cpp
[4.526s] -- Up-to-date: /home/yyh/ros2_ws/install/learning_interface/include/learning_interface/action/detail/move_circle__rosidl_typesupport_introspection_cpp.hpp
[4.526s] -- Up-to-date: /home/yyh/ros2_ws/install/learning_interface/include/learning_interface/srv
[4.526s] -- Up-to-date: /home/yyh/ros2_ws/install/learning_interface/include/learning_interface/srv/detail
[4.527s] -- Up-to-date: /home/yyh/ros2_ws/install/learning_interface/include/learning_interface/srv/detail/get_object_position__type_support.cpp
[4.527s] -- Up-to-date: /home/yyh/ros2_ws/install/learning_interface/include/learning_interface/srv/detail/get_object_position__rosidl_typesupport_introspection_cpp.hpp
[4.527s] -- Up-to-date: /home/yyh/ros2_ws/install/learning_interface/include/learning_interface/srv/detail/add_two_ints__rosidl_typesupport_introspection_cpp.hpp
[4.527s] -- Up-to-date: /home/yyh/ros2_ws/install/learning_interface/include/learning_interface/srv/detail/add_two_ints__type_support.cpp
[4.528s] -- Up-to-date: /home/yyh/ros2_ws/install/learning_interface/lib/liblearning_interface__rosidl_typesupport_introspection_cpp.so
[4.531s] -- Up-to-date: /home/yyh/ros2_ws/install/learning_interface/lib/liblearning_interface__rosidl_typesupport_cpp.so
[4.531s] -- Up-to-date: /home/yyh/ros2_ws/install/learning_interface/share/learning_interface/environment/pythonpath.sh
[4.533s] -- Up-to-date: /home/yyh/ros2_ws/install/learning_interface/share/learning_interface/environment/pythonpath.dsv
[4.533s] -- Up-to-date: /home/yyh/ros2_ws/install/learning_interface/lib/python3.8/site-packages/learning_interface/__init__.py
[4.691s] -- Up-to-date: /home/yyh/ros2_ws/install/learning_interface/lib/python3.8/site-packages/learning_interface/msg
[4.691s] -- Up-to-date: /home/yyh/ros2_ws/install/learning_interface/lib/python3.8/site-packages/learning_interface/msg/__init__.py
[4.691s] -- Up-to-date: /home/yyh/ros2_ws/install/learning_interface/lib/python3.8/site-packages/learning_interface/msg/_my_state_s.c
[4.691s] -- Up-to-date: /home/yyh/ros2_ws/install/learning_interface/lib/python3.8/site-packages/learning_interface/msg/_object_position_s.c
[4.691s] -- Up-to-date: /home/yyh/ros2_ws/install/learning_interface/lib/python3.8/site-packages/learning_interface/msg/_my_state.py
[4.692s] -- Up-to-date: /home/yyh/ros2_ws/install/learning_interface/lib/python3.8/site-packages/learning_interface/msg/_object_position.py
[4.692s] -- Up-to-date: /home/yyh/ros2_ws/install/learning_interface/lib/python3.8/site-packages/learning_interface/msg/_stm32.py
[4.692s] -- Up-to-date: /home/yyh/ros2_ws/install/learning_interface/lib/python3.8/site-packages/learning_interface/msg/_stm32_s.c
[4.692s] -- Up-to-date: /home/yyh/ros2_ws/install/learning_interface/lib/python3.8/site-packages/learning_interface/srv
[4.692s] -- Up-to-date: /home/yyh/ros2_ws/install/learning_interface/lib/python3.8/site-packages/learning_interface/srv/_get_object_position_s.c
[4.692s] -- Up-to-date: /home/yyh/ros2_ws/install/learning_interface/lib/python3.8/site-packages/learning_interface/srv/__init__.py
[4.692s] -- Up-to-date: /home/yyh/ros2_ws/install/learning_interface/lib/python3.8/site-packages/learning_interface/srv/_add_two_ints.py
[4.692s] -- Up-to-date: /home/yyh/ros2_ws/install/learning_interface/lib/python3.8/site-packages/learning_interface/srv/_get_object_position.py
[4.692s] -- Up-to-date: /home/yyh/ros2_ws/install/learning_interface/lib/python3.8/site-packages/learning_interface/srv/_add_two_ints_s.c
[4.692s] -- Up-to-date: /home/yyh/ros2_ws/install/learning_interface/lib/python3.8/site-packages/learning_interface/action
[4.692s] -- Up-to-date: /home/yyh/ros2_ws/install/learning_interface/lib/python3.8/site-packages/learning_interface/action/__init__.py
[4.692s] -- Up-to-date: /home/yyh/ros2_ws/install/learning_interface/lib/python3.8/site-packages/learning_interface/action/_move_circle.py
[4.692s] -- Up-to-date: /home/yyh/ros2_ws/install/learning_interface/lib/python3.8/site-packages/learning_interface/action/_move_circle_s.c
[4.693s] -- Up-to-date: /home/yyh/ros2_ws/install/learning_interface/lib/python3.8/site-packages/learning_interface/learning_interface_s__rosidl_typesupport_fastrtps_c.cpython-38-x86_64-linux-gnu.so
[4.693s] -- Up-to-date: /home/yyh/ros2_ws/install/learning_interface/lib/python3.8/site-packages/learning_interface/learning_interface_s__rosidl_typesupport_introspection_c.cpython-38-x86_64-linux-gnu.so
[4.693s] -- Up-to-date: /home/yyh/ros2_ws/install/learning_interface/lib/python3.8/site-packages/learning_interface/learning_interface_s__rosidl_typesupport_c.cpython-38-x86_64-linux-gnu.so
[4.693s] -- Up-to-date: /home/yyh/ros2_ws/install/learning_interface/lib/liblearning_interface__python.so
[4.693s] -- Up-to-date: /home/yyh/ros2_ws/install/learning_interface/share/learning_interface/msg/ObjectPosition.idl
[4.693s] -- Up-to-date: /home/yyh/ros2_ws/install/learning_interface/share/learning_interface/msg/MyState.idl
[4.693s] -- Up-to-date: /home/yyh/ros2_ws/install/learning_interface/share/learning_interface/msg/STM32.idl
[4.693s] -- Up-to-date: /home/yyh/ros2_ws/install/learning_interface/share/learning_interface/srv/AddTwoInts.idl
[4.693s] -- Up-to-date: /home/yyh/ros2_ws/install/learning_interface/share/learning_interface/srv/GetObjectPosition.idl
[4.693s] -- Up-to-date: /home/yyh/ros2_ws/install/learning_interface/share/learning_interface/action/MoveCircle.idl
[4.693s] -- Up-to-date: /home/yyh/ros2_ws/install/learning_interface/share/learning_interface/msg/ObjectPosition.msg
[4.693s] -- Up-to-date: /home/yyh/ros2_ws/install/learning_interface/share/learning_interface/msg/MyState.msg
[4.693s] -- Up-to-date: /home/yyh/ros2_ws/install/learning_interface/share/learning_interface/msg/STM32.msg
[4.694s] -- Up-to-date: /home/yyh/ros2_ws/install/learning_interface/share/learning_interface/srv/AddTwoInts.srv
[4.694s] -- Up-to-date: /home/yyh/ros2_ws/install/learning_interface/share/learning_interface/srv/AddTwoInts_Request.msg
[4.694s] -- Up-to-date: /home/yyh/ros2_ws/install/learning_interface/share/learning_interface/srv/AddTwoInts_Response.msg
[4.694s] -- Up-to-date: /home/yyh/ros2_ws/install/learning_interface/share/learning_interface/srv/GetObjectPosition.srv
[4.694s] -- Up-to-date: /home/yyh/ros2_ws/install/learning_interface/share/learning_interface/srv/GetObjectPosition_Request.msg
[4.694s] -- Up-to-date: /home/yyh/ros2_ws/install/learning_interface/share/learning_interface/srv/GetObjectPosition_Response.msg
[4.694s] -- Up-to-date: /home/yyh/ros2_ws/install/learning_interface/share/learning_interface/action/MoveCircle.action
[4.694s] -- Up-to-date: /home/yyh/ros2_ws/install/learning_interface/share/ament_index/resource_index/package_run_dependencies/learning_interface
[4.694s] -- Up-to-date: /home/yyh/ros2_ws/install/learning_interface/share/ament_index/resource_index/parent_prefix_path/learning_interface
[4.694s] -- Up-to-date: /home/yyh/ros2_ws/install/learning_interface/share/learning_interface/environment/ament_prefix_path.sh
[4.694s] -- Up-to-date: /home/yyh/ros2_ws/install/learning_interface/share/learning_interface/environment/ament_prefix_path.dsv
[4.694s] -- Up-to-date: /home/yyh/ros2_ws/install/learning_interface/share/learning_interface/environment/path.sh
[4.694s] -- Up-to-date: /home/yyh/ros2_ws/install/learning_interface/share/learning_interface/environment/path.dsv
[4.695s] -- Up-to-date: /home/yyh/ros2_ws/install/learning_interface/share/learning_interface/local_setup.bash
[4.695s] -- Up-to-date: /home/yyh/ros2_ws/install/learning_interface/share/learning_interface/local_setup.sh
[4.695s] -- Up-to-date: /home/yyh/ros2_ws/install/learning_interface/share/learning_interface/local_setup.zsh
[4.695s] -- Up-to-date: /home/yyh/ros2_ws/install/learning_interface/share/learning_interface/local_setup.dsv
[4.695s] -- Installing: /home/yyh/ros2_ws/install/learning_interface/share/learning_interface/package.dsv
[4.696s] -- Up-to-date: /home/yyh/ros2_ws/install/learning_interface/share/ament_index/resource_index/packages/learning_interface
[4.696s] -- Up-to-date: /home/yyh/ros2_ws/install/learning_interface/share/learning_interface/cmake/learning_interface__rosidl_generator_cExport.cmake
[4.696s] -- Up-to-date: /home/yyh/ros2_ws/install/learning_interface/share/learning_interface/cmake/learning_interface__rosidl_generator_cExport-noconfig.cmake
[4.697s] -- Up-to-date: /home/yyh/ros2_ws/install/learning_interface/share/learning_interface/cmake/learning_interface__rosidl_typesupport_introspection_cExport.cmake
[4.697s] -- Up-to-date: /home/yyh/ros2_ws/install/learning_interface/share/learning_interface/cmake/learning_interface__rosidl_typesupport_introspection_cExport-noconfig.cmake
[4.697s] -- Up-to-date: /home/yyh/ros2_ws/install/learning_interface/share/learning_interface/cmake/learning_interface__rosidl_typesupport_cExport.cmake
[4.698s] -- Up-to-date: /home/yyh/ros2_ws/install/learning_interface/share/learning_interface/cmake/learning_interface__rosidl_typesupport_cExport-noconfig.cmake
[4.698s] -- Up-to-date: /home/yyh/ros2_ws/install/learning_interface/share/learning_interface/cmake/learning_interface__rosidl_generator_cppExport.cmake
[4.698s] -- Up-to-date: /home/yyh/ros2_ws/install/learning_interface/share/learning_interface/cmake/learning_interface__rosidl_typesupport_introspection_cppExport.cmake
[4.698s] -- Up-to-date: /home/yyh/ros2_ws/install/learning_interface/share/learning_interface/cmake/learning_interface__rosidl_typesupport_introspection_cppExport-noconfig.cmake
[4.699s] -- Up-to-date: /home/yyh/ros2_ws/install/learning_interface/share/learning_interface/cmake/learning_interface__rosidl_typesupport_cppExport.cmake
[4.699s] -- Up-to-date: /home/yyh/ros2_ws/install/learning_interface/share/learning_interface/cmake/learning_interface__rosidl_typesupport_cppExport-noconfig.cmake
[4.699s] -- Up-to-date: /home/yyh/ros2_ws/install/learning_interface/share/learning_interface/cmake/rosidl_cmake-extras.cmake
[4.699s] -- Up-to-date: /home/yyh/ros2_ws/install/learning_interface/share/learning_interface/cmake/ament_cmake_export_dependencies-extras.cmake
[4.700s] -- Up-to-date: /home/yyh/ros2_ws/install/learning_interface/share/learning_interface/cmake/ament_cmake_export_libraries-extras.cmake
[4.700s] -- Up-to-date: /home/yyh/ros2_ws/install/learning_interface/share/learning_interface/cmake/ament_cmake_export_targets-extras.cmake
[4.700s] -- Up-to-date: /home/yyh/ros2_ws/install/learning_interface/share/learning_interface/cmake/ament_cmake_export_include_directories-extras.cmake
[4.700s] -- Up-to-date: /home/yyh/ros2_ws/install/learning_interface/share/learning_interface/cmake/rosidl_cmake_export_typesupport_libraries-extras.cmake
[4.701s] -- Up-to-date: /home/yyh/ros2_ws/install/learning_interface/share/learning_interface/cmake/rosidl_cmake_export_typesupport_targets-extras.cmake
[4.701s] -- Up-to-date: /home/yyh/ros2_ws/install/learning_interface/share/learning_interface/cmake/learning_interfaceConfig.cmake
[4.701s] -- Up-to-date: /home/yyh/ros2_ws/install/learning_interface/share/learning_interface/cmake/learning_interfaceConfig-version.cmake
[4.701s] -- Up-to-date: /home/yyh/ros2_ws/install/learning_interface/share/learning_interface/package.xml
[4.718s] Invoked command in '/home/yyh/ros2_ws/build/learning_interface' returned '0': CMAKE_PREFIX_PATH=${CMAKE_PREFIX_PATH}:/home/yyh/ros2_ws/install/yyh_object:/home/yyh/ros2_ws/install/yyh_nav:/home/yyh/ros2_ws/install/yyh_launch:/home/yyh/ros2_ws/install/yolov5_ros2:/opt/ros/foxy /usr/bin/cmake --install /home/yyh/ros2_ws/build/learning_interface
