[0.152s] DEBUG:colcon:Command line arguments: ['/usr/bin/colcon', 'build']
[0.152s] DEBUG:colcon:Parsed command line arguments: Namespace(allow_overriding=[], ament_cmake_args=None, base_paths=['.'], build_base='build', catkin_cmake_args=None, catkin_skip_building_tests=False, cmake_args=None, cmake_clean_cache=False, cmake_clean_first=False, cmake_force_configure=False, cmake_target=None, cmake_target_skip_unavailable=False, continue_on_error=False, event_handlers=None, executor='parallel', ignore_user_meta=False, install_base='install', log_base=None, log_level=None, main=<bound method BuildVerb.main of <colcon_core.verb.build.BuildVerb object at 0x7f75dfde60d0>>, merge_install=False, metas=['./colcon.meta'], packages_above=None, packages_above_and_dependencies=None, packages_above_depth=None, packages_end=None, packages_ignore=None, packages_ignore_regex=None, packages_select=None, packages_select_build_failed=False, packages_select_by_dep=None, packages_select_regex=None, packages_select_test_failures=False, packages_skip=None, packages_skip_build_finished=False, packages_skip_by_dep=None, packages_skip_regex=None, packages_skip_test_passed=False, packages_skip_up_to=None, packages_start=None, packages_up_to=None, packages_up_to_regex=None, parallel_workers=4, paths=None, symlink_install=False, test_result_base=None, verb_extension=<colcon_core.verb.build.BuildVerb object at 0x7f75dfde60d0>, verb_name='build', verb_parser=<colcon_defaults.argument_parser.defaults.DefaultArgumentsDecorator object at 0x7f75dfdf8490>)
[0.183s] Level 1:colcon.colcon_core.package_discovery:discover_packages(colcon_meta) check parameters
[0.184s] Level 1:colcon.colcon_core.package_discovery:discover_packages(recursive) check parameters
[0.184s] Level 1:colcon.colcon_core.package_discovery:discover_packages(ignore) check parameters
[0.184s] Level 1:colcon.colcon_core.package_discovery:discover_packages(path) check parameters
[0.184s] Level 1:colcon.colcon_core.package_discovery:discover_packages(colcon_meta) discover
[0.184s] Level 1:colcon.colcon_core.package_discovery:discover_packages(recursive) discover
[0.184s] INFO:colcon.colcon_core.package_discovery:Crawling recursively for packages in '/home/yyh/ros2_ws'
[0.184s] Level 1:colcon.colcon_core.package_identification:_identify(.) by extensions ['ignore', 'ignore_ament_install']
[0.184s] Level 1:colcon.colcon_core.package_identification:_identify(.) by extension 'ignore'
[0.184s] Level 1:colcon.colcon_core.package_identification:_identify(.) by extension 'ignore_ament_install'
[0.184s] Level 1:colcon.colcon_core.package_identification:_identify(.) by extensions ['colcon_pkg']
[0.184s] Level 1:colcon.colcon_core.package_identification:_identify(.) by extension 'colcon_pkg'
[0.184s] Level 1:colcon.colcon_core.package_identification:_identify(.) by extensions ['colcon_meta']
[0.184s] Level 1:colcon.colcon_core.package_identification:_identify(.) by extension 'colcon_meta'
[0.184s] Level 1:colcon.colcon_core.package_identification:_identify(.) by extensions ['ros']
[0.184s] Level 1:colcon.colcon_core.package_identification:_identify(.) by extension 'ros'
[0.194s] Level 1:colcon.colcon_core.package_identification:_identify(.) by extensions ['cmake', 'python']
[0.194s] Level 1:colcon.colcon_core.package_identification:_identify(.) by extension 'cmake'
[0.194s] Level 1:colcon.colcon_core.package_identification:_identify(.) by extension 'python'
[0.194s] Level 1:colcon.colcon_core.package_identification:_identify(.) by extensions ['python_setup_py']
[0.194s] Level 1:colcon.colcon_core.package_identification:_identify(.) by extension 'python_setup_py'
[0.194s] Level 1:colcon.colcon_core.package_identification:_identify(build) by extensions ['ignore', 'ignore_ament_install']
[0.194s] Level 1:colcon.colcon_core.package_identification:_identify(build) by extension 'ignore'
[0.194s] Level 1:colcon.colcon_core.package_identification:_identify(build) ignored
[0.194s] Level 1:colcon.colcon_core.package_identification:_identify(doc) by extensions ['ignore', 'ignore_ament_install']
[0.194s] Level 1:colcon.colcon_core.package_identification:_identify(doc) by extension 'ignore'
[0.194s] Level 1:colcon.colcon_core.package_identification:_identify(doc) by extension 'ignore_ament_install'
[0.194s] Level 1:colcon.colcon_core.package_identification:_identify(doc) by extensions ['colcon_pkg']
[0.194s] Level 1:colcon.colcon_core.package_identification:_identify(doc) by extension 'colcon_pkg'
[0.194s] Level 1:colcon.colcon_core.package_identification:_identify(doc) by extensions ['colcon_meta']
[0.194s] Level 1:colcon.colcon_core.package_identification:_identify(doc) by extension 'colcon_meta'
[0.194s] Level 1:colcon.colcon_core.package_identification:_identify(doc) by extensions ['ros']
[0.194s] Level 1:colcon.colcon_core.package_identification:_identify(doc) by extension 'ros'
[0.194s] Level 1:colcon.colcon_core.package_identification:_identify(doc) by extensions ['cmake', 'python']
[0.194s] Level 1:colcon.colcon_core.package_identification:_identify(doc) by extension 'cmake'
[0.195s] Level 1:colcon.colcon_core.package_identification:_identify(doc) by extension 'python'
[0.195s] Level 1:colcon.colcon_core.package_identification:_identify(doc) by extensions ['python_setup_py']
[0.195s] Level 1:colcon.colcon_core.package_identification:_identify(doc) by extension 'python_setup_py'
[0.195s] Level 1:colcon.colcon_core.package_identification:_identify(doc/build) by extensions ['ignore', 'ignore_ament_install']
[0.195s] Level 1:colcon.colcon_core.package_identification:_identify(doc/build) by extension 'ignore'
[0.195s] Level 1:colcon.colcon_core.package_identification:_identify(doc/build) ignored
[0.195s] Level 1:colcon.colcon_core.package_identification:_identify(doc/install) by extensions ['ignore', 'ignore_ament_install']
[0.195s] Level 1:colcon.colcon_core.package_identification:_identify(doc/install) by extension 'ignore'
[0.195s] Level 1:colcon.colcon_core.package_identification:_identify(doc/install) ignored
[0.195s] Level 1:colcon.colcon_core.package_identification:_identify(doc/log) by extensions ['ignore', 'ignore_ament_install']
[0.195s] Level 1:colcon.colcon_core.package_identification:_identify(doc/log) by extension 'ignore'
[0.195s] Level 1:colcon.colcon_core.package_identification:_identify(doc/log) ignored
[0.195s] Level 1:colcon.colcon_core.package_identification:_identify(install) by extensions ['ignore', 'ignore_ament_install']
[0.195s] Level 1:colcon.colcon_core.package_identification:_identify(install) by extension 'ignore'
[0.195s] Level 1:colcon.colcon_core.package_identification:_identify(install) ignored
[0.195s] Level 1:colcon.colcon_core.package_identification:_identify(launch) by extensions ['ignore', 'ignore_ament_install']
[0.195s] Level 1:colcon.colcon_core.package_identification:_identify(launch) by extension 'ignore'
[0.195s] Level 1:colcon.colcon_core.package_identification:_identify(launch) by extension 'ignore_ament_install'
[0.195s] Level 1:colcon.colcon_core.package_identification:_identify(launch) by extensions ['colcon_pkg']
[0.195s] Level 1:colcon.colcon_core.package_identification:_identify(launch) by extension 'colcon_pkg'
[0.195s] Level 1:colcon.colcon_core.package_identification:_identify(launch) by extensions ['colcon_meta']
[0.195s] Level 1:colcon.colcon_core.package_identification:_identify(launch) by extension 'colcon_meta'
[0.195s] Level 1:colcon.colcon_core.package_identification:_identify(launch) by extensions ['ros']
[0.195s] Level 1:colcon.colcon_core.package_identification:_identify(launch) by extension 'ros'
[0.195s] Level 1:colcon.colcon_core.package_identification:_identify(launch) by extensions ['cmake', 'python']
[0.195s] Level 1:colcon.colcon_core.package_identification:_identify(launch) by extension 'cmake'
[0.195s] Level 1:colcon.colcon_core.package_identification:_identify(launch) by extension 'python'
[0.195s] Level 1:colcon.colcon_core.package_identification:_identify(launch) by extensions ['python_setup_py']
[0.195s] Level 1:colcon.colcon_core.package_identification:_identify(launch) by extension 'python_setup_py'
[0.196s] Level 1:colcon.colcon_core.package_identification:_identify(launch/__pycache__) by extensions ['ignore', 'ignore_ament_install']
[0.196s] Level 1:colcon.colcon_core.package_identification:_identify(launch/__pycache__) by extension 'ignore'
[0.196s] Level 1:colcon.colcon_core.package_identification:_identify(launch/__pycache__) by extension 'ignore_ament_install'
[0.196s] Level 1:colcon.colcon_core.package_identification:_identify(launch/__pycache__) by extensions ['colcon_pkg']
[0.196s] Level 1:colcon.colcon_core.package_identification:_identify(launch/__pycache__) by extension 'colcon_pkg'
[0.196s] Level 1:colcon.colcon_core.package_identification:_identify(launch/__pycache__) by extensions ['colcon_meta']
[0.196s] Level 1:colcon.colcon_core.package_identification:_identify(launch/__pycache__) by extension 'colcon_meta'
[0.196s] Level 1:colcon.colcon_core.package_identification:_identify(launch/__pycache__) by extensions ['ros']
[0.196s] Level 1:colcon.colcon_core.package_identification:_identify(launch/__pycache__) by extension 'ros'
[0.196s] Level 1:colcon.colcon_core.package_identification:_identify(launch/__pycache__) by extensions ['cmake', 'python']
[0.196s] Level 1:colcon.colcon_core.package_identification:_identify(launch/__pycache__) by extension 'cmake'
[0.196s] Level 1:colcon.colcon_core.package_identification:_identify(launch/__pycache__) by extension 'python'
[0.196s] Level 1:colcon.colcon_core.package_identification:_identify(launch/__pycache__) by extensions ['python_setup_py']
[0.196s] Level 1:colcon.colcon_core.package_identification:_identify(launch/__pycache__) by extension 'python_setup_py'
[0.196s] Level 1:colcon.colcon_core.package_identification:_identify(launch/build) by extensions ['ignore', 'ignore_ament_install']
[0.196s] Level 1:colcon.colcon_core.package_identification:_identify(launch/build) by extension 'ignore'
[0.196s] Level 1:colcon.colcon_core.package_identification:_identify(launch/build) ignored
[0.196s] Level 1:colcon.colcon_core.package_identification:_identify(launch/install) by extensions ['ignore', 'ignore_ament_install']
[0.196s] Level 1:colcon.colcon_core.package_identification:_identify(launch/install) by extension 'ignore'
[0.196s] Level 1:colcon.colcon_core.package_identification:_identify(launch/install) ignored
[0.196s] Level 1:colcon.colcon_core.package_identification:_identify(launch/log) by extensions ['ignore', 'ignore_ament_install']
[0.196s] Level 1:colcon.colcon_core.package_identification:_identify(launch/log) by extension 'ignore'
[0.196s] Level 1:colcon.colcon_core.package_identification:_identify(launch/log) ignored
[0.196s] Level 1:colcon.colcon_core.package_identification:_identify(log) by extensions ['ignore', 'ignore_ament_install']
[0.196s] Level 1:colcon.colcon_core.package_identification:_identify(log) by extension 'ignore'
[0.196s] Level 1:colcon.colcon_core.package_identification:_identify(log) ignored
[0.197s] Level 1:colcon.colcon_core.package_identification:_identify(src) by extensions ['ignore', 'ignore_ament_install']
[0.197s] Level 1:colcon.colcon_core.package_identification:_identify(src) by extension 'ignore'
[0.197s] Level 1:colcon.colcon_core.package_identification:_identify(src) by extension 'ignore_ament_install'
[0.197s] Level 1:colcon.colcon_core.package_identification:_identify(src) by extensions ['colcon_pkg']
[0.197s] Level 1:colcon.colcon_core.package_identification:_identify(src) by extension 'colcon_pkg'
[0.197s] Level 1:colcon.colcon_core.package_identification:_identify(src) by extensions ['colcon_meta']
[0.197s] Level 1:colcon.colcon_core.package_identification:_identify(src) by extension 'colcon_meta'
[0.197s] Level 1:colcon.colcon_core.package_identification:_identify(src) by extensions ['ros']
[0.197s] Level 1:colcon.colcon_core.package_identification:_identify(src) by extension 'ros'
[0.197s] Level 1:colcon.colcon_core.package_identification:_identify(src) by extensions ['cmake', 'python']
[0.197s] Level 1:colcon.colcon_core.package_identification:_identify(src) by extension 'cmake'
[0.197s] Level 1:colcon.colcon_core.package_identification:_identify(src) by extension 'python'
[0.197s] Level 1:colcon.colcon_core.package_identification:_identify(src) by extensions ['python_setup_py']
[0.197s] Level 1:colcon.colcon_core.package_identification:_identify(src) by extension 'python_setup_py'
[0.197s] Level 1:colcon.colcon_core.package_identification:_identify(src/realsense-ros-4.51.1) by extensions ['ignore', 'ignore_ament_install']
[0.197s] Level 1:colcon.colcon_core.package_identification:_identify(src/realsense-ros-4.51.1) by extension 'ignore'
[0.197s] Level 1:colcon.colcon_core.package_identification:_identify(src/realsense-ros-4.51.1) by extension 'ignore_ament_install'
[0.197s] Level 1:colcon.colcon_core.package_identification:_identify(src/realsense-ros-4.51.1) by extensions ['colcon_pkg']
[0.197s] Level 1:colcon.colcon_core.package_identification:_identify(src/realsense-ros-4.51.1) by extension 'colcon_pkg'
[0.197s] Level 1:colcon.colcon_core.package_identification:_identify(src/realsense-ros-4.51.1) by extensions ['colcon_meta']
[0.197s] Level 1:colcon.colcon_core.package_identification:_identify(src/realsense-ros-4.51.1) by extension 'colcon_meta'
[0.197s] Level 1:colcon.colcon_core.package_identification:_identify(src/realsense-ros-4.51.1) by extensions ['ros']
[0.197s] Level 1:colcon.colcon_core.package_identification:_identify(src/realsense-ros-4.51.1) by extension 'ros'
[0.197s] Level 1:colcon.colcon_core.package_identification:_identify(src/realsense-ros-4.51.1) by extensions ['cmake', 'python']
[0.197s] Level 1:colcon.colcon_core.package_identification:_identify(src/realsense-ros-4.51.1) by extension 'cmake'
[0.197s] Level 1:colcon.colcon_core.package_identification:_identify(src/realsense-ros-4.51.1) by extension 'python'
[0.197s] Level 1:colcon.colcon_core.package_identification:_identify(src/realsense-ros-4.51.1) by extensions ['python_setup_py']
[0.197s] Level 1:colcon.colcon_core.package_identification:_identify(src/realsense-ros-4.51.1) by extension 'python_setup_py'
[0.197s] Level 1:colcon.colcon_core.package_identification:_identify(src/realsense-ros-4.51.1/realsense2_camera) by extensions ['ignore', 'ignore_ament_install']
[0.197s] Level 1:colcon.colcon_core.package_identification:_identify(src/realsense-ros-4.51.1/realsense2_camera) by extension 'ignore'
[0.197s] Level 1:colcon.colcon_core.package_identification:_identify(src/realsense-ros-4.51.1/realsense2_camera) by extension 'ignore_ament_install'
[0.197s] Level 1:colcon.colcon_core.package_identification:_identify(src/realsense-ros-4.51.1/realsense2_camera) by extensions ['colcon_pkg']
[0.197s] Level 1:colcon.colcon_core.package_identification:_identify(src/realsense-ros-4.51.1/realsense2_camera) by extension 'colcon_pkg'
[0.197s] Level 1:colcon.colcon_core.package_identification:_identify(src/realsense-ros-4.51.1/realsense2_camera) by extensions ['colcon_meta']
[0.198s] Level 1:colcon.colcon_core.package_identification:_identify(src/realsense-ros-4.51.1/realsense2_camera) by extension 'colcon_meta'
[0.198s] Level 1:colcon.colcon_core.package_identification:_identify(src/realsense-ros-4.51.1/realsense2_camera) by extensions ['ros']
[0.198s] Level 1:colcon.colcon_core.package_identification:_identify(src/realsense-ros-4.51.1/realsense2_camera) by extension 'ros'
[0.201s] DEBUG:colcon.colcon_core.package_identification:Package 'src/realsense-ros-4.51.1/realsense2_camera' with type 'ros.ament_cmake' and name 'realsense2_camera'
[0.201s] Level 1:colcon.colcon_core.package_identification:_identify(src/realsense-ros-4.51.1/realsense2_camera_msgs) by extensions ['ignore', 'ignore_ament_install']
[0.201s] Level 1:colcon.colcon_core.package_identification:_identify(src/realsense-ros-4.51.1/realsense2_camera_msgs) by extension 'ignore'
[0.201s] Level 1:colcon.colcon_core.package_identification:_identify(src/realsense-ros-4.51.1/realsense2_camera_msgs) by extension 'ignore_ament_install'
[0.201s] Level 1:colcon.colcon_core.package_identification:_identify(src/realsense-ros-4.51.1/realsense2_camera_msgs) by extensions ['colcon_pkg']
[0.201s] Level 1:colcon.colcon_core.package_identification:_identify(src/realsense-ros-4.51.1/realsense2_camera_msgs) by extension 'colcon_pkg'
[0.201s] Level 1:colcon.colcon_core.package_identification:_identify(src/realsense-ros-4.51.1/realsense2_camera_msgs) by extensions ['colcon_meta']
[0.201s] Level 1:colcon.colcon_core.package_identification:_identify(src/realsense-ros-4.51.1/realsense2_camera_msgs) by extension 'colcon_meta'
[0.201s] Level 1:colcon.colcon_core.package_identification:_identify(src/realsense-ros-4.51.1/realsense2_camera_msgs) by extensions ['ros']
[0.201s] Level 1:colcon.colcon_core.package_identification:_identify(src/realsense-ros-4.51.1/realsense2_camera_msgs) by extension 'ros'
[0.201s] DEBUG:colcon.colcon_core.package_identification:Package 'src/realsense-ros-4.51.1/realsense2_camera_msgs' with type 'ros.ament_cmake' and name 'realsense2_camera_msgs'
[0.202s] Level 1:colcon.colcon_core.package_identification:_identify(src/realsense-ros-4.51.1/realsense2_description) by extensions ['ignore', 'ignore_ament_install']
[0.202s] Level 1:colcon.colcon_core.package_identification:_identify(src/realsense-ros-4.51.1/realsense2_description) by extension 'ignore'
[0.202s] Level 1:colcon.colcon_core.package_identification:_identify(src/realsense-ros-4.51.1/realsense2_description) by extension 'ignore_ament_install'
[0.202s] Level 1:colcon.colcon_core.package_identification:_identify(src/realsense-ros-4.51.1/realsense2_description) by extensions ['colcon_pkg']
[0.202s] Level 1:colcon.colcon_core.package_identification:_identify(src/realsense-ros-4.51.1/realsense2_description) by extension 'colcon_pkg'
[0.202s] Level 1:colcon.colcon_core.package_identification:_identify(src/realsense-ros-4.51.1/realsense2_description) by extensions ['colcon_meta']
[0.202s] Level 1:colcon.colcon_core.package_identification:_identify(src/realsense-ros-4.51.1/realsense2_description) by extension 'colcon_meta'
[0.202s] Level 1:colcon.colcon_core.package_identification:_identify(src/realsense-ros-4.51.1/realsense2_description) by extensions ['ros']
[0.202s] Level 1:colcon.colcon_core.package_identification:_identify(src/realsense-ros-4.51.1/realsense2_description) by extension 'ros'
[0.202s] DEBUG:colcon.colcon_core.package_identification:Package 'src/realsense-ros-4.51.1/realsense2_description' with type 'ros.ament_cmake' and name 'realsense2_description'
[0.202s] Level 1:colcon.colcon_core.package_identification:_identify(src/realsense-ros-4.51.1/scripts) by extensions ['ignore', 'ignore_ament_install']
[0.203s] Level 1:colcon.colcon_core.package_identification:_identify(src/realsense-ros-4.51.1/scripts) by extension 'ignore'
[0.203s] Level 1:colcon.colcon_core.package_identification:_identify(src/realsense-ros-4.51.1/scripts) by extension 'ignore_ament_install'
[0.203s] Level 1:colcon.colcon_core.package_identification:_identify(src/realsense-ros-4.51.1/scripts) by extensions ['colcon_pkg']
[0.203s] Level 1:colcon.colcon_core.package_identification:_identify(src/realsense-ros-4.51.1/scripts) by extension 'colcon_pkg'
[0.203s] Level 1:colcon.colcon_core.package_identification:_identify(src/realsense-ros-4.51.1/scripts) by extensions ['colcon_meta']
[0.203s] Level 1:colcon.colcon_core.package_identification:_identify(src/realsense-ros-4.51.1/scripts) by extension 'colcon_meta'
[0.203s] Level 1:colcon.colcon_core.package_identification:_identify(src/realsense-ros-4.51.1/scripts) by extensions ['ros']
[0.203s] Level 1:colcon.colcon_core.package_identification:_identify(src/realsense-ros-4.51.1/scripts) by extension 'ros'
[0.203s] Level 1:colcon.colcon_core.package_identification:_identify(src/realsense-ros-4.51.1/scripts) by extensions ['cmake', 'python']
[0.203s] Level 1:colcon.colcon_core.package_identification:_identify(src/realsense-ros-4.51.1/scripts) by extension 'cmake'
[0.203s] Level 1:colcon.colcon_core.package_identification:_identify(src/realsense-ros-4.51.1/scripts) by extension 'python'
[0.203s] Level 1:colcon.colcon_core.package_identification:_identify(src/realsense-ros-4.51.1/scripts) by extensions ['python_setup_py']
[0.203s] Level 1:colcon.colcon_core.package_identification:_identify(src/realsense-ros-4.51.1/scripts) by extension 'python_setup_py'
[0.203s] Level 1:colcon.colcon_core.package_identification:_identify(src/yyh_nav) by extensions ['ignore', 'ignore_ament_install']
[0.203s] Level 1:colcon.colcon_core.package_identification:_identify(src/yyh_nav) by extension 'ignore'
[0.203s] Level 1:colcon.colcon_core.package_identification:_identify(src/yyh_nav) by extension 'ignore_ament_install'
[0.203s] Level 1:colcon.colcon_core.package_identification:_identify(src/yyh_nav) by extensions ['colcon_pkg']
[0.203s] Level 1:colcon.colcon_core.package_identification:_identify(src/yyh_nav) by extension 'colcon_pkg'
[0.203s] Level 1:colcon.colcon_core.package_identification:_identify(src/yyh_nav) by extensions ['colcon_meta']
[0.203s] Level 1:colcon.colcon_core.package_identification:_identify(src/yyh_nav) by extension 'colcon_meta'
[0.203s] Level 1:colcon.colcon_core.package_identification:_identify(src/yyh_nav) by extensions ['ros']
[0.203s] Level 1:colcon.colcon_core.package_identification:_identify(src/yyh_nav) by extension 'ros'
[0.203s] DEBUG:colcon.colcon_core.package_identification:Package 'src/yyh_nav' with type 'ros.ament_python' and name 'yyh_nav'
[0.204s] Level 1:colcon.colcon_core.package_identification:_identify(src/yyh_object) by extensions ['ignore', 'ignore_ament_install']
[0.204s] Level 1:colcon.colcon_core.package_identification:_identify(src/yyh_object) by extension 'ignore'
[0.204s] Level 1:colcon.colcon_core.package_identification:_identify(src/yyh_object) by extension 'ignore_ament_install'
[0.204s] Level 1:colcon.colcon_core.package_identification:_identify(src/yyh_object) by extensions ['colcon_pkg']
[0.204s] Level 1:colcon.colcon_core.package_identification:_identify(src/yyh_object) by extension 'colcon_pkg'
[0.204s] Level 1:colcon.colcon_core.package_identification:_identify(src/yyh_object) by extensions ['colcon_meta']
[0.204s] Level 1:colcon.colcon_core.package_identification:_identify(src/yyh_object) by extension 'colcon_meta'
[0.204s] Level 1:colcon.colcon_core.package_identification:_identify(src/yyh_object) by extensions ['ros']
[0.204s] Level 1:colcon.colcon_core.package_identification:_identify(src/yyh_object) by extension 'ros'
[0.204s] DEBUG:colcon.colcon_core.package_identification:Package 'src/yyh_object' with type 'ros.ament_python' and name 'yyh_object'
[0.204s] Level 1:colcon.colcon_core.package_discovery:discover_packages(recursive) using defaults
[0.204s] Level 1:colcon.colcon_core.package_discovery:discover_packages(ignore) discover
[0.204s] Level 1:colcon.colcon_core.package_discovery:discover_packages(ignore) using defaults
[0.204s] Level 1:colcon.colcon_core.package_discovery:discover_packages(path) discover
[0.204s] Level 1:colcon.colcon_core.package_discovery:discover_packages(path) using defaults
[0.218s] Level 1:colcon.colcon_core.package_discovery:discover_packages(prefix_path) check parameters
[0.218s] Level 1:colcon.colcon_core.package_discovery:discover_packages(prefix_path) discover
[0.219s] DEBUG:colcon.colcon_installed_package_information.package_discovery:Found 7 installed packages in /home/yyh/ros2_ws/install
[0.220s] DEBUG:colcon.colcon_installed_package_information.package_discovery:Found 263 installed packages in /opt/ros/foxy
[0.221s] Level 1:colcon.colcon_core.package_discovery:discover_packages(prefix_path) using defaults
[0.253s] Level 5:colcon.colcon_core.verb:set package 'realsense2_camera_msgs' build argument 'cmake_args' from command line to 'None'
[0.253s] Level 5:colcon.colcon_core.verb:set package 'realsense2_camera_msgs' build argument 'cmake_target' from command line to 'None'
[0.253s] Level 5:colcon.colcon_core.verb:set package 'realsense2_camera_msgs' build argument 'cmake_target_skip_unavailable' from command line to 'False'
[0.253s] Level 5:colcon.colcon_core.verb:set package 'realsense2_camera_msgs' build argument 'cmake_clean_cache' from command line to 'False'
[0.253s] Level 5:colcon.colcon_core.verb:set package 'realsense2_camera_msgs' build argument 'cmake_clean_first' from command line to 'False'
[0.253s] Level 5:colcon.colcon_core.verb:set package 'realsense2_camera_msgs' build argument 'cmake_force_configure' from command line to 'False'
[0.253s] Level 5:colcon.colcon_core.verb:set package 'realsense2_camera_msgs' build argument 'ament_cmake_args' from command line to 'None'
[0.253s] Level 5:colcon.colcon_core.verb:set package 'realsense2_camera_msgs' build argument 'catkin_cmake_args' from command line to 'None'
[0.253s] Level 5:colcon.colcon_core.verb:set package 'realsense2_camera_msgs' build argument 'catkin_skip_building_tests' from command line to 'False'
[0.253s] DEBUG:colcon.colcon_core.verb:Building package 'realsense2_camera_msgs' with the following arguments: {'ament_cmake_args': None, 'build_base': '/home/yyh/ros2_ws/build/realsense2_camera_msgs', 'catkin_cmake_args': None, 'catkin_skip_building_tests': False, 'cmake_args': None, 'cmake_clean_cache': False, 'cmake_clean_first': False, 'cmake_force_configure': False, 'cmake_target': None, 'cmake_target_skip_unavailable': False, 'install_base': '/home/yyh/ros2_ws/install/realsense2_camera_msgs', 'merge_install': False, 'path': '/home/yyh/ros2_ws/src/realsense-ros-4.51.1/realsense2_camera_msgs', 'symlink_install': False, 'test_result_base': None}
[0.253s] Level 5:colcon.colcon_core.verb:set package 'yyh_nav' build argument 'cmake_args' from command line to 'None'
[0.253s] Level 5:colcon.colcon_core.verb:set package 'yyh_nav' build argument 'cmake_target' from command line to 'None'
[0.253s] Level 5:colcon.colcon_core.verb:set package 'yyh_nav' build argument 'cmake_target_skip_unavailable' from command line to 'False'
[0.253s] Level 5:colcon.colcon_core.verb:set package 'yyh_nav' build argument 'cmake_clean_cache' from command line to 'False'
[0.253s] Level 5:colcon.colcon_core.verb:set package 'yyh_nav' build argument 'cmake_clean_first' from command line to 'False'
[0.253s] Level 5:colcon.colcon_core.verb:set package 'yyh_nav' build argument 'cmake_force_configure' from command line to 'False'
[0.253s] Level 5:colcon.colcon_core.verb:set package 'yyh_nav' build argument 'ament_cmake_args' from command line to 'None'
[0.253s] Level 5:colcon.colcon_core.verb:set package 'yyh_nav' build argument 'catkin_cmake_args' from command line to 'None'
[0.253s] Level 5:colcon.colcon_core.verb:set package 'yyh_nav' build argument 'catkin_skip_building_tests' from command line to 'False'
[0.253s] DEBUG:colcon.colcon_core.verb:Building package 'yyh_nav' with the following arguments: {'ament_cmake_args': None, 'build_base': '/home/yyh/ros2_ws/build/yyh_nav', 'catkin_cmake_args': None, 'catkin_skip_building_tests': False, 'cmake_args': None, 'cmake_clean_cache': False, 'cmake_clean_first': False, 'cmake_force_configure': False, 'cmake_target': None, 'cmake_target_skip_unavailable': False, 'install_base': '/home/yyh/ros2_ws/install/yyh_nav', 'merge_install': False, 'path': '/home/yyh/ros2_ws/src/yyh_nav', 'symlink_install': False, 'test_result_base': None}
[0.254s] Level 5:colcon.colcon_core.verb:set package 'yyh_object' build argument 'cmake_args' from command line to 'None'
[0.254s] Level 5:colcon.colcon_core.verb:set package 'yyh_object' build argument 'cmake_target' from command line to 'None'
[0.254s] Level 5:colcon.colcon_core.verb:set package 'yyh_object' build argument 'cmake_target_skip_unavailable' from command line to 'False'
[0.254s] Level 5:colcon.colcon_core.verb:set package 'yyh_object' build argument 'cmake_clean_cache' from command line to 'False'
[0.254s] Level 5:colcon.colcon_core.verb:set package 'yyh_object' build argument 'cmake_clean_first' from command line to 'False'
[0.254s] Level 5:colcon.colcon_core.verb:set package 'yyh_object' build argument 'cmake_force_configure' from command line to 'False'
[0.254s] Level 5:colcon.colcon_core.verb:set package 'yyh_object' build argument 'ament_cmake_args' from command line to 'None'
[0.254s] Level 5:colcon.colcon_core.verb:set package 'yyh_object' build argument 'catkin_cmake_args' from command line to 'None'
[0.254s] Level 5:colcon.colcon_core.verb:set package 'yyh_object' build argument 'catkin_skip_building_tests' from command line to 'False'
[0.254s] DEBUG:colcon.colcon_core.verb:Building package 'yyh_object' with the following arguments: {'ament_cmake_args': None, 'build_base': '/home/yyh/ros2_ws/build/yyh_object', 'catkin_cmake_args': None, 'catkin_skip_building_tests': False, 'cmake_args': None, 'cmake_clean_cache': False, 'cmake_clean_first': False, 'cmake_force_configure': False, 'cmake_target': None, 'cmake_target_skip_unavailable': False, 'install_base': '/home/yyh/ros2_ws/install/yyh_object', 'merge_install': False, 'path': '/home/yyh/ros2_ws/src/yyh_object', 'symlink_install': False, 'test_result_base': None}
[0.254s] Level 5:colcon.colcon_core.verb:set package 'realsense2_camera' build argument 'cmake_args' from command line to 'None'
[0.254s] Level 5:colcon.colcon_core.verb:set package 'realsense2_camera' build argument 'cmake_target' from command line to 'None'
[0.254s] Level 5:colcon.colcon_core.verb:set package 'realsense2_camera' build argument 'cmake_target_skip_unavailable' from command line to 'False'
[0.254s] Level 5:colcon.colcon_core.verb:set package 'realsense2_camera' build argument 'cmake_clean_cache' from command line to 'False'
[0.254s] Level 5:colcon.colcon_core.verb:set package 'realsense2_camera' build argument 'cmake_clean_first' from command line to 'False'
[0.254s] Level 5:colcon.colcon_core.verb:set package 'realsense2_camera' build argument 'cmake_force_configure' from command line to 'False'
[0.254s] Level 5:colcon.colcon_core.verb:set package 'realsense2_camera' build argument 'ament_cmake_args' from command line to 'None'
[0.254s] Level 5:colcon.colcon_core.verb:set package 'realsense2_camera' build argument 'catkin_cmake_args' from command line to 'None'
[0.254s] Level 5:colcon.colcon_core.verb:set package 'realsense2_camera' build argument 'catkin_skip_building_tests' from command line to 'False'
[0.254s] DEBUG:colcon.colcon_core.verb:Building package 'realsense2_camera' with the following arguments: {'ament_cmake_args': None, 'build_base': '/home/yyh/ros2_ws/build/realsense2_camera', 'catkin_cmake_args': None, 'catkin_skip_building_tests': False, 'cmake_args': None, 'cmake_clean_cache': False, 'cmake_clean_first': False, 'cmake_force_configure': False, 'cmake_target': None, 'cmake_target_skip_unavailable': False, 'install_base': '/home/yyh/ros2_ws/install/realsense2_camera', 'merge_install': False, 'path': '/home/yyh/ros2_ws/src/realsense-ros-4.51.1/realsense2_camera', 'symlink_install': False, 'test_result_base': None}
[0.254s] Level 5:colcon.colcon_core.verb:set package 'realsense2_description' build argument 'cmake_args' from command line to 'None'
[0.254s] Level 5:colcon.colcon_core.verb:set package 'realsense2_description' build argument 'cmake_target' from command line to 'None'
[0.254s] Level 5:colcon.colcon_core.verb:set package 'realsense2_description' build argument 'cmake_target_skip_unavailable' from command line to 'False'
[0.254s] Level 5:colcon.colcon_core.verb:set package 'realsense2_description' build argument 'cmake_clean_cache' from command line to 'False'
[0.254s] Level 5:colcon.colcon_core.verb:set package 'realsense2_description' build argument 'cmake_clean_first' from command line to 'False'
[0.254s] Level 5:colcon.colcon_core.verb:set package 'realsense2_description' build argument 'cmake_force_configure' from command line to 'False'
[0.254s] Level 5:colcon.colcon_core.verb:set package 'realsense2_description' build argument 'ament_cmake_args' from command line to 'None'
[0.254s] Level 5:colcon.colcon_core.verb:set package 'realsense2_description' build argument 'catkin_cmake_args' from command line to 'None'
[0.254s] Level 5:colcon.colcon_core.verb:set package 'realsense2_description' build argument 'catkin_skip_building_tests' from command line to 'False'
[0.254s] DEBUG:colcon.colcon_core.verb:Building package 'realsense2_description' with the following arguments: {'ament_cmake_args': None, 'build_base': '/home/yyh/ros2_ws/build/realsense2_description', 'catkin_cmake_args': None, 'catkin_skip_building_tests': False, 'cmake_args': None, 'cmake_clean_cache': False, 'cmake_clean_first': False, 'cmake_force_configure': False, 'cmake_target': None, 'cmake_target_skip_unavailable': False, 'install_base': '/home/yyh/ros2_ws/install/realsense2_description', 'merge_install': False, 'path': '/home/yyh/ros2_ws/src/realsense-ros-4.51.1/realsense2_description', 'symlink_install': False, 'test_result_base': None}
[0.255s] INFO:colcon.colcon_core.executor:Executing jobs using 'parallel' executor
[0.255s] DEBUG:colcon.colcon_parallel_executor.executor.parallel:run_until_complete
[0.255s] INFO:colcon.colcon_ros.task.ament_cmake.build:Building ROS package in '/home/yyh/ros2_ws/src/realsense-ros-4.51.1/realsense2_camera_msgs' with build type 'ament_cmake'
[0.255s] INFO:colcon.colcon_cmake.task.cmake.build:Building CMake package in '/home/yyh/ros2_ws/src/realsense-ros-4.51.1/realsense2_camera_msgs'
[0.257s] INFO:colcon.colcon_core.plugin_system:Skipping extension 'colcon_core.shell.bat': Not used on non-Windows systems
[0.257s] INFO:colcon.colcon_core.shell:Skip shell extension 'powershell' for command environment: Not usable outside of PowerShell
[0.257s] DEBUG:colcon.colcon_core.shell:Skip shell extension 'dsv' for command environment
[0.261s] INFO:colcon.colcon_ros.task.ament_python.build:Building ROS package in '/home/yyh/ros2_ws/src/yyh_nav' with build type 'ament_python'
[0.261s] Level 1:colcon.colcon_core.shell:create_environment_hook('yyh_nav', 'ament_prefix_path')
[0.261s] INFO:colcon.colcon_core.shell:Creating environment hook '/home/yyh/ros2_ws/install/yyh_nav/share/yyh_nav/hook/ament_prefix_path.ps1'
[0.262s] INFO:colcon.colcon_core.shell:Creating environment descriptor '/home/yyh/ros2_ws/install/yyh_nav/share/yyh_nav/hook/ament_prefix_path.dsv'
[0.262s] INFO:colcon.colcon_core.shell:Creating environment hook '/home/yyh/ros2_ws/install/yyh_nav/share/yyh_nav/hook/ament_prefix_path.sh'
[0.263s] INFO:colcon.colcon_core.shell:Skip shell extension 'powershell' for command environment: Not usable outside of PowerShell
[0.263s] DEBUG:colcon.colcon_core.shell:Skip shell extension 'dsv' for command environment
[0.266s] INFO:colcon.colcon_ros.task.ament_python.build:Building ROS package in '/home/yyh/ros2_ws/src/yyh_object' with build type 'ament_python'
[0.266s] Level 1:colcon.colcon_core.shell:create_environment_hook('yyh_object', 'ament_prefix_path')
[0.266s] INFO:colcon.colcon_core.shell:Creating environment hook '/home/yyh/ros2_ws/install/yyh_object/share/yyh_object/hook/ament_prefix_path.ps1'
[0.267s] INFO:colcon.colcon_core.shell:Creating environment descriptor '/home/yyh/ros2_ws/install/yyh_object/share/yyh_object/hook/ament_prefix_path.dsv'
[0.267s] INFO:colcon.colcon_core.shell:Creating environment hook '/home/yyh/ros2_ws/install/yyh_object/share/yyh_object/hook/ament_prefix_path.sh'
[0.267s] INFO:colcon.colcon_core.shell:Skip shell extension 'powershell' for command environment: Not usable outside of PowerShell
[0.268s] DEBUG:colcon.colcon_core.shell:Skip shell extension 'dsv' for command environment
[0.275s] DEBUG:colcon.colcon_core.event_handler.log_command:Invoking command in '/home/yyh/ros2_ws/build/realsense2_camera_msgs': CMAKE_PREFIX_PATH=${CMAKE_PREFIX_PATH}:/home/yyh/ros2_ws/install/yyh_object:/home/yyh/ros2_ws/install/yyh_nav:/home/yyh/ros2_ws/install/yyh_launch:/home/yyh/ros2_ws/install/yolov5_ros2:/opt/ros/foxy /usr/bin/cmake --build /home/yyh/ros2_ws/build/realsense2_camera_msgs -- -j4 -l4
[0.474s] INFO:colcon.colcon_core.task.python.build:Building Python package in '/home/yyh/ros2_ws/src/yyh_nav'
[0.475s] INFO:colcon.colcon_core.shell:Skip shell extension 'powershell' for command environment: Not usable outside of PowerShell
[0.475s] DEBUG:colcon.colcon_core.shell:Skip shell extension 'dsv' for command environment
[0.632s] INFO:colcon.colcon_core.task.python.build:Building Python package in '/home/yyh/ros2_ws/src/yyh_object'
[0.632s] INFO:colcon.colcon_core.shell:Skip shell extension 'powershell' for command environment: Not usable outside of PowerShell
[0.632s] DEBUG:colcon.colcon_core.shell:Skip shell extension 'dsv' for command environment
[0.637s] DEBUG:colcon.colcon_core.event_handler.log_command:Invoked command in '/home/yyh/ros2_ws/build/realsense2_camera_msgs' returned '0': CMAKE_PREFIX_PATH=${CMAKE_PREFIX_PATH}:/home/yyh/ros2_ws/install/yyh_object:/home/yyh/ros2_ws/install/yyh_nav:/home/yyh/ros2_ws/install/yyh_launch:/home/yyh/ros2_ws/install/yolov5_ros2:/opt/ros/foxy /usr/bin/cmake --build /home/yyh/ros2_ws/build/realsense2_camera_msgs -- -j4 -l4
[0.736s] DEBUG:colcon.colcon_core.event_handler.log_command:Invoking command in '/home/yyh/ros2_ws/build/realsense2_camera_msgs': CMAKE_PREFIX_PATH=${CMAKE_PREFIX_PATH}:/home/yyh/ros2_ws/install/yyh_object:/home/yyh/ros2_ws/install/yyh_nav:/home/yyh/ros2_ws/install/yyh_launch:/home/yyh/ros2_ws/install/yolov5_ros2:/opt/ros/foxy /usr/bin/cmake --install /home/yyh/ros2_ws/build/realsense2_camera_msgs
[0.798s] Level 1:colcon.colcon_core.environment:create_environment_scripts_only(realsense2_camera_msgs)
[0.799s] DEBUG:colcon.colcon_core.event_handler.log_command:Invoked command in '/home/yyh/ros2_ws/build/realsense2_camera_msgs' returned '0': CMAKE_PREFIX_PATH=${CMAKE_PREFIX_PATH}:/home/yyh/ros2_ws/install/yyh_object:/home/yyh/ros2_ws/install/yyh_nav:/home/yyh/ros2_ws/install/yyh_launch:/home/yyh/ros2_ws/install/yolov5_ros2:/opt/ros/foxy /usr/bin/cmake --install /home/yyh/ros2_ws/build/realsense2_camera_msgs
[0.802s] Level 1:colcon.colcon_core.environment:checking '/home/yyh/ros2_ws/install/realsense2_camera_msgs' for CMake module files
[0.802s] Level 1:colcon.colcon_core.environment:checking '/home/yyh/ros2_ws/install/realsense2_camera_msgs' for CMake config files
[0.803s] Level 1:colcon.colcon_core.shell:create_environment_hook('realsense2_camera_msgs', 'cmake_prefix_path')
[0.803s] INFO:colcon.colcon_core.shell:Creating environment hook '/home/yyh/ros2_ws/install/realsense2_camera_msgs/share/realsense2_camera_msgs/hook/cmake_prefix_path.ps1'
[0.803s] INFO:colcon.colcon_core.shell:Creating environment descriptor '/home/yyh/ros2_ws/install/realsense2_camera_msgs/share/realsense2_camera_msgs/hook/cmake_prefix_path.dsv'
[0.804s] INFO:colcon.colcon_core.shell:Creating environment hook '/home/yyh/ros2_ws/install/realsense2_camera_msgs/share/realsense2_camera_msgs/hook/cmake_prefix_path.sh'
[0.804s] Level 1:colcon.colcon_core.environment:checking '/home/yyh/ros2_ws/install/realsense2_camera_msgs/lib'
[0.805s] Level 1:colcon.colcon_core.shell:create_environment_hook('realsense2_camera_msgs', 'ld_library_path_lib')
[0.805s] INFO:colcon.colcon_core.shell:Creating environment hook '/home/yyh/ros2_ws/install/realsense2_camera_msgs/share/realsense2_camera_msgs/hook/ld_library_path_lib.ps1'
[0.805s] INFO:colcon.colcon_core.shell:Creating environment descriptor '/home/yyh/ros2_ws/install/realsense2_camera_msgs/share/realsense2_camera_msgs/hook/ld_library_path_lib.dsv'
[0.805s] INFO:colcon.colcon_core.shell:Creating environment hook '/home/yyh/ros2_ws/install/realsense2_camera_msgs/share/realsense2_camera_msgs/hook/ld_library_path_lib.sh'
[0.806s] Level 1:colcon.colcon_core.environment:checking '/home/yyh/ros2_ws/install/realsense2_camera_msgs/bin'
[0.806s] Level 1:colcon.colcon_core.environment:checking '/home/yyh/ros2_ws/install/realsense2_camera_msgs/lib/pkgconfig/realsense2_camera_msgs.pc'
[0.806s] Level 1:colcon.colcon_core.environment:checking '/home/yyh/ros2_ws/install/realsense2_camera_msgs/lib/python3.8/site-packages'
[0.806s] Level 1:colcon.colcon_core.shell:create_environment_hook('realsense2_camera_msgs', 'pythonpath')
[0.806s] INFO:colcon.colcon_core.shell:Creating environment hook '/home/yyh/ros2_ws/install/realsense2_camera_msgs/share/realsense2_camera_msgs/hook/pythonpath.ps1'
[0.807s] INFO:colcon.colcon_core.shell:Creating environment descriptor '/home/yyh/ros2_ws/install/realsense2_camera_msgs/share/realsense2_camera_msgs/hook/pythonpath.dsv'
[0.807s] INFO:colcon.colcon_core.shell:Creating environment hook '/home/yyh/ros2_ws/install/realsense2_camera_msgs/share/realsense2_camera_msgs/hook/pythonpath.sh'
[0.807s] Level 1:colcon.colcon_core.environment:checking '/home/yyh/ros2_ws/install/realsense2_camera_msgs/bin'
[0.808s] INFO:colcon.colcon_core.shell:Creating package script '/home/yyh/ros2_ws/install/realsense2_camera_msgs/share/realsense2_camera_msgs/package.ps1'
[0.808s] INFO:colcon.colcon_core.shell:Creating package descriptor '/home/yyh/ros2_ws/install/realsense2_camera_msgs/share/realsense2_camera_msgs/package.dsv'
[0.809s] INFO:colcon.colcon_core.shell:Creating package script '/home/yyh/ros2_ws/install/realsense2_camera_msgs/share/realsense2_camera_msgs/package.sh'
[0.810s] INFO:colcon.colcon_core.shell:Creating package script '/home/yyh/ros2_ws/install/realsense2_camera_msgs/share/realsense2_camera_msgs/package.bash'
[0.810s] INFO:colcon.colcon_core.shell:Creating package script '/home/yyh/ros2_ws/install/realsense2_camera_msgs/share/realsense2_camera_msgs/package.zsh'
[0.811s] Level 1:colcon.colcon_core.environment:create_file_with_runtime_dependencies(/home/yyh/ros2_ws/install/realsense2_camera_msgs/share/colcon-core/packages/realsense2_camera_msgs)
[0.904s] Level 1:colcon.colcon_core.environment:create_environment_scripts_only(realsense2_camera_msgs)
[0.904s] Level 1:colcon.colcon_core.environment:checking '/home/yyh/ros2_ws/install/realsense2_camera_msgs' for CMake module files
[0.905s] Level 1:colcon.colcon_core.environment:checking '/home/yyh/ros2_ws/install/realsense2_camera_msgs' for CMake config files
[0.905s] Level 1:colcon.colcon_core.shell:create_environment_hook('realsense2_camera_msgs', 'cmake_prefix_path')
[0.905s] INFO:colcon.colcon_core.shell:Creating environment hook '/home/yyh/ros2_ws/install/realsense2_camera_msgs/share/realsense2_camera_msgs/hook/cmake_prefix_path.ps1'
[0.906s] INFO:colcon.colcon_core.shell:Creating environment descriptor '/home/yyh/ros2_ws/install/realsense2_camera_msgs/share/realsense2_camera_msgs/hook/cmake_prefix_path.dsv'
[0.906s] INFO:colcon.colcon_core.shell:Creating environment hook '/home/yyh/ros2_ws/install/realsense2_camera_msgs/share/realsense2_camera_msgs/hook/cmake_prefix_path.sh'
[0.907s] Level 1:colcon.colcon_core.environment:checking '/home/yyh/ros2_ws/install/realsense2_camera_msgs/lib'
[0.907s] Level 1:colcon.colcon_core.shell:create_environment_hook('realsense2_camera_msgs', 'ld_library_path_lib')
[0.907s] INFO:colcon.colcon_core.shell:Creating environment hook '/home/yyh/ros2_ws/install/realsense2_camera_msgs/share/realsense2_camera_msgs/hook/ld_library_path_lib.ps1'
[0.907s] INFO:colcon.colcon_core.shell:Creating environment descriptor '/home/yyh/ros2_ws/install/realsense2_camera_msgs/share/realsense2_camera_msgs/hook/ld_library_path_lib.dsv'
[0.907s] INFO:colcon.colcon_core.shell:Creating environment hook '/home/yyh/ros2_ws/install/realsense2_camera_msgs/share/realsense2_camera_msgs/hook/ld_library_path_lib.sh'
[0.908s] Level 1:colcon.colcon_core.environment:checking '/home/yyh/ros2_ws/install/realsense2_camera_msgs/bin'
[0.908s] Level 1:colcon.colcon_core.environment:checking '/home/yyh/ros2_ws/install/realsense2_camera_msgs/lib/pkgconfig/realsense2_camera_msgs.pc'
[0.908s] Level 1:colcon.colcon_core.environment:checking '/home/yyh/ros2_ws/install/realsense2_camera_msgs/lib/python3.8/site-packages'
[0.908s] Level 1:colcon.colcon_core.shell:create_environment_hook('realsense2_camera_msgs', 'pythonpath')
[0.908s] INFO:colcon.colcon_core.shell:Creating environment hook '/home/yyh/ros2_ws/install/realsense2_camera_msgs/share/realsense2_camera_msgs/hook/pythonpath.ps1'
[0.909s] INFO:colcon.colcon_core.shell:Creating environment descriptor '/home/yyh/ros2_ws/install/realsense2_camera_msgs/share/realsense2_camera_msgs/hook/pythonpath.dsv'
[0.909s] INFO:colcon.colcon_core.shell:Creating environment hook '/home/yyh/ros2_ws/install/realsense2_camera_msgs/share/realsense2_camera_msgs/hook/pythonpath.sh'
[0.909s] Level 1:colcon.colcon_core.environment:checking '/home/yyh/ros2_ws/install/realsense2_camera_msgs/bin'
[0.910s] INFO:colcon.colcon_core.shell:Creating package script '/home/yyh/ros2_ws/install/realsense2_camera_msgs/share/realsense2_camera_msgs/package.ps1'
[0.910s] INFO:colcon.colcon_core.shell:Creating package descriptor '/home/yyh/ros2_ws/install/realsense2_camera_msgs/share/realsense2_camera_msgs/package.dsv'
[0.911s] INFO:colcon.colcon_core.shell:Creating package script '/home/yyh/ros2_ws/install/realsense2_camera_msgs/share/realsense2_camera_msgs/package.sh'
[0.911s] INFO:colcon.colcon_core.shell:Creating package script '/home/yyh/ros2_ws/install/realsense2_camera_msgs/share/realsense2_camera_msgs/package.bash'
[0.912s] INFO:colcon.colcon_core.shell:Creating package script '/home/yyh/ros2_ws/install/realsense2_camera_msgs/share/realsense2_camera_msgs/package.zsh'
[0.912s] Level 1:colcon.colcon_core.environment:create_file_with_runtime_dependencies(/home/yyh/ros2_ws/install/realsense2_camera_msgs/share/colcon-core/packages/realsense2_camera_msgs)
[0.914s] INFO:colcon.colcon_ros.task.ament_cmake.build:Building ROS package in '/home/yyh/ros2_ws/src/realsense-ros-4.51.1/realsense2_camera' with build type 'ament_cmake'
[0.914s] INFO:colcon.colcon_cmake.task.cmake.build:Building CMake package in '/home/yyh/ros2_ws/src/realsense-ros-4.51.1/realsense2_camera'
[0.914s] INFO:colcon.colcon_core.shell:Skip shell extension 'powershell' for command environment: Not usable outside of PowerShell
[0.914s] DEBUG:colcon.colcon_core.shell:Skip shell extension 'dsv' for command environment
[0.920s] INFO:colcon.colcon_ros.task.ament_cmake.build:Building ROS package in '/home/yyh/ros2_ws/src/realsense-ros-4.51.1/realsense2_description' with build type 'ament_cmake'
[0.920s] INFO:colcon.colcon_cmake.task.cmake.build:Building CMake package in '/home/yyh/ros2_ws/src/realsense-ros-4.51.1/realsense2_description'
[0.921s] INFO:colcon.colcon_core.shell:Skip shell extension 'powershell' for command environment: Not usable outside of PowerShell
[0.921s] DEBUG:colcon.colcon_core.shell:Skip shell extension 'dsv' for command environment
[0.932s] DEBUG:colcon.colcon_core.event_handler.log_command:Invoking command in '/home/yyh/ros2_ws/build/realsense2_camera': CMAKE_PREFIX_PATH=/home/yyh/ros2_ws/install/realsense2_camera_msgs:/home/yyh/ros2_ws/install/realsense2_description:/home/yyh/ros2_ws/install/realsense2_camera:/home/yyh/ros2_ws/install/yyh_object:/home/yyh/ros2_ws/install/yyh_nav:/home/yyh/ros2_ws/install/yyh_launch:/home/yyh/ros2_ws/install/yolov5_ros2:/opt/ros/foxy LD_LIBRARY_PATH=/home/yyh/ros2_ws/install/realsense2_camera_msgs/lib:/home/yyh/ros2_ws/install/realsense2_camera/lib:/opt/ros/foxy/opt/yaml_cpp_vendor/lib:/opt/ros/foxy/opt/rviz_ogre_vendor/lib:/opt/ros/foxy/lib/x86_64-linux-gnu:/opt/ros/foxy/lib PYTHONPATH=/home/yyh/ros2_ws/install/realsense2_camera_msgs/lib/python3.8/site-packages:/home/yyh/ros2_ws/install/yyh_object/lib/python3.8/site-packages:/home/yyh/ros2_ws/install/yyh_nav/lib/python3.8/site-packages:/home/yyh/ros2_ws/install/yyh_launch/lib/python3.8/site-packages:/home/yyh/ros2_ws/install/yolov5_ros2/lib/python3.8/site-packages:/opt/ros/foxy/lib/python3.8/site-packages /usr/bin/cmake --build /home/yyh/ros2_ws/build/realsense2_camera -- -j4 -l4
[0.937s] DEBUG:colcon.colcon_core.event_handler.log_command:Invoking command in '/home/yyh/ros2_ws/build/realsense2_description': CMAKE_PREFIX_PATH=/home/yyh/ros2_ws/install/realsense2_camera_msgs:/home/yyh/ros2_ws/install/realsense2_description:/home/yyh/ros2_ws/install/realsense2_camera:/home/yyh/ros2_ws/install/yyh_object:/home/yyh/ros2_ws/install/yyh_nav:/home/yyh/ros2_ws/install/yyh_launch:/home/yyh/ros2_ws/install/yolov5_ros2:/opt/ros/foxy LD_LIBRARY_PATH=/home/yyh/ros2_ws/install/realsense2_camera_msgs/lib:/home/yyh/ros2_ws/install/realsense2_camera/lib:/opt/ros/foxy/opt/yaml_cpp_vendor/lib:/opt/ros/foxy/opt/rviz_ogre_vendor/lib:/opt/ros/foxy/lib/x86_64-linux-gnu:/opt/ros/foxy/lib PYTHONPATH=/home/yyh/ros2_ws/install/realsense2_camera_msgs/lib/python3.8/site-packages:/home/yyh/ros2_ws/install/yyh_object/lib/python3.8/site-packages:/home/yyh/ros2_ws/install/yyh_nav/lib/python3.8/site-packages:/home/yyh/ros2_ws/install/yyh_launch/lib/python3.8/site-packages:/home/yyh/ros2_ws/install/yolov5_ros2/lib/python3.8/site-packages:/opt/ros/foxy/lib/python3.8/site-packages /usr/bin/cmake --build /home/yyh/ros2_ws/build/realsense2_description -- -j4 -l4
[0.982s] DEBUG:colcon.colcon_core.event_handler.log_command:Invoked command in '/home/yyh/ros2_ws/build/realsense2_description' returned '0': CMAKE_PREFIX_PATH=/home/yyh/ros2_ws/install/realsense2_camera_msgs:/home/yyh/ros2_ws/install/realsense2_description:/home/yyh/ros2_ws/install/realsense2_camera:/home/yyh/ros2_ws/install/yyh_object:/home/yyh/ros2_ws/install/yyh_nav:/home/yyh/ros2_ws/install/yyh_launch:/home/yyh/ros2_ws/install/yolov5_ros2:/opt/ros/foxy LD_LIBRARY_PATH=/home/yyh/ros2_ws/install/realsense2_camera_msgs/lib:/home/yyh/ros2_ws/install/realsense2_camera/lib:/opt/ros/foxy/opt/yaml_cpp_vendor/lib:/opt/ros/foxy/opt/rviz_ogre_vendor/lib:/opt/ros/foxy/lib/x86_64-linux-gnu:/opt/ros/foxy/lib PYTHONPATH=/home/yyh/ros2_ws/install/realsense2_camera_msgs/lib/python3.8/site-packages:/home/yyh/ros2_ws/install/yyh_object/lib/python3.8/site-packages:/home/yyh/ros2_ws/install/yyh_nav/lib/python3.8/site-packages:/home/yyh/ros2_ws/install/yyh_launch/lib/python3.8/site-packages:/home/yyh/ros2_ws/install/yolov5_ros2/lib/python3.8/site-packages:/opt/ros/foxy/lib/python3.8/site-packages /usr/bin/cmake --build /home/yyh/ros2_ws/build/realsense2_description -- -j4 -l4
[1.038s] DEBUG:colcon.colcon_core.event_handler.log_command:Invoking command in '/home/yyh/ros2_ws/build/realsense2_description': CMAKE_PREFIX_PATH=/home/yyh/ros2_ws/install/realsense2_camera_msgs:/home/yyh/ros2_ws/install/realsense2_description:/home/yyh/ros2_ws/install/realsense2_camera:/home/yyh/ros2_ws/install/yyh_object:/home/yyh/ros2_ws/install/yyh_nav:/home/yyh/ros2_ws/install/yyh_launch:/home/yyh/ros2_ws/install/yolov5_ros2:/opt/ros/foxy LD_LIBRARY_PATH=/home/yyh/ros2_ws/install/realsense2_camera_msgs/lib:/home/yyh/ros2_ws/install/realsense2_camera/lib:/opt/ros/foxy/opt/yaml_cpp_vendor/lib:/opt/ros/foxy/opt/rviz_ogre_vendor/lib:/opt/ros/foxy/lib/x86_64-linux-gnu:/opt/ros/foxy/lib PYTHONPATH=/home/yyh/ros2_ws/install/realsense2_camera_msgs/lib/python3.8/site-packages:/home/yyh/ros2_ws/install/yyh_object/lib/python3.8/site-packages:/home/yyh/ros2_ws/install/yyh_nav/lib/python3.8/site-packages:/home/yyh/ros2_ws/install/yyh_launch/lib/python3.8/site-packages:/home/yyh/ros2_ws/install/yolov5_ros2/lib/python3.8/site-packages:/opt/ros/foxy/lib/python3.8/site-packages /usr/bin/cmake --install /home/yyh/ros2_ws/build/realsense2_description
[1.056s] Level 1:colcon.colcon_core.environment:create_environment_scripts_only(realsense2_description)
[1.056s] Level 1:colcon.colcon_core.environment:checking '/home/yyh/ros2_ws/install/realsense2_description' for CMake module files
[1.057s] Level 1:colcon.colcon_core.environment:checking '/home/yyh/ros2_ws/install/realsense2_description' for CMake config files
[1.057s] Level 1:colcon.colcon_core.shell:create_environment_hook('realsense2_description', 'cmake_prefix_path')
[1.057s] INFO:colcon.colcon_core.shell:Creating environment hook '/home/yyh/ros2_ws/install/realsense2_description/share/realsense2_description/hook/cmake_prefix_path.ps1'
[1.058s] INFO:colcon.colcon_core.shell:Creating environment descriptor '/home/yyh/ros2_ws/install/realsense2_description/share/realsense2_description/hook/cmake_prefix_path.dsv'
[1.058s] INFO:colcon.colcon_core.shell:Creating environment hook '/home/yyh/ros2_ws/install/realsense2_description/share/realsense2_description/hook/cmake_prefix_path.sh'
[1.059s] Level 1:colcon.colcon_core.environment:checking '/home/yyh/ros2_ws/install/realsense2_description/bin'
[1.059s] Level 1:colcon.colcon_core.environment:checking '/home/yyh/ros2_ws/install/realsense2_description/lib/pkgconfig/realsense2_description.pc'
[1.059s] Level 1:colcon.colcon_core.environment:checking '/home/yyh/ros2_ws/install/realsense2_description/lib/python3.8/site-packages'
[1.059s] Level 1:colcon.colcon_core.environment:checking '/home/yyh/ros2_ws/install/realsense2_description/bin'
[1.059s] INFO:colcon.colcon_core.shell:Creating package script '/home/yyh/ros2_ws/install/realsense2_description/share/realsense2_description/package.ps1'
[1.060s] INFO:colcon.colcon_core.shell:Creating package descriptor '/home/yyh/ros2_ws/install/realsense2_description/share/realsense2_description/package.dsv'
[1.060s] DEBUG:colcon.colcon_core.event_handler.log_command:Invoked command in '/home/yyh/ros2_ws/build/realsense2_description' returned '0': CMAKE_PREFIX_PATH=/home/yyh/ros2_ws/install/realsense2_camera_msgs:/home/yyh/ros2_ws/install/realsense2_description:/home/yyh/ros2_ws/install/realsense2_camera:/home/yyh/ros2_ws/install/yyh_object:/home/yyh/ros2_ws/install/yyh_nav:/home/yyh/ros2_ws/install/yyh_launch:/home/yyh/ros2_ws/install/yolov5_ros2:/opt/ros/foxy LD_LIBRARY_PATH=/home/yyh/ros2_ws/install/realsense2_camera_msgs/lib:/home/yyh/ros2_ws/install/realsense2_camera/lib:/opt/ros/foxy/opt/yaml_cpp_vendor/lib:/opt/ros/foxy/opt/rviz_ogre_vendor/lib:/opt/ros/foxy/lib/x86_64-linux-gnu:/opt/ros/foxy/lib PYTHONPATH=/home/yyh/ros2_ws/install/realsense2_camera_msgs/lib/python3.8/site-packages:/home/yyh/ros2_ws/install/yyh_object/lib/python3.8/site-packages:/home/yyh/ros2_ws/install/yyh_nav/lib/python3.8/site-packages:/home/yyh/ros2_ws/install/yyh_launch/lib/python3.8/site-packages:/home/yyh/ros2_ws/install/yolov5_ros2/lib/python3.8/site-packages:/opt/ros/foxy/lib/python3.8/site-packages /usr/bin/cmake --install /home/yyh/ros2_ws/build/realsense2_description
[1.061s] INFO:colcon.colcon_core.shell:Creating package script '/home/yyh/ros2_ws/install/realsense2_description/share/realsense2_description/package.sh'
[1.061s] INFO:colcon.colcon_core.shell:Creating package script '/home/yyh/ros2_ws/install/realsense2_description/share/realsense2_description/package.bash'
[1.062s] INFO:colcon.colcon_core.shell:Creating package script '/home/yyh/ros2_ws/install/realsense2_description/share/realsense2_description/package.zsh'
[1.062s] Level 1:colcon.colcon_core.environment:create_file_with_runtime_dependencies(/home/yyh/ros2_ws/install/realsense2_description/share/colcon-core/packages/realsense2_description)
[1.075s] DEBUG:colcon.colcon_core.event_handler.log_command:Invoked command in '/home/yyh/ros2_ws/build/realsense2_camera' returned '0': CMAKE_PREFIX_PATH=/home/yyh/ros2_ws/install/realsense2_camera_msgs:/home/yyh/ros2_ws/install/realsense2_description:/home/yyh/ros2_ws/install/realsense2_camera:/home/yyh/ros2_ws/install/yyh_object:/home/yyh/ros2_ws/install/yyh_nav:/home/yyh/ros2_ws/install/yyh_launch:/home/yyh/ros2_ws/install/yolov5_ros2:/opt/ros/foxy LD_LIBRARY_PATH=/home/yyh/ros2_ws/install/realsense2_camera_msgs/lib:/home/yyh/ros2_ws/install/realsense2_camera/lib:/opt/ros/foxy/opt/yaml_cpp_vendor/lib:/opt/ros/foxy/opt/rviz_ogre_vendor/lib:/opt/ros/foxy/lib/x86_64-linux-gnu:/opt/ros/foxy/lib PYTHONPATH=/home/yyh/ros2_ws/install/realsense2_camera_msgs/lib/python3.8/site-packages:/home/yyh/ros2_ws/install/yyh_object/lib/python3.8/site-packages:/home/yyh/ros2_ws/install/yyh_nav/lib/python3.8/site-packages:/home/yyh/ros2_ws/install/yyh_launch/lib/python3.8/site-packages:/home/yyh/ros2_ws/install/yolov5_ros2/lib/python3.8/site-packages:/opt/ros/foxy/lib/python3.8/site-packages /usr/bin/cmake --build /home/yyh/ros2_ws/build/realsense2_camera -- -j4 -l4
[1.085s] Level 1:colcon.colcon_core.environment:create_environment_scripts_only(realsense2_description)
[1.085s] Level 1:colcon.colcon_core.environment:checking '/home/yyh/ros2_ws/install/realsense2_description' for CMake module files
[1.085s] Level 1:colcon.colcon_core.environment:checking '/home/yyh/ros2_ws/install/realsense2_description' for CMake config files
[1.086s] Level 1:colcon.colcon_core.shell:create_environment_hook('realsense2_description', 'cmake_prefix_path')
[1.086s] INFO:colcon.colcon_core.shell:Creating environment hook '/home/yyh/ros2_ws/install/realsense2_description/share/realsense2_description/hook/cmake_prefix_path.ps1'
[1.087s] INFO:colcon.colcon_core.shell:Creating environment descriptor '/home/yyh/ros2_ws/install/realsense2_description/share/realsense2_description/hook/cmake_prefix_path.dsv'
[1.087s] INFO:colcon.colcon_core.shell:Creating environment hook '/home/yyh/ros2_ws/install/realsense2_description/share/realsense2_description/hook/cmake_prefix_path.sh'
[1.087s] Level 1:colcon.colcon_core.environment:checking '/home/yyh/ros2_ws/install/realsense2_description/bin'
[1.088s] Level 1:colcon.colcon_core.environment:checking '/home/yyh/ros2_ws/install/realsense2_description/lib/pkgconfig/realsense2_description.pc'
[1.088s] Level 1:colcon.colcon_core.environment:checking '/home/yyh/ros2_ws/install/realsense2_description/lib/python3.8/site-packages'
[1.088s] Level 1:colcon.colcon_core.environment:checking '/home/yyh/ros2_ws/install/realsense2_description/bin'
[1.088s] INFO:colcon.colcon_core.shell:Creating package script '/home/yyh/ros2_ws/install/realsense2_description/share/realsense2_description/package.ps1'
[1.089s] INFO:colcon.colcon_core.shell:Creating package descriptor '/home/yyh/ros2_ws/install/realsense2_description/share/realsense2_description/package.dsv'
[1.089s] INFO:colcon.colcon_core.shell:Creating package script '/home/yyh/ros2_ws/install/realsense2_description/share/realsense2_description/package.sh'
[1.090s] INFO:colcon.colcon_core.shell:Creating package script '/home/yyh/ros2_ws/install/realsense2_description/share/realsense2_description/package.bash'
[1.090s] INFO:colcon.colcon_core.shell:Creating package script '/home/yyh/ros2_ws/install/realsense2_description/share/realsense2_description/package.zsh'
[1.090s] Level 1:colcon.colcon_core.environment:create_file_with_runtime_dependencies(/home/yyh/ros2_ws/install/realsense2_description/share/colcon-core/packages/realsense2_description)
[1.126s] DEBUG:colcon.colcon_core.event_handler.log_command:Invoking command in '/home/yyh/ros2_ws/build/realsense2_camera': CMAKE_PREFIX_PATH=/home/yyh/ros2_ws/install/realsense2_camera_msgs:/home/yyh/ros2_ws/install/realsense2_description:/home/yyh/ros2_ws/install/realsense2_camera:/home/yyh/ros2_ws/install/yyh_object:/home/yyh/ros2_ws/install/yyh_nav:/home/yyh/ros2_ws/install/yyh_launch:/home/yyh/ros2_ws/install/yolov5_ros2:/opt/ros/foxy LD_LIBRARY_PATH=/home/yyh/ros2_ws/install/realsense2_camera_msgs/lib:/home/yyh/ros2_ws/install/realsense2_camera/lib:/opt/ros/foxy/opt/yaml_cpp_vendor/lib:/opt/ros/foxy/opt/rviz_ogre_vendor/lib:/opt/ros/foxy/lib/x86_64-linux-gnu:/opt/ros/foxy/lib PYTHONPATH=/home/yyh/ros2_ws/install/realsense2_camera_msgs/lib/python3.8/site-packages:/home/yyh/ros2_ws/install/yyh_object/lib/python3.8/site-packages:/home/yyh/ros2_ws/install/yyh_nav/lib/python3.8/site-packages:/home/yyh/ros2_ws/install/yyh_launch/lib/python3.8/site-packages:/home/yyh/ros2_ws/install/yolov5_ros2/lib/python3.8/site-packages:/opt/ros/foxy/lib/python3.8/site-packages /usr/bin/cmake --install /home/yyh/ros2_ws/build/realsense2_camera
[1.138s] Level 1:colcon.colcon_core.environment:create_environment_scripts_only(realsense2_camera)
[1.138s] Level 1:colcon.colcon_core.environment:checking '/home/yyh/ros2_ws/install/realsense2_camera' for CMake module files
[1.139s] DEBUG:colcon.colcon_core.event_handler.log_command:Invoked command in '/home/yyh/ros2_ws/build/realsense2_camera' returned '0': CMAKE_PREFIX_PATH=/home/yyh/ros2_ws/install/realsense2_camera_msgs:/home/yyh/ros2_ws/install/realsense2_description:/home/yyh/ros2_ws/install/realsense2_camera:/home/yyh/ros2_ws/install/yyh_object:/home/yyh/ros2_ws/install/yyh_nav:/home/yyh/ros2_ws/install/yyh_launch:/home/yyh/ros2_ws/install/yolov5_ros2:/opt/ros/foxy LD_LIBRARY_PATH=/home/yyh/ros2_ws/install/realsense2_camera_msgs/lib:/home/yyh/ros2_ws/install/realsense2_camera/lib:/opt/ros/foxy/opt/yaml_cpp_vendor/lib:/opt/ros/foxy/opt/rviz_ogre_vendor/lib:/opt/ros/foxy/lib/x86_64-linux-gnu:/opt/ros/foxy/lib PYTHONPATH=/home/yyh/ros2_ws/install/realsense2_camera_msgs/lib/python3.8/site-packages:/home/yyh/ros2_ws/install/yyh_object/lib/python3.8/site-packages:/home/yyh/ros2_ws/install/yyh_nav/lib/python3.8/site-packages:/home/yyh/ros2_ws/install/yyh_launch/lib/python3.8/site-packages:/home/yyh/ros2_ws/install/yolov5_ros2/lib/python3.8/site-packages:/opt/ros/foxy/lib/python3.8/site-packages /usr/bin/cmake --install /home/yyh/ros2_ws/build/realsense2_camera
[1.139s] Level 1:colcon.colcon_core.environment:checking '/home/yyh/ros2_ws/install/realsense2_camera' for CMake config files
[1.140s] Level 1:colcon.colcon_core.shell:create_environment_hook('realsense2_camera', 'cmake_prefix_path')
[1.140s] INFO:colcon.colcon_core.shell:Creating environment hook '/home/yyh/ros2_ws/install/realsense2_camera/share/realsense2_camera/hook/cmake_prefix_path.ps1'
[1.141s] INFO:colcon.colcon_core.shell:Creating environment descriptor '/home/yyh/ros2_ws/install/realsense2_camera/share/realsense2_camera/hook/cmake_prefix_path.dsv'
[1.141s] INFO:colcon.colcon_core.shell:Creating environment hook '/home/yyh/ros2_ws/install/realsense2_camera/share/realsense2_camera/hook/cmake_prefix_path.sh'
[1.141s] Level 1:colcon.colcon_core.environment:checking '/home/yyh/ros2_ws/install/realsense2_camera/lib'
[1.141s] Level 1:colcon.colcon_core.shell:create_environment_hook('realsense2_camera', 'ld_library_path_lib')
[1.142s] INFO:colcon.colcon_core.shell:Creating environment hook '/home/yyh/ros2_ws/install/realsense2_camera/share/realsense2_camera/hook/ld_library_path_lib.ps1'
[1.142s] INFO:colcon.colcon_core.shell:Creating environment descriptor '/home/yyh/ros2_ws/install/realsense2_camera/share/realsense2_camera/hook/ld_library_path_lib.dsv'
[1.142s] INFO:colcon.colcon_core.shell:Creating environment hook '/home/yyh/ros2_ws/install/realsense2_camera/share/realsense2_camera/hook/ld_library_path_lib.sh'
[1.143s] Level 1:colcon.colcon_core.environment:checking '/home/yyh/ros2_ws/install/realsense2_camera/bin'
[1.143s] Level 1:colcon.colcon_core.environment:checking '/home/yyh/ros2_ws/install/realsense2_camera/lib/pkgconfig/realsense2_camera.pc'
[1.143s] Level 1:colcon.colcon_core.environment:checking '/home/yyh/ros2_ws/install/realsense2_camera/lib/python3.8/site-packages'
[1.143s] Level 1:colcon.colcon_core.environment:checking '/home/yyh/ros2_ws/install/realsense2_camera/bin'
[1.143s] INFO:colcon.colcon_core.shell:Creating package script '/home/yyh/ros2_ws/install/realsense2_camera/share/realsense2_camera/package.ps1'
[1.144s] INFO:colcon.colcon_core.shell:Creating package descriptor '/home/yyh/ros2_ws/install/realsense2_camera/share/realsense2_camera/package.dsv'
[1.144s] INFO:colcon.colcon_core.shell:Creating package script '/home/yyh/ros2_ws/install/realsense2_camera/share/realsense2_camera/package.sh'
[1.145s] INFO:colcon.colcon_core.shell:Creating package script '/home/yyh/ros2_ws/install/realsense2_camera/share/realsense2_camera/package.bash'
[1.145s] INFO:colcon.colcon_core.shell:Creating package script '/home/yyh/ros2_ws/install/realsense2_camera/share/realsense2_camera/package.zsh'
[1.145s] Level 1:colcon.colcon_core.environment:create_file_with_runtime_dependencies(/home/yyh/ros2_ws/install/realsense2_camera/share/colcon-core/packages/realsense2_camera)
[1.201s] DEBUG:colcon.colcon_core.event_handler.log_command:Invoking command in '/home/yyh/ros2_ws/src/yyh_object': PYTHONPATH=/home/yyh/ros2_ws/build/yyh_object/prefix_override:/usr/lib/python3/dist-packages/colcon_core/task/python/colcon_distutils_commands:/home/yyh/ros2_ws/install/yyh_object/lib/python3.8/site-packages:${PYTHONPATH} /usr/bin/python3 -W ignore:setup.py install is deprecated setup.py egg_info --egg-base ../../build/yyh_object build --build-base /home/yyh/ros2_ws/build/yyh_object/build install --record /home/yyh/ros2_ws/build/yyh_object/install.log --install-scripts $base/lib/yyh_object --single-version-externally-managed install_data
[1.203s] Level 1:colcon.colcon_core.environment:create_environment_scripts_only(realsense2_camera)
[1.203s] Level 1:colcon.colcon_core.environment:checking '/home/yyh/ros2_ws/install/realsense2_camera' for CMake module files
[1.204s] Level 1:colcon.colcon_core.environment:checking '/home/yyh/ros2_ws/install/realsense2_camera' for CMake config files
[1.204s] Level 1:colcon.colcon_core.shell:create_environment_hook('realsense2_camera', 'cmake_prefix_path')
[1.204s] INFO:colcon.colcon_core.shell:Creating environment hook '/home/yyh/ros2_ws/install/realsense2_camera/share/realsense2_camera/hook/cmake_prefix_path.ps1'
[1.205s] INFO:colcon.colcon_core.shell:Creating environment descriptor '/home/yyh/ros2_ws/install/realsense2_camera/share/realsense2_camera/hook/cmake_prefix_path.dsv'
[1.205s] INFO:colcon.colcon_core.shell:Creating environment hook '/home/yyh/ros2_ws/install/realsense2_camera/share/realsense2_camera/hook/cmake_prefix_path.sh'
[1.206s] Level 1:colcon.colcon_core.environment:checking '/home/yyh/ros2_ws/install/realsense2_camera/lib'
[1.206s] Level 1:colcon.colcon_core.shell:create_environment_hook('realsense2_camera', 'ld_library_path_lib')
[1.206s] INFO:colcon.colcon_core.shell:Creating environment hook '/home/yyh/ros2_ws/install/realsense2_camera/share/realsense2_camera/hook/ld_library_path_lib.ps1'
[1.206s] INFO:colcon.colcon_core.shell:Creating environment descriptor '/home/yyh/ros2_ws/install/realsense2_camera/share/realsense2_camera/hook/ld_library_path_lib.dsv'
[1.207s] INFO:colcon.colcon_core.shell:Creating environment hook '/home/yyh/ros2_ws/install/realsense2_camera/share/realsense2_camera/hook/ld_library_path_lib.sh'
[1.207s] Level 1:colcon.colcon_core.environment:checking '/home/yyh/ros2_ws/install/realsense2_camera/bin'
[1.207s] Level 1:colcon.colcon_core.environment:checking '/home/yyh/ros2_ws/install/realsense2_camera/lib/pkgconfig/realsense2_camera.pc'
[1.207s] Level 1:colcon.colcon_core.environment:checking '/home/yyh/ros2_ws/install/realsense2_camera/lib/python3.8/site-packages'
[1.207s] Level 1:colcon.colcon_core.environment:checking '/home/yyh/ros2_ws/install/realsense2_camera/bin'
[1.208s] INFO:colcon.colcon_core.shell:Creating package script '/home/yyh/ros2_ws/install/realsense2_camera/share/realsense2_camera/package.ps1'
[1.208s] INFO:colcon.colcon_core.shell:Creating package descriptor '/home/yyh/ros2_ws/install/realsense2_camera/share/realsense2_camera/package.dsv'
[1.209s] INFO:colcon.colcon_core.shell:Creating package script '/home/yyh/ros2_ws/install/realsense2_camera/share/realsense2_camera/package.sh'
[1.209s] INFO:colcon.colcon_core.shell:Creating package script '/home/yyh/ros2_ws/install/realsense2_camera/share/realsense2_camera/package.bash'
[1.210s] INFO:colcon.colcon_core.shell:Creating package script '/home/yyh/ros2_ws/install/realsense2_camera/share/realsense2_camera/package.zsh'
[1.210s] Level 1:colcon.colcon_core.environment:create_file_with_runtime_dependencies(/home/yyh/ros2_ws/install/realsense2_camera/share/colcon-core/packages/realsense2_camera)
[1.263s] DEBUG:colcon.colcon_core.event_handler.log_command:Invoking command in '/home/yyh/ros2_ws/src/yyh_nav': PYTHONPATH=/home/yyh/ros2_ws/build/yyh_nav/prefix_override:/usr/lib/python3/dist-packages/colcon_core/task/python/colcon_distutils_commands:/home/yyh/ros2_ws/install/yyh_nav/lib/python3.8/site-packages:${PYTHONPATH} /usr/bin/python3 -W ignore:setup.py install is deprecated setup.py egg_info --egg-base ../../build/yyh_nav build --build-base /home/yyh/ros2_ws/build/yyh_nav/build install --record /home/yyh/ros2_ws/build/yyh_nav/install.log --install-scripts $base/lib/yyh_nav --single-version-externally-managed install_data
[1.887s] Level 1:colcon.colcon_core.environment:checking '/home/yyh/ros2_ws/install/yyh_object' for CMake module files
[1.887s] DEBUG:colcon.colcon_core.event_handler.log_command:Invoked command in '/home/yyh/ros2_ws/src/yyh_object' returned '0': PYTHONPATH=/home/yyh/ros2_ws/build/yyh_object/prefix_override:/usr/lib/python3/dist-packages/colcon_core/task/python/colcon_distutils_commands:/home/yyh/ros2_ws/install/yyh_object/lib/python3.8/site-packages:${PYTHONPATH} /usr/bin/python3 -W ignore:setup.py install is deprecated setup.py egg_info --egg-base ../../build/yyh_object build --build-base /home/yyh/ros2_ws/build/yyh_object/build install --record /home/yyh/ros2_ws/build/yyh_object/install.log --install-scripts $base/lib/yyh_object --single-version-externally-managed install_data
[1.887s] Level 1:colcon.colcon_core.environment:checking '/home/yyh/ros2_ws/install/yyh_object' for CMake config files
[1.888s] Level 1:colcon.colcon_core.environment:checking '/home/yyh/ros2_ws/install/yyh_object/lib'
[1.888s] Level 1:colcon.colcon_core.environment:checking '/home/yyh/ros2_ws/install/yyh_object/bin'
[1.888s] Level 1:colcon.colcon_core.environment:checking '/home/yyh/ros2_ws/install/yyh_object/lib/pkgconfig/yyh_object.pc'
[1.888s] Level 1:colcon.colcon_core.environment:checking '/home/yyh/ros2_ws/install/yyh_object/lib/python3.8/site-packages'
[1.888s] Level 1:colcon.colcon_core.shell:create_environment_hook('yyh_object', 'pythonpath')
[1.888s] INFO:colcon.colcon_core.shell:Creating environment hook '/home/yyh/ros2_ws/install/yyh_object/share/yyh_object/hook/pythonpath.ps1'
[1.889s] INFO:colcon.colcon_core.shell:Creating environment descriptor '/home/yyh/ros2_ws/install/yyh_object/share/yyh_object/hook/pythonpath.dsv'
[1.889s] INFO:colcon.colcon_core.shell:Creating environment hook '/home/yyh/ros2_ws/install/yyh_object/share/yyh_object/hook/pythonpath.sh'
[1.889s] Level 1:colcon.colcon_core.environment:checking '/home/yyh/ros2_ws/install/yyh_object/bin'
[1.889s] Level 1:colcon.colcon_core.environment:create_environment_scripts_only(yyh_object)
[1.889s] INFO:colcon.colcon_core.shell:Creating package script '/home/yyh/ros2_ws/install/yyh_object/share/yyh_object/package.ps1'
[1.890s] INFO:colcon.colcon_core.shell:Creating package descriptor '/home/yyh/ros2_ws/install/yyh_object/share/yyh_object/package.dsv'
[1.890s] INFO:colcon.colcon_core.shell:Creating package script '/home/yyh/ros2_ws/install/yyh_object/share/yyh_object/package.sh'
[1.890s] INFO:colcon.colcon_core.shell:Creating package script '/home/yyh/ros2_ws/install/yyh_object/share/yyh_object/package.bash'
[1.890s] INFO:colcon.colcon_core.shell:Creating package script '/home/yyh/ros2_ws/install/yyh_object/share/yyh_object/package.zsh'
[1.890s] Level 1:colcon.colcon_core.environment:create_file_with_runtime_dependencies(/home/yyh/ros2_ws/install/yyh_object/share/colcon-core/packages/yyh_object)
[1.938s] Level 1:colcon.colcon_core.environment:checking '/home/yyh/ros2_ws/install/yyh_nav' for CMake module files
[1.938s] DEBUG:colcon.colcon_core.event_handler.log_command:Invoked command in '/home/yyh/ros2_ws/src/yyh_nav' returned '0': PYTHONPATH=/home/yyh/ros2_ws/build/yyh_nav/prefix_override:/usr/lib/python3/dist-packages/colcon_core/task/python/colcon_distutils_commands:/home/yyh/ros2_ws/install/yyh_nav/lib/python3.8/site-packages:${PYTHONPATH} /usr/bin/python3 -W ignore:setup.py install is deprecated setup.py egg_info --egg-base ../../build/yyh_nav build --build-base /home/yyh/ros2_ws/build/yyh_nav/build install --record /home/yyh/ros2_ws/build/yyh_nav/install.log --install-scripts $base/lib/yyh_nav --single-version-externally-managed install_data
[1.939s] Level 1:colcon.colcon_core.environment:checking '/home/yyh/ros2_ws/install/yyh_nav' for CMake config files
[1.939s] Level 1:colcon.colcon_core.environment:checking '/home/yyh/ros2_ws/install/yyh_nav/lib'
[1.939s] Level 1:colcon.colcon_core.environment:checking '/home/yyh/ros2_ws/install/yyh_nav/bin'
[1.939s] Level 1:colcon.colcon_core.environment:checking '/home/yyh/ros2_ws/install/yyh_nav/lib/pkgconfig/yyh_nav.pc'
[1.939s] Level 1:colcon.colcon_core.environment:checking '/home/yyh/ros2_ws/install/yyh_nav/lib/python3.8/site-packages'
[1.939s] Level 1:colcon.colcon_core.shell:create_environment_hook('yyh_nav', 'pythonpath')
[1.939s] INFO:colcon.colcon_core.shell:Creating environment hook '/home/yyh/ros2_ws/install/yyh_nav/share/yyh_nav/hook/pythonpath.ps1'
[1.940s] INFO:colcon.colcon_core.shell:Creating environment descriptor '/home/yyh/ros2_ws/install/yyh_nav/share/yyh_nav/hook/pythonpath.dsv'
[1.940s] INFO:colcon.colcon_core.shell:Creating environment hook '/home/yyh/ros2_ws/install/yyh_nav/share/yyh_nav/hook/pythonpath.sh'
[1.940s] Level 1:colcon.colcon_core.environment:checking '/home/yyh/ros2_ws/install/yyh_nav/bin'
[1.940s] Level 1:colcon.colcon_core.environment:create_environment_scripts_only(yyh_nav)
[1.940s] INFO:colcon.colcon_core.shell:Creating package script '/home/yyh/ros2_ws/install/yyh_nav/share/yyh_nav/package.ps1'
[1.941s] INFO:colcon.colcon_core.shell:Creating package descriptor '/home/yyh/ros2_ws/install/yyh_nav/share/yyh_nav/package.dsv'
[1.941s] INFO:colcon.colcon_core.shell:Creating package script '/home/yyh/ros2_ws/install/yyh_nav/share/yyh_nav/package.sh'
[1.942s] INFO:colcon.colcon_core.shell:Creating package script '/home/yyh/ros2_ws/install/yyh_nav/share/yyh_nav/package.bash'
[1.942s] INFO:colcon.colcon_core.shell:Creating package script '/home/yyh/ros2_ws/install/yyh_nav/share/yyh_nav/package.zsh'
[1.942s] Level 1:colcon.colcon_core.environment:create_file_with_runtime_dependencies(/home/yyh/ros2_ws/install/yyh_nav/share/colcon-core/packages/yyh_nav)
[1.942s] DEBUG:colcon.colcon_parallel_executor.executor.parallel:closing loop
[1.942s] DEBUG:colcon.colcon_parallel_executor.executor.parallel:loop closed
[1.942s] DEBUG:colcon.colcon_parallel_executor.executor.parallel:run_until_complete finished with '0'
[1.942s] DEBUG:colcon.colcon_core.event_reactor:joining thread
[1.946s] INFO:colcon.colcon_core.plugin_system:Skipping extension 'colcon_notification.desktop_notification.terminal_notifier': Not used on non-Darwin systems
[1.946s] INFO:colcon.colcon_core.plugin_system:Skipping extension 'colcon_notification.desktop_notification.win32': Not used on non-Windows systems
[1.946s] INFO:colcon.colcon_notification.desktop_notification:Sending desktop notification using 'notify2'
[1.956s] DEBUG:colcon.colcon_core.event_reactor:joined thread
[1.956s] INFO:colcon.colcon_core.shell:Creating prefix script '/home/yyh/ros2_ws/install/local_setup.ps1'
[1.968s] INFO:colcon.colcon_core.shell:Creating prefix util module '/home/yyh/ros2_ws/install/_local_setup_util_ps1.py'
[1.969s] INFO:colcon.colcon_core.shell:Creating prefix chain script '/home/yyh/ros2_ws/install/setup.ps1'
[1.970s] INFO:colcon.colcon_core.shell:Creating prefix script '/home/yyh/ros2_ws/install/local_setup.sh'
[1.970s] INFO:colcon.colcon_core.shell:Creating prefix util module '/home/yyh/ros2_ws/install/_local_setup_util_sh.py'
[1.970s] INFO:colcon.colcon_core.shell:Creating prefix chain script '/home/yyh/ros2_ws/install/setup.sh'
[1.971s] INFO:colcon.colcon_core.shell:Creating prefix script '/home/yyh/ros2_ws/install/local_setup.bash'
[1.971s] INFO:colcon.colcon_core.shell:Creating prefix chain script '/home/yyh/ros2_ws/install/setup.bash'
[1.972s] INFO:colcon.colcon_core.shell:Creating prefix script '/home/yyh/ros2_ws/install/local_setup.zsh'
[1.972s] INFO:colcon.colcon_core.shell:Creating prefix chain script '/home/yyh/ros2_ws/install/setup.zsh'
