/home/yyh/.local/lib/python3.8/site-packages/setuptools/dist.py:452: SetuptoolsDeprecationWarning: Invalid dash-separated options
!!

        ********************************************************************************
        Usage of dash-separated 'script-dir' will not be supported in future
        versions. Please use the underscore name 'script_dir' instead.

        By 2024-Sep-26, you need to update your project and remove deprecated calls
        or your builds will no longer be supported.

        See https://setuptools.pypa.io/en/latest/userguide/declarative_config.html for details.
        ********************************************************************************

!!
  opt = self.warn_dash_deprecation(opt, section)
running egg_info
writing ../../build/yyh_object/yyh_object.egg-info/PKG-INFO
writing dependency_links to ../../build/yyh_object/yyh_object.egg-info/dependency_links.txt
writing entry points to ../../build/yyh_object/yyh_object.egg-info/entry_points.txt
writing requirements to ../../build/yyh_object/yyh_object.egg-info/requires.txt
writing top-level names to ../../build/yyh_object/yyh_object.egg-info/top_level.txt
writing manifest file '../../build/yyh_object/yyh_object.egg-info/SOURCES.txt'
running build
running build_py
copying yyh_object/__init__.py -> /home/yyh/ros2_ws/build/yyh_object/build/lib/yyh_object
copying yyh_object/usb_pub.py -> /home/yyh/ros2_ws/build/yyh_object/build/lib/yyh_object
copying yyh_object/Image.py -> /home/yyh/ros2_ws/build/yyh_object/build/lib/yyh_object
running install
running install_lib
running install_data
copying resource/yyh_object -> /home/yyh/ros2_ws/install/yyh_object/share/ament_index/resource_index/packages
copying package.xml -> /home/yyh/ros2_ws/install/yyh_object/share/yyh_object
running install_egg_info
removing '/home/yyh/ros2_ws/install/yyh_object/lib/python3.8/site-packages/yyh_object-0.0.0-py3.8.egg-info' (and everything under it)
Copying ../../build/yyh_object/yyh_object.egg-info to /home/yyh/ros2_ws/install/yyh_object/lib/python3.8/site-packages/yyh_object-0.0.0-py3.8.egg-info
running install_scripts
Installing Image script to /home/yyh/ros2_ws/install/yyh_object/lib/yyh_object
Installing usb_pub script to /home/yyh/ros2_ws/install/yyh_object/lib/yyh_object
writing list of installed files to '/home/yyh/ros2_ws/build/yyh_object/install.log'
