[0.755s] Invoking command in '/home/yyh/ros2_ws/src/yyh_object': PYTHONPATH=/home/yyh/ros2_ws/build/yyh_object/prefix_override:/usr/lib/python3/dist-packages/colcon_core/task/python/colcon_distutils_commands:/home/yyh/ros2_ws/install/yyh_object/lib/python3.8/site-packages:${PYTHONPATH} /usr/bin/python3 -W ignore:setup.py install is deprecated setup.py egg_info --egg-base ../../build/yyh_object build --build-base /home/yyh/ros2_ws/build/yyh_object/build install --record /home/yyh/ros2_ws/build/yyh_object/install.log --install-scripts $base/lib/yyh_object --single-version-externally-managed install_data
[0.943s] running egg_info
[0.944s] writing ../../build/yyh_object/yyh_object.egg-info/PKG-INFO
[0.944s] writing dependency_links to ../../build/yyh_object/yyh_object.egg-info/dependency_links.txt
[0.944s] writing entry points to ../../build/yyh_object/yyh_object.egg-info/entry_points.txt
[0.944s] writing requirements to ../../build/yyh_object/yyh_object.egg-info/requires.txt
[0.944s] writing top-level names to ../../build/yyh_object/yyh_object.egg-info/top_level.txt
[0.969s] reading manifest file '../../build/yyh_object/yyh_object.egg-info/SOURCES.txt'
[0.970s] writing manifest file '../../build/yyh_object/yyh_object.egg-info/SOURCES.txt'
[0.970s] running build
[0.970s] running build_py
[0.970s] copying yyh_object/Image.py -> /home/yyh/ros2_ws/build/yyh_object/build/lib/yyh_object
[0.970s] running install
[0.971s] running install_lib
[0.971s] copying /home/yyh/ros2_ws/build/yyh_object/build/lib/yyh_object/Image.py -> /home/yyh/ros2_ws/install/yyh_object/lib/python3.8/site-packages/yyh_object
[0.973s] byte-compiling /home/yyh/ros2_ws/install/yyh_object/lib/python3.8/site-packages/yyh_object/Image.py to Image.cpython-38.pyc
[0.973s] running install_data
[0.973s] running install_egg_info
[0.974s] removing '/home/yyh/ros2_ws/install/yyh_object/lib/python3.8/site-packages/yyh_object-0.0.0-py3.8.egg-info' (and everything under it)
[0.975s] Copying ../../build/yyh_object/yyh_object.egg-info to /home/yyh/ros2_ws/install/yyh_object/lib/python3.8/site-packages/yyh_object-0.0.0-py3.8.egg-info
[0.975s] running install_scripts
[0.987s] Installing Image script to /home/yyh/ros2_ws/install/yyh_object/lib/yyh_object
[0.988s] writing list of installed files to '/home/yyh/ros2_ws/build/yyh_object/install.log'
[1.008s] Invoked command in '/home/yyh/ros2_ws/src/yyh_object' returned '0': PYTHONPATH=/home/yyh/ros2_ws/build/yyh_object/prefix_override:/usr/lib/python3/dist-packages/colcon_core/task/python/colcon_distutils_commands:/home/yyh/ros2_ws/install/yyh_object/lib/python3.8/site-packages:${PYTHONPATH} /usr/bin/python3 -W ignore:setup.py install is deprecated setup.py egg_info --egg-base ../../build/yyh_object build --build-base /home/yyh/ros2_ws/build/yyh_object/build install --record /home/yyh/ros2_ws/build/yyh_object/install.log --install-scripts $base/lib/yyh_object --single-version-externally-managed install_data
