[0.432s] Invoking command in '/home/yyh/ros2_ws/build/realsense2_camera': CMAKE_PREFIX_PATH=/home/yyh/ros2_ws/install/realsense2_camera_msgs:/home/yyh/ros2_ws/install/realsense2_description:/home/yyh/ros2_ws/install/realsense2_camera:/home/yyh/ros2_ws/install/learning_interface:/home/yyh/ros2_ws/install/yyh_object:/home/yyh/ros2_ws/install/yyh_nav:/home/yyh/ros2_ws/install/yyh_launch:/home/yyh/ros2_ws/install/yolov5_ros2:/opt/ros/foxy LD_LIBRARY_PATH=/home/yyh/ros2_ws/install/realsense2_camera_msgs/lib:/home/yyh/ros2_ws/install/realsense2_camera/lib:/home/yyh/ros2_ws/install/learning_interface/lib:/opt/ros/foxy/opt/yaml_cpp_vendor/lib:/opt/ros/foxy/opt/rviz_ogre_vendor/lib:/opt/ros/foxy/lib/x86_64-linux-gnu:/opt/ros/foxy/lib PYTHONPATH=/home/yyh/ros2_ws/install/realsense2_camera_msgs/lib/python3.8/site-packages:/home/yyh/ros2_ws/install/yyh_object/lib/python3.8/site-packages:/home/yyh/ros2_ws/install/yyh_nav/lib/python3.8/site-packages:/home/yyh/ros2_ws/install/yyh_launch/lib/python3.8/site-packages:/home/yyh/ros2_ws/install/yolov5_ros2/lib/python3.8/site-packages:/home/yyh/ros2_ws/install/learning_interface/lib/python3.8/site-packages:/opt/ros/foxy/lib/python3.8/site-packages /usr/bin/cmake --build /home/yyh/ros2_ws/build/realsense2_camera -- -j4 -l4
[0.561s] [ 12%] Built target realsense2_camera_node
[0.577s] [100%] Built target realsense2_camera
[0.593s] Invoked command in '/home/yyh/ros2_ws/build/realsense2_camera' returned '0': CMAKE_PREFIX_PATH=/home/yyh/ros2_ws/install/realsense2_camera_msgs:/home/yyh/ros2_ws/install/realsense2_description:/home/yyh/ros2_ws/install/realsense2_camera:/home/yyh/ros2_ws/install/learning_interface:/home/yyh/ros2_ws/install/yyh_object:/home/yyh/ros2_ws/install/yyh_nav:/home/yyh/ros2_ws/install/yyh_launch:/home/yyh/ros2_ws/install/yolov5_ros2:/opt/ros/foxy LD_LIBRARY_PATH=/home/yyh/ros2_ws/install/realsense2_camera_msgs/lib:/home/yyh/ros2_ws/install/realsense2_camera/lib:/home/yyh/ros2_ws/install/learning_interface/lib:/opt/ros/foxy/opt/yaml_cpp_vendor/lib:/opt/ros/foxy/opt/rviz_ogre_vendor/lib:/opt/ros/foxy/lib/x86_64-linux-gnu:/opt/ros/foxy/lib PYTHONPATH=/home/yyh/ros2_ws/install/realsense2_camera_msgs/lib/python3.8/site-packages:/home/yyh/ros2_ws/install/yyh_object/lib/python3.8/site-packages:/home/yyh/ros2_ws/install/yyh_nav/lib/python3.8/site-packages:/home/yyh/ros2_ws/install/yyh_launch/lib/python3.8/site-packages:/home/yyh/ros2_ws/install/yolov5_ros2/lib/python3.8/site-packages:/home/yyh/ros2_ws/install/learning_interface/lib/python3.8/site-packages:/opt/ros/foxy/lib/python3.8/site-packages /usr/bin/cmake --build /home/yyh/ros2_ws/build/realsense2_camera -- -j4 -l4
[0.659s] Invoking command in '/home/yyh/ros2_ws/build/realsense2_camera': CMAKE_PREFIX_PATH=/home/yyh/ros2_ws/install/realsense2_camera_msgs:/home/yyh/ros2_ws/install/realsense2_description:/home/yyh/ros2_ws/install/realsense2_camera:/home/yyh/ros2_ws/install/learning_interface:/home/yyh/ros2_ws/install/yyh_object:/home/yyh/ros2_ws/install/yyh_nav:/home/yyh/ros2_ws/install/yyh_launch:/home/yyh/ros2_ws/install/yolov5_ros2:/opt/ros/foxy LD_LIBRARY_PATH=/home/yyh/ros2_ws/install/realsense2_camera_msgs/lib:/home/yyh/ros2_ws/install/realsense2_camera/lib:/home/yyh/ros2_ws/install/learning_interface/lib:/opt/ros/foxy/opt/yaml_cpp_vendor/lib:/opt/ros/foxy/opt/rviz_ogre_vendor/lib:/opt/ros/foxy/lib/x86_64-linux-gnu:/opt/ros/foxy/lib PYTHONPATH=/home/yyh/ros2_ws/install/realsense2_camera_msgs/lib/python3.8/site-packages:/home/yyh/ros2_ws/install/yyh_object/lib/python3.8/site-packages:/home/yyh/ros2_ws/install/yyh_nav/lib/python3.8/site-packages:/home/yyh/ros2_ws/install/yyh_launch/lib/python3.8/site-packages:/home/yyh/ros2_ws/install/yolov5_ros2/lib/python3.8/site-packages:/home/yyh/ros2_ws/install/learning_interface/lib/python3.8/site-packages:/opt/ros/foxy/lib/python3.8/site-packages /usr/bin/cmake --install /home/yyh/ros2_ws/build/realsense2_camera
[0.670s] -- Install configuration: "Release"
[0.671s] -- Up-to-date: /home/yyh/ros2_ws/install/realsense2_camera/lib/realsense2_camera/realsense2_camera_node
[0.672s] -- Up-to-date: /home/yyh/ros2_ws/install/realsense2_camera/lib/librealsense2_camera.so
[0.673s] -- Up-to-date: /home/yyh/ros2_ws/install/realsense2_camera/include
[0.674s] -- Up-to-date: /home/yyh/ros2_ws/install/realsense2_camera/include/sensor_params.h
[0.675s] -- Up-to-date: /home/yyh/ros2_ws/install/realsense2_camera/include/named_filter.h
[0.675s] -- Up-to-date: /home/yyh/ros2_ws/install/realsense2_camera/include/realsense_node_factory.h
[0.676s] -- Up-to-date: /home/yyh/ros2_ws/install/realsense2_camera/include/profile_manager.h
[0.676s] -- Up-to-date: /home/yyh/ros2_ws/install/realsense2_camera/include/t265_realsense_node.h
[0.677s] -- Up-to-date: /home/yyh/ros2_ws/install/realsense2_camera/include/ros_utils.h
[0.677s] -- Up-to-date: /home/yyh/ros2_ws/install/realsense2_camera/include/base_realsense_node.h
[0.678s] -- Up-to-date: /home/yyh/ros2_ws/install/realsense2_camera/include/image_publisher.h
[0.678s] -- Up-to-date: /home/yyh/ros2_ws/install/realsense2_camera/include/ros_sensor.h
[0.679s] -- Up-to-date: /home/yyh/ros2_ws/install/realsense2_camera/include/dynamic_params.h
[0.679s] -- Up-to-date: /home/yyh/ros2_ws/install/realsense2_camera/include/constants.h
[0.680s] -- Up-to-date: /home/yyh/ros2_ws/install/realsense2_camera/include/ros_param_backend.h
[0.680s] -- Up-to-date: /home/yyh/ros2_ws/install/realsense2_camera/share/realsense2_camera/launch
[0.681s] -- Up-to-date: /home/yyh/ros2_ws/install/realsense2_camera/share/realsense2_camera/launch/rs_multi_camera_launch.py
[0.682s] -- Up-to-date: /home/yyh/ros2_ws/install/realsense2_camera/share/realsense2_camera/launch/rs_d400_and_t265_launch.py
[0.682s] -- Up-to-date: /home/yyh/ros2_ws/install/realsense2_camera/share/realsense2_camera/launch/rs_d435i_and_t265_launch.py
[0.683s] -- Up-to-date: /home/yyh/ros2_ws/install/realsense2_camera/share/realsense2_camera/launch/default.rviz
[0.683s] -- Up-to-date: /home/yyh/ros2_ws/install/realsense2_camera/share/realsense2_camera/launch/rs_intra_process_demo_launch.py
[0.684s] -- Up-to-date: /home/yyh/ros2_ws/install/realsense2_camera/share/realsense2_camera/launch/rs_launch.py
[0.685s] -- Up-to-date: /home/yyh/ros2_ws/install/realsense2_camera/share/realsense2_camera/environment/library_path.sh
[0.685s] -- Up-to-date: /home/yyh/ros2_ws/install/realsense2_camera/share/realsense2_camera/environment/library_path.dsv
[0.686s] -- Up-to-date: /home/yyh/ros2_ws/install/realsense2_camera/share/ament_index/resource_index/package_run_dependencies/realsense2_camera
[0.687s] -- Up-to-date: /home/yyh/ros2_ws/install/realsense2_camera/share/ament_index/resource_index/parent_prefix_path/realsense2_camera
[0.688s] -- Up-to-date: /home/yyh/ros2_ws/install/realsense2_camera/share/realsense2_camera/environment/ament_prefix_path.sh
[0.688s] -- Up-to-date: /home/yyh/ros2_ws/install/realsense2_camera/share/realsense2_camera/environment/ament_prefix_path.dsv
[0.689s] -- Up-to-date: /home/yyh/ros2_ws/install/realsense2_camera/share/realsense2_camera/environment/path.sh
[0.689s] -- Up-to-date: /home/yyh/ros2_ws/install/realsense2_camera/share/realsense2_camera/environment/path.dsv
[0.689s] -- Up-to-date: /home/yyh/ros2_ws/install/realsense2_camera/share/realsense2_camera/local_setup.bash
[0.691s] -- Up-to-date: /home/yyh/ros2_ws/install/realsense2_camera/share/realsense2_camera/local_setup.sh
[0.691s] -- Up-to-date: /home/yyh/ros2_ws/install/realsense2_camera/share/realsense2_camera/local_setup.zsh
[0.691s] -- Up-to-date: /home/yyh/ros2_ws/install/realsense2_camera/share/realsense2_camera/local_setup.dsv
[0.691s] -- Installing: /home/yyh/ros2_ws/install/realsense2_camera/share/realsense2_camera/package.dsv
[0.691s] -- Up-to-date: /home/yyh/ros2_ws/install/realsense2_camera/share/ament_index/resource_index/packages/realsense2_camera
[0.692s] -- Up-to-date: /home/yyh/ros2_ws/install/realsense2_camera/share/ament_index/resource_index/rclcpp_components/realsense2_camera
[0.692s] -- Up-to-date: /home/yyh/ros2_ws/install/realsense2_camera/share/realsense2_camera/cmake/ament_cmake_export_include_directories-extras.cmake
[0.692s] -- Up-to-date: /home/yyh/ros2_ws/install/realsense2_camera/share/realsense2_camera/cmake/ament_cmake_export_libraries-extras.cmake
[0.692s] -- Up-to-date: /home/yyh/ros2_ws/install/realsense2_camera/share/realsense2_camera/cmake/ament_cmake_export_dependencies-extras.cmake
[0.693s] -- Up-to-date: /home/yyh/ros2_ws/install/realsense2_camera/share/realsense2_camera/cmake/realsense2_cameraConfig.cmake
[0.693s] -- Up-to-date: /home/yyh/ros2_ws/install/realsense2_camera/share/realsense2_camera/cmake/realsense2_cameraConfig-version.cmake
[0.693s] -- Up-to-date: /home/yyh/ros2_ws/install/realsense2_camera/share/realsense2_camera/package.xml
[0.701s] Invoked command in '/home/yyh/ros2_ws/build/realsense2_camera' returned '0': CMAKE_PREFIX_PATH=/home/yyh/ros2_ws/install/realsense2_camera_msgs:/home/yyh/ros2_ws/install/realsense2_description:/home/yyh/ros2_ws/install/realsense2_camera:/home/yyh/ros2_ws/install/learning_interface:/home/yyh/ros2_ws/install/yyh_object:/home/yyh/ros2_ws/install/yyh_nav:/home/yyh/ros2_ws/install/yyh_launch:/home/yyh/ros2_ws/install/yolov5_ros2:/opt/ros/foxy LD_LIBRARY_PATH=/home/yyh/ros2_ws/install/realsense2_camera_msgs/lib:/home/yyh/ros2_ws/install/realsense2_camera/lib:/home/yyh/ros2_ws/install/learning_interface/lib:/opt/ros/foxy/opt/yaml_cpp_vendor/lib:/opt/ros/foxy/opt/rviz_ogre_vendor/lib:/opt/ros/foxy/lib/x86_64-linux-gnu:/opt/ros/foxy/lib PYTHONPATH=/home/yyh/ros2_ws/install/realsense2_camera_msgs/lib/python3.8/site-packages:/home/yyh/ros2_ws/install/yyh_object/lib/python3.8/site-packages:/home/yyh/ros2_ws/install/yyh_nav/lib/python3.8/site-packages:/home/yyh/ros2_ws/install/yyh_launch/lib/python3.8/site-packages:/home/yyh/ros2_ws/install/yolov5_ros2/lib/python3.8/site-packages:/home/yyh/ros2_ws/install/learning_interface/lib/python3.8/site-packages:/opt/ros/foxy/lib/python3.8/site-packages /usr/bin/cmake --install /home/yyh/ros2_ws/build/realsense2_camera
