[3.161s] Invoking command in '/home/yyh/ros2_ws/src/yyh_object': PYTHONPATH=/home/yyh/ros2_ws/build/yyh_object/prefix_override:/usr/lib/python3/dist-packages/colcon_core/task/python/colcon_distutils_commands:/home/yyh/ros2_ws/install/yyh_object/lib/python3.8/site-packages:${PYTHONPATH} /usr/bin/python3 -W ignore:setup.py install is deprecated setup.py egg_info --egg-base ../../build/yyh_object build --build-base /home/yyh/ros2_ws/build/yyh_object/build install --record /home/yyh/ros2_ws/build/yyh_object/install.log --single-version-externally-managed install_data
[4.695s] running egg_info
[4.770s] writing ../../build/yyh_object/yyh_object.egg-info/PKG-INFO
[4.771s] writing dependency_links to ../../build/yyh_object/yyh_object.egg-info/dependency_links.txt
[4.772s] writing entry points to ../../build/yyh_object/yyh_object.egg-info/entry_points.txt
[4.773s] writing requirements to ../../build/yyh_object/yyh_object.egg-info/requires.txt
[4.774s] writing top-level names to ../../build/yyh_object/yyh_object.egg-info/top_level.txt
[9.106s] writing manifest file '../../build/yyh_object/yyh_object.egg-info/SOURCES.txt'
[9.107s] running build
[9.107s] running build_py
[9.108s] running install
[9.121s] running install_lib
[9.164s] running install_data
[9.164s] running install_egg_info
[9.203s] removing '/home/yyh/ros2_ws/install/yyh_object/lib/python3.8/site-packages/yyh_object-0.0.0-py3.8.egg-info' (and everything under it)
[9.203s] Copying ../../build/yyh_object/yyh_object.egg-info to /home/yyh/ros2_ws/install/yyh_object/lib/python3.8/site-packages/yyh_object-0.0.0-py3.8.egg-info
[9.203s] running install_scripts
[9.322s] Installing camera script to /home/yyh/ros2_ws/install/yyh_object/lib/yyh_object
[9.322s] Installing image script to /home/yyh/ros2_ws/install/yyh_object/lib/yyh_object
[9.322s] writing list of installed files to '/home/yyh/ros2_ws/build/yyh_object/install.log'
[9.432s] Invoked command in '/home/yyh/ros2_ws/src/yyh_object' returned '0': PYTHONPATH=/home/yyh/ros2_ws/build/yyh_object/prefix_override:/usr/lib/python3/dist-packages/colcon_core/task/python/colcon_distutils_commands:/home/yyh/ros2_ws/install/yyh_object/lib/python3.8/site-packages:${PYTHONPATH} /usr/bin/python3 -W ignore:setup.py install is deprecated setup.py egg_info --egg-base ../../build/yyh_object build --build-base /home/yyh/ros2_ws/build/yyh_object/build install --record /home/yyh/ros2_ws/build/yyh_object/install.log --single-version-externally-managed install_data
