[2.207s] Invoking command in '/home/yyh/ros2_ws/src/yyh_nav': PYTHONPATH=/home/yyh/ros2_ws/build/yyh_nav/prefix_override:/usr/lib/python3/dist-packages/colcon_core/task/python/colcon_distutils_commands:/home/yyh/ros2_ws/install/yyh_nav/lib/python3.8/site-packages:${PYTHONPATH} /usr/bin/python3 -W ignore:setup.py install is deprecated setup.py egg_info --egg-base ../../build/yyh_nav build --build-base /home/yyh/ros2_ws/build/yyh_nav/build install --record /home/yyh/ros2_ws/build/yyh_nav/install.log --single-version-externally-managed install_data
[2.796s] running egg_info
[2.834s] writing ../../build/yyh_nav/yyh_nav.egg-info/PKG-INFO
[2.835s] writing dependency_links to ../../build/yyh_nav/yyh_nav.egg-info/dependency_links.txt
[2.835s] writing entry points to ../../build/yyh_nav/yyh_nav.egg-info/entry_points.txt
[2.835s] writing requirements to ../../build/yyh_nav/yyh_nav.egg-info/requires.txt
[2.836s] writing top-level names to ../../build/yyh_nav/yyh_nav.egg-info/top_level.txt
[6.616s] writing manifest file '../../build/yyh_nav/yyh_nav.egg-info/SOURCES.txt'
[6.616s] running build
[6.616s] running build_py
[6.617s] running install
[6.625s] running install_lib
[6.645s] running install_data
[6.645s] running install_egg_info
[6.661s] removing '/home/yyh/ros2_ws/install/yyh_nav/lib/python3.8/site-packages/yyh_nav-0.0.0-py3.8.egg-info' (and everything under it)
[6.664s] Copying ../../build/yyh_nav/yyh_nav.egg-info to /home/yyh/ros2_ws/install/yyh_nav/lib/python3.8/site-packages/yyh_nav-0.0.0-py3.8.egg-info
[6.664s] running install_scripts
[6.722s] Installing t265_pose_test script to /home/yyh/ros2_ws/install/yyh_nav/lib/yyh_nav
[6.722s] Installing tft265 script to /home/yyh/ros2_ws/install/yyh_nav/lib/yyh_nav
[6.723s] writing list of installed files to '/home/yyh/ros2_ws/build/yyh_nav/install.log'
[6.776s] Invoked command in '/home/yyh/ros2_ws/src/yyh_nav' returned '0': PYTHONPATH=/home/yyh/ros2_ws/build/yyh_nav/prefix_override:/usr/lib/python3/dist-packages/colcon_core/task/python/colcon_distutils_commands:/home/yyh/ros2_ws/install/yyh_nav/lib/python3.8/site-packages:${PYTHONPATH} /usr/bin/python3 -W ignore:setup.py install is deprecated setup.py egg_info --egg-base ../../build/yyh_nav build --build-base /home/yyh/ros2_ws/build/yyh_nav/build install --record /home/yyh/ros2_ws/build/yyh_nav/install.log --single-version-externally-managed install_data
