[1.314s] Invoking command in '/home/yyh/ros2_ws/src/yyh_object': PYTHONPATH=/home/yyh/ros2_ws/build/yyh_object/prefix_override:/usr/lib/python3/dist-packages/colcon_core/task/python/colcon_distutils_commands:/home/yyh/ros2_ws/install/yyh_object/lib/python3.8/site-packages:${PYTHONPATH} /usr/bin/python3 -W ignore:setup.py install is deprecated setup.py egg_info --egg-base ../../build/yyh_object build --build-base /home/yyh/ros2_ws/build/yyh_object/build install --record /home/yyh/ros2_ws/build/yyh_object/install.log --single-version-externally-managed install_data
[1.711s] running egg_info
[1.724s] writing ../../build/yyh_object/yyh_object.egg-info/PKG-INFO
[1.725s] writing dependency_links to ../../build/yyh_object/yyh_object.egg-info/dependency_links.txt
[1.725s] writing entry points to ../../build/yyh_object/yyh_object.egg-info/entry_points.txt
[1.725s] writing requirements to ../../build/yyh_object/yyh_object.egg-info/requires.txt
[1.725s] writing top-level names to ../../build/yyh_object/yyh_object.egg-info/top_level.txt
[3.718s] writing manifest file '../../build/yyh_object/yyh_object.egg-info/SOURCES.txt'
[3.719s] running build
[3.719s] running build_py
[3.719s] running install
[3.723s] running install_lib
[3.733s] running install_data
[3.733s] running install_egg_info
[3.743s] removing '/home/yyh/ros2_ws/install/yyh_object/lib/python3.8/site-packages/yyh_object-0.0.0-py3.8.egg-info' (and everything under it)
[3.743s] Copying ../../build/yyh_object/yyh_object.egg-info to /home/yyh/ros2_ws/install/yyh_object/lib/python3.8/site-packages/yyh_object-0.0.0-py3.8.egg-info
[3.744s] running install_scripts
[3.782s] Installing camera script to /home/yyh/ros2_ws/install/yyh_object/lib/yyh_object
[3.782s] Installing image script to /home/yyh/ros2_ws/install/yyh_object/lib/yyh_object
[3.782s] writing list of installed files to '/home/yyh/ros2_ws/build/yyh_object/install.log'
[3.817s] Invoked command in '/home/yyh/ros2_ws/src/yyh_object' returned '0': PYTHONPATH=/home/yyh/ros2_ws/build/yyh_object/prefix_override:/usr/lib/python3/dist-packages/colcon_core/task/python/colcon_distutils_commands:/home/yyh/ros2_ws/install/yyh_object/lib/python3.8/site-packages:${PYTHONPATH} /usr/bin/python3 -W ignore:setup.py install is deprecated setup.py egg_info --egg-base ../../build/yyh_object build --build-base /home/yyh/ros2_ws/build/yyh_object/build install --record /home/yyh/ros2_ws/build/yyh_object/install.log --single-version-externally-managed install_data
