[1.066s] Invoking command in '/home/yyh/ros2_ws/src/yyh_launch': PYTHONPATH=/home/yyh/ros2_ws/build/yyh_launch/prefix_override:/usr/lib/python3/dist-packages/colcon_core/task/python/colcon_distutils_commands:/home/yyh/ros2_ws/install/yyh_launch/lib/python3.8/site-packages:${PYTHONPATH} /usr/bin/python3 -W ignore:setup.py install is deprecated setup.py egg_info --egg-base ../../build/yyh_launch build --build-base /home/yyh/ros2_ws/build/yyh_launch/build install --record /home/yyh/ros2_ws/build/yyh_launch/install.log --install-scripts $base/lib/yyh_launch --single-version-externally-managed install_data
[1.321s] running egg_info
[1.322s] writing ../../build/yyh_launch/yyh_launch.egg-info/PKG-INFO
[1.322s] writing dependency_links to ../../build/yyh_launch/yyh_launch.egg-info/dependency_links.txt
[1.323s] writing entry points to ../../build/yyh_launch/yyh_launch.egg-info/entry_points.txt
[1.323s] writing requirements to ../../build/yyh_launch/yyh_launch.egg-info/requires.txt
[1.323s] writing top-level names to ../../build/yyh_launch/yyh_launch.egg-info/top_level.txt
[1.367s] reading manifest file '../../build/yyh_launch/yyh_launch.egg-info/SOURCES.txt'
[1.368s] writing manifest file '../../build/yyh_launch/yyh_launch.egg-info/SOURCES.txt'
[1.368s] running build
[1.368s] running build_py
[1.368s] running install
[1.370s] running install_lib
[1.371s] running install_data
[1.371s] running install_egg_info
[1.376s] removing '/home/yyh/ros2_ws/install/yyh_launch/lib/python3.8/site-packages/yyh_launch-0.0.0-py3.8.egg-info' (and everything under it)
[1.377s] Copying ../../build/yyh_launch/yyh_launch.egg-info to /home/yyh/ros2_ws/install/yyh_launch/lib/python3.8/site-packages/yyh_launch-0.0.0-py3.8.egg-info
[1.377s] running install_scripts
[1.394s] Installing all_launch script to /home/yyh/ros2_ws/install/yyh_launch/lib/yyh_launch
[1.394s] writing list of installed files to '/home/yyh/ros2_ws/build/yyh_launch/install.log'
[1.420s] Invoked command in '/home/yyh/ros2_ws/src/yyh_launch' returned '0': PYTHONPATH=/home/yyh/ros2_ws/build/yyh_launch/prefix_override:/usr/lib/python3/dist-packages/colcon_core/task/python/colcon_distutils_commands:/home/yyh/ros2_ws/install/yyh_launch/lib/python3.8/site-packages:${PYTHONPATH} /usr/bin/python3 -W ignore:setup.py install is deprecated setup.py egg_info --egg-base ../../build/yyh_launch build --build-base /home/yyh/ros2_ws/build/yyh_launch/build install --record /home/yyh/ros2_ws/build/yyh_launch/install.log --install-scripts $base/lib/yyh_launch --single-version-externally-managed install_data
