[1.298s] Invoking command in '/home/yyh/ros2_ws/src/yyh_object': PYTHONPATH=/home/yyh/ros2_ws/build/yyh_object/prefix_override:/usr/lib/python3/dist-packages/colcon_core/task/python/colcon_distutils_commands:/home/yyh/ros2_ws/install/yyh_object/lib/python3.8/site-packages:${PYTHONPATH} /usr/bin/python3 -W ignore:setup.py install is deprecated setup.py egg_info --egg-base ../../build/yyh_object build --build-base /home/yyh/ros2_ws/build/yyh_object/build install --record /home/yyh/ros2_ws/build/yyh_object/install.log --single-version-externally-managed install_data
[1.694s] running egg_info
[1.708s] writing ../../build/yyh_object/yyh_object.egg-info/PKG-INFO
[1.709s] writing dependency_links to ../../build/yyh_object/yyh_object.egg-info/dependency_links.txt
[1.709s] writing entry points to ../../build/yyh_object/yyh_object.egg-info/entry_points.txt
[1.709s] writing requirements to ../../build/yyh_object/yyh_object.egg-info/requires.txt
[1.709s] writing top-level names to ../../build/yyh_object/yyh_object.egg-info/top_level.txt
[3.753s] writing manifest file '../../build/yyh_object/yyh_object.egg-info/SOURCES.txt'
[3.753s] running build
[3.753s] running build_py
[3.753s] copying yyh_object/image.py -> /home/yyh/ros2_ws/build/yyh_object/build/lib/yyh_object
[3.753s] running install
[3.758s] running install_lib
[3.767s] copying /home/yyh/ros2_ws/build/yyh_object/build/lib/yyh_object/image.py -> /home/yyh/ros2_ws/install/yyh_object/lib/python3.8/site-packages/yyh_object
[3.768s] byte-compiling /home/yyh/ros2_ws/install/yyh_object/lib/python3.8/site-packages/yyh_object/image.py to image.cpython-38.pyc
[3.770s] running install_data
[3.770s] running install_egg_info
[3.780s] removing '/home/yyh/ros2_ws/install/yyh_object/lib/python3.8/site-packages/yyh_object-0.0.0-py3.8.egg-info' (and everything under it)
[3.780s] Copying ../../build/yyh_object/yyh_object.egg-info to /home/yyh/ros2_ws/install/yyh_object/lib/python3.8/site-packages/yyh_object-0.0.0-py3.8.egg-info
[3.781s] running install_scripts
[3.819s] Installing camera script to /home/yyh/ros2_ws/install/yyh_object/lib/yyh_object
[3.819s] Installing image script to /home/yyh/ros2_ws/install/yyh_object/lib/yyh_object
[3.820s] writing list of installed files to '/home/yyh/ros2_ws/build/yyh_object/install.log'
[3.856s] Invoked command in '/home/yyh/ros2_ws/src/yyh_object' returned '0': PYTHONPATH=/home/yyh/ros2_ws/build/yyh_object/prefix_override:/usr/lib/python3/dist-packages/colcon_core/task/python/colcon_distutils_commands:/home/yyh/ros2_ws/install/yyh_object/lib/python3.8/site-packages:${PYTHONPATH} /usr/bin/python3 -W ignore:setup.py install is deprecated setup.py egg_info --egg-base ../../build/yyh_object build --build-base /home/yyh/ros2_ws/build/yyh_object/build install --record /home/yyh/ros2_ws/build/yyh_object/install.log --single-version-externally-managed install_data
