[0.933s] Invoking command in '/home/yyh/ros2_ws/src/yyh_object': PYTHONPATH=/home/yyh/ros2_ws/build/yyh_object/prefix_override:/usr/lib/python3/dist-packages/colcon_core/task/python/colcon_distutils_commands:/home/yyh/ros2_ws/install/yyh_object/lib/python3.8/site-packages:${PYTHONPATH} /usr/bin/python3 -W ignore:setup.py install is deprecated setup.py egg_info --egg-base ../../build/yyh_object build --build-base /home/yyh/ros2_ws/build/yyh_object/build install --record /home/yyh/ros2_ws/build/yyh_object/install.log --install-scripts $base/lib/yyh_object --single-version-externally-managed install_data
[1.196s] /home/yyh/.local/lib/python3.8/site-packages/setuptools/dist.py:710: UserWarning: Usage of dash-separated 'script-dir' will not be supported in future versions. Please use the underscore name 'script_dir' instead
[1.196s]   warnings.warn(
[1.221s] /home/yyh/.local/lib/python3.8/site-packages/setuptools_scm/_integration/setuptools.py:31: RuntimeWarning: 
[1.222s] ERROR: setuptools==58.0.0 is used in combination with setuptools_scm>=8.x
[1.222s] 
[1.222s] Your build configuration is incomplete and previously worked by accident!
[1.222s] setuptools_scm requires setuptools>=61
[1.222s] 
[1.222s] Suggested workaround if applicable:
[1.222s]  - migrating from the deprecated setup_requires mechanism to pep517/518
[1.222s]    and using a pyproject.toml to declare build dependencies
[1.222s]    which are reliably pre-installed before running the build tools
[1.222s] 
[1.222s]   warnings.warn(
[1.233s] running egg_info
[1.234s] writing ../../build/yyh_object/yyh_object.egg-info/PKG-INFO
[1.234s] writing dependency_links to ../../build/yyh_object/yyh_object.egg-info/dependency_links.txt
[1.234s] writing entry points to ../../build/yyh_object/yyh_object.egg-info/entry_points.txt
[1.234s] writing requirements to ../../build/yyh_object/yyh_object.egg-info/requires.txt
[1.234s] writing top-level names to ../../build/yyh_object/yyh_object.egg-info/top_level.txt
[1.547s] writing manifest file '../../build/yyh_object/yyh_object.egg-info/SOURCES.txt'
[1.547s] running build
[1.547s] running build_py
[1.547s] running install
[1.548s] running install_lib
[1.549s] running install_data
[1.549s] running install_egg_info
[1.550s] removing '/home/yyh/ros2_ws/install/yyh_object/lib/python3.8/site-packages/yyh_object-0.0.0-py3.8.egg-info' (and everything under it)
[1.550s] Copying ../../build/yyh_object/yyh_object.egg-info to /home/yyh/ros2_ws/install/yyh_object/lib/python3.8/site-packages/yyh_object-0.0.0-py3.8.egg-info
[1.550s] running install_scripts
[1.564s] Installing Image script to /home/yyh/ros2_ws/install/yyh_object/lib/yyh_object
[1.564s] Installing usb_pub script to /home/yyh/ros2_ws/install/yyh_object/lib/yyh_object
[1.564s] writing list of installed files to '/home/yyh/ros2_ws/build/yyh_object/install.log'
[1.589s] Invoked command in '/home/yyh/ros2_ws/src/yyh_object' returned '0': PYTHONPATH=/home/yyh/ros2_ws/build/yyh_object/prefix_override:/usr/lib/python3/dist-packages/colcon_core/task/python/colcon_distutils_commands:/home/yyh/ros2_ws/install/yyh_object/lib/python3.8/site-packages:${PYTHONPATH} /usr/bin/python3 -W ignore:setup.py install is deprecated setup.py egg_info --egg-base ../../build/yyh_object build --build-base /home/yyh/ros2_ws/build/yyh_object/build install --record /home/yyh/ros2_ws/build/yyh_object/install.log --install-scripts $base/lib/yyh_object --single-version-externally-managed install_data
