[0.802s] Invoking command in '/home/yyh/ros2_ws/src/yyh_object': PYTHONPATH=/home/yyh/ros2_ws/build/yyh_object/prefix_override:/usr/lib/python3/dist-packages/colcon_core/task/python/colcon_distutils_commands:/home/yyh/ros2_ws/install/yyh_object/lib/python3.8/site-packages:${PYTHONPATH} /usr/bin/python3 -W ignore:setup.py install is deprecated setup.py egg_info --egg-base ../../build/yyh_object build --build-base /home/yyh/ros2_ws/build/yyh_object/build install --record /home/yyh/ros2_ws/build/yyh_object/install.log --install-scripts $base/lib/yyh_object --single-version-externally-managed install_data
[1.069s] running egg_info
[1.070s] writing ../../build/yyh_object/yyh_object.egg-info/PKG-INFO
[1.070s] writing dependency_links to ../../build/yyh_object/yyh_object.egg-info/dependency_links.txt
[1.070s] writing entry points to ../../build/yyh_object/yyh_object.egg-info/entry_points.txt
[1.070s] writing requirements to ../../build/yyh_object/yyh_object.egg-info/requires.txt
[1.070s] writing top-level names to ../../build/yyh_object/yyh_object.egg-info/top_level.txt
[1.107s] reading manifest file '../../build/yyh_object/yyh_object.egg-info/SOURCES.txt'
[1.108s] writing manifest file '../../build/yyh_object/yyh_object.egg-info/SOURCES.txt'
[1.108s] running build
[1.108s] running build_py
[1.108s] copying yyh_object/Image.py -> /home/yyh/ros2_ws/build/yyh_object/build/lib/yyh_object
[1.108s] running install
[1.109s] running install_lib
[1.110s] copying /home/yyh/ros2_ws/build/yyh_object/build/lib/yyh_object/Image.py -> /home/yyh/ros2_ws/install/yyh_object/lib/python3.8/site-packages/yyh_object
[1.110s] byte-compiling /home/yyh/ros2_ws/install/yyh_object/lib/python3.8/site-packages/yyh_object/Image.py to Image.cpython-38.pyc
[1.113s] running install_data
[1.113s] running install_egg_info
[1.114s] removing '/home/yyh/ros2_ws/install/yyh_object/lib/python3.8/site-packages/yyh_object-0.0.0-py3.8.egg-info' (and everything under it)
[1.115s] Copying ../../build/yyh_object/yyh_object.egg-info to /home/yyh/ros2_ws/install/yyh_object/lib/python3.8/site-packages/yyh_object-0.0.0-py3.8.egg-info
[1.116s] running install_scripts
[1.134s] Installing Image script to /home/yyh/ros2_ws/install/yyh_object/lib/yyh_object
[1.134s] writing list of installed files to '/home/yyh/ros2_ws/build/yyh_object/install.log'
[1.161s] Invoked command in '/home/yyh/ros2_ws/src/yyh_object' returned '0': PYTHONPATH=/home/yyh/ros2_ws/build/yyh_object/prefix_override:/usr/lib/python3/dist-packages/colcon_core/task/python/colcon_distutils_commands:/home/yyh/ros2_ws/install/yyh_object/lib/python3.8/site-packages:${PYTHONPATH} /usr/bin/python3 -W ignore:setup.py install is deprecated setup.py egg_info --egg-base ../../build/yyh_object build --build-base /home/yyh/ros2_ws/build/yyh_object/build install --record /home/yyh/ros2_ws/build/yyh_object/install.log --install-scripts $base/lib/yyh_object --single-version-externally-managed install_data
