/home/yyh/ros2_ws/install/yyh_nav/lib/python3.8/site-packages/yyh_nav/__init__.py
/home/yyh/ros2_ws/install/yyh_nav/lib/python3.8/site-packages/yyh_nav/getserial.py
/home/yyh/ros2_ws/install/yyh_nav/lib/python3.8/site-packages/yyh_nav/Myserial.py
/home/yyh/ros2_ws/install/yyh_nav/lib/python3.8/site-packages/yyh_nav/tft265.py
/home/yyh/ros2_ws/install/yyh_nav/lib/python3.8/site-packages/yyh_nav/t265_pose_test.py
/home/yyh/ros2_ws/install/yyh_nav/lib/python3.8/site-packages/yyh_nav/__pycache__/__init__.cpython-38.pyc
/home/yyh/ros2_ws/install/yyh_nav/lib/python3.8/site-packages/yyh_nav/__pycache__/getserial.cpython-38.pyc
/home/yyh/ros2_ws/install/yyh_nav/lib/python3.8/site-packages/yyh_nav/__pycache__/Myserial.cpython-38.pyc
/home/yyh/ros2_ws/install/yyh_nav/lib/python3.8/site-packages/yyh_nav/__pycache__/tft265.cpython-38.pyc
/home/yyh/ros2_ws/install/yyh_nav/lib/python3.8/site-packages/yyh_nav/__pycache__/t265_pose_test.cpython-38.pyc
/home/yyh/ros2_ws/install/yyh_nav/share/ament_index/resource_index/packages/yyh_nav
/home/yyh/ros2_ws/install/yyh_nav/share/yyh_nav/package.xml
/home/yyh/ros2_ws/install/yyh_nav/share/yyh_nav/launch/tf_launch.py
/home/yyh/ros2_ws/install/yyh_nav/lib/python3.8/site-packages/yyh_nav-0.0.0-py3.8.egg-info/PKG-INFO
/home/yyh/ros2_ws/install/yyh_nav/lib/python3.8/site-packages/yyh_nav-0.0.0-py3.8.egg-info/entry_points.txt
/home/yyh/ros2_ws/install/yyh_nav/lib/python3.8/site-packages/yyh_nav-0.0.0-py3.8.egg-info/SOURCES.txt
/home/yyh/ros2_ws/install/yyh_nav/lib/python3.8/site-packages/yyh_nav-0.0.0-py3.8.egg-info/requires.txt
/home/yyh/ros2_ws/install/yyh_nav/lib/python3.8/site-packages/yyh_nav-0.0.0-py3.8.egg-info/zip-safe
/home/yyh/ros2_ws/install/yyh_nav/lib/python3.8/site-packages/yyh_nav-0.0.0-py3.8.egg-info/top_level.txt
/home/yyh/ros2_ws/install/yyh_nav/lib/python3.8/site-packages/yyh_nav-0.0.0-py3.8.egg-info/dependency_links.txt
/home/yyh/ros2_ws/install/yyh_nav/lib/yyh_nav/t265_pose_test
/home/yyh/ros2_ws/install/yyh_nav/lib/yyh_nav/tft265
