[1.711s] Invoking command in '/home/yyh/ros2_ws/src/yyh_nav': PYTHONPATH=/home/yyh/ros2_ws/build/yyh_nav/prefix_override:/usr/lib/python3/dist-packages/colcon_core/task/python/colcon_distutils_commands:/home/yyh/ros2_ws/install/yyh_nav/lib/python3.8/site-packages:${PYTHONPATH} /usr/bin/python3 -W ignore:setup.py install is deprecated setup.py egg_info --egg-base ../../build/yyh_nav build --build-base /home/yyh/ros2_ws/build/yyh_nav/build install --record /home/yyh/ros2_ws/build/yyh_nav/install.log --single-version-externally-managed install_data
[2.316s] running egg_info
[2.347s] writing ../../build/yyh_nav/yyh_nav.egg-info/PKG-INFO
[2.348s] writing dependency_links to ../../build/yyh_nav/yyh_nav.egg-info/dependency_links.txt
[2.348s] writing entry points to ../../build/yyh_nav/yyh_nav.egg-info/entry_points.txt
[2.349s] writing requirements to ../../build/yyh_nav/yyh_nav.egg-info/requires.txt
[2.349s] writing top-level names to ../../build/yyh_nav/yyh_nav.egg-info/top_level.txt
[3.068s] reading manifest file '../../build/yyh_nav/yyh_nav.egg-info/SOURCES.txt'
[3.069s] writing manifest file '../../build/yyh_nav/yyh_nav.egg-info/SOURCES.txt'
[3.070s] running build
[3.070s] running build_py
[3.070s] running install
[3.078s] running install_lib
[3.122s] running install_data
[3.123s] running install_egg_info
[3.187s] removing '/home/yyh/ros2_ws/install/yyh_nav/lib/python3.8/site-packages/yyh_nav-0.0.0-py3.8.egg-info' (and everything under it)
[3.206s] Copying ../../build/yyh_nav/yyh_nav.egg-info to /home/yyh/ros2_ws/install/yyh_nav/lib/python3.8/site-packages/yyh_nav-0.0.0-py3.8.egg-info
[3.207s] running install_scripts
[3.355s] Installing tft265 script to /home/yyh/ros2_ws/install/yyh_nav/lib/yyh_nav
[3.356s] writing list of installed files to '/home/yyh/ros2_ws/build/yyh_nav/install.log'
[3.452s] Invoked command in '/home/yyh/ros2_ws/src/yyh_nav' returned '0': PYTHONPATH=/home/yyh/ros2_ws/build/yyh_nav/prefix_override:/usr/lib/python3/dist-packages/colcon_core/task/python/colcon_distutils_commands:/home/yyh/ros2_ws/install/yyh_nav/lib/python3.8/site-packages:${PYTHONPATH} /usr/bin/python3 -W ignore:setup.py install is deprecated setup.py egg_info --egg-base ../../build/yyh_nav build --build-base /home/yyh/ros2_ws/build/yyh_nav/build install --record /home/yyh/ros2_ws/build/yyh_nav/install.log --single-version-externally-managed install_data
