[1.307s] Invoking command in '/home/yyh/ros2_ws/src/yyh_object': PYTHONPATH=/home/yyh/ros2_ws/build/yyh_object/prefix_override:/usr/lib/python3/dist-packages/colcon_core/task/python/colcon_distutils_commands:/home/yyh/ros2_ws/install/yyh_object/lib/python3.8/site-packages:${PYTHONPATH} /usr/bin/python3 -W ignore:setup.py install is deprecated setup.py egg_info --egg-base ../../build/yyh_object build --build-base /home/yyh/ros2_ws/build/yyh_object/build install --record /home/yyh/ros2_ws/build/yyh_object/install.log --single-version-externally-managed install_data
[1.660s] running egg_info
[1.670s] writing ../../build/yyh_object/yyh_object.egg-info/PKG-INFO
[1.670s] writing dependency_links to ../../build/yyh_object/yyh_object.egg-info/dependency_links.txt
[1.670s] writing entry points to ../../build/yyh_object/yyh_object.egg-info/entry_points.txt
[1.670s] writing requirements to ../../build/yyh_object/yyh_object.egg-info/requires.txt
[1.670s] writing top-level names to ../../build/yyh_object/yyh_object.egg-info/top_level.txt
[1.961s] writing manifest file '../../build/yyh_object/yyh_object.egg-info/SOURCES.txt'
[1.961s] running build
[1.962s] running build_py
[1.962s] copying yyh_object/image.py -> /home/yyh/ros2_ws/build/yyh_object/build/lib/yyh_object
[1.962s] copying yyh_object/__init__.py -> /home/yyh/ros2_ws/build/yyh_object/build/lib/yyh_object
[1.962s] copying yyh_object/usb_pub.py -> /home/yyh/ros2_ws/build/yyh_object/build/lib/yyh_object
[1.962s] running install
[1.967s] running install_lib
[1.976s] copying /home/yyh/ros2_ws/build/yyh_object/build/lib/yyh_object/image.py -> /home/yyh/ros2_ws/install/yyh_object/lib/python3.8/site-packages/yyh_object
[1.977s] copying /home/yyh/ros2_ws/build/yyh_object/build/lib/yyh_object/__init__.py -> /home/yyh/ros2_ws/install/yyh_object/lib/python3.8/site-packages/yyh_object
[1.977s] copying /home/yyh/ros2_ws/build/yyh_object/build/lib/yyh_object/usb_pub.py -> /home/yyh/ros2_ws/install/yyh_object/lib/python3.8/site-packages/yyh_object
[1.977s] byte-compiling /home/yyh/ros2_ws/install/yyh_object/lib/python3.8/site-packages/yyh_object/image.py to image.cpython-38.pyc
[1.979s] byte-compiling /home/yyh/ros2_ws/install/yyh_object/lib/python3.8/site-packages/yyh_object/__init__.py to __init__.cpython-38.pyc
[1.980s] byte-compiling /home/yyh/ros2_ws/install/yyh_object/lib/python3.8/site-packages/yyh_object/usb_pub.py to usb_pub.cpython-38.pyc
[1.980s] running install_data
[1.980s] running install_egg_info
[1.990s] removing '/home/yyh/ros2_ws/install/yyh_object/lib/python3.8/site-packages/yyh_object-0.0.0-py3.8.egg-info' (and everything under it)
[1.991s] Copying ../../build/yyh_object/yyh_object.egg-info to /home/yyh/ros2_ws/install/yyh_object/lib/python3.8/site-packages/yyh_object-0.0.0-py3.8.egg-info
[1.991s] running install_scripts
[2.030s] Installing image script to /home/yyh/ros2_ws/install/yyh_object/lib/yyh_object
[2.030s] writing list of installed files to '/home/yyh/ros2_ws/build/yyh_object/install.log'
[2.069s] Invoked command in '/home/yyh/ros2_ws/src/yyh_object' returned '0': PYTHONPATH=/home/yyh/ros2_ws/build/yyh_object/prefix_override:/usr/lib/python3/dist-packages/colcon_core/task/python/colcon_distutils_commands:/home/yyh/ros2_ws/install/yyh_object/lib/python3.8/site-packages:${PYTHONPATH} /usr/bin/python3 -W ignore:setup.py install is deprecated setup.py egg_info --egg-base ../../build/yyh_object build --build-base /home/yyh/ros2_ws/build/yyh_object/build install --record /home/yyh/ros2_ws/build/yyh_object/install.log --single-version-externally-managed install_data
