[0.023s] Invoking command in '/home/yyh/ros2_ws/build/learning_interface': CMAKE_PREFIX_PATH=/opt/ros/foxy /usr/bin/cmake --build /home/yyh/ros2_ws/build/learning_interface -- -j4 -l4
[0.393s] -- Found ament_cmake: 0.9.12 (/opt/ros/foxy/share/ament_cmake/cmake)
[0.393s] -- Found PythonInterp: /usr/bin/python3 (found suitable version "3.8.10", minimum required is "3") 
[0.393s] -- Using PYTHON_EXECUTABLE: /usr/bin/python3
[0.393s] -- Found rosidl_default_generators: 1.0.1 (/opt/ros/foxy/share/rosidl_default_generators/cmake)
[0.393s] -- Using all available rosidl_typesupport_c: rosidl_typesupport_fastrtps_c;rosidl_typesupport_introspection_c
[0.393s] -- Found rosidl_adapter: 1.3.1 (/opt/ros/foxy/share/rosidl_adapter/cmake)
[0.492s] -- Using all available rosidl_typesupport_cpp: rosidl_typesupport_fastrtps_cpp;rosidl_typesupport_introspection_cpp
[0.528s] -- Found PythonInterp: /usr/bin/python3 (found version "3.8.10") 
[0.669s] CMake Error at /opt/ros/foxy/share/rosidl_adapter/cmake/rosidl_adapt_interfaces.cmake:60 (message):
[0.669s]   execute_process(/usr/bin/python3 -m rosidl_adapter --package-name
[0.669s]   learning_interface --arguments-file
[0.669s]   /home/yyh/ros2_ws/build/learning_interface/rosidl_adapter__arguments__learning_interface.json
[0.669s]   --output-dir
[0.669s]   /home/yyh/ros2_ws/build/learning_interface/rosidl_adapter/learning_interface
[0.669s]   --output-file
[0.670s]   /home/yyh/ros2_ws/build/learning_interface/rosidl_adapter/learning_interface.idls)
[0.670s]   returned error code 1:
[0.670s] 
[0.670s]   Error processing 'int32 ifArrive' of 'learning_interface/STM32':
[0.670s]   ''ifArrive' is an invalid field name.  It should have the pattern
[0.670s]   '^(?!.*__)(?!.*_$)[a-z][a-z0-9_]*$''
[0.670s] 
[0.670s]   Traceback (most recent call last):
[0.670s] 
[0.670s]     File "/usr/lib/python3.8/runpy.py", line 194, in _run_module_as_main
[0.670s]       return _run_code(code, main_globals, None,
[0.670s]     File "/usr/lib/python3.8/runpy.py", line 87, in _run_code
[0.670s]       exec(code, run_globals)
[0.670s]     File "/opt/ros/foxy/lib/python3.8/site-packages/rosidl_adapter/__main__.py", line 19, in <module>
[0.671s]       sys.exit(main())
[0.671s]     File "/opt/ros/foxy/lib/python3.8/site-packages/rosidl_adapter/main.py", line 53, in main
[0.671s]       abs_idl_file = convert_to_idl(
[0.671s]     File "/opt/ros/foxy/lib/python3.8/site-packages/rosidl_adapter/__init__.py", line 19, in convert_to_idl
[0.671s]       return convert_msg_to_idl(
[0.671s]     File "/opt/ros/foxy/lib/python3.8/site-packages/rosidl_adapter/msg/__init__.py", line 28, in convert_msg_to_idl
[0.671s]       msg = parse_message_string(package_name, input_file.stem, content)
[0.671s]     File "/opt/ros/foxy/lib/python3.8/site-packages/rosidl_adapter/parser.py", line 515, in parse_message_string
[0.671s]       fields.append(Field(
[0.671s]     File "/opt/ros/foxy/lib/python3.8/site-packages/rosidl_adapter/parser.py", line 353, in __init__
[0.671s]       raise NameError(
[0.671s] 
[0.671s]   NameError: 'ifArrive' is an invalid field name.  It should have the pattern
[0.671s]   '^(?!.*__)(?!.*_$)[a-z][a-z0-9_]*$'
[0.672s] 
[0.672s] Call Stack (most recent call first):
[0.672s]   /opt/ros/foxy/share/rosidl_cmake/cmake/rosidl_generate_interfaces.cmake:130 (rosidl_adapt_interfaces)
[0.672s]   CMakeLists.txt:25 (rosidl_generate_interfaces)
[0.672s] 
[0.672s] 
[0.672s] -- Configuring incomplete, errors occurred!
[0.672s] See also "/home/yyh/ros2_ws/build/learning_interface/CMakeFiles/CMakeOutput.log".
[0.677s] make: *** [Makefile:1708: cmake_check_build_system] Error 1
[0.693s] Invoked command in '/home/yyh/ros2_ws/build/learning_interface' returned '2': CMAKE_PREFIX_PATH=/opt/ros/foxy /usr/bin/cmake --build /home/yyh/ros2_ws/build/learning_interface -- -j4 -l4
