[0.158s] DEBUG:colcon:Command line arguments: ['/usr/bin/colcon', 'build']
[0.158s] DEBUG:colcon:Parsed command line arguments: Namespace(allow_overriding=[], ament_cmake_args=None, base_paths=['.'], build_base='build', catkin_cmake_args=None, catkin_skip_building_tests=False, cmake_args=None, cmake_clean_cache=False, cmake_clean_first=False, cmake_force_configure=False, cmake_target=None, cmake_target_skip_unavailable=False, continue_on_error=False, event_handlers=None, executor='parallel', ignore_user_meta=False, install_base='install', log_base=None, log_level=None, main=<bound method BuildVerb.main of <colcon_core.verb.build.BuildVerb object at 0x7f77ace882b0>>, merge_install=False, metas=['./colcon.meta'], packages_above=None, packages_above_and_dependencies=None, packages_above_depth=None, packages_end=None, packages_ignore=None, packages_ignore_regex=None, packages_select=None, packages_select_build_failed=False, packages_select_by_dep=None, packages_select_regex=None, packages_select_test_failures=False, packages_skip=None, packages_skip_build_finished=False, packages_skip_by_dep=None, packages_skip_regex=None, packages_skip_test_passed=False, packages_skip_up_to=None, packages_start=None, packages_up_to=None, packages_up_to_regex=None, parallel_workers=4, paths=None, symlink_install=False, test_result_base=None, verb_extension=<colcon_core.verb.build.BuildVerb object at 0x7f77ace882b0>, verb_name='build', verb_parser=<colcon_defaults.argument_parser.defaults.DefaultArgumentsDecorator object at 0x7f77ace965e0>)
[0.314s] Level 1:colcon.colcon_core.package_discovery:discover_packages(colcon_meta) check parameters
[0.314s] Level 1:colcon.colcon_core.package_discovery:discover_packages(recursive) check parameters
[0.314s] Level 1:colcon.colcon_core.package_discovery:discover_packages(ignore) check parameters
[0.314s] Level 1:colcon.colcon_core.package_discovery:discover_packages(path) check parameters
[0.314s] Level 1:colcon.colcon_core.package_discovery:discover_packages(colcon_meta) discover
[0.314s] Level 1:colcon.colcon_core.package_discovery:discover_packages(recursive) discover
[0.314s] INFO:colcon.colcon_core.package_discovery:Crawling recursively for packages in '/home/yyh/ros2_ws'
[0.314s] Level 1:colcon.colcon_core.package_identification:_identify(.) by extensions ['ignore', 'ignore_ament_install']
[0.314s] Level 1:colcon.colcon_core.package_identification:_identify(.) by extension 'ignore'
[0.314s] Level 1:colcon.colcon_core.package_identification:_identify(.) by extension 'ignore_ament_install'
[0.314s] Level 1:colcon.colcon_core.package_identification:_identify(.) by extensions ['colcon_pkg']
[0.314s] Level 1:colcon.colcon_core.package_identification:_identify(.) by extension 'colcon_pkg'
[0.314s] Level 1:colcon.colcon_core.package_identification:_identify(.) by extensions ['colcon_meta']
[0.314s] Level 1:colcon.colcon_core.package_identification:_identify(.) by extension 'colcon_meta'
[0.314s] Level 1:colcon.colcon_core.package_identification:_identify(.) by extensions ['ros']
[0.314s] Level 1:colcon.colcon_core.package_identification:_identify(.) by extension 'ros'
[0.324s] Level 1:colcon.colcon_core.package_identification:_identify(.) by extensions ['cmake', 'python']
[0.324s] Level 1:colcon.colcon_core.package_identification:_identify(.) by extension 'cmake'
[0.324s] Level 1:colcon.colcon_core.package_identification:_identify(.) by extension 'python'
[0.324s] Level 1:colcon.colcon_core.package_identification:_identify(.) by extensions ['python_setup_py']
[0.324s] Level 1:colcon.colcon_core.package_identification:_identify(.) by extension 'python_setup_py'
[0.325s] Level 1:colcon.colcon_core.package_identification:_identify(build) by extensions ['ignore', 'ignore_ament_install']
[0.325s] Level 1:colcon.colcon_core.package_identification:_identify(build) by extension 'ignore'
[0.325s] Level 1:colcon.colcon_core.package_identification:_identify(build) ignored
[0.325s] Level 1:colcon.colcon_core.package_identification:_identify(doc) by extensions ['ignore', 'ignore_ament_install']
[0.325s] Level 1:colcon.colcon_core.package_identification:_identify(doc) by extension 'ignore'
[0.325s] Level 1:colcon.colcon_core.package_identification:_identify(doc) by extension 'ignore_ament_install'
[0.325s] Level 1:colcon.colcon_core.package_identification:_identify(doc) by extensions ['colcon_pkg']
[0.325s] Level 1:colcon.colcon_core.package_identification:_identify(doc) by extension 'colcon_pkg'
[0.325s] Level 1:colcon.colcon_core.package_identification:_identify(doc) by extensions ['colcon_meta']
[0.325s] Level 1:colcon.colcon_core.package_identification:_identify(doc) by extension 'colcon_meta'
[0.325s] Level 1:colcon.colcon_core.package_identification:_identify(doc) by extensions ['ros']
[0.325s] Level 1:colcon.colcon_core.package_identification:_identify(doc) by extension 'ros'
[0.325s] Level 1:colcon.colcon_core.package_identification:_identify(doc) by extensions ['cmake', 'python']
[0.325s] Level 1:colcon.colcon_core.package_identification:_identify(doc) by extension 'cmake'
[0.325s] Level 1:colcon.colcon_core.package_identification:_identify(doc) by extension 'python'
[0.325s] Level 1:colcon.colcon_core.package_identification:_identify(doc) by extensions ['python_setup_py']
[0.325s] Level 1:colcon.colcon_core.package_identification:_identify(doc) by extension 'python_setup_py'
[0.325s] Level 1:colcon.colcon_core.package_identification:_identify(doc/build) by extensions ['ignore', 'ignore_ament_install']
[0.325s] Level 1:colcon.colcon_core.package_identification:_identify(doc/build) by extension 'ignore'
[0.325s] Level 1:colcon.colcon_core.package_identification:_identify(doc/build) ignored
[0.325s] Level 1:colcon.colcon_core.package_identification:_identify(doc/install) by extensions ['ignore', 'ignore_ament_install']
[0.325s] Level 1:colcon.colcon_core.package_identification:_identify(doc/install) by extension 'ignore'
[0.325s] Level 1:colcon.colcon_core.package_identification:_identify(doc/install) ignored
[0.325s] Level 1:colcon.colcon_core.package_identification:_identify(doc/log) by extensions ['ignore', 'ignore_ament_install']
[0.325s] Level 1:colcon.colcon_core.package_identification:_identify(doc/log) by extension 'ignore'
[0.326s] Level 1:colcon.colcon_core.package_identification:_identify(doc/log) ignored
[0.326s] Level 1:colcon.colcon_core.package_identification:_identify(install) by extensions ['ignore', 'ignore_ament_install']
[0.326s] Level 1:colcon.colcon_core.package_identification:_identify(install) by extension 'ignore'
[0.326s] Level 1:colcon.colcon_core.package_identification:_identify(install) ignored
[0.326s] Level 1:colcon.colcon_core.package_identification:_identify(launch) by extensions ['ignore', 'ignore_ament_install']
[0.326s] Level 1:colcon.colcon_core.package_identification:_identify(launch) by extension 'ignore'
[0.326s] Level 1:colcon.colcon_core.package_identification:_identify(launch) by extension 'ignore_ament_install'
[0.326s] Level 1:colcon.colcon_core.package_identification:_identify(launch) by extensions ['colcon_pkg']
[0.326s] Level 1:colcon.colcon_core.package_identification:_identify(launch) by extension 'colcon_pkg'
[0.326s] Level 1:colcon.colcon_core.package_identification:_identify(launch) by extensions ['colcon_meta']
[0.326s] Level 1:colcon.colcon_core.package_identification:_identify(launch) by extension 'colcon_meta'
[0.326s] Level 1:colcon.colcon_core.package_identification:_identify(launch) by extensions ['ros']
[0.326s] Level 1:colcon.colcon_core.package_identification:_identify(launch) by extension 'ros'
[0.326s] Level 1:colcon.colcon_core.package_identification:_identify(launch) by extensions ['cmake', 'python']
[0.326s] Level 1:colcon.colcon_core.package_identification:_identify(launch) by extension 'cmake'
[0.326s] Level 1:colcon.colcon_core.package_identification:_identify(launch) by extension 'python'
[0.326s] Level 1:colcon.colcon_core.package_identification:_identify(launch) by extensions ['python_setup_py']
[0.326s] Level 1:colcon.colcon_core.package_identification:_identify(launch) by extension 'python_setup_py'
[0.326s] Level 1:colcon.colcon_core.package_identification:_identify(launch/__pycache__) by extensions ['ignore', 'ignore_ament_install']
[0.326s] Level 1:colcon.colcon_core.package_identification:_identify(launch/__pycache__) by extension 'ignore'
[0.326s] Level 1:colcon.colcon_core.package_identification:_identify(launch/__pycache__) by extension 'ignore_ament_install'
[0.326s] Level 1:colcon.colcon_core.package_identification:_identify(launch/__pycache__) by extensions ['colcon_pkg']
[0.326s] Level 1:colcon.colcon_core.package_identification:_identify(launch/__pycache__) by extension 'colcon_pkg'
[0.326s] Level 1:colcon.colcon_core.package_identification:_identify(launch/__pycache__) by extensions ['colcon_meta']
[0.326s] Level 1:colcon.colcon_core.package_identification:_identify(launch/__pycache__) by extension 'colcon_meta'
[0.326s] Level 1:colcon.colcon_core.package_identification:_identify(launch/__pycache__) by extensions ['ros']
[0.326s] Level 1:colcon.colcon_core.package_identification:_identify(launch/__pycache__) by extension 'ros'
[0.326s] Level 1:colcon.colcon_core.package_identification:_identify(launch/__pycache__) by extensions ['cmake', 'python']
[0.326s] Level 1:colcon.colcon_core.package_identification:_identify(launch/__pycache__) by extension 'cmake'
[0.326s] Level 1:colcon.colcon_core.package_identification:_identify(launch/__pycache__) by extension 'python'
[0.326s] Level 1:colcon.colcon_core.package_identification:_identify(launch/__pycache__) by extensions ['python_setup_py']
[0.326s] Level 1:colcon.colcon_core.package_identification:_identify(launch/__pycache__) by extension 'python_setup_py'
[0.327s] Level 1:colcon.colcon_core.package_identification:_identify(launch/build) by extensions ['ignore', 'ignore_ament_install']
[0.327s] Level 1:colcon.colcon_core.package_identification:_identify(launch/build) by extension 'ignore'
[0.327s] Level 1:colcon.colcon_core.package_identification:_identify(launch/build) ignored
[0.327s] Level 1:colcon.colcon_core.package_identification:_identify(launch/install) by extensions ['ignore', 'ignore_ament_install']
[0.327s] Level 1:colcon.colcon_core.package_identification:_identify(launch/install) by extension 'ignore'
[0.327s] Level 1:colcon.colcon_core.package_identification:_identify(launch/install) ignored
[0.327s] Level 1:colcon.colcon_core.package_identification:_identify(launch/log) by extensions ['ignore', 'ignore_ament_install']
[0.327s] Level 1:colcon.colcon_core.package_identification:_identify(launch/log) by extension 'ignore'
[0.327s] Level 1:colcon.colcon_core.package_identification:_identify(launch/log) ignored
[0.327s] Level 1:colcon.colcon_core.package_identification:_identify(log) by extensions ['ignore', 'ignore_ament_install']
[0.327s] Level 1:colcon.colcon_core.package_identification:_identify(log) by extension 'ignore'
[0.327s] Level 1:colcon.colcon_core.package_identification:_identify(log) ignored
[0.327s] Level 1:colcon.colcon_core.package_identification:_identify(src) by extensions ['ignore', 'ignore_ament_install']
[0.327s] Level 1:colcon.colcon_core.package_identification:_identify(src) by extension 'ignore'
[0.327s] Level 1:colcon.colcon_core.package_identification:_identify(src) by extension 'ignore_ament_install'
[0.327s] Level 1:colcon.colcon_core.package_identification:_identify(src) by extensions ['colcon_pkg']
[0.327s] Level 1:colcon.colcon_core.package_identification:_identify(src) by extension 'colcon_pkg'
[0.327s] Level 1:colcon.colcon_core.package_identification:_identify(src) by extensions ['colcon_meta']
[0.328s] Level 1:colcon.colcon_core.package_identification:_identify(src) by extension 'colcon_meta'
[0.328s] Level 1:colcon.colcon_core.package_identification:_identify(src) by extensions ['ros']
[0.328s] Level 1:colcon.colcon_core.package_identification:_identify(src) by extension 'ros'
[0.328s] Level 1:colcon.colcon_core.package_identification:_identify(src) by extensions ['cmake', 'python']
[0.328s] Level 1:colcon.colcon_core.package_identification:_identify(src) by extension 'cmake'
[0.328s] Level 1:colcon.colcon_core.package_identification:_identify(src) by extension 'python'
[0.328s] Level 1:colcon.colcon_core.package_identification:_identify(src) by extensions ['python_setup_py']
[0.328s] Level 1:colcon.colcon_core.package_identification:_identify(src) by extension 'python_setup_py'
[0.328s] Level 1:colcon.colcon_core.package_identification:_identify(src/learning_interface) by extensions ['ignore', 'ignore_ament_install']
[0.328s] Level 1:colcon.colcon_core.package_identification:_identify(src/learning_interface) by extension 'ignore'
[0.328s] Level 1:colcon.colcon_core.package_identification:_identify(src/learning_interface) by extension 'ignore_ament_install'
[0.328s] Level 1:colcon.colcon_core.package_identification:_identify(src/learning_interface) by extensions ['colcon_pkg']
[0.328s] Level 1:colcon.colcon_core.package_identification:_identify(src/learning_interface) by extension 'colcon_pkg'
[0.328s] Level 1:colcon.colcon_core.package_identification:_identify(src/learning_interface) by extensions ['colcon_meta']
[0.328s] Level 1:colcon.colcon_core.package_identification:_identify(src/learning_interface) by extension 'colcon_meta'
[0.328s] Level 1:colcon.colcon_core.package_identification:_identify(src/learning_interface) by extensions ['ros']
[0.328s] Level 1:colcon.colcon_core.package_identification:_identify(src/learning_interface) by extension 'ros'
[0.331s] DEBUG:colcon.colcon_core.package_identification:Package 'src/learning_interface' with type 'ros.ament_cmake' and name 'learning_interface'
[0.331s] Level 1:colcon.colcon_core.package_identification:_identify(src/realsense-ros-4.51.1) by extensions ['ignore', 'ignore_ament_install']
[0.331s] Level 1:colcon.colcon_core.package_identification:_identify(src/realsense-ros-4.51.1) by extension 'ignore'
[0.331s] Level 1:colcon.colcon_core.package_identification:_identify(src/realsense-ros-4.51.1) by extension 'ignore_ament_install'
[0.332s] Level 1:colcon.colcon_core.package_identification:_identify(src/realsense-ros-4.51.1) by extensions ['colcon_pkg']
[0.332s] Level 1:colcon.colcon_core.package_identification:_identify(src/realsense-ros-4.51.1) by extension 'colcon_pkg'
[0.332s] Level 1:colcon.colcon_core.package_identification:_identify(src/realsense-ros-4.51.1) by extensions ['colcon_meta']
[0.332s] Level 1:colcon.colcon_core.package_identification:_identify(src/realsense-ros-4.51.1) by extension 'colcon_meta'
[0.332s] Level 1:colcon.colcon_core.package_identification:_identify(src/realsense-ros-4.51.1) by extensions ['ros']
[0.332s] Level 1:colcon.colcon_core.package_identification:_identify(src/realsense-ros-4.51.1) by extension 'ros'
[0.332s] Level 1:colcon.colcon_core.package_identification:_identify(src/realsense-ros-4.51.1) by extensions ['cmake', 'python']
[0.332s] Level 1:colcon.colcon_core.package_identification:_identify(src/realsense-ros-4.51.1) by extension 'cmake'
[0.332s] Level 1:colcon.colcon_core.package_identification:_identify(src/realsense-ros-4.51.1) by extension 'python'
[0.332s] Level 1:colcon.colcon_core.package_identification:_identify(src/realsense-ros-4.51.1) by extensions ['python_setup_py']
[0.332s] Level 1:colcon.colcon_core.package_identification:_identify(src/realsense-ros-4.51.1) by extension 'python_setup_py'
[0.332s] Level 1:colcon.colcon_core.package_identification:_identify(src/realsense-ros-4.51.1/realsense2_camera) by extensions ['ignore', 'ignore_ament_install']
[0.332s] Level 1:colcon.colcon_core.package_identification:_identify(src/realsense-ros-4.51.1/realsense2_camera) by extension 'ignore'
[0.332s] Level 1:colcon.colcon_core.package_identification:_identify(src/realsense-ros-4.51.1/realsense2_camera) by extension 'ignore_ament_install'
[0.332s] Level 1:colcon.colcon_core.package_identification:_identify(src/realsense-ros-4.51.1/realsense2_camera) by extensions ['colcon_pkg']
[0.332s] Level 1:colcon.colcon_core.package_identification:_identify(src/realsense-ros-4.51.1/realsense2_camera) by extension 'colcon_pkg'
[0.332s] Level 1:colcon.colcon_core.package_identification:_identify(src/realsense-ros-4.51.1/realsense2_camera) by extensions ['colcon_meta']
[0.332s] Level 1:colcon.colcon_core.package_identification:_identify(src/realsense-ros-4.51.1/realsense2_camera) by extension 'colcon_meta'
[0.332s] Level 1:colcon.colcon_core.package_identification:_identify(src/realsense-ros-4.51.1/realsense2_camera) by extensions ['ros']
[0.332s] Level 1:colcon.colcon_core.package_identification:_identify(src/realsense-ros-4.51.1/realsense2_camera) by extension 'ros'
[0.334s] DEBUG:colcon.colcon_core.package_identification:Package 'src/realsense-ros-4.51.1/realsense2_camera' with type 'ros.ament_cmake' and name 'realsense2_camera'
[0.334s] Level 1:colcon.colcon_core.package_identification:_identify(src/realsense-ros-4.51.1/realsense2_camera_msgs) by extensions ['ignore', 'ignore_ament_install']
[0.334s] Level 1:colcon.colcon_core.package_identification:_identify(src/realsense-ros-4.51.1/realsense2_camera_msgs) by extension 'ignore'
[0.334s] Level 1:colcon.colcon_core.package_identification:_identify(src/realsense-ros-4.51.1/realsense2_camera_msgs) by extension 'ignore_ament_install'
[0.334s] Level 1:colcon.colcon_core.package_identification:_identify(src/realsense-ros-4.51.1/realsense2_camera_msgs) by extensions ['colcon_pkg']
[0.334s] Level 1:colcon.colcon_core.package_identification:_identify(src/realsense-ros-4.51.1/realsense2_camera_msgs) by extension 'colcon_pkg'
[0.334s] Level 1:colcon.colcon_core.package_identification:_identify(src/realsense-ros-4.51.1/realsense2_camera_msgs) by extensions ['colcon_meta']
[0.334s] Level 1:colcon.colcon_core.package_identification:_identify(src/realsense-ros-4.51.1/realsense2_camera_msgs) by extension 'colcon_meta'
[0.334s] Level 1:colcon.colcon_core.package_identification:_identify(src/realsense-ros-4.51.1/realsense2_camera_msgs) by extensions ['ros']
[0.334s] Level 1:colcon.colcon_core.package_identification:_identify(src/realsense-ros-4.51.1/realsense2_camera_msgs) by extension 'ros'
[0.335s] DEBUG:colcon.colcon_core.package_identification:Package 'src/realsense-ros-4.51.1/realsense2_camera_msgs' with type 'ros.ament_cmake' and name 'realsense2_camera_msgs'
[0.335s] Level 1:colcon.colcon_core.package_identification:_identify(src/realsense-ros-4.51.1/realsense2_description) by extensions ['ignore', 'ignore_ament_install']
[0.335s] Level 1:colcon.colcon_core.package_identification:_identify(src/realsense-ros-4.51.1/realsense2_description) by extension 'ignore'
[0.335s] Level 1:colcon.colcon_core.package_identification:_identify(src/realsense-ros-4.51.1/realsense2_description) by extension 'ignore_ament_install'
[0.335s] Level 1:colcon.colcon_core.package_identification:_identify(src/realsense-ros-4.51.1/realsense2_description) by extensions ['colcon_pkg']
[0.335s] Level 1:colcon.colcon_core.package_identification:_identify(src/realsense-ros-4.51.1/realsense2_description) by extension 'colcon_pkg'
[0.335s] Level 1:colcon.colcon_core.package_identification:_identify(src/realsense-ros-4.51.1/realsense2_description) by extensions ['colcon_meta']
[0.335s] Level 1:colcon.colcon_core.package_identification:_identify(src/realsense-ros-4.51.1/realsense2_description) by extension 'colcon_meta'
[0.335s] Level 1:colcon.colcon_core.package_identification:_identify(src/realsense-ros-4.51.1/realsense2_description) by extensions ['ros']
[0.335s] Level 1:colcon.colcon_core.package_identification:_identify(src/realsense-ros-4.51.1/realsense2_description) by extension 'ros'
[0.335s] DEBUG:colcon.colcon_core.package_identification:Package 'src/realsense-ros-4.51.1/realsense2_description' with type 'ros.ament_cmake' and name 'realsense2_description'
[0.336s] Level 1:colcon.colcon_core.package_identification:_identify(src/realsense-ros-4.51.1/scripts) by extensions ['ignore', 'ignore_ament_install']
[0.336s] Level 1:colcon.colcon_core.package_identification:_identify(src/realsense-ros-4.51.1/scripts) by extension 'ignore'
[0.336s] Level 1:colcon.colcon_core.package_identification:_identify(src/realsense-ros-4.51.1/scripts) by extension 'ignore_ament_install'
[0.336s] Level 1:colcon.colcon_core.package_identification:_identify(src/realsense-ros-4.51.1/scripts) by extensions ['colcon_pkg']
[0.336s] Level 1:colcon.colcon_core.package_identification:_identify(src/realsense-ros-4.51.1/scripts) by extension 'colcon_pkg'
[0.336s] Level 1:colcon.colcon_core.package_identification:_identify(src/realsense-ros-4.51.1/scripts) by extensions ['colcon_meta']
[0.336s] Level 1:colcon.colcon_core.package_identification:_identify(src/realsense-ros-4.51.1/scripts) by extension 'colcon_meta'
[0.336s] Level 1:colcon.colcon_core.package_identification:_identify(src/realsense-ros-4.51.1/scripts) by extensions ['ros']
[0.336s] Level 1:colcon.colcon_core.package_identification:_identify(src/realsense-ros-4.51.1/scripts) by extension 'ros'
[0.336s] Level 1:colcon.colcon_core.package_identification:_identify(src/realsense-ros-4.51.1/scripts) by extensions ['cmake', 'python']
[0.336s] Level 1:colcon.colcon_core.package_identification:_identify(src/realsense-ros-4.51.1/scripts) by extension 'cmake'
[0.336s] Level 1:colcon.colcon_core.package_identification:_identify(src/realsense-ros-4.51.1/scripts) by extension 'python'
[0.336s] Level 1:colcon.colcon_core.package_identification:_identify(src/realsense-ros-4.51.1/scripts) by extensions ['python_setup_py']
[0.336s] Level 1:colcon.colcon_core.package_identification:_identify(src/realsense-ros-4.51.1/scripts) by extension 'python_setup_py'
[0.336s] Level 1:colcon.colcon_core.package_identification:_identify(src/yolov5_ros2) by extensions ['ignore', 'ignore_ament_install']
[0.336s] Level 1:colcon.colcon_core.package_identification:_identify(src/yolov5_ros2) by extension 'ignore'
[0.336s] Level 1:colcon.colcon_core.package_identification:_identify(src/yolov5_ros2) by extension 'ignore_ament_install'
[0.336s] Level 1:colcon.colcon_core.package_identification:_identify(src/yolov5_ros2) by extensions ['colcon_pkg']
[0.336s] Level 1:colcon.colcon_core.package_identification:_identify(src/yolov5_ros2) by extension 'colcon_pkg'
[0.336s] Level 1:colcon.colcon_core.package_identification:_identify(src/yolov5_ros2) by extensions ['colcon_meta']
[0.336s] Level 1:colcon.colcon_core.package_identification:_identify(src/yolov5_ros2) by extension 'colcon_meta'
[0.336s] Level 1:colcon.colcon_core.package_identification:_identify(src/yolov5_ros2) by extensions ['ros']
[0.336s] Level 1:colcon.colcon_core.package_identification:_identify(src/yolov5_ros2) by extension 'ros'
[0.337s] DEBUG:colcon.colcon_core.package_identification:Package 'src/yolov5_ros2' with type 'ros.ament_python' and name 'yolov5_ros2'
[0.337s] Level 1:colcon.colcon_core.package_identification:_identify(src/yyh_nav) by extensions ['ignore', 'ignore_ament_install']
[0.337s] Level 1:colcon.colcon_core.package_identification:_identify(src/yyh_nav) by extension 'ignore'
[0.337s] Level 1:colcon.colcon_core.package_identification:_identify(src/yyh_nav) by extension 'ignore_ament_install'
[0.337s] Level 1:colcon.colcon_core.package_identification:_identify(src/yyh_nav) by extensions ['colcon_pkg']
[0.337s] Level 1:colcon.colcon_core.package_identification:_identify(src/yyh_nav) by extension 'colcon_pkg'
[0.337s] Level 1:colcon.colcon_core.package_identification:_identify(src/yyh_nav) by extensions ['colcon_meta']
[0.337s] Level 1:colcon.colcon_core.package_identification:_identify(src/yyh_nav) by extension 'colcon_meta'
[0.337s] Level 1:colcon.colcon_core.package_identification:_identify(src/yyh_nav) by extensions ['ros']
[0.337s] Level 1:colcon.colcon_core.package_identification:_identify(src/yyh_nav) by extension 'ros'
[0.337s] DEBUG:colcon.colcon_core.package_identification:Package 'src/yyh_nav' with type 'ros.ament_python' and name 'yyh_nav'
[0.337s] Level 1:colcon.colcon_core.package_identification:_identify(src/yyh_object) by extensions ['ignore', 'ignore_ament_install']
[0.337s] Level 1:colcon.colcon_core.package_identification:_identify(src/yyh_object) by extension 'ignore'
[0.338s] Level 1:colcon.colcon_core.package_identification:_identify(src/yyh_object) by extension 'ignore_ament_install'
[0.338s] Level 1:colcon.colcon_core.package_identification:_identify(src/yyh_object) by extensions ['colcon_pkg']
[0.338s] Level 1:colcon.colcon_core.package_identification:_identify(src/yyh_object) by extension 'colcon_pkg'
[0.338s] Level 1:colcon.colcon_core.package_identification:_identify(src/yyh_object) by extensions ['colcon_meta']
[0.338s] Level 1:colcon.colcon_core.package_identification:_identify(src/yyh_object) by extension 'colcon_meta'
[0.338s] Level 1:colcon.colcon_core.package_identification:_identify(src/yyh_object) by extensions ['ros']
[0.338s] Level 1:colcon.colcon_core.package_identification:_identify(src/yyh_object) by extension 'ros'
[0.338s] DEBUG:colcon.colcon_core.package_identification:Package 'src/yyh_object' with type 'ros.ament_python' and name 'yyh_object'
[0.338s] Level 1:colcon.colcon_core.package_identification:_identify(test) by extensions ['ignore', 'ignore_ament_install']
[0.338s] Level 1:colcon.colcon_core.package_identification:_identify(test) by extension 'ignore'
[0.338s] Level 1:colcon.colcon_core.package_identification:_identify(test) by extension 'ignore_ament_install'
[0.338s] Level 1:colcon.colcon_core.package_identification:_identify(test) by extensions ['colcon_pkg']
[0.338s] Level 1:colcon.colcon_core.package_identification:_identify(test) by extension 'colcon_pkg'
[0.338s] Level 1:colcon.colcon_core.package_identification:_identify(test) by extensions ['colcon_meta']
[0.338s] Level 1:colcon.colcon_core.package_identification:_identify(test) by extension 'colcon_meta'
[0.338s] Level 1:colcon.colcon_core.package_identification:_identify(test) by extensions ['ros']
[0.338s] Level 1:colcon.colcon_core.package_identification:_identify(test) by extension 'ros'
[0.338s] Level 1:colcon.colcon_core.package_identification:_identify(test) by extensions ['cmake', 'python']
[0.338s] Level 1:colcon.colcon_core.package_identification:_identify(test) by extension 'cmake'
[0.338s] Level 1:colcon.colcon_core.package_identification:_identify(test) by extension 'python'
[0.338s] Level 1:colcon.colcon_core.package_identification:_identify(test) by extensions ['python_setup_py']
[0.338s] Level 1:colcon.colcon_core.package_identification:_identify(test) by extension 'python_setup_py'
[0.338s] Level 1:colcon.colcon_core.package_discovery:discover_packages(recursive) using defaults
[0.338s] Level 1:colcon.colcon_core.package_discovery:discover_packages(ignore) discover
[0.339s] Level 1:colcon.colcon_core.package_discovery:discover_packages(ignore) using defaults
[0.339s] Level 1:colcon.colcon_core.package_discovery:discover_packages(path) discover
[0.339s] Level 1:colcon.colcon_core.package_discovery:discover_packages(path) using defaults
[0.353s] Level 1:colcon.colcon_core.package_discovery:discover_packages(prefix_path) check parameters
[0.353s] Level 1:colcon.colcon_core.package_discovery:discover_packages(prefix_path) discover
[0.354s] DEBUG:colcon.colcon_installed_package_information.package_discovery:Found 8 installed packages in /home/yyh/ros2_ws/install
[0.355s] DEBUG:colcon.colcon_installed_package_information.package_discovery:Found 256 installed packages in /opt/ros/foxy
[0.356s] Level 1:colcon.colcon_core.package_discovery:discover_packages(prefix_path) using defaults
[0.388s] Level 5:colcon.colcon_core.verb:set package 'learning_interface' build argument 'cmake_args' from command line to 'None'
[0.388s] Level 5:colcon.colcon_core.verb:set package 'learning_interface' build argument 'cmake_target' from command line to 'None'
[0.388s] Level 5:colcon.colcon_core.verb:set package 'learning_interface' build argument 'cmake_target_skip_unavailable' from command line to 'False'
[0.388s] Level 5:colcon.colcon_core.verb:set package 'learning_interface' build argument 'cmake_clean_cache' from command line to 'False'
[0.388s] Level 5:colcon.colcon_core.verb:set package 'learning_interface' build argument 'cmake_clean_first' from command line to 'False'
[0.388s] Level 5:colcon.colcon_core.verb:set package 'learning_interface' build argument 'cmake_force_configure' from command line to 'False'
[0.388s] Level 5:colcon.colcon_core.verb:set package 'learning_interface' build argument 'ament_cmake_args' from command line to 'None'
[0.388s] Level 5:colcon.colcon_core.verb:set package 'learning_interface' build argument 'catkin_cmake_args' from command line to 'None'
[0.388s] Level 5:colcon.colcon_core.verb:set package 'learning_interface' build argument 'catkin_skip_building_tests' from command line to 'False'
[0.388s] DEBUG:colcon.colcon_core.verb:Building package 'learning_interface' with the following arguments: {'ament_cmake_args': None, 'build_base': '/home/yyh/ros2_ws/build/learning_interface', 'catkin_cmake_args': None, 'catkin_skip_building_tests': False, 'cmake_args': None, 'cmake_clean_cache': False, 'cmake_clean_first': False, 'cmake_force_configure': False, 'cmake_target': None, 'cmake_target_skip_unavailable': False, 'install_base': '/home/yyh/ros2_ws/install/learning_interface', 'merge_install': False, 'path': '/home/yyh/ros2_ws/src/learning_interface', 'symlink_install': False, 'test_result_base': None}
[0.388s] Level 5:colcon.colcon_core.verb:set package 'realsense2_camera_msgs' build argument 'cmake_args' from command line to 'None'
[0.388s] Level 5:colcon.colcon_core.verb:set package 'realsense2_camera_msgs' build argument 'cmake_target' from command line to 'None'
[0.388s] Level 5:colcon.colcon_core.verb:set package 'realsense2_camera_msgs' build argument 'cmake_target_skip_unavailable' from command line to 'False'
[0.388s] Level 5:colcon.colcon_core.verb:set package 'realsense2_camera_msgs' build argument 'cmake_clean_cache' from command line to 'False'
[0.388s] Level 5:colcon.colcon_core.verb:set package 'realsense2_camera_msgs' build argument 'cmake_clean_first' from command line to 'False'
[0.388s] Level 5:colcon.colcon_core.verb:set package 'realsense2_camera_msgs' build argument 'cmake_force_configure' from command line to 'False'
[0.388s] Level 5:colcon.colcon_core.verb:set package 'realsense2_camera_msgs' build argument 'ament_cmake_args' from command line to 'None'
[0.388s] Level 5:colcon.colcon_core.verb:set package 'realsense2_camera_msgs' build argument 'catkin_cmake_args' from command line to 'None'
[0.388s] Level 5:colcon.colcon_core.verb:set package 'realsense2_camera_msgs' build argument 'catkin_skip_building_tests' from command line to 'False'
[0.388s] DEBUG:colcon.colcon_core.verb:Building package 'realsense2_camera_msgs' with the following arguments: {'ament_cmake_args': None, 'build_base': '/home/yyh/ros2_ws/build/realsense2_camera_msgs', 'catkin_cmake_args': None, 'catkin_skip_building_tests': False, 'cmake_args': None, 'cmake_clean_cache': False, 'cmake_clean_first': False, 'cmake_force_configure': False, 'cmake_target': None, 'cmake_target_skip_unavailable': False, 'install_base': '/home/yyh/ros2_ws/install/realsense2_camera_msgs', 'merge_install': False, 'path': '/home/yyh/ros2_ws/src/realsense-ros-4.51.1/realsense2_camera_msgs', 'symlink_install': False, 'test_result_base': None}
[0.389s] Level 5:colcon.colcon_core.verb:set package 'yolov5_ros2' build argument 'cmake_args' from command line to 'None'
[0.389s] Level 5:colcon.colcon_core.verb:set package 'yolov5_ros2' build argument 'cmake_target' from command line to 'None'
[0.389s] Level 5:colcon.colcon_core.verb:set package 'yolov5_ros2' build argument 'cmake_target_skip_unavailable' from command line to 'False'
[0.389s] Level 5:colcon.colcon_core.verb:set package 'yolov5_ros2' build argument 'cmake_clean_cache' from command line to 'False'
[0.389s] Level 5:colcon.colcon_core.verb:set package 'yolov5_ros2' build argument 'cmake_clean_first' from command line to 'False'
[0.389s] Level 5:colcon.colcon_core.verb:set package 'yolov5_ros2' build argument 'cmake_force_configure' from command line to 'False'
[0.389s] Level 5:colcon.colcon_core.verb:set package 'yolov5_ros2' build argument 'ament_cmake_args' from command line to 'None'
[0.389s] Level 5:colcon.colcon_core.verb:set package 'yolov5_ros2' build argument 'catkin_cmake_args' from command line to 'None'
[0.389s] Level 5:colcon.colcon_core.verb:set package 'yolov5_ros2' build argument 'catkin_skip_building_tests' from command line to 'False'
[0.389s] DEBUG:colcon.colcon_core.verb:Building package 'yolov5_ros2' with the following arguments: {'ament_cmake_args': None, 'build_base': '/home/yyh/ros2_ws/build/yolov5_ros2', 'catkin_cmake_args': None, 'catkin_skip_building_tests': False, 'cmake_args': None, 'cmake_clean_cache': False, 'cmake_clean_first': False, 'cmake_force_configure': False, 'cmake_target': None, 'cmake_target_skip_unavailable': False, 'install_base': '/home/yyh/ros2_ws/install/yolov5_ros2', 'merge_install': False, 'path': '/home/yyh/ros2_ws/src/yolov5_ros2', 'symlink_install': False, 'test_result_base': None}
[0.389s] Level 5:colcon.colcon_core.verb:set package 'yyh_nav' build argument 'cmake_args' from command line to 'None'
[0.389s] Level 5:colcon.colcon_core.verb:set package 'yyh_nav' build argument 'cmake_target' from command line to 'None'
[0.389s] Level 5:colcon.colcon_core.verb:set package 'yyh_nav' build argument 'cmake_target_skip_unavailable' from command line to 'False'
[0.389s] Level 5:colcon.colcon_core.verb:set package 'yyh_nav' build argument 'cmake_clean_cache' from command line to 'False'
[0.389s] Level 5:colcon.colcon_core.verb:set package 'yyh_nav' build argument 'cmake_clean_first' from command line to 'False'
[0.389s] Level 5:colcon.colcon_core.verb:set package 'yyh_nav' build argument 'cmake_force_configure' from command line to 'False'
[0.389s] Level 5:colcon.colcon_core.verb:set package 'yyh_nav' build argument 'ament_cmake_args' from command line to 'None'
[0.389s] Level 5:colcon.colcon_core.verb:set package 'yyh_nav' build argument 'catkin_cmake_args' from command line to 'None'
[0.389s] Level 5:colcon.colcon_core.verb:set package 'yyh_nav' build argument 'catkin_skip_building_tests' from command line to 'False'
[0.389s] DEBUG:colcon.colcon_core.verb:Building package 'yyh_nav' with the following arguments: {'ament_cmake_args': None, 'build_base': '/home/yyh/ros2_ws/build/yyh_nav', 'catkin_cmake_args': None, 'catkin_skip_building_tests': False, 'cmake_args': None, 'cmake_clean_cache': False, 'cmake_clean_first': False, 'cmake_force_configure': False, 'cmake_target': None, 'cmake_target_skip_unavailable': False, 'install_base': '/home/yyh/ros2_ws/install/yyh_nav', 'merge_install': False, 'path': '/home/yyh/ros2_ws/src/yyh_nav', 'symlink_install': False, 'test_result_base': None}
[0.389s] Level 5:colcon.colcon_core.verb:set package 'yyh_object' build argument 'cmake_args' from command line to 'None'
[0.389s] Level 5:colcon.colcon_core.verb:set package 'yyh_object' build argument 'cmake_target' from command line to 'None'
[0.389s] Level 5:colcon.colcon_core.verb:set package 'yyh_object' build argument 'cmake_target_skip_unavailable' from command line to 'False'
[0.389s] Level 5:colcon.colcon_core.verb:set package 'yyh_object' build argument 'cmake_clean_cache' from command line to 'False'
[0.389s] Level 5:colcon.colcon_core.verb:set package 'yyh_object' build argument 'cmake_clean_first' from command line to 'False'
[0.389s] Level 5:colcon.colcon_core.verb:set package 'yyh_object' build argument 'cmake_force_configure' from command line to 'False'
[0.389s] Level 5:colcon.colcon_core.verb:set package 'yyh_object' build argument 'ament_cmake_args' from command line to 'None'
[0.389s] Level 5:colcon.colcon_core.verb:set package 'yyh_object' build argument 'catkin_cmake_args' from command line to 'None'
[0.389s] Level 5:colcon.colcon_core.verb:set package 'yyh_object' build argument 'catkin_skip_building_tests' from command line to 'False'
[0.389s] DEBUG:colcon.colcon_core.verb:Building package 'yyh_object' with the following arguments: {'ament_cmake_args': None, 'build_base': '/home/yyh/ros2_ws/build/yyh_object', 'catkin_cmake_args': None, 'catkin_skip_building_tests': False, 'cmake_args': None, 'cmake_clean_cache': False, 'cmake_clean_first': False, 'cmake_force_configure': False, 'cmake_target': None, 'cmake_target_skip_unavailable': False, 'install_base': '/home/yyh/ros2_ws/install/yyh_object', 'merge_install': False, 'path': '/home/yyh/ros2_ws/src/yyh_object', 'symlink_install': False, 'test_result_base': None}
[0.390s] Level 5:colcon.colcon_core.verb:set package 'realsense2_camera' build argument 'cmake_args' from command line to 'None'
[0.390s] Level 5:colcon.colcon_core.verb:set package 'realsense2_camera' build argument 'cmake_target' from command line to 'None'
[0.390s] Level 5:colcon.colcon_core.verb:set package 'realsense2_camera' build argument 'cmake_target_skip_unavailable' from command line to 'False'
[0.390s] Level 5:colcon.colcon_core.verb:set package 'realsense2_camera' build argument 'cmake_clean_cache' from command line to 'False'
[0.390s] Level 5:colcon.colcon_core.verb:set package 'realsense2_camera' build argument 'cmake_clean_first' from command line to 'False'
[0.390s] Level 5:colcon.colcon_core.verb:set package 'realsense2_camera' build argument 'cmake_force_configure' from command line to 'False'
[0.390s] Level 5:colcon.colcon_core.verb:set package 'realsense2_camera' build argument 'ament_cmake_args' from command line to 'None'
[0.390s] Level 5:colcon.colcon_core.verb:set package 'realsense2_camera' build argument 'catkin_cmake_args' from command line to 'None'
[0.390s] Level 5:colcon.colcon_core.verb:set package 'realsense2_camera' build argument 'catkin_skip_building_tests' from command line to 'False'
[0.390s] DEBUG:colcon.colcon_core.verb:Building package 'realsense2_camera' with the following arguments: {'ament_cmake_args': None, 'build_base': '/home/yyh/ros2_ws/build/realsense2_camera', 'catkin_cmake_args': None, 'catkin_skip_building_tests': False, 'cmake_args': None, 'cmake_clean_cache': False, 'cmake_clean_first': False, 'cmake_force_configure': False, 'cmake_target': None, 'cmake_target_skip_unavailable': False, 'install_base': '/home/yyh/ros2_ws/install/realsense2_camera', 'merge_install': False, 'path': '/home/yyh/ros2_ws/src/realsense-ros-4.51.1/realsense2_camera', 'symlink_install': False, 'test_result_base': None}
[0.390s] Level 5:colcon.colcon_core.verb:set package 'realsense2_description' build argument 'cmake_args' from command line to 'None'
[0.390s] Level 5:colcon.colcon_core.verb:set package 'realsense2_description' build argument 'cmake_target' from command line to 'None'
[0.390s] Level 5:colcon.colcon_core.verb:set package 'realsense2_description' build argument 'cmake_target_skip_unavailable' from command line to 'False'
[0.390s] Level 5:colcon.colcon_core.verb:set package 'realsense2_description' build argument 'cmake_clean_cache' from command line to 'False'
[0.390s] Level 5:colcon.colcon_core.verb:set package 'realsense2_description' build argument 'cmake_clean_first' from command line to 'False'
[0.390s] Level 5:colcon.colcon_core.verb:set package 'realsense2_description' build argument 'cmake_force_configure' from command line to 'False'
[0.390s] Level 5:colcon.colcon_core.verb:set package 'realsense2_description' build argument 'ament_cmake_args' from command line to 'None'
[0.390s] Level 5:colcon.colcon_core.verb:set package 'realsense2_description' build argument 'catkin_cmake_args' from command line to 'None'
[0.390s] Level 5:colcon.colcon_core.verb:set package 'realsense2_description' build argument 'catkin_skip_building_tests' from command line to 'False'
[0.390s] DEBUG:colcon.colcon_core.verb:Building package 'realsense2_description' with the following arguments: {'ament_cmake_args': None, 'build_base': '/home/yyh/ros2_ws/build/realsense2_description', 'catkin_cmake_args': None, 'catkin_skip_building_tests': False, 'cmake_args': None, 'cmake_clean_cache': False, 'cmake_clean_first': False, 'cmake_force_configure': False, 'cmake_target': None, 'cmake_target_skip_unavailable': False, 'install_base': '/home/yyh/ros2_ws/install/realsense2_description', 'merge_install': False, 'path': '/home/yyh/ros2_ws/src/realsense-ros-4.51.1/realsense2_description', 'symlink_install': False, 'test_result_base': None}
[0.390s] INFO:colcon.colcon_core.executor:Executing jobs using 'parallel' executor
[0.391s] DEBUG:colcon.colcon_parallel_executor.executor.parallel:run_until_complete
[0.391s] INFO:colcon.colcon_ros.task.ament_cmake.build:Building ROS package in '/home/yyh/ros2_ws/src/realsense-ros-4.51.1/realsense2_camera_msgs' with build type 'ament_cmake'
[0.391s] INFO:colcon.colcon_cmake.task.cmake.build:Building CMake package in '/home/yyh/ros2_ws/src/realsense-ros-4.51.1/realsense2_camera_msgs'
[0.393s] INFO:colcon.colcon_core.plugin_system:Skipping extension 'colcon_core.shell.bat': Not used on non-Windows systems
[0.393s] INFO:colcon.colcon_core.shell:Skip shell extension 'powershell' for command environment: Not usable outside of PowerShell
[0.393s] DEBUG:colcon.colcon_core.shell:Skip shell extension 'dsv' for command environment
[0.397s] INFO:colcon.colcon_ros.task.ament_cmake.build:Building ROS package in '/home/yyh/ros2_ws/src/learning_interface' with build type 'ament_cmake'
[0.397s] INFO:colcon.colcon_cmake.task.cmake.build:Building CMake package in '/home/yyh/ros2_ws/src/learning_interface'
[0.397s] INFO:colcon.colcon_core.shell:Skip shell extension 'powershell' for command environment: Not usable outside of PowerShell
[0.398s] DEBUG:colcon.colcon_core.shell:Skip shell extension 'dsv' for command environment
[0.401s] INFO:colcon.colcon_ros.task.ament_python.build:Building ROS package in '/home/yyh/ros2_ws/src/yolov5_ros2' with build type 'ament_python'
[0.402s] Level 1:colcon.colcon_core.shell:create_environment_hook('yolov5_ros2', 'ament_prefix_path')
[0.402s] INFO:colcon.colcon_core.shell:Creating environment hook '/home/yyh/ros2_ws/install/yolov5_ros2/share/yolov5_ros2/hook/ament_prefix_path.ps1'
[0.403s] INFO:colcon.colcon_core.shell:Creating environment descriptor '/home/yyh/ros2_ws/install/yolov5_ros2/share/yolov5_ros2/hook/ament_prefix_path.dsv'
[0.403s] INFO:colcon.colcon_core.shell:Creating environment hook '/home/yyh/ros2_ws/install/yolov5_ros2/share/yolov5_ros2/hook/ament_prefix_path.sh'
[0.404s] INFO:colcon.colcon_core.shell:Skip shell extension 'powershell' for command environment: Not usable outside of PowerShell
[0.404s] DEBUG:colcon.colcon_core.shell:Skip shell extension 'dsv' for command environment
[0.409s] INFO:colcon.colcon_ros.task.ament_python.build:Building ROS package in '/home/yyh/ros2_ws/src/yyh_nav' with build type 'ament_python'
[0.409s] Level 1:colcon.colcon_core.shell:create_environment_hook('yyh_nav', 'ament_prefix_path')
[0.410s] INFO:colcon.colcon_core.shell:Creating environment hook '/home/yyh/ros2_ws/install/yyh_nav/share/yyh_nav/hook/ament_prefix_path.ps1'
[0.411s] INFO:colcon.colcon_core.shell:Creating environment descriptor '/home/yyh/ros2_ws/install/yyh_nav/share/yyh_nav/hook/ament_prefix_path.dsv'
[0.411s] INFO:colcon.colcon_core.shell:Creating environment hook '/home/yyh/ros2_ws/install/yyh_nav/share/yyh_nav/hook/ament_prefix_path.sh'
[0.413s] INFO:colcon.colcon_core.shell:Skip shell extension 'powershell' for command environment: Not usable outside of PowerShell
[0.413s] DEBUG:colcon.colcon_core.shell:Skip shell extension 'dsv' for command environment
[0.430s] DEBUG:colcon.colcon_core.event_handler.log_command:Invoking command in '/home/yyh/ros2_ws/build/realsense2_camera_msgs': CMAKE_PREFIX_PATH=${CMAKE_PREFIX_PATH}:/home/yyh/ros2_ws/install/yyh_object:/home/yyh/ros2_ws/install/yyh_nav:/home/yyh/ros2_ws/install/yyh_launch:/home/yyh/ros2_ws/install/yolov5_ros2:/opt/ros/foxy /usr/bin/cmake --build /home/yyh/ros2_ws/build/realsense2_camera_msgs -- -j4 -l4
[0.438s] DEBUG:colcon.colcon_core.event_handler.log_command:Invoking command in '/home/yyh/ros2_ws/build/learning_interface': CMAKE_PREFIX_PATH=${CMAKE_PREFIX_PATH}:/home/yyh/ros2_ws/install/yyh_object:/home/yyh/ros2_ws/install/yyh_nav:/home/yyh/ros2_ws/install/yyh_launch:/home/yyh/ros2_ws/install/yolov5_ros2:/opt/ros/foxy /usr/bin/cmake --build /home/yyh/ros2_ws/build/learning_interface -- -j4 -l4
[0.869s] WARNING:colcon.colcon_ros.task.ament_python.build:Package 'yolov5_ros2' doesn't explicitly install a marker in the package index (colcon-ros currently does it implicitly but that fallback will be removed in the future)
[0.869s] INFO:colcon.colcon_core.task.python.build:Building Python package in '/home/yyh/ros2_ws/src/yolov5_ros2'
[0.870s] INFO:colcon.colcon_core.shell:Skip shell extension 'powershell' for command environment: Not usable outside of PowerShell
[0.870s] DEBUG:colcon.colcon_core.shell:Skip shell extension 'dsv' for command environment
[1.177s] INFO:colcon.colcon_core.task.python.build:Building Python package in '/home/yyh/ros2_ws/src/yyh_nav'
[1.178s] INFO:colcon.colcon_core.shell:Skip shell extension 'powershell' for command environment: Not usable outside of PowerShell
[1.178s] DEBUG:colcon.colcon_core.shell:Skip shell extension 'dsv' for command environment
[1.185s] DEBUG:colcon.colcon_core.event_handler.log_command:Invoked command in '/home/yyh/ros2_ws/build/realsense2_camera_msgs' returned '0': CMAKE_PREFIX_PATH=${CMAKE_PREFIX_PATH}:/home/yyh/ros2_ws/install/yyh_object:/home/yyh/ros2_ws/install/yyh_nav:/home/yyh/ros2_ws/install/yyh_launch:/home/yyh/ros2_ws/install/yolov5_ros2:/opt/ros/foxy /usr/bin/cmake --build /home/yyh/ros2_ws/build/realsense2_camera_msgs -- -j4 -l4
[1.188s] DEBUG:colcon.colcon_core.event_handler.log_command:Invoked command in '/home/yyh/ros2_ws/build/learning_interface' returned '0': CMAKE_PREFIX_PATH=${CMAKE_PREFIX_PATH}:/home/yyh/ros2_ws/install/yyh_object:/home/yyh/ros2_ws/install/yyh_nav:/home/yyh/ros2_ws/install/yyh_launch:/home/yyh/ros2_ws/install/yolov5_ros2:/opt/ros/foxy /usr/bin/cmake --build /home/yyh/ros2_ws/build/learning_interface -- -j4 -l4
[1.401s] DEBUG:colcon.colcon_core.event_handler.log_command:Invoking command in '/home/yyh/ros2_ws/build/realsense2_camera_msgs': CMAKE_PREFIX_PATH=${CMAKE_PREFIX_PATH}:/home/yyh/ros2_ws/install/yyh_object:/home/yyh/ros2_ws/install/yyh_nav:/home/yyh/ros2_ws/install/yyh_launch:/home/yyh/ros2_ws/install/yolov5_ros2:/opt/ros/foxy /usr/bin/cmake --install /home/yyh/ros2_ws/build/realsense2_camera_msgs
[1.490s] DEBUG:colcon.colcon_core.event_handler.log_command:Invoking command in '/home/yyh/ros2_ws/build/learning_interface': CMAKE_PREFIX_PATH=${CMAKE_PREFIX_PATH}:/home/yyh/ros2_ws/install/yyh_object:/home/yyh/ros2_ws/install/yyh_nav:/home/yyh/ros2_ws/install/yyh_launch:/home/yyh/ros2_ws/install/yolov5_ros2:/opt/ros/foxy /usr/bin/cmake --install /home/yyh/ros2_ws/build/learning_interface
[1.508s] Level 1:colcon.colcon_core.environment:create_environment_scripts_only(realsense2_camera_msgs)
[1.511s] Level 1:colcon.colcon_core.environment:checking '/home/yyh/ros2_ws/install/realsense2_camera_msgs' for CMake module files
[1.511s] Level 1:colcon.colcon_core.environment:checking '/home/yyh/ros2_ws/install/realsense2_camera_msgs' for CMake config files
[1.512s] Level 1:colcon.colcon_core.shell:create_environment_hook('realsense2_camera_msgs', 'cmake_prefix_path')
[1.512s] INFO:colcon.colcon_core.shell:Creating environment hook '/home/yyh/ros2_ws/install/realsense2_camera_msgs/share/realsense2_camera_msgs/hook/cmake_prefix_path.ps1'
[1.513s] INFO:colcon.colcon_core.shell:Creating environment descriptor '/home/yyh/ros2_ws/install/realsense2_camera_msgs/share/realsense2_camera_msgs/hook/cmake_prefix_path.dsv'
[1.513s] INFO:colcon.colcon_core.shell:Creating environment hook '/home/yyh/ros2_ws/install/realsense2_camera_msgs/share/realsense2_camera_msgs/hook/cmake_prefix_path.sh'
[1.514s] Level 1:colcon.colcon_core.environment:checking '/home/yyh/ros2_ws/install/realsense2_camera_msgs/lib'
[1.514s] Level 1:colcon.colcon_core.shell:create_environment_hook('realsense2_camera_msgs', 'ld_library_path_lib')
[1.514s] INFO:colcon.colcon_core.shell:Creating environment hook '/home/yyh/ros2_ws/install/realsense2_camera_msgs/share/realsense2_camera_msgs/hook/ld_library_path_lib.ps1'
[1.515s] INFO:colcon.colcon_core.shell:Creating environment descriptor '/home/yyh/ros2_ws/install/realsense2_camera_msgs/share/realsense2_camera_msgs/hook/ld_library_path_lib.dsv'
[1.515s] INFO:colcon.colcon_core.shell:Creating environment hook '/home/yyh/ros2_ws/install/realsense2_camera_msgs/share/realsense2_camera_msgs/hook/ld_library_path_lib.sh'
[1.515s] Level 1:colcon.colcon_core.environment:checking '/home/yyh/ros2_ws/install/realsense2_camera_msgs/bin'
[1.515s] Level 1:colcon.colcon_core.environment:checking '/home/yyh/ros2_ws/install/realsense2_camera_msgs/lib/pkgconfig/realsense2_camera_msgs.pc'
[1.516s] Level 1:colcon.colcon_core.environment:checking '/home/yyh/ros2_ws/install/realsense2_camera_msgs/lib/python3.8/site-packages'
[1.516s] Level 1:colcon.colcon_core.shell:create_environment_hook('realsense2_camera_msgs', 'pythonpath')
[1.516s] INFO:colcon.colcon_core.shell:Creating environment hook '/home/yyh/ros2_ws/install/realsense2_camera_msgs/share/realsense2_camera_msgs/hook/pythonpath.ps1'
[1.516s] INFO:colcon.colcon_core.shell:Creating environment descriptor '/home/yyh/ros2_ws/install/realsense2_camera_msgs/share/realsense2_camera_msgs/hook/pythonpath.dsv'
[1.517s] INFO:colcon.colcon_core.shell:Creating environment hook '/home/yyh/ros2_ws/install/realsense2_camera_msgs/share/realsense2_camera_msgs/hook/pythonpath.sh'
[1.517s] Level 1:colcon.colcon_core.environment:checking '/home/yyh/ros2_ws/install/realsense2_camera_msgs/bin'
[1.518s] INFO:colcon.colcon_core.shell:Creating package script '/home/yyh/ros2_ws/install/realsense2_camera_msgs/share/realsense2_camera_msgs/package.ps1'
[1.518s] INFO:colcon.colcon_core.shell:Creating package descriptor '/home/yyh/ros2_ws/install/realsense2_camera_msgs/share/realsense2_camera_msgs/package.dsv'
[1.531s] INFO:colcon.colcon_core.shell:Creating package script '/home/yyh/ros2_ws/install/realsense2_camera_msgs/share/realsense2_camera_msgs/package.sh'
[1.536s] INFO:colcon.colcon_core.shell:Creating package script '/home/yyh/ros2_ws/install/realsense2_camera_msgs/share/realsense2_camera_msgs/package.bash'
[1.537s] INFO:colcon.colcon_core.shell:Creating package script '/home/yyh/ros2_ws/install/realsense2_camera_msgs/share/realsense2_camera_msgs/package.zsh'
[1.538s] Level 1:colcon.colcon_core.environment:create_file_with_runtime_dependencies(/home/yyh/ros2_ws/install/realsense2_camera_msgs/share/colcon-core/packages/realsense2_camera_msgs)
[1.553s] DEBUG:colcon.colcon_core.event_handler.log_command:Invoked command in '/home/yyh/ros2_ws/build/realsense2_camera_msgs' returned '0': CMAKE_PREFIX_PATH=${CMAKE_PREFIX_PATH}:/home/yyh/ros2_ws/install/yyh_object:/home/yyh/ros2_ws/install/yyh_nav:/home/yyh/ros2_ws/install/yyh_launch:/home/yyh/ros2_ws/install/yolov5_ros2:/opt/ros/foxy /usr/bin/cmake --install /home/yyh/ros2_ws/build/realsense2_camera_msgs
[1.592s] Level 1:colcon.colcon_core.environment:create_environment_scripts_only(learning_interface)
[1.592s] Level 1:colcon.colcon_core.environment:checking '/home/yyh/ros2_ws/install/learning_interface' for CMake module files
[1.593s] Level 1:colcon.colcon_core.environment:checking '/home/yyh/ros2_ws/install/learning_interface' for CMake config files
[1.593s] Level 1:colcon.colcon_core.shell:create_environment_hook('learning_interface', 'cmake_prefix_path')
[1.593s] INFO:colcon.colcon_core.shell:Creating environment hook '/home/yyh/ros2_ws/install/learning_interface/share/learning_interface/hook/cmake_prefix_path.ps1'
[1.594s] INFO:colcon.colcon_core.shell:Creating environment descriptor '/home/yyh/ros2_ws/install/learning_interface/share/learning_interface/hook/cmake_prefix_path.dsv'
[1.594s] INFO:colcon.colcon_core.shell:Creating environment hook '/home/yyh/ros2_ws/install/learning_interface/share/learning_interface/hook/cmake_prefix_path.sh'
[1.595s] Level 1:colcon.colcon_core.environment:checking '/home/yyh/ros2_ws/install/learning_interface/lib'
[1.595s] Level 1:colcon.colcon_core.shell:create_environment_hook('learning_interface', 'ld_library_path_lib')
[1.595s] INFO:colcon.colcon_core.shell:Creating environment hook '/home/yyh/ros2_ws/install/learning_interface/share/learning_interface/hook/ld_library_path_lib.ps1'
[1.596s] INFO:colcon.colcon_core.shell:Creating environment descriptor '/home/yyh/ros2_ws/install/learning_interface/share/learning_interface/hook/ld_library_path_lib.dsv'
[1.596s] INFO:colcon.colcon_core.shell:Creating environment hook '/home/yyh/ros2_ws/install/learning_interface/share/learning_interface/hook/ld_library_path_lib.sh'
[1.596s] Level 1:colcon.colcon_core.environment:checking '/home/yyh/ros2_ws/install/learning_interface/bin'
[1.596s] Level 1:colcon.colcon_core.environment:checking '/home/yyh/ros2_ws/install/learning_interface/lib/pkgconfig/learning_interface.pc'
[1.597s] Level 1:colcon.colcon_core.environment:checking '/home/yyh/ros2_ws/install/learning_interface/lib/python3.8/site-packages'
[1.597s] Level 1:colcon.colcon_core.shell:create_environment_hook('learning_interface', 'pythonpath')
[1.597s] INFO:colcon.colcon_core.shell:Creating environment hook '/home/yyh/ros2_ws/install/learning_interface/share/learning_interface/hook/pythonpath.ps1'
[1.597s] INFO:colcon.colcon_core.shell:Creating environment descriptor '/home/yyh/ros2_ws/install/learning_interface/share/learning_interface/hook/pythonpath.dsv'
[1.598s] INFO:colcon.colcon_core.shell:Creating environment hook '/home/yyh/ros2_ws/install/learning_interface/share/learning_interface/hook/pythonpath.sh'
[1.598s] Level 1:colcon.colcon_core.environment:checking '/home/yyh/ros2_ws/install/learning_interface/bin'
[1.598s] INFO:colcon.colcon_core.shell:Creating package script '/home/yyh/ros2_ws/install/learning_interface/share/learning_interface/package.ps1'
[1.599s] INFO:colcon.colcon_core.shell:Creating package descriptor '/home/yyh/ros2_ws/install/learning_interface/share/learning_interface/package.dsv'
[1.599s] INFO:colcon.colcon_core.shell:Creating package script '/home/yyh/ros2_ws/install/learning_interface/share/learning_interface/package.sh'
[1.600s] INFO:colcon.colcon_core.shell:Creating package script '/home/yyh/ros2_ws/install/learning_interface/share/learning_interface/package.bash'
[1.600s] INFO:colcon.colcon_core.shell:Creating package script '/home/yyh/ros2_ws/install/learning_interface/share/learning_interface/package.zsh'
[1.600s] Level 1:colcon.colcon_core.environment:create_file_with_runtime_dependencies(/home/yyh/ros2_ws/install/learning_interface/share/colcon-core/packages/learning_interface)
[1.603s] DEBUG:colcon.colcon_core.event_handler.log_command:Invoked command in '/home/yyh/ros2_ws/build/learning_interface' returned '0': CMAKE_PREFIX_PATH=${CMAKE_PREFIX_PATH}:/home/yyh/ros2_ws/install/yyh_object:/home/yyh/ros2_ws/install/yyh_nav:/home/yyh/ros2_ws/install/yyh_launch:/home/yyh/ros2_ws/install/yolov5_ros2:/opt/ros/foxy /usr/bin/cmake --install /home/yyh/ros2_ws/build/learning_interface
[1.717s] Level 1:colcon.colcon_core.environment:create_environment_scripts_only(realsense2_camera_msgs)
[1.717s] Level 1:colcon.colcon_core.environment:checking '/home/yyh/ros2_ws/install/realsense2_camera_msgs' for CMake module files
[1.718s] Level 1:colcon.colcon_core.environment:checking '/home/yyh/ros2_ws/install/realsense2_camera_msgs' for CMake config files
[1.718s] Level 1:colcon.colcon_core.shell:create_environment_hook('realsense2_camera_msgs', 'cmake_prefix_path')
[1.719s] INFO:colcon.colcon_core.shell:Creating environment hook '/home/yyh/ros2_ws/install/realsense2_camera_msgs/share/realsense2_camera_msgs/hook/cmake_prefix_path.ps1'
[1.719s] INFO:colcon.colcon_core.shell:Creating environment descriptor '/home/yyh/ros2_ws/install/realsense2_camera_msgs/share/realsense2_camera_msgs/hook/cmake_prefix_path.dsv'
[1.720s] INFO:colcon.colcon_core.shell:Creating environment hook '/home/yyh/ros2_ws/install/realsense2_camera_msgs/share/realsense2_camera_msgs/hook/cmake_prefix_path.sh'
[1.721s] Level 1:colcon.colcon_core.environment:checking '/home/yyh/ros2_ws/install/realsense2_camera_msgs/lib'
[1.721s] Level 1:colcon.colcon_core.shell:create_environment_hook('realsense2_camera_msgs', 'ld_library_path_lib')
[1.722s] INFO:colcon.colcon_core.shell:Creating environment hook '/home/yyh/ros2_ws/install/realsense2_camera_msgs/share/realsense2_camera_msgs/hook/ld_library_path_lib.ps1'
[1.722s] INFO:colcon.colcon_core.shell:Creating environment descriptor '/home/yyh/ros2_ws/install/realsense2_camera_msgs/share/realsense2_camera_msgs/hook/ld_library_path_lib.dsv'
[1.723s] INFO:colcon.colcon_core.shell:Creating environment hook '/home/yyh/ros2_ws/install/realsense2_camera_msgs/share/realsense2_camera_msgs/hook/ld_library_path_lib.sh'
[1.724s] Level 1:colcon.colcon_core.environment:checking '/home/yyh/ros2_ws/install/realsense2_camera_msgs/bin'
[1.724s] Level 1:colcon.colcon_core.environment:checking '/home/yyh/ros2_ws/install/realsense2_camera_msgs/lib/pkgconfig/realsense2_camera_msgs.pc'
[1.725s] Level 1:colcon.colcon_core.environment:checking '/home/yyh/ros2_ws/install/realsense2_camera_msgs/lib/python3.8/site-packages'
[1.725s] Level 1:colcon.colcon_core.shell:create_environment_hook('realsense2_camera_msgs', 'pythonpath')
[1.725s] INFO:colcon.colcon_core.shell:Creating environment hook '/home/yyh/ros2_ws/install/realsense2_camera_msgs/share/realsense2_camera_msgs/hook/pythonpath.ps1'
[1.726s] INFO:colcon.colcon_core.shell:Creating environment descriptor '/home/yyh/ros2_ws/install/realsense2_camera_msgs/share/realsense2_camera_msgs/hook/pythonpath.dsv'
[1.727s] INFO:colcon.colcon_core.shell:Creating environment hook '/home/yyh/ros2_ws/install/realsense2_camera_msgs/share/realsense2_camera_msgs/hook/pythonpath.sh'
[1.728s] Level 1:colcon.colcon_core.environment:checking '/home/yyh/ros2_ws/install/realsense2_camera_msgs/bin'
[1.728s] INFO:colcon.colcon_core.shell:Creating package script '/home/yyh/ros2_ws/install/realsense2_camera_msgs/share/realsense2_camera_msgs/package.ps1'
[1.729s] INFO:colcon.colcon_core.shell:Creating package descriptor '/home/yyh/ros2_ws/install/realsense2_camera_msgs/share/realsense2_camera_msgs/package.dsv'
[1.735s] INFO:colcon.colcon_core.shell:Creating package script '/home/yyh/ros2_ws/install/realsense2_camera_msgs/share/realsense2_camera_msgs/package.sh'
[1.737s] INFO:colcon.colcon_core.shell:Creating package script '/home/yyh/ros2_ws/install/realsense2_camera_msgs/share/realsense2_camera_msgs/package.bash'
[1.738s] INFO:colcon.colcon_core.shell:Creating package script '/home/yyh/ros2_ws/install/realsense2_camera_msgs/share/realsense2_camera_msgs/package.zsh'
[1.739s] Level 1:colcon.colcon_core.environment:create_file_with_runtime_dependencies(/home/yyh/ros2_ws/install/realsense2_camera_msgs/share/colcon-core/packages/realsense2_camera_msgs)
[1.741s] INFO:colcon.colcon_ros.task.ament_python.build:Building ROS package in '/home/yyh/ros2_ws/src/yyh_object' with build type 'ament_python'
[1.741s] Level 1:colcon.colcon_core.shell:create_environment_hook('yyh_object', 'ament_prefix_path')
[1.742s] INFO:colcon.colcon_core.shell:Creating environment hook '/home/yyh/ros2_ws/install/yyh_object/share/yyh_object/hook/ament_prefix_path.ps1'
[1.742s] INFO:colcon.colcon_core.shell:Creating environment descriptor '/home/yyh/ros2_ws/install/yyh_object/share/yyh_object/hook/ament_prefix_path.dsv'
[1.743s] INFO:colcon.colcon_core.shell:Creating environment hook '/home/yyh/ros2_ws/install/yyh_object/share/yyh_object/hook/ament_prefix_path.sh'
[1.744s] INFO:colcon.colcon_core.shell:Skip shell extension 'powershell' for command environment: Not usable outside of PowerShell
[1.744s] DEBUG:colcon.colcon_core.shell:Skip shell extension 'dsv' for command environment
[2.217s] INFO:colcon.colcon_core.task.python.build:Building Python package in '/home/yyh/ros2_ws/src/yyh_object'
[2.217s] INFO:colcon.colcon_core.shell:Skip shell extension 'powershell' for command environment: Not usable outside of PowerShell
[2.217s] DEBUG:colcon.colcon_core.shell:Skip shell extension 'dsv' for command environment
[2.222s] Level 1:colcon.colcon_core.environment:create_environment_scripts_only(learning_interface)
[2.223s] Level 1:colcon.colcon_core.environment:checking '/home/yyh/ros2_ws/install/learning_interface' for CMake module files
[2.223s] Level 1:colcon.colcon_core.environment:checking '/home/yyh/ros2_ws/install/learning_interface' for CMake config files
[2.223s] Level 1:colcon.colcon_core.shell:create_environment_hook('learning_interface', 'cmake_prefix_path')
[2.223s] INFO:colcon.colcon_core.shell:Creating environment hook '/home/yyh/ros2_ws/install/learning_interface/share/learning_interface/hook/cmake_prefix_path.ps1'
[2.224s] INFO:colcon.colcon_core.shell:Creating environment descriptor '/home/yyh/ros2_ws/install/learning_interface/share/learning_interface/hook/cmake_prefix_path.dsv'
[2.224s] INFO:colcon.colcon_core.shell:Creating environment hook '/home/yyh/ros2_ws/install/learning_interface/share/learning_interface/hook/cmake_prefix_path.sh'
[2.225s] Level 1:colcon.colcon_core.environment:checking '/home/yyh/ros2_ws/install/learning_interface/lib'
[2.225s] Level 1:colcon.colcon_core.shell:create_environment_hook('learning_interface', 'ld_library_path_lib')
[2.225s] INFO:colcon.colcon_core.shell:Creating environment hook '/home/yyh/ros2_ws/install/learning_interface/share/learning_interface/hook/ld_library_path_lib.ps1'
[2.225s] INFO:colcon.colcon_core.shell:Creating environment descriptor '/home/yyh/ros2_ws/install/learning_interface/share/learning_interface/hook/ld_library_path_lib.dsv'
[2.225s] INFO:colcon.colcon_core.shell:Creating environment hook '/home/yyh/ros2_ws/install/learning_interface/share/learning_interface/hook/ld_library_path_lib.sh'
[2.225s] Level 1:colcon.colcon_core.environment:checking '/home/yyh/ros2_ws/install/learning_interface/bin'
[2.225s] Level 1:colcon.colcon_core.environment:checking '/home/yyh/ros2_ws/install/learning_interface/lib/pkgconfig/learning_interface.pc'
[2.226s] Level 1:colcon.colcon_core.environment:checking '/home/yyh/ros2_ws/install/learning_interface/lib/python3.8/site-packages'
[2.226s] Level 1:colcon.colcon_core.shell:create_environment_hook('learning_interface', 'pythonpath')
[2.226s] INFO:colcon.colcon_core.shell:Creating environment hook '/home/yyh/ros2_ws/install/learning_interface/share/learning_interface/hook/pythonpath.ps1'
[2.226s] INFO:colcon.colcon_core.shell:Creating environment descriptor '/home/yyh/ros2_ws/install/learning_interface/share/learning_interface/hook/pythonpath.dsv'
[2.226s] INFO:colcon.colcon_core.shell:Creating environment hook '/home/yyh/ros2_ws/install/learning_interface/share/learning_interface/hook/pythonpath.sh'
[2.227s] Level 1:colcon.colcon_core.environment:checking '/home/yyh/ros2_ws/install/learning_interface/bin'
[2.228s] INFO:colcon.colcon_core.shell:Creating package script '/home/yyh/ros2_ws/install/learning_interface/share/learning_interface/package.ps1'
[2.229s] INFO:colcon.colcon_core.shell:Creating package descriptor '/home/yyh/ros2_ws/install/learning_interface/share/learning_interface/package.dsv'
[2.229s] INFO:colcon.colcon_core.shell:Creating package script '/home/yyh/ros2_ws/install/learning_interface/share/learning_interface/package.sh'
[2.229s] INFO:colcon.colcon_core.shell:Creating package script '/home/yyh/ros2_ws/install/learning_interface/share/learning_interface/package.bash'
[2.230s] INFO:colcon.colcon_core.shell:Creating package script '/home/yyh/ros2_ws/install/learning_interface/share/learning_interface/package.zsh'
[2.230s] Level 1:colcon.colcon_core.environment:create_file_with_runtime_dependencies(/home/yyh/ros2_ws/install/learning_interface/share/colcon-core/packages/learning_interface)
[2.233s] DEBUG:colcon.colcon_core.event_handler.log_command:Invoking command in '/home/yyh/ros2_ws/src/yyh_nav': PYTHONPATH=/home/yyh/ros2_ws/build/yyh_nav/prefix_override:/usr/lib/python3/dist-packages/colcon_core/task/python/colcon_distutils_commands:/home/yyh/ros2_ws/install/yyh_nav/lib/python3.8/site-packages:${PYTHONPATH} /usr/bin/python3 -W ignore:setup.py install is deprecated setup.py egg_info --egg-base ../../build/yyh_nav build --build-base /home/yyh/ros2_ws/build/yyh_nav/build install --record /home/yyh/ros2_ws/build/yyh_nav/install.log --single-version-externally-managed install_data
[2.237s] DEBUG:colcon.colcon_core.event_handler.log_command:Invoking command in '/home/yyh/ros2_ws/src/yolov5_ros2': PYTHONPATH=/home/yyh/ros2_ws/build/yolov5_ros2/prefix_override:/usr/lib/python3/dist-packages/colcon_core/task/python/colcon_distutils_commands:/home/yyh/ros2_ws/install/yolov5_ros2/lib/python3.8/site-packages:${PYTHONPATH} /usr/bin/python3 -W ignore:setup.py install is deprecated setup.py egg_info --egg-base ../../build/yolov5_ros2 build --build-base /home/yyh/ros2_ws/build/yolov5_ros2/build install --record /home/yyh/ros2_ws/build/yolov5_ros2/install.log --single-version-externally-managed install_data
[2.239s] INFO:colcon.colcon_ros.task.ament_cmake.build:Building ROS package in '/home/yyh/ros2_ws/src/realsense-ros-4.51.1/realsense2_camera' with build type 'ament_cmake'
[2.239s] INFO:colcon.colcon_cmake.task.cmake.build:Building CMake package in '/home/yyh/ros2_ws/src/realsense-ros-4.51.1/realsense2_camera'
[2.240s] INFO:colcon.colcon_core.shell:Skip shell extension 'powershell' for command environment: Not usable outside of PowerShell
[2.240s] DEBUG:colcon.colcon_core.shell:Skip shell extension 'dsv' for command environment
[2.265s] DEBUG:colcon.colcon_core.event_handler.log_command:Invoking command in '/home/yyh/ros2_ws/build/realsense2_camera': CMAKE_PREFIX_PATH=/home/yyh/ros2_ws/install/realsense2_camera_msgs:/home/yyh/ros2_ws/install/realsense2_description:/home/yyh/ros2_ws/install/realsense2_camera:/home/yyh/ros2_ws/install/learning_interface:/home/yyh/ros2_ws/install/yyh_object:/home/yyh/ros2_ws/install/yyh_nav:/home/yyh/ros2_ws/install/yyh_launch:/home/yyh/ros2_ws/install/yolov5_ros2:/opt/ros/foxy LD_LIBRARY_PATH=/home/yyh/ros2_ws/install/realsense2_camera_msgs/lib:/home/yyh/ros2_ws/install/realsense2_camera/lib:/home/yyh/ros2_ws/install/learning_interface/lib:/opt/ros/foxy/opt/yaml_cpp_vendor/lib:/opt/ros/foxy/opt/rviz_ogre_vendor/lib:/opt/ros/foxy/lib/x86_64-linux-gnu:/opt/ros/foxy/lib PYTHONPATH=/home/yyh/ros2_ws/install/realsense2_camera_msgs/lib/python3.8/site-packages:/home/yyh/ros2_ws/install/yyh_object/lib/python3.8/site-packages:/home/yyh/ros2_ws/install/yyh_nav/lib/python3.8/site-packages:/home/yyh/ros2_ws/install/yyh_launch/lib/python3.8/site-packages:/home/yyh/ros2_ws/install/yolov5_ros2/lib/python3.8/site-packages:/home/yyh/ros2_ws/install/learning_interface/lib/python3.8/site-packages:/opt/ros/foxy/lib/python3.8/site-packages /usr/bin/cmake --build /home/yyh/ros2_ws/build/realsense2_camera -- -j4 -l4
[2.471s] DEBUG:colcon.colcon_core.event_handler.log_command:Invoked command in '/home/yyh/ros2_ws/build/realsense2_camera' returned '0': CMAKE_PREFIX_PATH=/home/yyh/ros2_ws/install/realsense2_camera_msgs:/home/yyh/ros2_ws/install/realsense2_description:/home/yyh/ros2_ws/install/realsense2_camera:/home/yyh/ros2_ws/install/learning_interface:/home/yyh/ros2_ws/install/yyh_object:/home/yyh/ros2_ws/install/yyh_nav:/home/yyh/ros2_ws/install/yyh_launch:/home/yyh/ros2_ws/install/yolov5_ros2:/opt/ros/foxy LD_LIBRARY_PATH=/home/yyh/ros2_ws/install/realsense2_camera_msgs/lib:/home/yyh/ros2_ws/install/realsense2_camera/lib:/home/yyh/ros2_ws/install/learning_interface/lib:/opt/ros/foxy/opt/yaml_cpp_vendor/lib:/opt/ros/foxy/opt/rviz_ogre_vendor/lib:/opt/ros/foxy/lib/x86_64-linux-gnu:/opt/ros/foxy/lib PYTHONPATH=/home/yyh/ros2_ws/install/realsense2_camera_msgs/lib/python3.8/site-packages:/home/yyh/ros2_ws/install/yyh_object/lib/python3.8/site-packages:/home/yyh/ros2_ws/install/yyh_nav/lib/python3.8/site-packages:/home/yyh/ros2_ws/install/yyh_launch/lib/python3.8/site-packages:/home/yyh/ros2_ws/install/yolov5_ros2/lib/python3.8/site-packages:/home/yyh/ros2_ws/install/learning_interface/lib/python3.8/site-packages:/opt/ros/foxy/lib/python3.8/site-packages /usr/bin/cmake --build /home/yyh/ros2_ws/build/realsense2_camera -- -j4 -l4
[2.530s] DEBUG:colcon.colcon_core.event_handler.log_command:Invoking command in '/home/yyh/ros2_ws/build/realsense2_camera': CMAKE_PREFIX_PATH=/home/yyh/ros2_ws/install/realsense2_camera_msgs:/home/yyh/ros2_ws/install/realsense2_description:/home/yyh/ros2_ws/install/realsense2_camera:/home/yyh/ros2_ws/install/learning_interface:/home/yyh/ros2_ws/install/yyh_object:/home/yyh/ros2_ws/install/yyh_nav:/home/yyh/ros2_ws/install/yyh_launch:/home/yyh/ros2_ws/install/yolov5_ros2:/opt/ros/foxy LD_LIBRARY_PATH=/home/yyh/ros2_ws/install/realsense2_camera_msgs/lib:/home/yyh/ros2_ws/install/realsense2_camera/lib:/home/yyh/ros2_ws/install/learning_interface/lib:/opt/ros/foxy/opt/yaml_cpp_vendor/lib:/opt/ros/foxy/opt/rviz_ogre_vendor/lib:/opt/ros/foxy/lib/x86_64-linux-gnu:/opt/ros/foxy/lib PYTHONPATH=/home/yyh/ros2_ws/install/realsense2_camera_msgs/lib/python3.8/site-packages:/home/yyh/ros2_ws/install/yyh_object/lib/python3.8/site-packages:/home/yyh/ros2_ws/install/yyh_nav/lib/python3.8/site-packages:/home/yyh/ros2_ws/install/yyh_launch/lib/python3.8/site-packages:/home/yyh/ros2_ws/install/yolov5_ros2/lib/python3.8/site-packages:/home/yyh/ros2_ws/install/learning_interface/lib/python3.8/site-packages:/opt/ros/foxy/lib/python3.8/site-packages /usr/bin/cmake --install /home/yyh/ros2_ws/build/realsense2_camera
[2.551s] Level 1:colcon.colcon_core.environment:create_environment_scripts_only(realsense2_camera)
[2.552s] Level 1:colcon.colcon_core.environment:checking '/home/yyh/ros2_ws/install/realsense2_camera' for CMake module files
[2.552s] Level 1:colcon.colcon_core.environment:checking '/home/yyh/ros2_ws/install/realsense2_camera' for CMake config files
[2.553s] Level 1:colcon.colcon_core.shell:create_environment_hook('realsense2_camera', 'cmake_prefix_path')
[2.553s] INFO:colcon.colcon_core.shell:Creating environment hook '/home/yyh/ros2_ws/install/realsense2_camera/share/realsense2_camera/hook/cmake_prefix_path.ps1'
[2.554s] INFO:colcon.colcon_core.shell:Creating environment descriptor '/home/yyh/ros2_ws/install/realsense2_camera/share/realsense2_camera/hook/cmake_prefix_path.dsv'
[2.554s] INFO:colcon.colcon_core.shell:Creating environment hook '/home/yyh/ros2_ws/install/realsense2_camera/share/realsense2_camera/hook/cmake_prefix_path.sh'
[2.554s] Level 1:colcon.colcon_core.environment:checking '/home/yyh/ros2_ws/install/realsense2_camera/lib'
[2.555s] Level 1:colcon.colcon_core.shell:create_environment_hook('realsense2_camera', 'ld_library_path_lib')
[2.555s] INFO:colcon.colcon_core.shell:Creating environment hook '/home/yyh/ros2_ws/install/realsense2_camera/share/realsense2_camera/hook/ld_library_path_lib.ps1'
[2.555s] INFO:colcon.colcon_core.shell:Creating environment descriptor '/home/yyh/ros2_ws/install/realsense2_camera/share/realsense2_camera/hook/ld_library_path_lib.dsv'
[2.555s] INFO:colcon.colcon_core.shell:Creating environment hook '/home/yyh/ros2_ws/install/realsense2_camera/share/realsense2_camera/hook/ld_library_path_lib.sh'
[2.556s] Level 1:colcon.colcon_core.environment:checking '/home/yyh/ros2_ws/install/realsense2_camera/bin'
[2.556s] Level 1:colcon.colcon_core.environment:checking '/home/yyh/ros2_ws/install/realsense2_camera/lib/pkgconfig/realsense2_camera.pc'
[2.558s] Level 1:colcon.colcon_core.environment:checking '/home/yyh/ros2_ws/install/realsense2_camera/lib/python3.8/site-packages'
[2.559s] Level 1:colcon.colcon_core.environment:checking '/home/yyh/ros2_ws/install/realsense2_camera/bin'
[2.559s] INFO:colcon.colcon_core.shell:Creating package script '/home/yyh/ros2_ws/install/realsense2_camera/share/realsense2_camera/package.ps1'
[2.562s] INFO:colcon.colcon_core.shell:Creating package descriptor '/home/yyh/ros2_ws/install/realsense2_camera/share/realsense2_camera/package.dsv'
[2.562s] INFO:colcon.colcon_core.shell:Creating package script '/home/yyh/ros2_ws/install/realsense2_camera/share/realsense2_camera/package.sh'
[2.562s] INFO:colcon.colcon_core.shell:Creating package script '/home/yyh/ros2_ws/install/realsense2_camera/share/realsense2_camera/package.bash'
[2.563s] INFO:colcon.colcon_core.shell:Creating package script '/home/yyh/ros2_ws/install/realsense2_camera/share/realsense2_camera/package.zsh'
[2.563s] Level 1:colcon.colcon_core.environment:create_file_with_runtime_dependencies(/home/yyh/ros2_ws/install/realsense2_camera/share/colcon-core/packages/realsense2_camera)
[2.566s] DEBUG:colcon.colcon_core.event_handler.log_command:Invoked command in '/home/yyh/ros2_ws/build/realsense2_camera' returned '0': CMAKE_PREFIX_PATH=/home/yyh/ros2_ws/install/realsense2_camera_msgs:/home/yyh/ros2_ws/install/realsense2_description:/home/yyh/ros2_ws/install/realsense2_camera:/home/yyh/ros2_ws/install/learning_interface:/home/yyh/ros2_ws/install/yyh_object:/home/yyh/ros2_ws/install/yyh_nav:/home/yyh/ros2_ws/install/yyh_launch:/home/yyh/ros2_ws/install/yolov5_ros2:/opt/ros/foxy LD_LIBRARY_PATH=/home/yyh/ros2_ws/install/realsense2_camera_msgs/lib:/home/yyh/ros2_ws/install/realsense2_camera/lib:/home/yyh/ros2_ws/install/learning_interface/lib:/opt/ros/foxy/opt/yaml_cpp_vendor/lib:/opt/ros/foxy/opt/rviz_ogre_vendor/lib:/opt/ros/foxy/lib/x86_64-linux-gnu:/opt/ros/foxy/lib PYTHONPATH=/home/yyh/ros2_ws/install/realsense2_camera_msgs/lib/python3.8/site-packages:/home/yyh/ros2_ws/install/yyh_object/lib/python3.8/site-packages:/home/yyh/ros2_ws/install/yyh_nav/lib/python3.8/site-packages:/home/yyh/ros2_ws/install/yyh_launch/lib/python3.8/site-packages:/home/yyh/ros2_ws/install/yolov5_ros2/lib/python3.8/site-packages:/home/yyh/ros2_ws/install/learning_interface/lib/python3.8/site-packages:/opt/ros/foxy/lib/python3.8/site-packages /usr/bin/cmake --install /home/yyh/ros2_ws/build/realsense2_camera
[2.627s] Level 1:colcon.colcon_core.environment:create_environment_scripts_only(realsense2_camera)
[2.627s] Level 1:colcon.colcon_core.environment:checking '/home/yyh/ros2_ws/install/realsense2_camera' for CMake module files
[2.628s] Level 1:colcon.colcon_core.environment:checking '/home/yyh/ros2_ws/install/realsense2_camera' for CMake config files
[2.628s] Level 1:colcon.colcon_core.shell:create_environment_hook('realsense2_camera', 'cmake_prefix_path')
[2.628s] INFO:colcon.colcon_core.shell:Creating environment hook '/home/yyh/ros2_ws/install/realsense2_camera/share/realsense2_camera/hook/cmake_prefix_path.ps1'
[2.629s] INFO:colcon.colcon_core.shell:Creating environment descriptor '/home/yyh/ros2_ws/install/realsense2_camera/share/realsense2_camera/hook/cmake_prefix_path.dsv'
[2.629s] INFO:colcon.colcon_core.shell:Creating environment hook '/home/yyh/ros2_ws/install/realsense2_camera/share/realsense2_camera/hook/cmake_prefix_path.sh'
[2.630s] Level 1:colcon.colcon_core.environment:checking '/home/yyh/ros2_ws/install/realsense2_camera/lib'
[2.630s] Level 1:colcon.colcon_core.shell:create_environment_hook('realsense2_camera', 'ld_library_path_lib')
[2.630s] INFO:colcon.colcon_core.shell:Creating environment hook '/home/yyh/ros2_ws/install/realsense2_camera/share/realsense2_camera/hook/ld_library_path_lib.ps1'
[2.631s] INFO:colcon.colcon_core.shell:Creating environment descriptor '/home/yyh/ros2_ws/install/realsense2_camera/share/realsense2_camera/hook/ld_library_path_lib.dsv'
[2.631s] INFO:colcon.colcon_core.shell:Creating environment hook '/home/yyh/ros2_ws/install/realsense2_camera/share/realsense2_camera/hook/ld_library_path_lib.sh'
[2.631s] Level 1:colcon.colcon_core.environment:checking '/home/yyh/ros2_ws/install/realsense2_camera/bin'
[2.631s] Level 1:colcon.colcon_core.environment:checking '/home/yyh/ros2_ws/install/realsense2_camera/lib/pkgconfig/realsense2_camera.pc'
[2.632s] Level 1:colcon.colcon_core.environment:checking '/home/yyh/ros2_ws/install/realsense2_camera/lib/python3.8/site-packages'
[2.632s] Level 1:colcon.colcon_core.environment:checking '/home/yyh/ros2_ws/install/realsense2_camera/bin'
[2.632s] INFO:colcon.colcon_core.shell:Creating package script '/home/yyh/ros2_ws/install/realsense2_camera/share/realsense2_camera/package.ps1'
[2.633s] INFO:colcon.colcon_core.shell:Creating package descriptor '/home/yyh/ros2_ws/install/realsense2_camera/share/realsense2_camera/package.dsv'
[2.633s] INFO:colcon.colcon_core.shell:Creating package script '/home/yyh/ros2_ws/install/realsense2_camera/share/realsense2_camera/package.sh'
[2.634s] INFO:colcon.colcon_core.shell:Creating package script '/home/yyh/ros2_ws/install/realsense2_camera/share/realsense2_camera/package.bash'
[2.634s] INFO:colcon.colcon_core.shell:Creating package script '/home/yyh/ros2_ws/install/realsense2_camera/share/realsense2_camera/package.zsh'
[2.634s] Level 1:colcon.colcon_core.environment:create_file_with_runtime_dependencies(/home/yyh/ros2_ws/install/realsense2_camera/share/colcon-core/packages/realsense2_camera)
[2.635s] INFO:colcon.colcon_ros.task.ament_cmake.build:Building ROS package in '/home/yyh/ros2_ws/src/realsense-ros-4.51.1/realsense2_description' with build type 'ament_cmake'
[2.635s] INFO:colcon.colcon_cmake.task.cmake.build:Building CMake package in '/home/yyh/ros2_ws/src/realsense-ros-4.51.1/realsense2_description'
[2.636s] INFO:colcon.colcon_core.shell:Skip shell extension 'powershell' for command environment: Not usable outside of PowerShell
[2.636s] DEBUG:colcon.colcon_core.shell:Skip shell extension 'dsv' for command environment
[2.654s] DEBUG:colcon.colcon_core.event_handler.log_command:Invoking command in '/home/yyh/ros2_ws/build/realsense2_description': CMAKE_PREFIX_PATH=/home/yyh/ros2_ws/install/realsense2_camera_msgs:/home/yyh/ros2_ws/install/realsense2_description:/home/yyh/ros2_ws/install/realsense2_camera:/home/yyh/ros2_ws/install/learning_interface:/home/yyh/ros2_ws/install/yyh_object:/home/yyh/ros2_ws/install/yyh_nav:/home/yyh/ros2_ws/install/yyh_launch:/home/yyh/ros2_ws/install/yolov5_ros2:/opt/ros/foxy LD_LIBRARY_PATH=/home/yyh/ros2_ws/install/realsense2_camera_msgs/lib:/home/yyh/ros2_ws/install/realsense2_camera/lib:/home/yyh/ros2_ws/install/learning_interface/lib:/opt/ros/foxy/opt/yaml_cpp_vendor/lib:/opt/ros/foxy/opt/rviz_ogre_vendor/lib:/opt/ros/foxy/lib/x86_64-linux-gnu:/opt/ros/foxy/lib PYTHONPATH=/home/yyh/ros2_ws/install/realsense2_camera_msgs/lib/python3.8/site-packages:/home/yyh/ros2_ws/install/yyh_object/lib/python3.8/site-packages:/home/yyh/ros2_ws/install/yyh_nav/lib/python3.8/site-packages:/home/yyh/ros2_ws/install/yyh_launch/lib/python3.8/site-packages:/home/yyh/ros2_ws/install/yolov5_ros2/lib/python3.8/site-packages:/home/yyh/ros2_ws/install/learning_interface/lib/python3.8/site-packages:/opt/ros/foxy/lib/python3.8/site-packages /usr/bin/cmake --build /home/yyh/ros2_ws/build/realsense2_description -- -j4 -l4
[2.718s] DEBUG:colcon.colcon_core.event_handler.log_command:Invoked command in '/home/yyh/ros2_ws/build/realsense2_description' returned '0': CMAKE_PREFIX_PATH=/home/yyh/ros2_ws/install/realsense2_camera_msgs:/home/yyh/ros2_ws/install/realsense2_description:/home/yyh/ros2_ws/install/realsense2_camera:/home/yyh/ros2_ws/install/learning_interface:/home/yyh/ros2_ws/install/yyh_object:/home/yyh/ros2_ws/install/yyh_nav:/home/yyh/ros2_ws/install/yyh_launch:/home/yyh/ros2_ws/install/yolov5_ros2:/opt/ros/foxy LD_LIBRARY_PATH=/home/yyh/ros2_ws/install/realsense2_camera_msgs/lib:/home/yyh/ros2_ws/install/realsense2_camera/lib:/home/yyh/ros2_ws/install/learning_interface/lib:/opt/ros/foxy/opt/yaml_cpp_vendor/lib:/opt/ros/foxy/opt/rviz_ogre_vendor/lib:/opt/ros/foxy/lib/x86_64-linux-gnu:/opt/ros/foxy/lib PYTHONPATH=/home/yyh/ros2_ws/install/realsense2_camera_msgs/lib/python3.8/site-packages:/home/yyh/ros2_ws/install/yyh_object/lib/python3.8/site-packages:/home/yyh/ros2_ws/install/yyh_nav/lib/python3.8/site-packages:/home/yyh/ros2_ws/install/yyh_launch/lib/python3.8/site-packages:/home/yyh/ros2_ws/install/yolov5_ros2/lib/python3.8/site-packages:/home/yyh/ros2_ws/install/learning_interface/lib/python3.8/site-packages:/opt/ros/foxy/lib/python3.8/site-packages /usr/bin/cmake --build /home/yyh/ros2_ws/build/realsense2_description -- -j4 -l4
[2.764s] DEBUG:colcon.colcon_core.event_handler.log_command:Invoking command in '/home/yyh/ros2_ws/build/realsense2_description': CMAKE_PREFIX_PATH=/home/yyh/ros2_ws/install/realsense2_camera_msgs:/home/yyh/ros2_ws/install/realsense2_description:/home/yyh/ros2_ws/install/realsense2_camera:/home/yyh/ros2_ws/install/learning_interface:/home/yyh/ros2_ws/install/yyh_object:/home/yyh/ros2_ws/install/yyh_nav:/home/yyh/ros2_ws/install/yyh_launch:/home/yyh/ros2_ws/install/yolov5_ros2:/opt/ros/foxy LD_LIBRARY_PATH=/home/yyh/ros2_ws/install/realsense2_camera_msgs/lib:/home/yyh/ros2_ws/install/realsense2_camera/lib:/home/yyh/ros2_ws/install/learning_interface/lib:/opt/ros/foxy/opt/yaml_cpp_vendor/lib:/opt/ros/foxy/opt/rviz_ogre_vendor/lib:/opt/ros/foxy/lib/x86_64-linux-gnu:/opt/ros/foxy/lib PYTHONPATH=/home/yyh/ros2_ws/install/realsense2_camera_msgs/lib/python3.8/site-packages:/home/yyh/ros2_ws/install/yyh_object/lib/python3.8/site-packages:/home/yyh/ros2_ws/install/yyh_nav/lib/python3.8/site-packages:/home/yyh/ros2_ws/install/yyh_launch/lib/python3.8/site-packages:/home/yyh/ros2_ws/install/yolov5_ros2/lib/python3.8/site-packages:/home/yyh/ros2_ws/install/learning_interface/lib/python3.8/site-packages:/opt/ros/foxy/lib/python3.8/site-packages /usr/bin/cmake --install /home/yyh/ros2_ws/build/realsense2_description
[2.782s] Level 1:colcon.colcon_core.environment:create_environment_scripts_only(realsense2_description)
[2.783s] Level 1:colcon.colcon_core.environment:checking '/home/yyh/ros2_ws/install/realsense2_description' for CMake module files
[2.783s] Level 1:colcon.colcon_core.environment:checking '/home/yyh/ros2_ws/install/realsense2_description' for CMake config files
[2.784s] Level 1:colcon.colcon_core.shell:create_environment_hook('realsense2_description', 'cmake_prefix_path')
[2.784s] INFO:colcon.colcon_core.shell:Creating environment hook '/home/yyh/ros2_ws/install/realsense2_description/share/realsense2_description/hook/cmake_prefix_path.ps1'
[2.784s] INFO:colcon.colcon_core.shell:Creating environment descriptor '/home/yyh/ros2_ws/install/realsense2_description/share/realsense2_description/hook/cmake_prefix_path.dsv'
[2.785s] INFO:colcon.colcon_core.shell:Creating environment hook '/home/yyh/ros2_ws/install/realsense2_description/share/realsense2_description/hook/cmake_prefix_path.sh'
[2.785s] Level 1:colcon.colcon_core.environment:checking '/home/yyh/ros2_ws/install/realsense2_description/bin'
[2.785s] Level 1:colcon.colcon_core.environment:checking '/home/yyh/ros2_ws/install/realsense2_description/lib/pkgconfig/realsense2_description.pc'
[2.786s] Level 1:colcon.colcon_core.environment:checking '/home/yyh/ros2_ws/install/realsense2_description/lib/python3.8/site-packages'
[2.786s] Level 1:colcon.colcon_core.environment:checking '/home/yyh/ros2_ws/install/realsense2_description/bin'
[2.786s] INFO:colcon.colcon_core.shell:Creating package script '/home/yyh/ros2_ws/install/realsense2_description/share/realsense2_description/package.ps1'
[2.786s] INFO:colcon.colcon_core.shell:Creating package descriptor '/home/yyh/ros2_ws/install/realsense2_description/share/realsense2_description/package.dsv'
[2.787s] DEBUG:colcon.colcon_core.event_handler.log_command:Invoked command in '/home/yyh/ros2_ws/build/realsense2_description' returned '0': CMAKE_PREFIX_PATH=/home/yyh/ros2_ws/install/realsense2_camera_msgs:/home/yyh/ros2_ws/install/realsense2_description:/home/yyh/ros2_ws/install/realsense2_camera:/home/yyh/ros2_ws/install/learning_interface:/home/yyh/ros2_ws/install/yyh_object:/home/yyh/ros2_ws/install/yyh_nav:/home/yyh/ros2_ws/install/yyh_launch:/home/yyh/ros2_ws/install/yolov5_ros2:/opt/ros/foxy LD_LIBRARY_PATH=/home/yyh/ros2_ws/install/realsense2_camera_msgs/lib:/home/yyh/ros2_ws/install/realsense2_camera/lib:/home/yyh/ros2_ws/install/learning_interface/lib:/opt/ros/foxy/opt/yaml_cpp_vendor/lib:/opt/ros/foxy/opt/rviz_ogre_vendor/lib:/opt/ros/foxy/lib/x86_64-linux-gnu:/opt/ros/foxy/lib PYTHONPATH=/home/yyh/ros2_ws/install/realsense2_camera_msgs/lib/python3.8/site-packages:/home/yyh/ros2_ws/install/yyh_object/lib/python3.8/site-packages:/home/yyh/ros2_ws/install/yyh_nav/lib/python3.8/site-packages:/home/yyh/ros2_ws/install/yyh_launch/lib/python3.8/site-packages:/home/yyh/ros2_ws/install/yolov5_ros2/lib/python3.8/site-packages:/home/yyh/ros2_ws/install/learning_interface/lib/python3.8/site-packages:/opt/ros/foxy/lib/python3.8/site-packages /usr/bin/cmake --install /home/yyh/ros2_ws/build/realsense2_description
[2.787s] INFO:colcon.colcon_core.shell:Creating package script '/home/yyh/ros2_ws/install/realsense2_description/share/realsense2_description/package.sh'
[2.788s] INFO:colcon.colcon_core.shell:Creating package script '/home/yyh/ros2_ws/install/realsense2_description/share/realsense2_description/package.bash'
[2.788s] INFO:colcon.colcon_core.shell:Creating package script '/home/yyh/ros2_ws/install/realsense2_description/share/realsense2_description/package.zsh'
[2.788s] Level 1:colcon.colcon_core.environment:create_file_with_runtime_dependencies(/home/yyh/ros2_ws/install/realsense2_description/share/colcon-core/packages/realsense2_description)
[2.822s] Level 1:colcon.colcon_core.environment:create_environment_scripts_only(realsense2_description)
[2.823s] Level 1:colcon.colcon_core.environment:checking '/home/yyh/ros2_ws/install/realsense2_description' for CMake module files
[2.823s] Level 1:colcon.colcon_core.environment:checking '/home/yyh/ros2_ws/install/realsense2_description' for CMake config files
[2.824s] Level 1:colcon.colcon_core.shell:create_environment_hook('realsense2_description', 'cmake_prefix_path')
[2.824s] INFO:colcon.colcon_core.shell:Creating environment hook '/home/yyh/ros2_ws/install/realsense2_description/share/realsense2_description/hook/cmake_prefix_path.ps1'
[2.825s] INFO:colcon.colcon_core.shell:Creating environment descriptor '/home/yyh/ros2_ws/install/realsense2_description/share/realsense2_description/hook/cmake_prefix_path.dsv'
[2.825s] INFO:colcon.colcon_core.shell:Creating environment hook '/home/yyh/ros2_ws/install/realsense2_description/share/realsense2_description/hook/cmake_prefix_path.sh'
[2.826s] Level 1:colcon.colcon_core.environment:checking '/home/yyh/ros2_ws/install/realsense2_description/bin'
[2.826s] Level 1:colcon.colcon_core.environment:checking '/home/yyh/ros2_ws/install/realsense2_description/lib/pkgconfig/realsense2_description.pc'
[2.826s] Level 1:colcon.colcon_core.environment:checking '/home/yyh/ros2_ws/install/realsense2_description/lib/python3.8/site-packages'
[2.826s] Level 1:colcon.colcon_core.environment:checking '/home/yyh/ros2_ws/install/realsense2_description/bin'
[2.826s] INFO:colcon.colcon_core.shell:Creating package script '/home/yyh/ros2_ws/install/realsense2_description/share/realsense2_description/package.ps1'
[2.827s] INFO:colcon.colcon_core.shell:Creating package descriptor '/home/yyh/ros2_ws/install/realsense2_description/share/realsense2_description/package.dsv'
[2.827s] INFO:colcon.colcon_core.shell:Creating package script '/home/yyh/ros2_ws/install/realsense2_description/share/realsense2_description/package.sh'
[2.828s] INFO:colcon.colcon_core.shell:Creating package script '/home/yyh/ros2_ws/install/realsense2_description/share/realsense2_description/package.bash'
[2.829s] INFO:colcon.colcon_core.shell:Creating package script '/home/yyh/ros2_ws/install/realsense2_description/share/realsense2_description/package.zsh'
[2.830s] Level 1:colcon.colcon_core.environment:create_file_with_runtime_dependencies(/home/yyh/ros2_ws/install/realsense2_description/share/colcon-core/packages/realsense2_description)
[3.216s] DEBUG:colcon.colcon_core.event_handler.log_command:Invoking command in '/home/yyh/ros2_ws/src/yyh_object': PYTHONPATH=/home/yyh/ros2_ws/build/yyh_object/prefix_override:/usr/lib/python3/dist-packages/colcon_core/task/python/colcon_distutils_commands:/home/yyh/ros2_ws/install/yyh_object/lib/python3.8/site-packages:${PYTHONPATH} /usr/bin/python3 -W ignore:setup.py install is deprecated setup.py egg_info --egg-base ../../build/yyh_object build --build-base /home/yyh/ros2_ws/build/yyh_object/build install --record /home/yyh/ros2_ws/build/yyh_object/install.log --single-version-externally-managed install_data
[5.860s] Level 1:colcon.colcon_core.environment:checking '/home/yyh/ros2_ws/install/yyh_nav' for CMake module files
[5.860s] Level 1:colcon.colcon_core.environment:checking '/home/yyh/ros2_ws/install/yyh_nav' for CMake config files
[5.861s] Level 1:colcon.colcon_core.environment:checking '/home/yyh/ros2_ws/install/yyh_nav/lib'
[5.861s] Level 1:colcon.colcon_core.environment:checking '/home/yyh/ros2_ws/install/yyh_nav/bin'
[5.861s] Level 1:colcon.colcon_core.environment:checking '/home/yyh/ros2_ws/install/yyh_nav/lib/pkgconfig/yyh_nav.pc'
[5.861s] Level 1:colcon.colcon_core.environment:checking '/home/yyh/ros2_ws/install/yyh_nav/lib/python3.8/site-packages'
[5.861s] Level 1:colcon.colcon_core.shell:create_environment_hook('yyh_nav', 'pythonpath')
[5.862s] INFO:colcon.colcon_core.shell:Creating environment hook '/home/yyh/ros2_ws/install/yyh_nav/share/yyh_nav/hook/pythonpath.ps1'
[5.863s] INFO:colcon.colcon_core.shell:Creating environment descriptor '/home/yyh/ros2_ws/install/yyh_nav/share/yyh_nav/hook/pythonpath.dsv'
[5.864s] INFO:colcon.colcon_core.shell:Creating environment hook '/home/yyh/ros2_ws/install/yyh_nav/share/yyh_nav/hook/pythonpath.sh'
[5.863s] DEBUG:colcon.colcon_core.event_handler.log_command:Invoked command in '/home/yyh/ros2_ws/src/yyh_nav' returned '0': PYTHONPATH=/home/yyh/ros2_ws/build/yyh_nav/prefix_override:/usr/lib/python3/dist-packages/colcon_core/task/python/colcon_distutils_commands:/home/yyh/ros2_ws/install/yyh_nav/lib/python3.8/site-packages:${PYTHONPATH} /usr/bin/python3 -W ignore:setup.py install is deprecated setup.py egg_info --egg-base ../../build/yyh_nav build --build-base /home/yyh/ros2_ws/build/yyh_nav/build install --record /home/yyh/ros2_ws/build/yyh_nav/install.log --single-version-externally-managed install_data
[5.865s] Level 1:colcon.colcon_core.environment:checking '/home/yyh/ros2_ws/install/yyh_nav/bin'
[5.865s] Level 1:colcon.colcon_core.environment:create_environment_scripts_only(yyh_nav)
[5.866s] INFO:colcon.colcon_core.shell:Creating package script '/home/yyh/ros2_ws/install/yyh_nav/share/yyh_nav/package.ps1'
[5.866s] INFO:colcon.colcon_core.shell:Creating package descriptor '/home/yyh/ros2_ws/install/yyh_nav/share/yyh_nav/package.dsv'
[5.867s] INFO:colcon.colcon_core.shell:Creating package script '/home/yyh/ros2_ws/install/yyh_nav/share/yyh_nav/package.sh'
[5.868s] INFO:colcon.colcon_core.shell:Creating package script '/home/yyh/ros2_ws/install/yyh_nav/share/yyh_nav/package.bash'
[5.868s] INFO:colcon.colcon_core.shell:Creating package script '/home/yyh/ros2_ws/install/yyh_nav/share/yyh_nav/package.zsh'
[5.869s] Level 1:colcon.colcon_core.environment:create_file_with_runtime_dependencies(/home/yyh/ros2_ws/install/yyh_nav/share/colcon-core/packages/yyh_nav)
[6.022s] Level 1:colcon.colcon_core.environment:checking '/home/yyh/ros2_ws/install/yolov5_ros2' for CMake module files
[6.023s] Level 1:colcon.colcon_core.environment:checking '/home/yyh/ros2_ws/install/yolov5_ros2' for CMake config files
[6.023s] Level 1:colcon.colcon_core.environment:checking '/home/yyh/ros2_ws/install/yolov5_ros2/lib'
[6.024s] Level 1:colcon.colcon_core.environment:checking '/home/yyh/ros2_ws/install/yolov5_ros2/bin'
[6.024s] Level 1:colcon.colcon_core.environment:checking '/home/yyh/ros2_ws/install/yolov5_ros2/lib/pkgconfig/yolov5_ros2.pc'
[6.024s] Level 1:colcon.colcon_core.environment:checking '/home/yyh/ros2_ws/install/yolov5_ros2/lib/python3.8/site-packages'
[6.024s] Level 1:colcon.colcon_core.shell:create_environment_hook('yolov5_ros2', 'pythonpath')
[6.024s] INFO:colcon.colcon_core.shell:Creating environment hook '/home/yyh/ros2_ws/install/yolov5_ros2/share/yolov5_ros2/hook/pythonpath.ps1'
[6.025s] INFO:colcon.colcon_core.shell:Creating environment descriptor '/home/yyh/ros2_ws/install/yolov5_ros2/share/yolov5_ros2/hook/pythonpath.dsv'
[6.025s] INFO:colcon.colcon_core.shell:Creating environment hook '/home/yyh/ros2_ws/install/yolov5_ros2/share/yolov5_ros2/hook/pythonpath.sh'
[6.025s] DEBUG:colcon.colcon_core.event_handler.log_command:Invoked command in '/home/yyh/ros2_ws/src/yolov5_ros2' returned '0': PYTHONPATH=/home/yyh/ros2_ws/build/yolov5_ros2/prefix_override:/usr/lib/python3/dist-packages/colcon_core/task/python/colcon_distutils_commands:/home/yyh/ros2_ws/install/yolov5_ros2/lib/python3.8/site-packages:${PYTHONPATH} /usr/bin/python3 -W ignore:setup.py install is deprecated setup.py egg_info --egg-base ../../build/yolov5_ros2 build --build-base /home/yyh/ros2_ws/build/yolov5_ros2/build install --record /home/yyh/ros2_ws/build/yolov5_ros2/install.log --single-version-externally-managed install_data
[6.026s] Level 1:colcon.colcon_core.environment:checking '/home/yyh/ros2_ws/install/yolov5_ros2/bin'
[6.026s] Level 1:colcon.colcon_core.environment:create_environment_scripts_only(yolov5_ros2)
[6.026s] INFO:colcon.colcon_core.shell:Creating package script '/home/yyh/ros2_ws/install/yolov5_ros2/share/yolov5_ros2/package.ps1'
[6.027s] INFO:colcon.colcon_core.shell:Creating package descriptor '/home/yyh/ros2_ws/install/yolov5_ros2/share/yolov5_ros2/package.dsv'
[6.027s] INFO:colcon.colcon_core.shell:Creating package script '/home/yyh/ros2_ws/install/yolov5_ros2/share/yolov5_ros2/package.sh'
[6.027s] INFO:colcon.colcon_core.shell:Creating package script '/home/yyh/ros2_ws/install/yolov5_ros2/share/yolov5_ros2/package.bash'
[6.028s] INFO:colcon.colcon_core.shell:Creating package script '/home/yyh/ros2_ws/install/yolov5_ros2/share/yolov5_ros2/package.zsh'
[6.028s] Level 1:colcon.colcon_core.environment:create_file_with_runtime_dependencies(/home/yyh/ros2_ws/install/yolov5_ros2/share/colcon-core/packages/yolov5_ros2)
[6.509s] Level 1:colcon.colcon_core.environment:checking '/home/yyh/ros2_ws/install/yyh_object' for CMake module files
[6.510s] DEBUG:colcon.colcon_core.event_handler.log_command:Invoked command in '/home/yyh/ros2_ws/src/yyh_object' returned '0': PYTHONPATH=/home/yyh/ros2_ws/build/yyh_object/prefix_override:/usr/lib/python3/dist-packages/colcon_core/task/python/colcon_distutils_commands:/home/yyh/ros2_ws/install/yyh_object/lib/python3.8/site-packages:${PYTHONPATH} /usr/bin/python3 -W ignore:setup.py install is deprecated setup.py egg_info --egg-base ../../build/yyh_object build --build-base /home/yyh/ros2_ws/build/yyh_object/build install --record /home/yyh/ros2_ws/build/yyh_object/install.log --single-version-externally-managed install_data
[6.510s] Level 1:colcon.colcon_core.environment:checking '/home/yyh/ros2_ws/install/yyh_object' for CMake config files
[6.510s] Level 1:colcon.colcon_core.environment:checking '/home/yyh/ros2_ws/install/yyh_object/lib'
[6.510s] Level 1:colcon.colcon_core.environment:checking '/home/yyh/ros2_ws/install/yyh_object/bin'
[6.510s] Level 1:colcon.colcon_core.environment:checking '/home/yyh/ros2_ws/install/yyh_object/lib/pkgconfig/yyh_object.pc'
[6.510s] Level 1:colcon.colcon_core.environment:checking '/home/yyh/ros2_ws/install/yyh_object/lib/python3.8/site-packages'
[6.510s] Level 1:colcon.colcon_core.shell:create_environment_hook('yyh_object', 'pythonpath')
[6.511s] INFO:colcon.colcon_core.shell:Creating environment hook '/home/yyh/ros2_ws/install/yyh_object/share/yyh_object/hook/pythonpath.ps1'
[6.511s] INFO:colcon.colcon_core.shell:Creating environment descriptor '/home/yyh/ros2_ws/install/yyh_object/share/yyh_object/hook/pythonpath.dsv'
[6.511s] INFO:colcon.colcon_core.shell:Creating environment hook '/home/yyh/ros2_ws/install/yyh_object/share/yyh_object/hook/pythonpath.sh'
[6.511s] Level 1:colcon.colcon_core.environment:checking '/home/yyh/ros2_ws/install/yyh_object/bin'
[6.511s] Level 1:colcon.colcon_core.environment:create_environment_scripts_only(yyh_object)
[6.512s] INFO:colcon.colcon_core.shell:Creating package script '/home/yyh/ros2_ws/install/yyh_object/share/yyh_object/package.ps1'
[6.512s] INFO:colcon.colcon_core.shell:Creating package descriptor '/home/yyh/ros2_ws/install/yyh_object/share/yyh_object/package.dsv'
[6.512s] INFO:colcon.colcon_core.shell:Creating package script '/home/yyh/ros2_ws/install/yyh_object/share/yyh_object/package.sh'
[6.512s] INFO:colcon.colcon_core.shell:Creating package script '/home/yyh/ros2_ws/install/yyh_object/share/yyh_object/package.bash'
[6.513s] INFO:colcon.colcon_core.shell:Creating package script '/home/yyh/ros2_ws/install/yyh_object/share/yyh_object/package.zsh'
[6.513s] Level 1:colcon.colcon_core.environment:create_file_with_runtime_dependencies(/home/yyh/ros2_ws/install/yyh_object/share/colcon-core/packages/yyh_object)
[6.513s] DEBUG:colcon.colcon_parallel_executor.executor.parallel:closing loop
[6.513s] DEBUG:colcon.colcon_parallel_executor.executor.parallel:loop closed
[6.513s] DEBUG:colcon.colcon_parallel_executor.executor.parallel:run_until_complete finished with '0'
[6.514s] DEBUG:colcon.colcon_core.event_reactor:joining thread
[6.517s] INFO:colcon.colcon_core.plugin_system:Skipping extension 'colcon_notification.desktop_notification.terminal_notifier': Not used on non-Darwin systems
[6.517s] INFO:colcon.colcon_core.plugin_system:Skipping extension 'colcon_notification.desktop_notification.win32': Not used on non-Windows systems
[6.517s] INFO:colcon.colcon_notification.desktop_notification:Sending desktop notification using 'notify2'
[6.530s] DEBUG:colcon.colcon_core.event_reactor:joined thread
[6.530s] INFO:colcon.colcon_core.shell:Creating prefix script '/home/yyh/ros2_ws/install/local_setup.ps1'
[6.531s] INFO:colcon.colcon_core.shell:Creating prefix util module '/home/yyh/ros2_ws/install/_local_setup_util_ps1.py'
[6.532s] INFO:colcon.colcon_core.shell:Creating prefix chain script '/home/yyh/ros2_ws/install/setup.ps1'
[6.534s] INFO:colcon.colcon_core.shell:Creating prefix script '/home/yyh/ros2_ws/install/local_setup.sh'
[6.534s] INFO:colcon.colcon_core.shell:Creating prefix util module '/home/yyh/ros2_ws/install/_local_setup_util_sh.py'
[6.535s] INFO:colcon.colcon_core.shell:Creating prefix chain script '/home/yyh/ros2_ws/install/setup.sh'
[6.536s] INFO:colcon.colcon_core.shell:Creating prefix script '/home/yyh/ros2_ws/install/local_setup.bash'
[6.538s] INFO:colcon.colcon_core.shell:Creating prefix chain script '/home/yyh/ros2_ws/install/setup.bash'
[6.540s] INFO:colcon.colcon_core.shell:Creating prefix script '/home/yyh/ros2_ws/install/local_setup.zsh'
[6.541s] INFO:colcon.colcon_core.shell:Creating prefix chain script '/home/yyh/ros2_ws/install/setup.zsh'
